//////////////////////////////////////////////////////////////////////////
17:00:43.547: CTLT_SECS (HSMS Mode) Ver.2.0.4 Start...Driver: NO_LICENCE
17:00:48.558: CTLT_SECS (HSMS Mode) Ver.2.0.4 Start...Driver: NO_LICENCE
17:00:48.558: CTLT_SECS (HSMS Mode) Ver.2.0.4 Start...Driver: NO_LICENCE
17:00:48.558: Send Select.req.
FF FF 00 00 00 01 01 41 CD 62
17:00:48.597: Receive Select.rsp.
FF FF 00 00 00 02 01 41 CD 62
17:00:48.607: Send Data Message.
00 00 00 1C 00 01 81 0D 00 00
17:00:48.607: Send S1F13(3366142).
00 01 81 0D 00 00 00 33 5C FE   01 02 41 06 45 71 4D 44 4C 4E
41 06 53 6F 66 52 65 76
S1F13 W
<L[2]
  <A[6] "EqMDLN">
  <A[6] "SofRev">
>
.
Program takes      0 seconds to log this message.
17:00:48.667: Receive Data Message.
00 00 00 11 00 01 01 0E 00 00
17:00:48.667: Receive S1F14(3366142).
00 01 01 0E 00 00 00 33 5C FE   01 02 21 01 00 01 00
S1F14 
<L[2]
  <B[1] 0x0>
  <L[0]
  >
>
.
Program takes      0 seconds to log this message.
17:01:44.338: Send Data Message.
00 00 00 0A 00 01 81 01 00 00
17:01:44.338: Send S1F1(3366143).
00 01 81 01 00 00 00 33 5C FF
S1F1 W
Program takes      0 seconds to log this message.
17:01:44.398: Receive Data Message.
00 00 00 0C 00 01 01 02 00 00
17:01:44.398: Receive S1F2(3366143).
00 01 01 02 00 00 00 33 5C FF   01 00
S1F2 
<L[0]
>
.
Program takes      0 seconds to log this message.
17:01:44.398: Send Data Message.
00 00 00 16 00 01 09 07 00 00
17:01:44.398: Send S9F7(3366144).
00 01 09 07 00 00 00 33 5D 00   21 0A 00 01 01 02 00 00 00 33
5C FF
S9F7 
<B[10] 0x0 0x1 0x1 0x2 0x0 0x0 0x0 0x33 0x5C 0xFF>
.
Program takes      0 seconds to log this message.
17:01:45.368: Receive Linktest.req.
FF FF 00 00 00 05 01 8B 92 98
17:01:45.368: Send Linktest.rsp.
FF FF 00 00 00 06 01 8B 92 98
17:02:28.647: Send Data Message.
00 00 00 3D 00 01 85 01 00 00
17:02:28.647: Send S5F1(3366145).
00 01 85 01 00 00 00 33 5D 01   01 03 21 01 80 B1 04 00 00 23
2A 41 26 45 46 45 4D 3F 3F 3F   3F 3F 7D 3F 3F 3F 3F 3F 55 45
6D 65 72 67 65 6E 63 79 20 53   74 6F 70 20 70 72 65 73 73 65
64
S5F1 W
<L[3]
  <B[1] 0x80>
  <U4[1] 9002>
  <A[38] "EFEM?????}?????UEmergency Stop pressed">
>
.
Program takes      0 seconds to log this message.
17:02:28.703: Receive Data Message.
00 00 00 0D 00 01 05 02 00 00
17:02:28.703: Receive S5F2(3366145).
00 01 05 02 00 00 00 33 5D 01   21 01 00
S5F2 
<B[1] 0x0>
.
Program takes      0 seconds to log this message.
17:02:30.858: Send Data Message.
00 00 00 3D 00 01 85 01 00 00
17:02:30.858: Send S5F1(3366146).
00 01 85 01 00 00 00 33 5D 02   01 03 21 01 00 B1 04 00 00 23
2A 41 26 45 46 45 4D 3F 3F 3F   3F 3F 7D 3F 3F 3F 3F 3F 55 45
6D 65 72 67 65 6E 63 79 20 53   74 6F 70 20 70 72 65 73 73 65
64
S5F1 W
<L[3]
  <B[1] 0x0>
  <U4[1] 9002>
  <A[38] "EFEM?????}?????UEmergency Stop pressed">
>
.
Program takes      0 seconds to log this message.
17:02:30.919: Receive Data Message.
00 00 00 0D 00 01 05 02 00 00
17:02:30.919: Receive S5F2(3366146).
00 01 05 02 00 00 00 33 5D 02   21 01 00
S5F2 
<B[1] 0x0>
.
Program takes      0 seconds to log this message.
17:02:45.367: Receive Linktest.req.
FF FF 00 00 00 05 01 8B 92 9B
17:02:45.367: Send Linktest.rsp.
FF FF 00 00 00 06 01 8B 92 9B
17:03:30.322: Send Linktest.req.
FF FF 00 00 00 05 00 33 5D 03
17:03:30.332: Receive Linktest.rsp.
FF FF 00 00 00 06 00 33 5D 03
17:03:45.368: Receive Linktest.req.
FF FF 00 00 00 05 01 8B 92 9C
17:03:45.371: Send Linktest.rsp.
FF FF 00 00 00 06 01 8B 92 9C
17:04:30.648: Send Linktest.req.
FF FF 00 00 00 05 00 33 5D 04
17:04:30.658: Receive Linktest.rsp.
FF FF 00 00 00 06 00 33 5D 04
17:04:45.368: Receive Linktest.req.
FF FF 00 00 00 05 01 8B 92 9D
17:04:45.372: Send Linktest.rsp.
FF FF 00 00 00 06 01 8B 92 9D
17:05:31.058: Send Linktest.req.
FF FF 00 00 00 05 00 33 5D 05
17:05:31.067: Receive Linktest.rsp.
FF FF 00 00 00 06 00 33 5D 05
17:05:45.358: Receive Linktest.req.
FF FF 00 00 00 05 01 8B 92 9E
17:05:45.368: Send Linktest.rsp.
FF FF 00 00 00 06 01 8B 92 9E
17:06:31.348: Send Linktest.req.
FF FF 00 00 00 05 00 33 5D 06
17:06:31.358: Receive Linktest.rsp.
FF FF 00 00 00 06 00 33 5D 06
17:06:45.359: Receive Linktest.req.
FF FF 00 00 00 05 01 8B 92 9F
17:06:45.368: Send Linktest.rsp.
FF FF 00 00 00 06 01 8B 92 9F
17:07:31.700: Send Linktest.req.
FF FF 00 00 00 05 00 33 5D 07
17:07:31.709: Receive Linktest.rsp.
FF FF 00 00 00 06 00 33 5D 07
17:07:45.358: Receive Linktest.req.
FF FF 00 00 00 05 01 8B 92 A0
17:07:45.368: Send Linktest.rsp.
FF FF 00 00 00 06 01 8B 92 A0
17:08:32.058: Send Linktest.req.
FF FF 00 00 00 05 00 33 5D 08
17:08:32.058: Receive Linktest.rsp.
FF FF 00 00 00 06 00 33 5D 08
17:08:45.359: Receive Linktest.req.
FF FF 00 00 00 05 01 8B 92 A1
17:08:45.368: Send Linktest.rsp.
FF FF 00 00 00 06 01 8B 92 A1
17:09:32.310: Send Linktest.req.
FF FF 00 00 00 05 00 33 5D 09
17:09:32.319: Receive Linktest.rsp.
FF FF 00 00 00 06 00 33 5D 09
17:09:45.358: Receive Linktest.req.
FF FF 00 00 00 05 01 8B 92 A2
17:09:45.368: Send Linktest.rsp.
FF FF 00 00 00 06 01 8B 92 A2
17:10:32.679: Send Linktest.req.
FF FF 00 00 00 05 00 33 5D 0A
17:10:32.689: Receive Linktest.rsp.
FF FF 00 00 00 06 00 33 5D 0A
17:10:45.362: Receive Linktest.req.
FF FF 00 00 00 05 01 8B 92 A3
17:10:45.368: Send Linktest.rsp.
FF FF 00 00 00 06 01 8B 92 A3
17:11:32.979: Send Linktest.req.
FF FF 00 00 00 05 00 33 5D 0B
17:11:32.982: Receive Linktest.rsp.
FF FF 00 00 00 06 00 33 5D 0B
17:11:45.359: Receive Linktest.req.
FF FF 00 00 00 05 01 8B 92 A4
17:11:45.359: Send Linktest.rsp.
FF FF 00 00 00 06 01 8B 92 A4
17:12:33.106: Send Linktest.req.
FF FF 00 00 00 05 00 33 5D 0C
17:12:33.116: Receive Linktest.rsp.
FF FF 00 00 00 06 00 33 5D 0C
17:12:45.360: Receive Linktest.req.
FF FF 00 00 00 05 01 8B 92 A5
17:12:45.376: Send Linktest.rsp.
FF FF 00 00 00 06 01 8B 92 A5
17:13:33.163: Send Linktest.req.
FF FF 00 00 00 05 00 33 5D 0D
17:13:33.173: Receive Linktest.rsp.
FF FF 00 00 00 06 00 33 5D 0D
17:13:45.359: Receive Linktest.req.
FF FF 00 00 00 05 01 8B 92 A6
17:13:45.369: Send Linktest.rsp.
FF FF 00 00 00 06 01 8B 92 A6
17:14:33.255: Send Linktest.req.
FF FF 00 00 00 05 00 33 5D 0E
17:14:33.302: Receive Linktest.rsp.
FF FF 00 00 00 06 00 33 5D 0E
17:14:45.358: Receive Linktest.req.
FF FF 00 00 00 05 01 8B 92 A7
17:14:45.366: Send Linktest.rsp.
FF FF 00 00 00 06 01 8B 92 A7
17:15:33.333: Send Linktest.req.
FF FF 00 00 00 05 00 33 5D 0F
17:15:33.345: Receive Linktest.rsp.
FF FF 00 00 00 06 00 33 5D 0F
17:15:45.358: Receive Linktest.req.
FF FF 00 00 00 05 01 8B 92 A8
17:15:45.366: Send Linktest.rsp.
FF FF 00 00 00 06 01 8B 92 A8
17:16:33.377: Send Linktest.req.
FF FF 00 00 00 05 00 33 5D 10
17:16:33.395: Receive Linktest.rsp.
FF FF 00 00 00 06 00 33 5D 10
17:16:45.358: Receive Linktest.req.
FF FF 00 00 00 05 01 8B 92 A9
17:16:45.365: Send Linktest.rsp.
FF FF 00 00 00 06 01 8B 92 A9
17:17:33.561: Send Linktest.req.
FF FF 00 00 00 05 00 33 5D 11
17:17:33.607: Receive Linktest.rsp.
FF FF 00 00 00 06 00 33 5D 11
17:17:45.357: Receive Linktest.req.
FF FF 00 00 00 05 01 8B 92 AA
17:17:45.369: Send Linktest.rsp.
FF FF 00 00 00 06 01 8B 92 AA
17:18:33.729: Send Linktest.req.
FF FF 00 00 00 05 00 33 5D 12
17:18:33.748: Receive Linktest.rsp.
FF FF 00 00 00 06 00 33 5D 12
17:18:45.356: Receive Linktest.req.
FF FF 00 00 00 05 01 8B 92 AB
17:18:45.364: Send Linktest.rsp.
FF FF 00 00 00 06 01 8B 92 AB
17:19:33.789: Send Linktest.req.
FF FF 00 00 00 05 00 33 5D 13
17:19:33.795: Receive Linktest.rsp.
FF FF 00 00 00 06 00 33 5D 13
17:19:45.354: Receive Linktest.req.
FF FF 00 00 00 05 01 8B 92 AC
17:19:45.362: Send Linktest.rsp.
FF FF 00 00 00 06 01 8B 92 AC
17:20:33.829: Send Linktest.req.
FF FF 00 00 00 05 00 33 5D 14
17:20:33.839: Receive Linktest.rsp.
FF FF 00 00 00 06 00 33 5D 14
17:20:45.354: Receive Linktest.req.
FF FF 00 00 00 05 01 8B 92 AD
17:20:45.361: Send Linktest.rsp.
FF FF 00 00 00 06 01 8B 92 AD
17:21:33.875: Send Linktest.req.
FF FF 00 00 00 05 00 33 5D 15
17:21:33.888: Receive Linktest.rsp.
FF FF 00 00 00 06 00 33 5D 15
17:21:45.356: Receive Linktest.req.
FF FF 00 00 00 05 01 8B 92 AE
17:21:45.364: Send Linktest.rsp.
FF FF 00 00 00 06 01 8B 92 AE
17:22:33.915: Send Linktest.req.
FF FF 00 00 00 05 00 33 5D 16
17:22:33.932: Receive Linktest.rsp.
FF FF 00 00 00 06 00 33 5D 16
17:22:45.352: Receive Linktest.req.
FF FF 00 00 00 05 01 8B 92 AF
17:22:45.359: Send Linktest.rsp.
FF FF 00 00 00 06 01 8B 92 AF
17:23:33.965: Send Linktest.req.
FF FF 00 00 00 05 00 33 5D 17
17:23:33.974: Receive Linktest.rsp.
FF FF 00 00 00 06 00 33 5D 17
17:23:45.354: Receive Linktest.req.
FF FF 00 00 00 05 01 8B 92 B0
17:23:45.361: Send Linktest.rsp.
FF FF 00 00 00 06 01 8B 92 B0
17:24:34.009: Send Linktest.req.
FF FF 00 00 00 05 00 33 5D 18
17:24:34.021: Receive Linktest.rsp.
FF FF 00 00 00 06 00 33 5D 18
17:24:45.350: Receive Linktest.req.
FF FF 00 00 00 05 01 8B 92 B1
17:24:45.358: Send Linktest.rsp.
FF FF 00 00 00 06 01 8B 92 B1
17:25:02.488: Receive Separate.req.
FF FF 00 00 00 09 01 8B 92 B2
17:25:02.488: Remote Client Disconnected!
17:25:03.037: CTLT_SECS (HSMS Mode) Ver.2.0.4 Start...Driver: NO_LICENCE
17:25:07.912: CTLT_SECS (HSMS Mode) Ver.2.0.4 Start...Driver: NO_LICENCE
17:25:12.915: CTLT_SECS (HSMS Mode) Ver.2.0.4 Start...Driver: NO_LICENCE
17:25:17.913: CTLT_SECS (HSMS Mode) Ver.2.0.4 Start...Driver: NO_LICENCE
17:25:22.913: CTLT_SECS (HSMS Mode) Ver.2.0.4 Start...Driver: NO_LICENCE
17:25:27.910: CTLT_SECS (HSMS Mode) Ver.2.0.4 Start...Driver: NO_LICENCE
17:25:32.907: CTLT_SECS (HSMS Mode) Ver.2.0.4 Start...Driver: NO_LICENCE
17:25:37.908: CTLT_SECS (HSMS Mode) Ver.2.0.4 Start...Driver: NO_LICENCE
17:25:42.911: CTLT_SECS (HSMS Mode) Ver.2.0.4 Start...Driver: NO_LICENCE
17:25:47.907: CTLT_SECS (HSMS Mode) Ver.2.0.4 Start...Driver: NO_LICENCE
17:25:52.919: CTLT_SECS (HSMS Mode) Ver.2.0.4 Start...Driver: NO_LICENCE
17:25:57.916: CTLT_SECS (HSMS Mode) Ver.2.0.4 Start...Driver: NO_LICENCE
17:26:02.915: CTLT_SECS (HSMS Mode) Ver.2.0.4 Start...Driver: NO_LICENCE
17:26:07.908: CTLT_SECS (HSMS Mode) Ver.2.0.4 Start...Driver: NO_LICENCE
17:26:12.910: CTLT_SECS (HSMS Mode) Ver.2.0.4 Start...Driver: NO_LICENCE
17:26:17.908: CTLT_SECS (HSMS Mode) Ver.2.0.4 Start...Driver: NO_LICENCE
17:26:22.907: CTLT_SECS (HSMS Mode) Ver.2.0.4 Start...Driver: NO_LICENCE
17:26:27.909: CTLT_SECS (HSMS Mode) Ver.2.0.4 Start...Driver: NO_LICENCE
17:26:32.907: CTLT_SECS (HSMS Mode) Ver.2.0.4 Start...Driver: NO_LICENCE
17:26:37.910: CTLT_SECS (HSMS Mode) Ver.2.0.4 Start...Driver: NO_LICENCE
17:26:42.910: CTLT_SECS (HSMS Mode) Ver.2.0.4 Start...Driver: NO_LICENCE
17:26:47.907: CTLT_SECS (HSMS Mode) Ver.2.0.4 Start...Driver: NO_LICENCE
17:26:52.910: CTLT_SECS (HSMS Mode) Ver.2.0.4 Start...Driver: NO_LICENCE
17:26:57.909: CTLT_SECS (HSMS Mode) Ver.2.0.4 Start...Driver: NO_LICENCE
17:27:02.909: CTLT_SECS (HSMS Mode) Ver.2.0.4 Start...Driver: NO_LICENCE
17:27:07.907: CTLT_SECS (HSMS Mode) Ver.2.0.4 Start...Driver: NO_LICENCE
17:27:12.909: CTLT_SECS (HSMS Mode) Ver.2.0.4 Start...Driver: NO_LICENCE
17:27:17.911: CTLT_SECS (HSMS Mode) Ver.2.0.4 Start...Driver: NO_LICENCE
17:27:22.913: CTLT_SECS (HSMS Mode) Ver.2.0.4 Start...Driver: NO_LICENCE
17:27:27.914: CTLT_SECS (HSMS Mode) Ver.2.0.4 Start...Driver: NO_LICENCE
17:27:32.912: CTLT_SECS (HSMS Mode) Ver.2.0.4 Start...Driver: NO_LICENCE
17:27:37.913: CTLT_SECS (HSMS Mode) Ver.2.0.4 Start...Driver: NO_LICENCE
17:27:42.914: CTLT_SECS (HSMS Mode) Ver.2.0.4 Start...Driver: NO_LICENCE
17:27:47.914: CTLT_SECS (HSMS Mode) Ver.2.0.4 Start...Driver: NO_LICENCE
17:27:52.913: CTLT_SECS (HSMS Mode) Ver.2.0.4 Start...Driver: NO_LICENCE
17:27:57.908: CTLT_SECS (HSMS Mode) Ver.2.0.4 Start...Driver: NO_LICENCE
17:28:02.910: CTLT_SECS (HSMS Mode) Ver.2.0.4 Start...Driver: NO_LICENCE
17:28:07.908: CTLT_SECS (HSMS Mode) Ver.2.0.4 Start...Driver: NO_LICENCE
17:28:12.908: CTLT_SECS (HSMS Mode) Ver.2.0.4 Start...Driver: NO_LICENCE
17:28:17.914: CTLT_SECS (HSMS Mode) Ver.2.0.4 Start...Driver: NO_LICENCE
17:28:22.915: CTLT_SECS (HSMS Mode) Ver.2.0.4 Start...Driver: NO_LICENCE
17:28:27.907: CTLT_SECS (HSMS Mode) Ver.2.0.4 Start...Driver: NO_LICENCE
17:28:32.913: CTLT_SECS (HSMS Mode) Ver.2.0.4 Start...Driver: NO_LICENCE
17:28:37.912: CTLT_SECS (HSMS Mode) Ver.2.0.4 Start...Driver: NO_LICENCE
17:28:42.913: CTLT_SECS (HSMS Mode) Ver.2.0.4 Start...Driver: NO_LICENCE
17:28:47.907: CTLT_SECS (HSMS Mode) Ver.2.0.4 Start...Driver: NO_LICENCE
17:28:52.915: CTLT_SECS (HSMS Mode) Ver.2.0.4 Start...Driver: NO_LICENCE
17:28:57.914: CTLT_SECS (HSMS Mode) Ver.2.0.4 Start...Driver: NO_LICENCE
17:29:02.914: CTLT_SECS (HSMS Mode) Ver.2.0.4 Start...Driver: NO_LICENCE
17:29:07.912: CTLT_SECS (HSMS Mode) Ver.2.0.4 Start...Driver: NO_LICENCE
17:29:12.913: CTLT_SECS (HSMS Mode) Ver.2.0.4 Start...Driver: NO_LICENCE
17:29:17.911: CTLT_SECS (HSMS Mode) Ver.2.0.4 Start...Driver: NO_LICENCE
17:29:22.921: CTLT_SECS (HSMS Mode) Ver.2.0.4 Start...Driver: NO_LICENCE
17:29:27.914: CTLT_SECS (HSMS Mode) Ver.2.0.4 Start...Driver: NO_LICENCE
17:29:32.908: CTLT_SECS (HSMS Mode) Ver.2.0.4 Start...Driver: NO_LICENCE
17:29:37.928: CTLT_SECS (HSMS Mode) Ver.2.0.4 Start...Driver: NO_LICENCE
17:29:42.927: CTLT_SECS (HSMS Mode) Ver.2.0.4 Start...Driver: NO_LICENCE
17:29:47.930: CTLT_SECS (HSMS Mode) Ver.2.0.4 Start...Driver: NO_LICENCE
17:29:52.923: CTLT_SECS (HSMS Mode) Ver.2.0.4 Start...Driver: NO_LICENCE
17:29:57.930: CTLT_SECS (HSMS Mode) Ver.2.0.4 Start...Driver: NO_LICENCE
17:30:02.933: CTLT_SECS (HSMS Mode) Ver.2.0.4 Start...Driver: NO_LICENCE
17:30:07.933: CTLT_SECS (HSMS Mode) Ver.2.0.4 Start...Driver: NO_LICENCE
17:30:12.926: CTLT_SECS (HSMS Mode) Ver.2.0.4 Start...Driver: NO_LICENCE
17:30:17.926: CTLT_SECS (HSMS Mode) Ver.2.0.4 Start...Driver: NO_LICENCE
17:30:22.928: CTLT_SECS (HSMS Mode) Ver.2.0.4 Start...Driver: NO_LICENCE
17:30:27.923: CTLT_SECS (HSMS Mode) Ver.2.0.4 Start...Driver: NO_LICENCE
17:30:32.924: CTLT_SECS (HSMS Mode) Ver.2.0.4 Start...Driver: NO_LICENCE
17:30:37.924: CTLT_SECS (HSMS Mode) Ver.2.0.4 Start...Driver: NO_LICENCE
17:30:42.924: CTLT_SECS (HSMS Mode) Ver.2.0.4 Start...Driver: NO_LICENCE
17:30:47.925: CTLT_SECS (HSMS Mode) Ver.2.0.4 Start...Driver: NO_LICENCE
17:30:52.924: CTLT_SECS (HSMS Mode) Ver.2.0.4 Start...Driver: NO_LICENCE
17:30:57.927: CTLT_SECS (HSMS Mode) Ver.2.0.4 Start...Driver: NO_LICENCE
17:31:02.929: CTLT_SECS (HSMS Mode) Ver.2.0.4 Start...Driver: NO_LICENCE
17:31:07.930: CTLT_SECS (HSMS Mode) Ver.2.0.4 Start...Driver: NO_LICENCE
17:31:12.925: CTLT_SECS (HSMS Mode) Ver.2.0.4 Start...Driver: NO_LICENCE
17:31:17.932: CTLT_SECS (HSMS Mode) Ver.2.0.4 Start...Driver: NO_LICENCE
17:31:22.924: CTLT_SECS (HSMS Mode) Ver.2.0.4 Start...Driver: NO_LICENCE
17:31:27.929: CTLT_SECS (HSMS Mode) Ver.2.0.4 Start...Driver: NO_LICENCE
17:31:32.930: CTLT_SECS (HSMS Mode) Ver.2.0.4 Start...Driver: NO_LICENCE
17:31:37.929: CTLT_SECS (HSMS Mode) Ver.2.0.4 Start...Driver: NO_LICENCE
17:31:42.931: CTLT_SECS (HSMS Mode) Ver.2.0.4 Start...Driver: NO_LICENCE
17:31:47.927: CTLT_SECS (HSMS Mode) Ver.2.0.4 Start...Driver: NO_LICENCE
17:31:52.927: CTLT_SECS (HSMS Mode) Ver.2.0.4 Start...Driver: NO_LICENCE
17:31:57.924: CTLT_SECS (HSMS Mode) Ver.2.0.4 Start...Driver: NO_LICENCE
17:32:02.929: CTLT_SECS (HSMS Mode) Ver.2.0.4 Start...Driver: NO_LICENCE
17:32:07.925: CTLT_SECS (HSMS Mode) Ver.2.0.4 Start...Driver: NO_LICENCE
17:32:12.925: CTLT_SECS (HSMS Mode) Ver.2.0.4 Start...Driver: NO_LICENCE
17:32:17.928: CTLT_SECS (HSMS Mode) Ver.2.0.4 Start...Driver: NO_LICENCE
17:32:22.923: CTLT_SECS (HSMS Mode) Ver.2.0.4 Start...Driver: NO_LICENCE
17:32:27.923: CTLT_SECS (HSMS Mode) Ver.2.0.4 Start...Driver: NO_LICENCE
17:32:32.926: CTLT_SECS (HSMS Mode) Ver.2.0.4 Start...Driver: NO_LICENCE
17:32:37.924: CTLT_SECS (HSMS Mode) Ver.2.0.4 Start...Driver: NO_LICENCE
17:32:42.925: CTLT_SECS (HSMS Mode) Ver.2.0.4 Start...Driver: NO_LICENCE
17:32:47.924: CTLT_SECS (HSMS Mode) Ver.2.0.4 Start...Driver: NO_LICENCE
17:32:52.924: CTLT_SECS (HSMS Mode) Ver.2.0.4 Start...Driver: NO_LICENCE
17:32:57.924: CTLT_SECS (HSMS Mode) Ver.2.0.4 Start...Driver: NO_LICENCE
17:33:02.926: CTLT_SECS (HSMS Mode) Ver.2.0.4 Start...Driver: NO_LICENCE
17:33:07.925: CTLT_SECS (HSMS Mode) Ver.2.0.4 Start...Driver: NO_LICENCE
17:33:12.924: CTLT_SECS (HSMS Mode) Ver.2.0.4 Start...Driver: NO_LICENCE
17:33:17.923: CTLT_SECS (HSMS Mode) Ver.2.0.4 Start...Driver: NO_LICENCE
17:33:22.923: CTLT_SECS (HSMS Mode) Ver.2.0.4 Start...Driver: NO_LICENCE
17:33:27.922: CTLT_SECS (HSMS Mode) Ver.2.0.4 Start...Driver: NO_LICENCE
17:33:32.926: CTLT_SECS (HSMS Mode) Ver.2.0.4 Start...Driver: NO_LICENCE
17:33:37.923: CTLT_SECS (HSMS Mode) Ver.2.0.4 Start...Driver: NO_LICENCE
17:33:42.926: CTLT_SECS (HSMS Mode) Ver.2.0.4 Start...Driver: NO_LICENCE
17:33:47.925: CTLT_SECS (HSMS Mode) Ver.2.0.4 Start...Driver: NO_LICENCE
17:33:52.925: CTLT_SECS (HSMS Mode) Ver.2.0.4 Start...Driver: NO_LICENCE
17:33:57.926: CTLT_SECS (HSMS Mode) Ver.2.0.4 Start...Driver: NO_LICENCE
17:34:02.931: CTLT_SECS (HSMS Mode) Ver.2.0.4 Start...Driver: NO_LICENCE
17:34:07.924: CTLT_SECS (HSMS Mode) Ver.2.0.4 Start...Driver: NO_LICENCE
17:34:12.931: CTLT_SECS (HSMS Mode) Ver.2.0.4 Start...Driver: NO_LICENCE
17:34:17.931: CTLT_SECS (HSMS Mode) Ver.2.0.4 Start...Driver: NO_LICENCE
17:34:22.929: CTLT_SECS (HSMS Mode) Ver.2.0.4 Start...Driver: NO_LICENCE
17:34:27.928: CTLT_SECS (HSMS Mode) Ver.2.0.4 Start...Driver: NO_LICENCE
17:34:32.929: CTLT_SECS (HSMS Mode) Ver.2.0.4 Start...Driver: NO_LICENCE
17:34:37.928: CTLT_SECS (HSMS Mode) Ver.2.0.4 Start...Driver: NO_LICENCE
17:34:42.930: CTLT_SECS (HSMS Mode) Ver.2.0.4 Start...Driver: NO_LICENCE
17:34:47.928: CTLT_SECS (HSMS Mode) Ver.2.0.4 Start...Driver: NO_LICENCE
17:34:52.927: CTLT_SECS (HSMS Mode) Ver.2.0.4 Start...Driver: NO_LICENCE
17:34:57.924: CTLT_SECS (HSMS Mode) Ver.2.0.4 Start...Driver: NO_LICENCE
17:35:02.930: CTLT_SECS (HSMS Mode) Ver.2.0.4 Start...Driver: NO_LICENCE
17:35:07.930: CTLT_SECS (HSMS Mode) Ver.2.0.4 Start...Driver: NO_LICENCE
17:35:12.930: CTLT_SECS (HSMS Mode) Ver.2.0.4 Start...Driver: NO_LICENCE
17:35:17.931: CTLT_SECS (HSMS Mode) Ver.2.0.4 Start...Driver: NO_LICENCE
17:35:22.930: CTLT_SECS (HSMS Mode) Ver.2.0.4 Start...Driver: NO_LICENCE
17:35:27.930: CTLT_SECS (HSMS Mode) Ver.2.0.4 Start...Driver: NO_LICENCE
17:35:32.923: CTLT_SECS (HSMS Mode) Ver.2.0.4 Start...Driver: NO_LICENCE
17:35:37.927: CTLT_SECS (HSMS Mode) Ver.2.0.4 Start...Driver: NO_LICENCE
17:35:42.927: CTLT_SECS (HSMS Mode) Ver.2.0.4 Start...Driver: NO_LICENCE
17:35:47.932: CTLT_SECS (HSMS Mode) Ver.2.0.4 Start...Driver: NO_LICENCE
17:35:52.928: CTLT_SECS (HSMS Mode) Ver.2.0.4 Start...Driver: NO_LICENCE
17:35:57.928: CTLT_SECS (HSMS Mode) Ver.2.0.4 Start...Driver: NO_LICENCE
17:36:02.927: CTLT_SECS (HSMS Mode) Ver.2.0.4 Start...Driver: NO_LICENCE
17:36:07.923: CTLT_SECS (HSMS Mode) Ver.2.0.4 Start...Driver: NO_LICENCE
17:36:12.931: CTLT_SECS (HSMS Mode) Ver.2.0.4 Start...Driver: NO_LICENCE
17:36:17.924: CTLT_SECS (HSMS Mode) Ver.2.0.4 Start...Driver: NO_LICENCE
17:36:22.933: CTLT_SECS (HSMS Mode) Ver.2.0.4 Start...Driver: NO_LICENCE
17:36:27.929: CTLT_SECS (HSMS Mode) Ver.2.0.4 Start...Driver: NO_LICENCE
17:36:32.928: CTLT_SECS (HSMS Mode) Ver.2.0.4 Start...Driver: NO_LICENCE
17:36:37.930: CTLT_SECS (HSMS Mode) Ver.2.0.4 Start...Driver: NO_LICENCE
17:36:42.927: CTLT_SECS (HSMS Mode) Ver.2.0.4 Start...Driver: NO_LICENCE
17:36:47.928: CTLT_SECS (HSMS Mode) Ver.2.0.4 Start...Driver: NO_LICENCE
17:36:52.927: CTLT_SECS (HSMS Mode) Ver.2.0.4 Start...Driver: NO_LICENCE
17:36:57.929: CTLT_SECS (HSMS Mode) Ver.2.0.4 Start...Driver: NO_LICENCE
17:37:02.925: CTLT_SECS (HSMS Mode) Ver.2.0.4 Start...Driver: NO_LICENCE
17:37:07.924: CTLT_SECS (HSMS Mode) Ver.2.0.4 Start...Driver: NO_LICENCE
17:37:12.925: CTLT_SECS (HSMS Mode) Ver.2.0.4 Start...Driver: NO_LICENCE
17:37:17.928: CTLT_SECS (HSMS Mode) Ver.2.0.4 Start...Driver: NO_LICENCE
17:37:22.928: CTLT_SECS (HSMS Mode) Ver.2.0.4 Start...Driver: NO_LICENCE
17:37:27.926: CTLT_SECS (HSMS Mode) Ver.2.0.4 Start...Driver: NO_LICENCE
17:37:32.929: CTLT_SECS (HSMS Mode) Ver.2.0.4 Start...Driver: NO_LICENCE
17:37:37.925: CTLT_SECS (HSMS Mode) Ver.2.0.4 Start...Driver: NO_LICENCE
17:37:42.929: CTLT_SECS (HSMS Mode) Ver.2.0.4 Start...Driver: NO_LICENCE
17:37:47.927: CTLT_SECS (HSMS Mode) Ver.2.0.4 Start...Driver: NO_LICENCE
17:37:52.929: CTLT_SECS (HSMS Mode) Ver.2.0.4 Start...Driver: NO_LICENCE
17:37:57.934: CTLT_SECS (HSMS Mode) Ver.2.0.4 Start...Driver: NO_LICENCE
17:38:02.925: CTLT_SECS (HSMS Mode) Ver.2.0.4 Start...Driver: NO_LICENCE
17:38:07.933: CTLT_SECS (HSMS Mode) Ver.2.0.4 Start...Driver: NO_LICENCE
17:38:12.925: CTLT_SECS (HSMS Mode) Ver.2.0.4 Start...Driver: NO_LICENCE
17:38:17.928: CTLT_SECS (HSMS Mode) Ver.2.0.4 Start...Driver: NO_LICENCE
17:38:22.927: CTLT_SECS (HSMS Mode) Ver.2.0.4 Start...Driver: NO_LICENCE
17:38:27.923: CTLT_SECS (HSMS Mode) Ver.2.0.4 Start...Driver: NO_LICENCE
17:38:32.930: CTLT_SECS (HSMS Mode) Ver.2.0.4 Start...Driver: NO_LICENCE
17:38:37.926: CTLT_SECS (HSMS Mode) Ver.2.0.4 Start...Driver: NO_LICENCE
17:38:42.932: CTLT_SECS (HSMS Mode) Ver.2.0.4 Start...Driver: NO_LICENCE
17:38:47.927: CTLT_SECS (HSMS Mode) Ver.2.0.4 Start...Driver: NO_LICENCE
17:38:52.927: CTLT_SECS (HSMS Mode) Ver.2.0.4 Start...Driver: NO_LICENCE
17:38:57.929: CTLT_SECS (HSMS Mode) Ver.2.0.4 Start...Driver: NO_LICENCE
17:39:02.926: CTLT_SECS (HSMS Mode) Ver.2.0.4 Start...Driver: NO_LICENCE
17:39:07.929: CTLT_SECS (HSMS Mode) Ver.2.0.4 Start...Driver: NO_LICENCE
