//////////////////////////////////////////////////////////////////////////
13:29:25.818: CTLT_SECS (HSMS Mode) Ver.2.0.4 Start...Driver: NO_LICENCE
13:29:46.117: Receive Select.req.
FF FF 00 00 00 01 00 84 6F 38
13:29:46.121: Send Select.rsp.
FF FF 00 00 00 02 00 84 6F 38
13:29:46.148: Send Data Message.
00 00 00 1C 00 01 81 0D 00 00
13:29:46.148: Send S1F13(7361009).
00 01 81 0D 00 00 00 70 51 F1   01 02 41 06 45 71 4D 44 4C 4E
41 06 53 6F 66 52 65 76
S1F13 W
<L[2]
  <A[6] "EqMDLN">
  <A[6] "SofRev">
>
.
Program takes      0 seconds to log this message.
13:29:46.536: Receive Data Message.
00 00 00 11 00 01 01 0E 00 00
13:29:46.536: Receive S1F14(7361009).
00 01 01 0E 00 00 00 70 51 F1   01 02 21 01 00 01 00
S1F14 
<L[2]
  <B[1] 0x0>
  <L[0]
  >
>
.
Program takes      0 seconds to log this message.
13:29:58.942: Receive Separate.req.
FF FF 00 00 00 09 00 84 6F 3A
13:29:58.942: Remote Client Disconnected!
13:29:59.123: CTLT_SECS (HSMS Mode) Ver.2.0.4 Start...Driver: NO_LICENCE
