//////////////////////////////////////////////////////////////////////////
2023-03-30 14:00:41.354: CTLT_SECS (HSMS Mode) Ver. 2.3.6 & CTLT_GEM Ver. 2.9.3 Start...Driver: CTLT_GEM_SMALL
//////////////////////////////////////////////////////////////////////////
2023-03-30 14:02:34.875: CTLT_SECS (HSMS Mode) Ver. 2.3.6 & CTLT_GEM Ver. 2.9.3 Start...Driver: CTLT_GEM_SMALL
//////////////////////////////////////////////////////////////////////////
2023-03-30 14:03:36.690: CTLT_SECS (HSMS Mode) Ver. 2.3.6 & CTLT_GEM Ver. 2.9.3 Start...Driver: CTLT_GEM_SMALL
2023-03-30 14:04:37.488: Receive Select.req.
FF FF 00 00 00 01 01 41 CD 62
2023-03-30 14:04:37.612: Send Select.rsp.
FF FF 00 00 00 02 01 41 CD 62
2023-03-30 14:04:37.628: Send Data Message.
00 00 00 17 00 00 81 0D 00 00
2023-03-30 14:04:37.628: Send S1F13(2185966).
00 00 81 0D 00 00 00 21 5A EE   01 02 41 07 54 72 69 6D 47 61
70 41 00
S1F13 W /* Establish Communications Request */
<L[2]
  <A[7]"TrimGap">
  <A[0]"">
>
.
Program takes      0.074 seconds to log this message.
2023-03-30 14:04:37.691: Receive Data Message.
00 00 00 11 00 00 01 0E 00 00
2023-03-30 14:04:37.691: Receive S1F14(2185966).
00 00 01 0E 00 00 00 21 5A EE   01 02 21 01 00 01 00
S1F14  /* Establish Communications Request Acknowledge */
<L[2]
  <B[1] 0x00>
  <L[0]
  >
>
.
Program takes      0 seconds to log this message.
2023-03-30 14:05:52.641: Send Linktest.req.
FF FF 00 00 00 05 00 21 5A EF
2023-03-30 14:05:52.641: Receive Linktest.rsp.
FF FF 00 00 00 06 00 21 5A EF
2023-03-30 14:06:08.043: Receive Data Message.
00 00 00 45 00 00 02 29 00 00
2023-03-30 14:06:08.043: Receive S2F41(0).
00 00 02 29 00 00 00 00 00 00   01 02 41 11 41 43 43 45 53 53
4D 4F 44 45 2D 43 48 41 4E 47   45 01 02 01 02 41 0B 4C 4F 41
44 50 4F 52 54 2D 49 44 41 01   31 01 02 41 0B 41 43 43 45 53
53 2D 4D 4F 44 45 41 01 31
S2F41  /* Host Command Send */
<L[2]
  <A[17]"ACCESSMODE-CHANGE">
  <L[2]
    <L[2]
      <A[11]"LOADPORT-ID">
      <A[1]"1">
    >
    <L[2]
      <A[11]"ACCESS-MODE">
      <A[1]"1">
    >
  >
>
.
Program takes      0 seconds to log this message.
2023-03-30 14:06:08.059: Send Data Message.
00 00 00 11 00 00 02 2A 00 00
2023-03-30 14:06:08.059: Send S2F42(0).
00 00 02 2A 00 00 00 00 00 00   01 02 21 01 00 01 00
S2F42  /* Host Command Acknowledge */
<L[2]
  <B[1] 0x00>
  <L[0]
  >
>
.
Program takes      0 seconds to log this message.
2023-03-30 14:06:18.603: Receive Data Message.
00 00 00 18 00 00 02 29 00 00
2023-03-30 14:06:18.603: Receive S2F41(0).
00 00 02 29 00 00 00 00 00 00   01 02 41 08 47 4F 2D 4C 4F 43
41 4C 01 00
S2F41  /* Host Command Send */
<L[2]
  <A[8]"GO-LOCAL">
  <L[0]
  >
>
.
Program takes      0 seconds to log this message.
2023-03-30 14:06:18.603: Send Data Message.
00 00 00 11 00 00 02 2A 00 00
2023-03-30 14:06:18.603: Send S2F42(0).
00 00 02 2A 00 00 00 00 00 00   01 02 21 01 00 01 00
S2F42  /* Host Command Acknowledge */
<L[2]
  <B[1] 0x00>
  <L[0]
  >
>
.
Program takes      0 seconds to log this message.
2023-03-30 14:06:20.509: Send Data Message.
00 00 00 29 00 00 86 0B 00 00
2023-03-30 14:06:20.509: Send S6F11(2185968).
00 00 86 0B 00 00 00 21 5A F0   01 03 B1 04 00 00 00 02 B1 04
00 00 03 EE 01 01 01 02 B1 04   00 00 00 37 01 02 41 00 A5 01
00
S6F11 W /* Event Report Send */
<L[3]
  <U4[1] 2>
  <U4[1] 1006>
  <L[1]
    <L[2]
      <U4[1] 55>
      <L[2]
        <A[0]"">
        <U1[1] 0>
      >
    >
  >
>
.
Program takes      0.002 seconds to log this message.
2023-03-30 14:06:20.509: Receive Data Message.
00 00 00 0D 00 00 06 0C 00 00
2023-03-30 14:06:20.509: Receive S6F12(2185968).
00 00 06 0C 00 00 00 21 5A F0   21 01 00
S6F12  /* Event Report Ack */
<B[1] 0x00>
.
Program takes      0 seconds to log this message.
2023-03-30 14:06:22.056: Send Data Message.
00 00 00 2A 00 00 86 0B 00 00
2023-03-30 14:06:22.056: Send S6F11(2185969).
00 00 86 0B 00 00 00 21 5A F1   01 03 B1 04 00 00 00 03 B1 04
00 00 03 E8 01 01 01 02 B1 04   00 00 00 0B 01 02 41 01 72 A5
01 01
S6F11 W /* Event Report Send */
<L[3]
  <U4[1] 3>
  <U4[1] 1000>
  <L[1]
    <L[2]
      <U4[1] 11>
      <L[2]
        <A[1]"r">
        <U1[1] 1>
      >
    >
  >
>
.
Program takes      0.001 seconds to log this message.
2023-03-30 14:06:22.306: Receive Data Message.
00 00 00 0D 00 00 06 0C 00 00
2023-03-30 14:06:22.306: Receive S6F12(2185969).
00 00 06 0C 00 00 00 21 5A F1   21 01 00
S6F12  /* Event Report Ack */
<B[1] 0x00>
.
Program takes      0 seconds to log this message.
2023-03-30 14:06:52.584: Send Data Message.
00 00 00 2A 00 00 86 0B 00 00
2023-03-30 14:06:52.584: Send S6F11(2185970).
00 00 86 0B 00 00 00 21 5A F2   01 03 B1 04 00 00 00 04 B1 04
00 00 13 FB 01 01 01 02 B1 04   00 00 00 58 01 02 A5 01 01 41
01 72
S6F11 W /* Event Report Send */
<L[3]
  <U4[1] 4>
  <U4[1] 5115>
  <L[1]
    <L[2]
      <U4[1] 88>
      <L[2]
        <U1[1] 1>
        <A[1]"r">
      >
    >
  >
>
.
Program takes      0.001 seconds to log this message.
2023-03-30 14:06:52.584: Receive Data Message.
00 00 00 0D 00 00 06 0C 00 00
2023-03-30 14:06:52.584: Receive S6F12(2185970).
00 00 06 0C 00 00 00 21 5A F2   21 01 00
S6F12  /* Event Report Ack */
<B[1] 0x00>
.
Program takes      0 seconds to log this message.
2023-03-30 14:06:52.584: Send Data Message.
00 00 00 2A 00 00 86 0B 00 00
2023-03-30 14:06:52.584: Send S6F11(2185971).
00 00 86 0B 00 00 00 21 5A F3   01 03 B1 04 00 00 00 05 B1 04
00 00 03 F1 01 01 01 02 B1 04   00 00 00 37 01 02 41 01 72 A5
01 01
S6F11 W /* Event Report Send */
<L[3]
  <U4[1] 5>
  <U4[1] 1009>
  <L[1]
    <L[2]
      <U4[1] 55>
      <L[2]
        <A[1]"r">
        <U1[1] 1>
      >
    >
  >
>
.
Program takes      0.001 seconds to log this message.
2023-03-30 14:06:52.615: Receive Data Message.
00 00 00 0D 00 00 06 0C 00 00
2023-03-30 14:06:52.615: Receive S6F12(2185971).
00 00 06 0C 00 00 00 21 5A F3   21 01 00
S6F12  /* Event Report Ack */
<B[1] 0x00>
.
Program takes      0 seconds to log this message.
2023-03-30 14:06:53.767: Send Data Message.
00 00 00 1A 00 00 86 0B 00 00
2023-03-30 14:06:53.767: Send S6F11(2185972).
00 00 86 0B 00 00 00 21 5A F4   01 03 B1 04 00 00 00 06 B1 04
00 00 03 F3 01 00
S6F11 W /* Event Report Send */
<L[3]
  <U4[1] 6>
  <U4[1] 1011>
  <L[0]
  >
>
.
Program takes      0.001 seconds to log this message.
2023-03-30 14:06:54.079: Receive Data Message.
00 00 00 0D 00 00 06 0C 00 00
2023-03-30 14:06:54.079: Receive S6F12(2185972).
00 00 06 0C 00 00 00 21 5A F4   21 01 00
S6F12  /* Event Report Ack */
<B[1] 0x00>
.
Program takes      0 seconds to log this message.
2023-03-30 14:07:02.811: Send Data Message.
00 00 00 1A 00 00 86 0B 00 00
2023-03-30 14:07:02.811: Send S6F11(2185973).
00 00 86 0B 00 00 00 21 5A F5   01 03 B1 04 00 00 00 07 B1 04
00 00 03 F4 01 00
S6F11 W /* Event Report Send */
<L[3]
  <U4[1] 7>
  <U4[1] 1012>
  <L[0]
  >
>
.
Program takes      0.001 seconds to log this message.
2023-03-30 14:07:02.968: Receive Data Message.
00 00 00 0D 00 00 06 0C 00 00
2023-03-30 14:07:02.968: Receive S6F12(2185973).
00 00 06 0C 00 00 00 21 5A F5   21 01 00
S6F12  /* Event Report Ack */
<B[1] 0x00>
.
Program takes      0 seconds to log this message.
2023-03-30 14:07:02.968: Send Data Message.
00 00 00 7D 00 00 86 0B 00 00
2023-03-30 14:07:02.968: Send S6F11(2185974).
00 00 86 0B 00 00 00 21 5A F6   01 03 B1 04 00 00 00 08 B1 04
00 00 03 F5 01 01 01 02 B1 04   00 00 00 42 01 05 41 01 72 A5
01 01 A5 01 00 A5 01 02 01 19   A5 01 01 A5 01 00 A5 01 00 A5
01 00 A5 01 00 A5 01 00 A5 01   00 A5 01 00 A5 01 00 A5 01 00
A5 01 00 A5 01 00 A5 01 00 A5   01 00 A5 01 00 A5 01 00 A5 01
00 A5 01 00 A5 01 00 A5 01 00   A5 01 00 A5 01 00 A5 01 00 A5
01 00 A5 01 00
S6F11 W /* Event Report Send */
<L[3]
  <U4[1] 8>
  <U4[1] 1013>
  <L[1]
    <L[2]
      <U4[1] 66>
      <L[5]
        <A[1]"r">
        <U1[1] 1>
        <U1[1] 0>
        <U1[1] 2>
        <L[25]
          <U1[1] 1>
          <U1[1] 0>
          <U1[1] 0>
          <U1[1] 0>
          <U1[1] 0>
          <U1[1] 0>
          <U1[1] 0>
          <U1[1] 0>
          <U1[1] 0>
          <U1[1] 0>
          <U1[1] 0>
          <U1[1] 0>
          <U1[1] 0>
          <U1[1] 0>
          <U1[1] 0>
          <U1[1] 0>
          <U1[1] 0>
          <U1[1] 0>
          <U1[1] 0>
          <U1[1] 0>
          <U1[1] 0>
          <U1[1] 0>
          <U1[1] 0>
          <U1[1] 0>
          <U1[1] 0>
        >
      >
    >
  >
>
.
Program takes      0.001 seconds to log this message.
2023-03-30 14:07:03.030: Receive Data Message.
00 00 00 0D 00 00 06 0C 00 00
2023-03-30 14:07:03.030: Receive S6F12(2185974).
00 00 06 0C 00 00 00 21 5A F6   21 01 00
S6F12  /* Event Report Ack */
<B[1] 0x00>
.
Program takes      0 seconds to log this message.
//////////////////////////////////////////////////////////////////////////
2023-03-30 14:07:43.794: CTLT_SECS (HSMS Mode) Ver. 2.3.6 & CTLT_GEM Ver. 2.9.3 Start...Driver: CTLT_GEM_SMALL
2023-03-30 14:07:46.528: Receive Select.req.
FF FF 00 00 00 01 01 41 CD 62
2023-03-30 14:07:46.591: Send Select.rsp.
FF FF 00 00 00 02 01 41 CD 62
2023-03-30 14:07:56.416: Send Data Message.
00 00 00 17 00 00 81 0D 00 00
2023-03-30 14:07:56.416: Send S1F13(3932730).
00 00 81 0D 00 00 00 3C 02 3A   01 02 41 07 54 72 69 6D 47 61
70 41 00
S1F13 W /* Establish Communications Request */
<L[2]
  <A[7]"TrimGap">
  <A[0]"">
>
.
Program takes      0.016 seconds to log this message.
2023-03-30 14:07:56.416: Receive Data Message.
00 00 00 11 00 00 01 0E 00 00
2023-03-30 14:07:56.416: Receive S1F14(3932730).
00 00 01 0E 00 00 00 3C 02 3A   01 02 21 01 00 01 00
S1F14  /* Establish Communications Request Acknowledge */
<L[2]
  <B[1] 0x00>
  <L[0]
  >
>
.
Program takes      0 seconds to log this message.
2023-03-30 14:09:02.557: Send Linktest.req.
FF FF 00 00 00 05 00 3C 02 3B
2023-03-30 14:09:02.557: Receive Linktest.rsp.
FF FF 00 00 00 06 00 3C 02 3B
2023-03-30 14:10:11.337: Send Linktest.req.
FF FF 00 00 00 05 00 3C 02 3C
2023-03-30 14:10:11.337: Receive Linktest.rsp.
FF FF 00 00 00 06 00 3C 02 3C
2023-03-30 14:11:37.910: Send Linktest.req.
FF FF 00 00 00 05 00 3C 02 3D
2023-03-30 14:11:37.910: Receive Linktest.rsp.
FF FF 00 00 00 06 00 3C 02 3D
//////////////////////////////////////////////////////////////////////////
2023-03-30 14:12:40.545: CTLT_SECS (HSMS Mode) Ver. 2.3.6 & CTLT_GEM Ver. 2.9.3 Start...Driver: CTLT_GEM_SMALL
2023-03-30 14:12:41.529: Receive Select.req.
FF FF 00 00 00 01 01 41 CD 62
2023-03-30 14:12:41.717: Send Select.rsp.
FF FF 00 00 00 02 01 41 CD 62
2023-03-30 14:12:53.589: Send Data Message.
00 00 00 17 00 00 81 0D 00 00
2023-03-30 14:12:53.589: Send S1F13(9831870).
00 00 81 0D 00 00 00 96 05 BE   01 02 41 07 54 72 69 6D 47 61
70 41 00
S1F13 W /* Establish Communications Request */
<L[2]
  <A[7]"TrimGap">
  <A[0]"">
>
.
Program takes      0.037 seconds to log this message.
2023-03-30 14:12:53.620: Receive Data Message.
00 00 00 11 00 00 01 0E 00 00
2023-03-30 14:12:53.620: Receive S1F14(9831870).
00 00 01 0E 00 00 00 96 05 BE   01 02 21 01 00 01 00
S1F14  /* Establish Communications Request Acknowledge */
<L[2]
  <B[1] 0x00>
  <L[0]
  >
>
.
Program takes      0 seconds to log this message.
2023-03-30 14:13:59.339: Send Linktest.req.
FF FF 00 00 00 05 00 96 05 BF
2023-03-30 14:13:59.339: Receive Linktest.rsp.
FF FF 00 00 00 06 00 96 05 BF
2023-03-30 14:15:05.152: Send Linktest.req.
FF FF 00 00 00 05 00 96 05 C0
2023-03-30 14:15:05.152: Receive Linktest.rsp.
FF FF 00 00 00 06 00 96 05 C0
2023-03-30 14:16:10.761: Send Linktest.req.
FF FF 00 00 00 05 00 96 05 C1
2023-03-30 14:16:10.761: Receive Linktest.rsp.
FF FF 00 00 00 06 00 96 05 C1
//////////////////////////////////////////////////////////////////////////
2023-03-30 14:20:09.736: CTLT_SECS (HSMS Mode) Ver. 2.3.6 & CTLT_GEM Ver. 2.9.3 Start...Driver: CTLT_GEM_SMALL
2023-03-30 14:20:10.923: Receive Select.req.
FF FF 00 00 00 01 01 41 CD 62
2023-03-30 14:20:11.110: Send Select.rsp.
FF FF 00 00 00 02 01 41 CD 62
2023-03-30 14:20:23.685: Send Data Message.
00 00 00 17 00 00 81 0D 00 00
2023-03-30 14:20:23.685: Send S1F13(888019).
00 00 81 0D 00 00 00 0D 8C D3   01 02 41 07 54 72 69 6D 47 61
70 41 00
S1F13 W /* Establish Communications Request */
<L[2]
  <A[7]"TrimGap">
  <A[0]"">
>
.
Program takes      0.313 seconds to log this message.
2023-03-30 14:20:23.998: Receive Data Message.
00 00 00 11 00 00 01 0E 00 00
2023-03-30 14:20:23.998: Receive S1F14(888019).
00 00 01 0E 00 00 00 0D 8C D3   01 02 21 01 00 01 00
S1F14  /* Establish Communications Request Acknowledge */
<L[2]
  <B[1] 0x00>
  <L[0]
  >
>
.
Program takes      0 seconds to log this message.
2023-03-30 14:21:29.076: Send Linktest.req.
FF FF 00 00 00 05 00 0D 8C D4
2023-03-30 14:21:29.076: Receive Linktest.rsp.
FF FF 00 00 00 06 00 0D 8C D4
//////////////////////////////////////////////////////////////////////////
2023-03-30 14:38:28.098: CTLT_SECS (HSMS Mode) Ver. 2.3.6 & CTLT_GEM Ver. 2.9.3 Start...Driver: CTLT_GEM_SMALL
2023-03-30 14:38:28.628: Receive Select.req.
FF FF 00 00 00 01 01 41 CD 62
2023-03-30 14:38:28.653: Send Select.rsp.
FF FF 00 00 00 02 01 41 CD 62
2023-03-30 14:38:40.656: Send Data Message.
00 00 00 17 00 00 81 0D 00 00
2023-03-30 14:38:40.656: Send S1F13(9060692).
00 00 81 0D 00 00 00 8A 41 54   01 02 41 07 54 72 69 6D 47 61
70 41 00
S1F13 W /* Establish Communications Request */
<L[2]
  <A[7]"TrimGap">
  <A[0]"">
>
.
Program takes      0.056 seconds to log this message.
2023-03-30 14:38:40.711: Receive Data Message.
00 00 00 11 00 00 01 0E 00 00
2023-03-30 14:38:40.711: Receive S1F14(9060692).
00 00 01 0E 00 00 00 8A 41 54   01 02 21 01 00 01 00
S1F14  /* Establish Communications Request Acknowledge */
<L[2]
  <B[1] 0x00>
  <L[0]
  >
>
.
Program takes      0 seconds to log this message.
2023-03-30 14:39:41.455: Send Linktest.req.
FF FF 00 00 00 05 00 8A 41 55
2023-03-30 14:39:41.455: Receive Linktest.rsp.
FF FF 00 00 00 06 00 8A 41 55
2023-03-30 14:40:41.999: Send Linktest.req.
FF FF 00 00 00 05 00 8A 41 56
2023-03-30 14:40:41.999: Receive Linktest.rsp.
FF FF 00 00 00 06 00 8A 41 56
2023-03-30 14:41:42.478: Send Linktest.req.
FF FF 00 00 00 05 00 8A 41 57
2023-03-30 14:41:42.478: Receive Linktest.rsp.
FF FF 00 00 00 06 00 8A 41 57
2023-03-30 14:42:42.917: Send Linktest.req.
FF FF 00 00 00 05 00 8A 41 58
2023-03-30 14:42:42.917: Receive Linktest.rsp.
FF FF 00 00 00 06 00 8A 41 58
2023-03-30 14:43:43.362: Send Linktest.req.
FF FF 00 00 00 05 00 8A 41 59
2023-03-30 14:43:43.362: Receive Linktest.rsp.
FF FF 00 00 00 06 00 8A 41 59
2023-03-30 14:44:43.849: Send Linktest.req.
FF FF 00 00 00 05 00 8A 41 5A
2023-03-30 14:44:43.849: Receive Linktest.rsp.
FF FF 00 00 00 06 00 8A 41 5A
2023-03-30 14:45:44.288: Send Linktest.req.
FF FF 00 00 00 05 00 8A 41 5B
2023-03-30 14:45:44.288: Receive Linktest.rsp.
FF FF 00 00 00 06 00 8A 41 5B
2023-03-30 14:46:05.680: Send Data Message.
00 00 00 2A 00 00 86 0B 00 00
2023-03-30 14:46:05.680: Send S6F11(9060700).
00 00 86 0B 00 00 00 8A 41 5C   01 03 B1 04 00 00 00 03 B1 04
00 00 00 64 01 01 01 02 B1 04   00 00 00 58 01 02 A5 01 02 41
01 72
S6F11 W /* Event Report Send */
<L[3]
  <U4[1] 3>
  <U4[1] 100>
  <L[1]
    <L[2]
      <U4[1] 88>
      <L[2]
        <U1[1] 2>
        <A[1]"r">
      >
    >
  >
>
.
Program takes      0.002 seconds to log this message.
2023-03-30 14:46:05.684: Receive Data Message.
00 00 00 0D 00 00 06 0C 00 00
2023-03-30 14:46:05.684: Receive S6F12(9060700).
00 00 06 0C 00 00 00 8A 41 5C   21 01 00
S6F12  /* Event Report Ack */
<B[1] 0x00>
.
Program takes      0 seconds to log this message.
2023-03-30 14:46:11.870: Send Data Message.
00 00 00 2A 00 00 86 0B 00 00
2023-03-30 14:46:11.870: Send S6F11(9060701).
00 00 86 0B 00 00 00 8A 41 5D   01 03 B1 04 00 00 00 04 B1 04
00 00 03 EE 01 01 01 02 B1 04   00 00 00 37 01 02 41 01 72 A5
01 02
S6F11 W /* Event Report Send */
<L[3]
  <U4[1] 4>
  <U4[1] 1006>
  <L[1]
    <L[2]
      <U4[1] 55>
      <L[2]
        <A[1]"r">
        <U1[1] 2>
      >
    >
  >
>
.
Program takes      0.001 seconds to log this message.
2023-03-30 14:46:11.873: Receive Data Message.
00 00 00 0D 00 00 06 0C 00 00
2023-03-30 14:46:11.873: Receive S6F12(9060701).
00 00 06 0C 00 00 00 8A 41 5D   21 01 00
S6F12  /* Event Report Ack */
<B[1] 0x00>
.
Program takes      0 seconds to log this message.
2023-03-30 14:46:13.340: Send Data Message.
00 00 00 2A 00 00 86 0B 00 00
2023-03-30 14:46:13.340: Send S6F11(9060702).
00 00 86 0B 00 00 00 8A 41 5E   01 03 B1 04 00 00 00 05 B1 04
00 00 03 E8 01 01 01 02 B1 04   00 00 00 0B 01 02 41 01 72 A5
01 02
S6F11 W /* Event Report Send */
<L[3]
  <U4[1] 5>
  <U4[1] 1000>
  <L[1]
    <L[2]
      <U4[1] 11>
      <L[2]
        <A[1]"r">
        <U1[1] 2>
      >
    >
  >
>
.
Program takes      0.001 seconds to log this message.
2023-03-30 14:46:13.425: Receive Data Message.
00 00 00 0D 00 00 06 0C 00 00
2023-03-30 14:46:13.425: Receive S6F12(9060702).
00 00 06 0C 00 00 00 8A 41 5E   21 01 00
S6F12  /* Event Report Ack */
<B[1] 0x00>
.
Program takes      0 seconds to log this message.
2023-03-30 14:47:37.345: Send Linktest.req.
FF FF 00 00 00 05 00 8A 41 5F
2023-03-30 14:47:37.345: Receive Linktest.rsp.
FF FF 00 00 00 06 00 8A 41 5F
2023-03-30 14:48:51.289: Send Linktest.req.
FF FF 00 00 00 05 00 8A 41 60
2023-03-30 14:48:51.289: Receive Linktest.rsp.
FF FF 00 00 00 06 00 8A 41 60
2023-03-30 14:50:20.936: Send Linktest.req.
FF FF 00 00 00 05 00 8A 41 61
2023-03-30 14:50:20.937: Receive Linktest.rsp.
FF FF 00 00 00 06 00 8A 41 61
2023-03-30 14:51:57.841: Send Linktest.req.
FF FF 00 00 00 05 00 8A 41 62
2023-03-30 14:51:57.841: Receive Linktest.rsp.
FF FF 00 00 00 06 00 8A 41 62
2023-03-30 14:53:27.165: Send Linktest.req.
FF FF 00 00 00 05 00 8A 41 63
2023-03-30 14:53:27.166: Receive Linktest.rsp.
FF FF 00 00 00 06 00 8A 41 63
2023-03-30 14:55:01.532: Send Linktest.req.
FF FF 00 00 00 05 00 8A 41 64
2023-03-30 14:55:01.533: Receive Linktest.rsp.
FF FF 00 00 00 06 00 8A 41 64
2023-03-30 14:56:35.129: Send Linktest.req.
FF FF 00 00 00 05 00 8A 41 65
2023-03-30 14:56:35.130: Receive Linktest.rsp.
FF FF 00 00 00 06 00 8A 41 65
2023-03-30 14:58:06.841: Send Linktest.req.
FF FF 00 00 00 05 00 8A 41 66
2023-03-30 14:58:06.842: Receive Linktest.rsp.
FF FF 00 00 00 06 00 8A 41 66
2023-03-30 14:59:36.919: Send Linktest.req.
FF FF 00 00 00 05 00 8A 41 67
2023-03-30 14:59:36.920: Receive Linktest.rsp.
FF FF 00 00 00 06 00 8A 41 67
2023-03-30 15:01:10.813: Send Linktest.req.
FF FF 00 00 00 05 00 8A 41 68
2023-03-30 15:01:10.814: Receive Linktest.rsp.
FF FF 00 00 00 06 00 8A 41 68
2023-03-30 15:02:45.940: Send Linktest.req.
FF FF 00 00 00 05 00 8A 41 69
2023-03-30 15:02:45.941: Receive Linktest.rsp.
FF FF 00 00 00 06 00 8A 41 69
2023-03-30 15:04:19.955: Send Linktest.req.
FF FF 00 00 00 05 00 8A 41 6A
2023-03-30 15:04:19.956: Receive Linktest.rsp.
FF FF 00 00 00 06 00 8A 41 6A
2023-03-30 15:05:54.374: Send Linktest.req.
FF FF 00 00 00 05 00 8A 41 6B
2023-03-30 15:05:54.375: Receive Linktest.rsp.
FF FF 00 00 00 06 00 8A 41 6B
2023-03-30 15:07:30.106: Send Linktest.req.
FF FF 00 00 00 05 00 8A 41 6C
2023-03-30 15:07:30.106: Receive Linktest.rsp.
FF FF 00 00 00 06 00 8A 41 6C
2023-03-30 15:09:02.166: Send Linktest.req.
FF FF 00 00 00 05 00 8A 41 6D
2023-03-30 15:09:02.167: Receive Linktest.rsp.
FF FF 00 00 00 06 00 8A 41 6D
2023-03-30 15:10:35.722: Send Linktest.req.
FF FF 00 00 00 05 00 8A 41 6E
2023-03-30 15:10:35.722: Receive Linktest.rsp.
FF FF 00 00 00 06 00 8A 41 6E
2023-03-30 15:12:12.408: Send Linktest.req.
FF FF 00 00 00 05 00 8A 41 6F
2023-03-30 15:12:12.409: Receive Linktest.rsp.
FF FF 00 00 00 06 00 8A 41 6F
2023-03-30 15:13:43.137: Send Linktest.req.
FF FF 00 00 00 05 00 8A 41 70
2023-03-30 15:13:43.137: Receive Linktest.rsp.
FF FF 00 00 00 06 00 8A 41 70
2023-03-30 15:15:14.595: Send Linktest.req.
FF FF 00 00 00 05 00 8A 41 71
2023-03-30 15:15:14.596: Receive Linktest.rsp.
FF FF 00 00 00 06 00 8A 41 71
2023-03-30 15:16:45.839: Send Linktest.req.
FF FF 00 00 00 05 00 8A 41 72
2023-03-30 15:16:45.839: Receive Linktest.rsp.
FF FF 00 00 00 06 00 8A 41 72
2023-03-30 15:18:17.384: Send Linktest.req.
FF FF 00 00 00 05 00 8A 41 73
2023-03-30 15:18:17.385: Receive Linktest.rsp.
FF FF 00 00 00 06 00 8A 41 73
2023-03-30 15:19:47.854: Send Linktest.req.
FF FF 00 00 00 05 00 8A 41 74
2023-03-30 15:19:47.854: Receive Linktest.rsp.
FF FF 00 00 00 06 00 8A 41 74
2023-03-30 15:21:21.443: Send Linktest.req.
FF FF 00 00 00 05 00 8A 41 75
2023-03-30 15:21:21.444: Receive Linktest.rsp.
FF FF 00 00 00 06 00 8A 41 75
2023-03-30 15:22:56.071: Send Linktest.req.
FF FF 00 00 00 05 00 8A 41 76
2023-03-30 15:22:56.072: Receive Linktest.rsp.
FF FF 00 00 00 06 00 8A 41 76
2023-03-30 15:24:27.725: Send Linktest.req.
FF FF 00 00 00 05 00 8A 41 77
2023-03-30 15:24:27.726: Receive Linktest.rsp.
FF FF 00 00 00 06 00 8A 41 77
2023-03-30 15:26:00.370: Send Linktest.req.
FF FF 00 00 00 05 00 8A 41 78
2023-03-30 15:26:00.371: Receive Linktest.rsp.
FF FF 00 00 00 06 00 8A 41 78
2023-03-30 15:27:31.311: Send Linktest.req.
FF FF 00 00 00 05 00 8A 41 79
2023-03-30 15:27:31.311: Receive Linktest.rsp.
FF FF 00 00 00 06 00 8A 41 79
2023-03-30 15:29:03.575: Send Linktest.req.
FF FF 00 00 00 05 00 8A 41 7A
2023-03-30 15:29:03.576: Receive Linktest.rsp.
FF FF 00 00 00 06 00 8A 41 7A
//////////////////////////////////////////////////////////////////////////
2023-03-30 15:51:28.704: CTLT_SECS (HSMS Mode) Ver. 2.3.6 & CTLT_GEM Ver. 2.9.3 Start...Driver: CTLT_GEM_SMALL
2023-03-30 15:51:30.377: Receive Select.req.
FF FF 00 00 00 01 01 41 CD 62
2023-03-30 15:51:30.403: Send Select.rsp.
FF FF 00 00 00 02 01 41 CD 62
2023-03-30 15:51:41.359: Send Data Message.
00 00 00 17 00 00 81 0D 00 00
2023-03-30 15:51:41.359: Send S1F13(8312544).
00 00 81 0D 00 00 00 7E D6 E0   01 02 41 07 54 72 69 6D 47 61
70 41 00
S1F13 W /* Establish Communications Request */
<L[2]
  <A[7]"TrimGap">
  <A[0]"">
>
.
Program takes      0.141 seconds to log this message.
2023-03-30 15:51:41.500: Receive Data Message.
00 00 00 11 00 00 01 0E 00 00
2023-03-30 15:51:41.500: Receive S1F14(8312544).
00 00 01 0E 00 00 00 7E D6 E0   01 02 21 01 00 01 00
S1F14  /* Establish Communications Request Acknowledge */
<L[2]
  <B[1] 0x00>
  <L[0]
  >
>
.
Program takes      0 seconds to log this message.
2023-03-30 15:52:06.599: Send Data Message.
00 00 00 2A 00 00 86 0B 00 00
2023-03-30 15:52:06.599: Send S6F11(8312545).
00 00 86 0B 00 00 00 7E D6 E1   01 03 B1 04 00 00 00 01 B1 04
00 00 00 64 01 01 01 02 B1 04   00 00 00 58 01 02 A5 01 02 41
01 72
S6F11 W /* Event Report Send */
<L[3]
  <U4[1] 1>
  <U4[1] 100>
  <L[1]
    <L[2]
      <U4[1] 88>
      <L[2]
        <U1[1] 2>
        <A[1]"r">
      >
    >
  >
>
.
Program takes      0.397 seconds to log this message.
2023-03-30 15:52:07.040: Receive Data Message.
00 00 00 0D 00 00 06 0C 00 00
2023-03-30 15:52:07.040: Receive S6F12(8312545).
00 00 06 0C 00 00 00 7E D6 E1   21 01 00
S6F12  /* Event Report Ack */
<B[1] 0x00>
.
Program takes      0 seconds to log this message.
2023-03-30 15:52:13.225: Send Data Message.
00 00 00 2A 00 00 86 0B 00 00
2023-03-30 15:52:13.225: Send S6F11(8312546).
00 00 86 0B 00 00 00 7E D6 E2   01 03 B1 04 00 00 00 02 B1 04
00 00 03 EE 01 01 01 02 B1 04   00 00 00 37 01 02 41 01 72 A5
01 02
S6F11 W /* Event Report Send */
<L[3]
  <U4[1] 2>
  <U4[1] 1006>
  <L[1]
    <L[2]
      <U4[1] 55>
      <L[2]
        <A[1]"r">
        <U1[1] 2>
      >
    >
  >
>
.
Program takes      0.001 seconds to log this message.
2023-03-30 15:52:13.351: Receive Data Message.
00 00 00 0D 00 00 06 0C 00 00
2023-03-30 15:52:13.351: Receive S6F12(8312546).
00 00 06 0C 00 00 00 7E D6 E2   21 01 00
S6F12  /* Event Report Ack */
<B[1] 0x00>
.
Program takes      0 seconds to log this message.
2023-03-30 15:52:14.804: Send Data Message.
00 00 00 2A 00 00 86 0B 00 00
2023-03-30 15:52:14.804: Send S6F11(8312547).
00 00 86 0B 00 00 00 7E D6 E3   01 03 B1 04 00 00 00 03 B1 04
00 00 03 E8 01 01 01 02 B1 04   00 00 00 0B 01 02 41 01 72 A5
01 02
S6F11 W /* Event Report Send */
<L[3]
  <U4[1] 3>
  <U4[1] 1000>
  <L[1]
    <L[2]
      <U4[1] 11>
      <L[2]
        <A[1]"r">
        <U1[1] 2>
      >
    >
  >
>
.
Program takes      0.001 seconds to log this message.
2023-03-30 15:52:14.806: Receive Data Message.
00 00 00 0D 00 00 06 0C 00 00
2023-03-30 15:52:14.806: Receive S6F12(8312547).
00 00 06 0C 00 00 00 7E D6 E3   21 01 00
S6F12  /* Event Report Ack */
<B[1] 0x00>
.
Program takes      0 seconds to log this message.
2023-03-30 15:53:15.063: Send Linktest.req.
FF FF 00 00 00 05 00 7E D6 E4
2023-03-30 15:53:15.063: Receive Linktest.rsp.
FF FF 00 00 00 06 00 7E D6 E4
2023-03-30 15:54:15.720: Send Linktest.req.
FF FF 00 00 00 05 00 7E D6 E5
2023-03-30 15:54:15.720: Receive Linktest.rsp.
FF FF 00 00 00 06 00 7E D6 E5
2023-03-30 15:55:16.833: Send Linktest.req.
FF FF 00 00 00 05 00 7E D6 E6
2023-03-30 15:55:16.833: Receive Linktest.rsp.
FF FF 00 00 00 06 00 7E D6 E6
2023-03-30 15:56:17.377: Send Linktest.req.
FF FF 00 00 00 05 00 7E D6 E7
2023-03-30 15:56:17.377: Receive Linktest.rsp.
FF FF 00 00 00 06 00 7E D6 E7
2023-03-30 15:57:17.972: Send Linktest.req.
FF FF 00 00 00 05 00 7E D6 E8
2023-03-30 15:57:17.972: Receive Linktest.rsp.
FF FF 00 00 00 06 00 7E D6 E8
2023-03-30 15:58:18.513: Send Linktest.req.
FF FF 00 00 00 05 00 7E D6 E9
2023-03-30 15:58:18.513: Receive Linktest.rsp.
FF FF 00 00 00 06 00 7E D6 E9
2023-03-30 15:59:12.282: Receive Data Message.
00 00 00 45 00 00 02 29 00 00
2023-03-30 15:59:12.282: Receive S2F41(0).
00 00 02 29 00 00 00 00 00 00   01 02 41 11 41 43 43 45 53 53
4D 4F 44 45 2D 43 48 41 4E 47   45 01 02 01 02 41 0B 4C 4F 41
44 50 4F 52 54 2D 49 44 41 01   31 01 02 41 0B 41 43 43 45 53
53 2D 4D 4F 44 45 41 01 31
S2F41  /* Host Command Send */
<L[2]
  <A[17]"ACCESSMODE-CHANGE">
  <L[2]
    <L[2]
      <A[11]"LOADPORT-ID">
      <A[1]"1">
    >
    <L[2]
      <A[11]"ACCESS-MODE">
      <A[1]"1">
    >
  >
>
.
Program takes      0 seconds to log this message.
2023-03-30 15:59:12.757: Send Data Message.
00 00 00 11 00 00 02 2A 00 00
2023-03-30 15:59:12.757: Send S2F42(0).
00 00 02 2A 00 00 00 00 00 00   01 02 21 01 00 01 00
S2F42  /* Host Command Acknowledge */
<L[2]
  <B[1] 0x00>
  <L[0]
  >
>
.
Program takes      0.458 seconds to log this message.
2023-03-30 15:59:22.468: Receive Data Message.
00 00 00 18 00 00 02 29 00 00
2023-03-30 15:59:22.468: Receive S2F41(0).
00 00 02 29 00 00 00 00 00 00   01 02 41 08 47 4F 2D 4C 4F 43
41 4C 01 00
S2F41  /* Host Command Send */
<L[2]
  <A[8]"GO-LOCAL">
  <L[0]
  >
>
.
Program takes      0 seconds to log this message.
2023-03-30 15:59:22.469: Send Data Message.
00 00 00 11 00 00 02 2A 00 00
2023-03-30 15:59:22.469: Send S2F42(0).
00 00 02 2A 00 00 00 00 00 00   01 02 21 01 00 01 00
S2F42  /* Host Command Acknowledge */
<L[2]
  <B[1] 0x00>
  <L[0]
  >
>
.
Program takes      0 seconds to log this message.
2023-03-30 15:59:26.032: Send Data Message.
00 00 00 29 00 00 86 0B 00 00
2023-03-30 15:59:26.032: Send S6F11(8312554).
00 00 86 0B 00 00 00 7E D6 EA   01 03 B1 04 00 00 00 05 B1 04
00 00 03 EE 01 01 01 02 B1 04   00 00 00 37 01 02 41 00 A5 01
02
S6F11 W /* Event Report Send */
<L[3]
  <U4[1] 5>
  <U4[1] 1006>
  <L[1]
    <L[2]
      <U4[1] 55>
      <L[2]
        <A[0]"">
        <U1[1] 2>
      >
    >
  >
>
.
Program takes      0.001 seconds to log this message.
2023-03-30 15:59:26.054: Receive Data Message.
00 00 00 0D 00 00 06 0C 00 00
2023-03-30 15:59:26.054: Receive S6F12(8312554).
00 00 06 0C 00 00 00 7E D6 EA   21 01 00
S6F12  /* Event Report Ack */
<B[1] 0x00>
.
Program takes      0 seconds to log this message.
2023-03-30 15:59:27.502: Send Data Message.
00 00 00 2A 00 00 86 0B 00 00
2023-03-30 15:59:27.502: Send S6F11(8312555).
00 00 86 0B 00 00 00 7E D6 EB   01 03 B1 04 00 00 00 06 B1 04
00 00 03 E8 01 01 01 02 B1 04   00 00 00 0B 01 02 41 01 72 A5
01 01
S6F11 W /* Event Report Send */
<L[3]
  <U4[1] 6>
  <U4[1] 1000>
  <L[1]
    <L[2]
      <U4[1] 11>
      <L[2]
        <A[1]"r">
        <U1[1] 1>
      >
    >
  >
>
.
Program takes      0.001 seconds to log this message.
2023-03-30 15:59:27.525: Receive Data Message.
00 00 00 0D 00 00 06 0C 00 00
2023-03-30 15:59:27.525: Receive S6F12(8312555).
00 00 06 0C 00 00 00 7E D6 EB   21 01 00
S6F12  /* Event Report Ack */
<B[1] 0x00>
.
Program takes      0 seconds to log this message.
2023-03-30 15:59:39.400: Send Data Message.
00 00 00 2A 00 00 86 0B 00 00
2023-03-30 15:59:39.400: Send S6F11(8312556).
00 00 86 0B 00 00 00 7E D6 EC   01 03 B1 04 00 00 00 07 B1 04
00 00 13 FB 01 01 01 02 B1 04   00 00 00 58 01 02 A5 01 01 41
01 72
S6F11 W /* Event Report Send */
<L[3]
  <U4[1] 7>
  <U4[1] 5115>
  <L[1]
    <L[2]
      <U4[1] 88>
      <L[2]
        <U1[1] 1>
        <A[1]"r">
      >
    >
  >
>
.
Program takes      0 seconds to log this message.
2023-03-30 15:59:39.549: Receive Data Message.
00 00 00 0D 00 00 06 0C 00 00
2023-03-30 15:59:39.549: Receive S6F12(8312556).
00 00 06 0C 00 00 00 7E D6 EC   21 01 00
S6F12  /* Event Report Ack */
<B[1] 0x00>
.
Program takes      0 seconds to log this message.
2023-03-30 15:59:39.557: Send Data Message.
00 00 00 2A 00 00 86 0B 00 00
2023-03-30 15:59:39.557: Send S6F11(8312557).
00 00 86 0B 00 00 00 7E D6 ED   01 03 B1 04 00 00 00 08 B1 04
00 00 03 F1 01 01 01 02 B1 04   00 00 00 37 01 02 41 01 72 A5
01 01
S6F11 W /* Event Report Send */
<L[3]
  <U4[1] 8>
  <U4[1] 1009>
  <L[1]
    <L[2]
      <U4[1] 55>
      <L[2]
        <A[1]"r">
        <U1[1] 1>
      >
    >
  >
>
.
Program takes      0.001 seconds to log this message.
2023-03-30 15:59:39.684: Receive Data Message.
00 00 00 0D 00 00 06 0C 00 00
2023-03-30 15:59:39.684: Receive S6F12(8312557).
00 00 06 0C 00 00 00 7E D6 ED   21 01 00
S6F12  /* Event Report Ack */
<B[1] 0x00>
.
Program takes      0 seconds to log this message.
2023-03-30 15:59:40.092: Send Data Message.
00 00 00 1A 00 00 86 0B 00 00
2023-03-30 15:59:40.092: Send S6F11(8312558).
00 00 86 0B 00 00 00 7E D6 EE   01 03 B1 04 00 00 00 09 B1 04
00 00 03 F3 01 00
S6F11 W /* Event Report Send */
<L[3]
  <U4[1] 9>
  <U4[1] 1011>
  <L[0]
  >
>
.
Program takes      0.001 seconds to log this message.
2023-03-30 15:59:40.261: Receive Data Message.
00 00 00 0D 00 00 06 0C 00 00
2023-03-30 15:59:40.261: Receive S6F12(8312558).
00 00 06 0C 00 00 00 7E D6 EE   21 01 00
S6F12  /* Event Report Ack */
<B[1] 0x00>
.
Program takes      0 seconds to log this message.
2023-03-30 15:59:48.931: Send Data Message.
00 00 00 1A 00 00 86 0B 00 00
2023-03-30 15:59:48.931: Send S6F11(8312559).
00 00 86 0B 00 00 00 7E D6 EF   01 03 B1 04 00 00 00 0A B1 04
00 00 03 F4 01 00
S6F11 W /* Event Report Send */
<L[3]
  <U4[1] 10>
  <U4[1] 1012>
  <L[0]
  >
>
.
Program takes      0.001 seconds to log this message.
2023-03-30 15:59:49.140: Receive Data Message.
00 00 00 0D 00 00 06 0C 00 00
2023-03-30 15:59:49.140: Receive S6F12(8312559).
00 00 06 0C 00 00 00 7E D6 EF   21 01 00
S6F12  /* Event Report Ack */
<B[1] 0x00>
.
Program takes      0 seconds to log this message.
2023-03-30 15:59:49.148: Send Data Message.
00 00 00 7D 00 00 86 0B 00 00
2023-03-30 15:59:49.148: Send S6F11(8312560).
00 00 86 0B 00 00 00 7E D6 F0   01 03 B1 04 00 00 00 0B B1 04
00 00 03 F5 01 01 01 02 B1 04   00 00 00 42 01 05 41 01 72 A5
01 01 A5 01 00 A5 01 02 01 19   A5 01 01 A5 01 00 A5 01 00 A5
01 00 A5 01 00 A5 01 00 A5 01   00 A5 01 00 A5 01 00 A5 01 00
A5 01 00 A5 01 00 A5 01 00 A5   01 00 A5 01 00 A5 01 00 A5 01
00 A5 01 00 A5 01 00 A5 01 00   A5 01 00 A5 01 00 A5 01 00 A5
01 00 A5 01 00
S6F11 W /* Event Report Send */
<L[3]
  <U4[1] 11>
  <U4[1] 1013>
  <L[1]
    <L[2]
      <U4[1] 66>
      <L[5]
        <A[1]"r">
        <U1[1] 1>
        <U1[1] 0>
        <U1[1] 2>
        <L[25]
          <U1[1] 1>
          <U1[1] 0>
          <U1[1] 0>
          <U1[1] 0>
          <U1[1] 0>
          <U1[1] 0>
          <U1[1] 0>
          <U1[1] 0>
          <U1[1] 0>
          <U1[1] 0>
          <U1[1] 0>
          <U1[1] 0>
          <U1[1] 0>
          <U1[1] 0>
          <U1[1] 0>
          <U1[1] 0>
          <U1[1] 0>
          <U1[1] 0>
          <U1[1] 0>
          <U1[1] 0>
          <U1[1] 0>
          <U1[1] 0>
          <U1[1] 0>
          <U1[1] 0>
          <U1[1] 0>
        >
      >
    >
  >
>
.
Program takes      0.001 seconds to log this message.
2023-03-30 15:59:49.527: Receive Data Message.
00 00 00 0D 00 00 06 0C 00 00
2023-03-30 15:59:49.527: Receive S6F12(8312560).
00 00 06 0C 00 00 00 7E D6 F0   21 01 00
S6F12  /* Event Report Ack */
<B[1] 0x00>
.
Program takes      0 seconds to log this message.
2023-03-30 16:00:49.920: Send Linktest.req.
FF FF 00 00 00 05 00 7E D6 F1
2023-03-30 16:00:49.920: Receive Linktest.rsp.
FF FF 00 00 00 06 00 7E D6 F1
2023-03-30 16:01:50.389: Send Linktest.req.
FF FF 00 00 00 05 00 7E D6 F2
2023-03-30 16:01:50.389: Receive Linktest.rsp.
FF FF 00 00 00 06 00 7E D6 F2
2023-03-30 16:02:50.970: Send Linktest.req.
FF FF 00 00 00 05 00 7E D6 F3
2023-03-30 16:02:50.970: Receive Linktest.rsp.
FF FF 00 00 00 06 00 7E D6 F3
2023-03-30 16:03:51.408: Send Linktest.req.
FF FF 00 00 00 05 00 7E D6 F4
2023-03-30 16:03:51.408: Receive Linktest.rsp.
FF FF 00 00 00 06 00 7E D6 F4
2023-03-30 16:04:52.404: Send Linktest.req.
FF FF 00 00 00 05 00 7E D6 F5
2023-03-30 16:04:52.404: Receive Linktest.rsp.
FF FF 00 00 00 06 00 7E D6 F5
2023-03-30 16:05:52.882: Send Linktest.req.
FF FF 00 00 00 05 00 7E D6 F6
2023-03-30 16:05:52.882: Receive Linktest.rsp.
FF FF 00 00 00 06 00 7E D6 F6
2023-03-30 16:06:53.324: Send Linktest.req.
FF FF 00 00 00 05 00 7E D6 F7
2023-03-30 16:06:53.324: Receive Linktest.rsp.
FF FF 00 00 00 06 00 7E D6 F7
2023-03-30 16:07:33.263: Receive Data Message.
00 00 00 19 00 00 02 29 00 00
2023-03-30 16:07:33.263: Receive S2F41(0).
00 00 02 29 00 00 00 00 00 00   01 02 41 09 47 4F 2D 52 45 4D
4F 54 45 01 00
S2F41  /* Host Command Send */
<L[2]
  <A[9]"GO-REMOTE">
  <L[0]
  >
>
.
Program takes      0 seconds to log this message.
2023-03-30 16:07:33.264: Send Data Message.
00 00 00 11 00 00 02 2A 00 00
2023-03-30 16:07:33.264: Send S2F42(0).
00 00 02 2A 00 00 00 00 00 00   01 02 21 01 00 01 00
S2F42  /* Host Command Acknowledge */
<L[2]
  <B[1] 0x00>
  <L[0]
  >
>
.
Program takes      0 seconds to log this message.
2023-03-30 16:08:26.595: Receive Data Message.
00 00 00 18 00 00 02 29 00 00
2023-03-30 16:08:26.595: Receive S2F41(0).
00 00 02 29 00 00 00 00 00 00   01 02 41 08 47 4F 2D 4C 4F 43
41 4C 01 00
S2F41  /* Host Command Send */
<L[2]
  <A[8]"GO-LOCAL">
  <L[0]
  >
>
.
Program takes      0 seconds to log this message.
2023-03-30 16:08:26.596: Send Data Message.
00 00 00 11 00 00 02 2A 00 00
2023-03-30 16:08:26.596: Send S2F42(0).
00 00 02 2A 00 00 00 00 00 00   01 02 21 01 00 01 00
S2F42  /* Host Command Acknowledge */
<L[2]
  <B[1] 0x00>
  <L[0]
  >
>
.
Program takes      0 seconds to log this message.
2023-03-30 16:09:26.457: Send Linktest.req.
FF FF 00 00 00 05 00 7E D6 F8
2023-03-30 16:09:26.457: Receive Linktest.rsp.
FF FF 00 00 00 06 00 7E D6 F8
2023-03-30 16:10:27.362: Send Linktest.req.
FF FF 00 00 00 05 00 7E D6 F9
2023-03-30 16:10:27.362: Receive Linktest.rsp.
FF FF 00 00 00 06 00 7E D6 F9
2023-03-30 16:11:28.284: Send Linktest.req.
FF FF 00 00 00 05 00 7E D6 FA
2023-03-30 16:11:28.284: Receive Linktest.rsp.
FF FF 00 00 00 06 00 7E D6 FA
2023-03-30 16:12:28.814: Send Linktest.req.
FF FF 00 00 00 05 00 7E D6 FB
2023-03-30 16:12:28.814: Receive Linktest.rsp.
FF FF 00 00 00 06 00 7E D6 FB
2023-03-30 16:13:29.312: Send Linktest.req.
FF FF 00 00 00 05 00 7E D6 FC
2023-03-30 16:13:29.312: Receive Linktest.rsp.
FF FF 00 00 00 06 00 7E D6 FC
2023-03-30 16:14:29.941: Send Linktest.req.
FF FF 00 00 00 05 00 7E D6 FD
2023-03-30 16:14:29.941: Receive Linktest.rsp.
FF FF 00 00 00 06 00 7E D6 FD
2023-03-30 16:15:30.411: Send Linktest.req.
FF FF 00 00 00 05 00 7E D6 FE
2023-03-30 16:15:30.411: Receive Linktest.rsp.
FF FF 00 00 00 06 00 7E D6 FE
2023-03-30 16:16:31.050: Send Linktest.req.
FF FF 00 00 00 05 00 7E D6 FF
2023-03-30 16:16:31.050: Receive Linktest.rsp.
FF FF 00 00 00 06 00 7E D6 FF
2023-03-30 16:17:32.004: Send Linktest.req.
FF FF 00 00 00 05 00 7E D7 00
2023-03-30 16:17:32.004: Receive Linktest.rsp.
FF FF 00 00 00 06 00 7E D7 00
2023-03-30 16:18:32.443: Send Linktest.req.
FF FF 00 00 00 05 00 7E D7 01
2023-03-30 16:18:32.443: Receive Linktest.rsp.
FF FF 00 00 00 06 00 7E D7 01
2023-03-30 16:19:33.742: Send Linktest.req.
FF FF 00 00 00 05 00 7E D7 02
2023-03-30 16:19:33.742: Receive Linktest.rsp.
FF FF 00 00 00 06 00 7E D7 02
2023-03-30 16:20:34.407: Send Linktest.req.
FF FF 00 00 00 05 00 7E D7 03
2023-03-30 16:20:34.407: Receive Linktest.rsp.
FF FF 00 00 00 06 00 7E D7 03
//////////////////////////////////////////////////////////////////////////
2023-03-30 16:32:58.788: CTLT_SECS (HSMS Mode) Ver. 2.3.6 & CTLT_GEM Ver. 2.9.3 Start...Driver: CTLT_GEM_SMALL
2023-03-30 16:33:01.733: Receive Select.req.
FF FF 00 00 00 01 01 41 CD 62
2023-03-30 16:33:01.820: Send Select.rsp.
FF FF 00 00 00 02 01 41 CD 62
2023-03-30 16:33:11.584: Send Data Message.
00 00 00 17 00 00 81 0D 00 00
2023-03-30 16:33:11.584: Send S1F13(8287189).
00 00 81 0D 00 00 00 7E 73 D5   01 02 41 07 54 72 69 6D 47 61
70 41 00
S1F13 W /* Establish Communications Request */
<L[2]
  <A[7]"TrimGap">
  <A[0]"">
>
.
Program takes      0.016 seconds to log this message.
2023-03-30 16:33:11.600: Receive Data Message.
00 00 00 11 00 00 01 0E 00 00
2023-03-30 16:33:11.600: Receive S1F14(8287189).
00 00 01 0E 00 00 00 7E 73 D5   01 02 21 01 00 01 00
S1F14  /* Establish Communications Request Acknowledge */
<L[2]
  <B[1] 0x00>
  <L[0]
  >
>
.
Program takes      0 seconds to log this message.
2023-03-30 16:33:43.504: Send Data Message.
00 00 00 2A 00 00 86 0B 00 00
2023-03-30 16:33:43.504: Send S6F11(8287190).
00 00 86 0B 00 00 00 7E 73 D6   01 03 B1 04 00 00 00 01 B1 04
00 00 00 64 01 01 01 02 B1 04   00 00 00 58 01 02 A5 01 02 41
01 72
S6F11 W /* Event Report Send */
<L[3]
  <U4[1] 1>
  <U4[1] 100>
  <L[1]
    <L[2]
      <U4[1] 88>
      <L[2]
        <U1[1] 2>
        <A[1]"r">
      >
    >
  >
>
.
Program takes      0.211 seconds to log this message.
2023-03-30 16:33:43.716: Receive Data Message.
00 00 00 0D 00 00 06 0C 00 00
2023-03-30 16:33:43.716: Receive S6F12(8287190).
00 00 06 0C 00 00 00 7E 73 D6   21 01 00
S6F12  /* Event Report Ack */
<B[1] 0x00>
.
Program takes      0 seconds to log this message.
2023-03-30 16:33:49.906: Send Data Message.
00 00 00 2A 00 00 86 0B 00 00
2023-03-30 16:33:49.906: Send S6F11(8287191).
00 00 86 0B 00 00 00 7E 73 D7   01 03 B1 04 00 00 00 02 B1 04
00 00 03 EE 01 01 01 02 B1 04   00 00 00 37 01 02 41 01 72 A5
01 02
S6F11 W /* Event Report Send */
<L[3]
  <U4[1] 2>
  <U4[1] 1006>
  <L[1]
    <L[2]
      <U4[1] 55>
      <L[2]
        <A[1]"r">
        <U1[1] 2>
      >
    >
  >
>
.
Program takes      0.001 seconds to log this message.
2023-03-30 16:33:49.950: Receive Data Message.
00 00 00 0D 00 00 06 0C 00 00
2023-03-30 16:33:49.950: Receive S6F12(8287191).
00 00 06 0C 00 00 00 7E 73 D7   21 01 00
S6F12  /* Event Report Ack */
<B[1] 0x00>
.
Program takes      0 seconds to log this message.
2023-03-30 16:33:51.396: Send Data Message.
00 00 00 2A 00 00 86 0B 00 00
2023-03-30 16:33:51.396: Send S6F11(8287192).
00 00 86 0B 00 00 00 7E 73 D8   01 03 B1 04 00 00 00 03 B1 04
00 00 03 E8 01 01 01 02 B1 04   00 00 00 0B 01 02 41 01 72 A5
01 02
S6F11 W /* Event Report Send */
<L[3]
  <U4[1] 3>
  <U4[1] 1000>
  <L[1]
    <L[2]
      <U4[1] 11>
      <L[2]
        <A[1]"r">
        <U1[1] 2>
      >
    >
  >
>
.
Program takes      0.001 seconds to log this message.
2023-03-30 16:33:51.399: Receive Data Message.
00 00 00 0D 00 00 06 0C 00 00
2023-03-30 16:33:51.399: Receive S6F12(8287192).
00 00 06 0C 00 00 00 7E 73 D8   21 01 00
S6F12  /* Event Report Ack */
<B[1] 0x00>
.
Program takes      0 seconds to log this message.
2023-03-30 16:35:21.890: Send Linktest.req.
FF FF 00 00 00 05 00 7E 73 D9
2023-03-30 16:35:21.890: Receive Linktest.rsp.
FF FF 00 00 00 06 00 7E 73 D9
2023-03-30 16:35:22.738: Send Data Message.
00 00 00 2A 00 00 86 0B 00 00
2023-03-30 16:35:22.738: Send S6F11(8287194).
00 00 86 0B 00 00 00 7E 73 DA   01 03 B1 04 00 00 00 04 B1 04
00 00 00 64 01 01 01 02 B1 04   00 00 00 58 01 02 A5 01 01 41
01 72
S6F11 W /* Event Report Send */
<L[3]
  <U4[1] 4>
  <U4[1] 100>
  <L[1]
    <L[2]
      <U4[1] 88>
      <L[2]
        <U1[1] 1>
        <A[1]"r">
      >
    >
  >
>
.
Program takes      0.001 seconds to log this message.
2023-03-30 16:35:22.759: Receive Data Message.
00 00 00 0D 00 00 06 0C 00 00
2023-03-30 16:35:22.759: Receive S6F12(8287194).
00 00 06 0C 00 00 00 7E 73 DA   21 01 00
S6F12  /* Event Report Ack */
<B[1] 0x00>
.
Program takes      0 seconds to log this message.
2023-03-30 16:35:28.978: Send Data Message.
00 00 00 2A 00 00 86 0B 00 00
2023-03-30 16:35:28.978: Send S6F11(8287195).
00 00 86 0B 00 00 00 7E 73 DB   01 03 B1 04 00 00 00 05 B1 04
00 00 03 EE 01 01 01 02 B1 04   00 00 00 37 01 02 41 01 72 A5
01 01
S6F11 W /* Event Report Send */
<L[3]
  <U4[1] 5>
  <U4[1] 1006>
  <L[1]
    <L[2]
      <U4[1] 55>
      <L[2]
        <A[1]"r">
        <U1[1] 1>
      >
    >
  >
>
.
Program takes      0.001 seconds to log this message.
2023-03-30 16:35:29.001: Receive Data Message.
00 00 00 0D 00 00 06 0C 00 00
2023-03-30 16:35:29.001: Receive S6F12(8287195).
00 00 06 0C 00 00 00 7E 73 DB   21 01 00
S6F12  /* Event Report Ack */
<B[1] 0x00>
.
Program takes      0 seconds to log this message.
2023-03-30 16:35:30.445: Send Data Message.
00 00 00 2A 00 00 86 0B 00 00
2023-03-30 16:35:30.445: Send S6F11(8287196).
00 00 86 0B 00 00 00 7E 73 DC   01 03 B1 04 00 00 00 06 B1 04
00 00 03 E8 01 01 01 02 B1 04   00 00 00 0B 01 02 41 01 72 A5
01 01
S6F11 W /* Event Report Send */
<L[3]
  <U4[1] 6>
  <U4[1] 1000>
  <L[1]
    <L[2]
      <U4[1] 11>
      <L[2]
        <A[1]"r">
        <U1[1] 1>
      >
    >
  >
>
.
Program takes      0.001 seconds to log this message.
2023-03-30 16:35:30.448: Receive Data Message.
00 00 00 0D 00 00 06 0C 00 00
2023-03-30 16:35:30.448: Receive S6F12(8287196).
00 00 06 0C 00 00 00 7E 73 DC   21 01 00
S6F12  /* Event Report Ack */
<B[1] 0x00>
.
Program takes      0 seconds to log this message.
2023-03-30 16:36:01.593: Receive Data Message.
00 00 00 45 00 00 02 29 00 00
2023-03-30 16:36:01.593: Receive S2F41(0).
00 00 02 29 00 00 00 00 00 00   01 02 41 11 41 43 43 45 53 53
4D 4F 44 45 2D 43 48 41 4E 47   45 01 02 01 02 41 0B 4C 4F 41
44 50 4F 52 54 2D 49 44 41 01   31 01 02 41 0B 41 43 43 45 53
53 2D 4D 4F 44 45 41 01 31
S2F41  /* Host Command Send */
<L[2]
  <A[17]"ACCESSMODE-CHANGE">
  <L[2]
    <L[2]
      <A[11]"LOADPORT-ID">
      <A[1]"1">
    >
    <L[2]
      <A[11]"ACCESS-MODE">
      <A[1]"1">
    >
  >
>
.
Program takes      0 seconds to log this message.
2023-03-30 16:36:01.612: Send Data Message.
00 00 00 11 00 00 02 2A 00 00
2023-03-30 16:36:01.612: Send S2F42(0).
00 00 02 2A 00 00 00 00 00 00   01 02 21 01 00 01 00
S2F42  /* Host Command Acknowledge */
<L[2]
  <B[1] 0x00>
  <L[0]
  >
>
.
Program takes      0 seconds to log this message.
2023-03-30 16:36:56.853: Receive Data Message.
00 00 00 18 00 00 02 29 00 00
2023-03-30 16:36:56.853: Receive S2F41(0).
00 00 02 29 00 00 00 00 00 00   01 02 41 08 47 4F 2D 4C 4F 43
41 4C 01 00
S2F41  /* Host Command Send */
<L[2]
  <A[8]"GO-LOCAL">
  <L[0]
  >
>
.
Program takes      0 seconds to log this message.
2023-03-30 16:36:56.854: Send Data Message.
00 00 00 11 00 00 02 2A 00 00
2023-03-30 16:36:56.854: Send S2F42(0).
00 00 02 2A 00 00 00 00 00 00   01 02 21 01 00 01 00
S2F42  /* Host Command Acknowledge */
<L[2]
  <B[1] 0x00>
  <L[0]
  >
>
.
Program takes      0 seconds to log this message.
2023-03-30 16:38:18.734: Send Linktest.req.
FF FF 00 00 00 05 00 7E 73 DD
2023-03-30 16:38:18.734: Receive Linktest.rsp.
FF FF 00 00 00 06 00 7E 73 DD
//////////////////////////////////////////////////////////////////////////
2023-03-30 17:04:34.856: CTLT_SECS (HSMS Mode) Ver. 2.3.6 & CTLT_GEM Ver. 2.9.3 Start...Driver: CTLT_GEM_SMALL
2023-03-30 17:04:36.594: Receive Select.req.
FF FF 00 00 00 01 01 41 CD 62
2023-03-30 17:04:36.662: Send Select.rsp.
FF FF 00 00 00 02 01 41 CD 62
2023-03-30 17:04:48.052: Send Data Message.
00 00 00 17 00 00 81 0D 00 00
2023-03-30 17:04:48.052: Send S1F13(6147910).
00 00 81 0D 00 00 00 5D CF 46   01 02 41 07 54 72 69 6D 47 61
70 41 00
S1F13 W /* Establish Communications Request */
<L[2]
  <A[7]"TrimGap">
  <A[0]"">
>
.
Program takes      0.476 seconds to log this message.
2023-03-30 17:04:48.528: Receive Data Message.
00 00 00 11 00 00 01 0E 00 00
2023-03-30 17:04:48.528: Receive S1F14(6147910).
00 00 01 0E 00 00 00 5D CF 46   01 02 21 01 00 01 00
S1F14  /* Establish Communications Request Acknowledge */
<L[2]
  <B[1] 0x00>
  <L[0]
  >
>
.
Program takes      0 seconds to log this message.
2023-03-30 17:05:06.620: Send Data Message.
00 00 00 2A 00 00 86 0B 00 00
2023-03-30 17:05:06.620: Send S6F11(6147911).
00 00 86 0B 00 00 00 5D CF 47   01 03 B1 04 00 00 00 01 B1 04
00 00 00 64 01 01 01 02 B1 04   00 00 00 58 01 02 A5 01 02 41
01 72
S6F11 W /* Event Report Send */
<L[3]
  <U4[1] 1>
  <U4[1] 100>
  <L[1]
    <L[2]
      <U4[1] 88>
      <L[2]
        <U1[1] 2>
        <A[1]"r">
      >
    >
  >
>
.
Program takes      0.001 seconds to log this message.
2023-03-30 17:05:06.704: Receive Data Message.
00 00 00 0D 00 00 06 0C 00 00
2023-03-30 17:05:06.704: Receive S6F12(6147911).
00 00 06 0C 00 00 00 5D CF 47   21 01 00
S6F12  /* Event Report Ack */
<B[1] 0x00>
.
Program takes      0 seconds to log this message.
2023-03-30 17:05:12.884: Send Data Message.
00 00 00 2A 00 00 86 0B 00 00
2023-03-30 17:05:12.884: Send S6F11(6147912).
00 00 86 0B 00 00 00 5D CF 48   01 03 B1 04 00 00 00 02 B1 04
00 00 03 EE 01 01 01 02 B1 04   00 00 00 37 01 02 41 01 72 A5
01 02
S6F11 W /* Event Report Send */
<L[3]
  <U4[1] 2>
  <U4[1] 1006>
  <L[1]
    <L[2]
      <U4[1] 55>
      <L[2]
        <A[1]"r">
        <U1[1] 2>
      >
    >
  >
>
.
Program takes      0.001 seconds to log this message.
2023-03-30 17:05:13.032: Receive Data Message.
00 00 00 0D 00 00 06 0C 00 00
2023-03-30 17:05:13.032: Receive S6F12(6147912).
00 00 06 0C 00 00 00 5D CF 48   21 01 00
S6F12  /* Event Report Ack */
<B[1] 0x00>
.
Program takes      0 seconds to log this message.
2023-03-30 17:05:14.735: Send Data Message.
00 00 00 2A 00 00 86 0B 00 00
2023-03-30 17:05:14.735: Send S6F11(6147913).
00 00 86 0B 00 00 00 5D CF 49   01 03 B1 04 00 00 00 03 B1 04
00 00 03 E8 01 01 01 02 B1 04   00 00 00 0B 01 02 41 01 72 A5
01 02
S6F11 W /* Event Report Send */
<L[3]
  <U4[1] 3>
  <U4[1] 1000>
  <L[1]
    <L[2]
      <U4[1] 11>
      <L[2]
        <A[1]"r">
        <U1[1] 2>
      >
    >
  >
>
.
Program takes      0.253 seconds to log this message.
2023-03-30 17:05:14.736: Receive Data Message.
00 00 00 0D 00 00 06 0C 00 00
2023-03-30 17:05:14.736: Receive S6F12(6147913).
00 00 06 0C 00 00 00 5D CF 49   21 01 00
S6F12  /* Event Report Ack */
<B[1] 0x00>
.
Program takes      0 seconds to log this message.
2023-03-30 17:06:15.001: Send Linktest.req.
FF FF 00 00 00 05 00 5D CF 4A
2023-03-30 17:06:15.001: Receive Linktest.rsp.
FF FF 00 00 00 06 00 5D CF 4A
2023-03-30 17:06:39.582: Send Data Message.
00 00 00 1E 00 00 85 01 00 00
2023-03-30 17:06:39.582: Send S5F1(6147915).
00 00 85 01 00 00 00 5D CF 4B   01 03 21 01 80 B1 04 00 00 27
13 41 07 45 51 50 2D 45 4D 4F
S5F1 W /* Alarm Report Send */
<L[3]
  <B[1] 0x80>
  <U4[1] 10003>
  <A[7]"EQP-EMO">
>
.
Program takes      0.001 seconds to log this message.
2023-03-30 17:06:39.617: Receive Data Message.
00 00 00 0D 00 00 05 02 00 00
2023-03-30 17:06:39.617: Receive S5F2(6147915).
00 00 05 02 00 00 00 5D CF 4B   21 01 00
S5F2  /* Alarm Report Ack */
<B[1] 0x00>
.
Program takes      0 seconds to log this message.
2023-03-30 17:07:39.884: Send Linktest.req.
FF FF 00 00 00 05 00 5D CF 4C
2023-03-30 17:07:39.884: Receive Linktest.rsp.
FF FF 00 00 00 06 00 5D CF 4C
