//////////////////////////////////////////////////////////////////////////
2018-07-31 18:39:18.502: CTLT_SECS (HSMS Mode) Ver.2.2.3 Start...Driver: NO_LICENCE
2018-07-31 18:39:29.955: Receive Select.req.
FF FF 00 00 00 01 01 7A FC EB
2018-07-31 18:39:29.992: Send Select.rsp.
FF FF 00 00 00 02 01 7A FC EB
2018-07-31 18:39:30.014: Send Data Message.
00 00 00 1C 00 01 81 0D 00 00
2018-07-31 18:39:30.014: Send S1F13(9579474).
00 01 81 0D 00 00 00 92 2B D2   01 02 41 06 45 71 4D 44 4C 4E
41 06 53 6F 66 52 65 76
S1F13 W /* Establish Communications Request */
<L[2]
  <A[6]"EqMDLN"> /* Name = MDLN, Keyword = GEM_MDLN (24) */
  <A[6]"SofRev"> /* Name = SoftRev, Keyword = GEM_SOFTREV (25) */
>
.
Program takes      0.012 seconds to log this message.
2018-07-31 18:39:30.459: Receive Data Message.
00 00 00 11 00 01 01 0E 00 00
2018-07-31 18:39:30.459: Receive S1F14(9579474).
00 01 01 0E 00 00 00 92 2B D2   01 02 21 01 00 01 00
S1F14  /* Establish Communications Request Acknowledge */
<L[2]
  <B[1] 0x00> /* Name = COMMACK */
  <L[0]
  >
>
.
Program takes      0 seconds to log this message.
2018-07-31 18:40:29.902: Receive Linktest.req.
FF FF 00 00 00 05 01 7A FC ED
2018-07-31 18:40:29.957: Send Linktest.rsp.
FF FF 00 00 00 06 01 7A FC ED
2018-07-31 18:40:29.996: Send Linktest.req.
FF FF 00 00 00 05 00 92 2B D3
2018-07-31 18:40:30.180: Receive Linktest.rsp.
FF FF 00 00 00 06 00 92 2B D3
2018-07-31 18:41:26.419: Send Separate.req.
FF FF 00 00 00 09 00 92 2B D4
//////////////////////////////////////////////////////////////////////////
2018-07-31 18:43:25.882: CTLT_SECS (HSMS Mode) Ver.2.2.3 Start...Driver: NO_LICENCE
2018-07-31 18:45:04.751: Receive Select.req.
FF FF 00 00 00 01 01 80 14 BF
2018-07-31 18:45:04.799: Send Select.rsp.
FF FF 00 00 00 02 01 80 14 BF
2018-07-31 18:45:04.847: Send Data Message.
00 00 00 23 00 01 81 0D 00 00
2018-07-31 18:45:04.847: Send S1F13(2763539).
00 01 81 0D 00 00 00 2A 2B 13   01 02 41 0C 53 70 72 61 79 6D
61 63 68 69 6E 65 41 07 52 2E   30 2E 30 2E 33
S1F13 W /* Establish Communications Request */
<L[2]
  <A[12]"Spraymachine"> /* Name = MDLN, Keyword = GEM_MDLN (24) */
  <A[7]"R.0.0.3"> /* Name = SoftRev, Keyword = GEM_SOFTREV (25) */
>
.
Program takes      0.022 seconds to log this message.
2018-07-31 18:45:05.261: Receive Data Message.
00 00 00 11 00 01 01 0E 00 00
2018-07-31 18:45:05.261: Receive S1F14(2763539).
00 01 01 0E 00 00 00 2A 2B 13   01 02 21 01 00 01 00
S1F14  /* Establish Communications Request Acknowledge */
<L[2]
  <B[1] 0x00> /* Name = COMMACK */
  <L[0]
  >
>
.
Program takes      0 seconds to log this message.
2018-07-31 18:45:39.119: Receive Data Message.
00 00 00 1E 00 01 81 03 00 00
2018-07-31 18:45:39.119: Receive S1F3(25171137).
00 01 81 03 00 00 01 80 14 C1   01 03 B1 04 00 00 0B BB B1 04
00 00 0B BC B1 04 00 00 0B BD
S1F3 W /* Selected Equipment Status Request */
<L[3]
  <U4[1] 3003> /* Name = VID */
  <U4[1] 3004> /* Name = VID */
  <U4[1] 3005> /* Name = VID */
>
.
Program takes      0.002 seconds to log this message.
2018-07-31 18:45:39.158: Send Data Message.
00 00 00 12 00 01 01 04 00 00
2018-07-31 18:45:39.158: Send S1F4(25171137).
00 01 01 04 00 00 01 80 14 C1   01 03 01 00 01 00 01 00
S1F4  /* Selected Equipment Status Data */
<L[3]
  <L[0]
  >
  <L[0]
  >
  <L[0]
  >
>
.
Program takes      0 seconds to log this message.
2018-07-31 18:46:03.899: Receive Linktest.req.
FF FF 00 00 00 05 01 80 14 C2
2018-07-31 18:46:03.935: Send Linktest.rsp.
FF FF 00 00 00 06 01 80 14 C2
2018-07-31 18:46:26.673: Send Separate.req.
FF FF 00 00 00 09 00 2A 2B 14
//////////////////////////////////////////////////////////////////////////
2018-07-31 18:46:45.504: CTLT_SECS (HSMS Mode) Ver.2.2.3 Start...Driver: NO_LICENCE
2018-07-31 18:46:48.864: Receive Select.req.
FF FF 00 00 00 01 01 81 AF 78
2018-07-31 18:46:48.887: Send Select.rsp.
FF FF 00 00 00 02 01 81 AF 78
2018-07-31 18:46:48.913: Send Data Message.
00 00 00 23 00 01 81 0D 00 00
2018-07-31 18:46:48.913: Send S1F13(7095928).
00 01 81 0D 00 00 00 6C 46 78   01 02 41 0C 53 70 72 61 79 6D
61 63 68 69 6E 65 41 07 52 2E   30 2E 30 2E 33
S1F13 W /* Establish Communications Request */
<L[2]
  <A[12]"Spraymachine"> /* Name = MDLN, Keyword = GEM_MDLN (24) */
  <A[7]"R.0.0.3"> /* Name = SoftRev, Keyword = GEM_SOFTREV (25) */
>
.
Program takes      0.012 seconds to log this message.
2018-07-31 18:46:50.364: Receive Data Message.
00 00 00 11 00 01 01 0E 00 00
2018-07-31 18:46:50.364: Receive S1F14(7095928).
00 01 01 0E 00 00 00 6C 46 78   01 02 21 01 00 01 00
S1F14  /* Establish Communications Request Acknowledge */
<L[2]
  <B[1] 0x00> /* Name = COMMACK */
  <L[0]
  >
>
.
Program takes      0 seconds to log this message.
2018-07-31 18:46:51.647: Receive Data Message.
00 00 00 1E 00 01 81 03 00 00
2018-07-31 18:46:51.647: Receive S1F3(25276282).
00 01 81 03 00 00 01 81 AF 7A   01 03 B1 04 00 00 0B BB B1 04
00 00 0B BC B1 04 00 00 0B BD
S1F3 W /* Selected Equipment Status Request */
<L[3]
  <U4[1] 3003> /* Name = VID, Keyword = OVEN_Temp (3003) */
  <U4[1] 3004> /* Name = VID, Keyword = OVEN_Ampere (3004) */
  <U4[1] 3005> /* Name = VID, Keyword = CST_ID (3005) */
>
.
Program takes      0.003 seconds to log this message.
2018-07-31 18:46:51.680: Send Data Message.
00 00 00 15 00 01 01 04 00 00
2018-07-31 18:46:51.680: Send S1F4(25276282).
00 01 01 04 00 00 01 81 AF 7A   01 03 A5 01 00 A5 01 00 A5 01
00
S1F4  /* Selected Equipment Status Data */
<L[3]
  <U1[1] 0> /* Name = VID, Keyword = OVEN_Temp (3003) */
  <U1[1] 0> /* Name = VID, Keyword = OVEN_Ampere (3004) */
  <U1[1] 0> /* Name = VID, Keyword = CST_ID (3005) */
>
.
Program takes      0 seconds to log this message.
2018-07-31 18:47:05.314: Receive Data Message.
00 00 00 1E 00 01 81 03 00 00
2018-07-31 18:47:05.314: Receive S1F3(25276283).
00 01 81 03 00 00 01 81 AF 7B   01 03 B1 04 00 00 0B BB B1 04
00 00 0B BC B1 04 00 00 0B BD
S1F3 W /* Selected Equipment Status Request */
<L[3]
  <U4[1] 3003> /* Name = VID, Keyword = OVEN_Temp (3003) */
  <U4[1] 3004> /* Name = VID, Keyword = OVEN_Ampere (3004) */
  <U4[1] 3005> /* Name = VID, Keyword = CST_ID (3005) */
>
.
Program takes      0 seconds to log this message.
2018-07-31 18:47:05.364: Send Data Message.
00 00 00 15 00 01 01 04 00 00
2018-07-31 18:47:05.364: Send S1F4(25276283).
00 01 01 04 00 00 01 81 AF 7B   01 03 A5 01 63 A5 01 02 A5 01
05
S1F4  /* Selected Equipment Status Data */
<L[3]
  <U1[1] 99> /* Name = VID, Keyword = OVEN_Temp (3003) */
  <U1[1] 2> /* Name = VID, Keyword = OVEN_Ampere (3004) */
  <U1[1] 5> /* Name = VID, Keyword = CST_ID (3005) */
>
.
Program takes      0 seconds to log this message.
2018-07-31 18:47:48.812: Receive Linktest.req.
FF FF 00 00 00 05 01 81 AF 7C
2018-07-31 18:47:48.851: Send Linktest.rsp.
FF FF 00 00 00 06 01 81 AF 7C
2018-07-31 18:48:04.899: Send Linktest.req.
FF FF 00 00 00 05 00 6C 46 79
2018-07-31 18:48:04.924: Receive Linktest.rsp.
FF FF 00 00 00 06 00 6C 46 79
2018-07-31 18:48:18.777: Send Data Message.
00 00 00 25 00 01 86 0B 00 00
2018-07-31 18:48:18.777: Send S6F11(7095930).
00 01 86 0B 00 00 00 6C 46 7A   01 03 A9 02 00 01 B1 04 00 00
00 CB 01 01 01 02 B1 04 00 00   1B 60 01 01 25 01 01
S6F11 W /* Event Report Send */
<L[3]
  <U2[1] 1> /* Name = DATAID */
  <U4[1] 203> /* Name = CEID, Keyword = Process_Start (203) */
  <L[1]
    <L[2]
      <U4[1] 7008> /* Name = RPTID */
      <L[1]
        <Boolean[1] 0x1> /* Name = Value, Keyword = Process_Start (3007) */
      >
    >
  >
>
.
Program takes      0.002 seconds to log this message.
2018-07-31 18:48:19.115: Receive Data Message.
00 00 00 0D 00 01 06 0C 00 00
2018-07-31 18:48:19.115: Receive S6F12(7095930).
00 01 06 0C 00 00 00 6C 46 7A   21 01 00
S6F12  /* Event Report Ack */
<B[1] 0x00> /* Name = ACKC6 */
.
Program takes      0 seconds to log this message.
2018-07-31 18:48:33.940: Send Data Message.
00 00 00 21 00 01 85 01 00 00
2018-07-31 18:48:33.940: Send S5F1(7095931).
00 01 85 01 00 00 00 6C 46 7B   01 03 21 01 80 B1 04 00 00 23
2C 41 0A 4F 56 45 4E 20 45 72   72 6F 72
S5F1 W /* Alarm Report Send */
<L[3]
  <B[1] 0x80> /* Name = ALCD, Keyword = Alarm code type. 0x00:disable | 0x80:enable */
  <U4[1] 9004> /* Name = ALID, Keyword = ALARM_OVEN_Error (9004) */
  <A[10]"OVEN Error"> /* Name = ALTX */
>
.
Program takes      0.001 seconds to log this message.
2018-07-31 18:48:34.220: Receive Data Message.
00 00 00 0D 00 01 05 02 00 00
2018-07-31 18:48:34.220: Receive S5F2(7095931).
00 01 05 02 00 00 00 6C 46 7B   21 01 00
S5F2  /* Alarm Report Ack */
<B[1] 0x00> /* Name = ACKC5 */
.
Program takes      0 seconds to log this message.
2018-07-31 18:48:48.827: Receive Linktest.req.
FF FF 00 00 00 05 01 81 AF 7F
2018-07-31 18:48:48.850: Send Linktest.rsp.
FF FF 00 00 00 06 01 81 AF 7F
2018-07-31 18:49:11.780: Send Data Message.
00 00 00 21 00 01 85 01 00 00
2018-07-31 18:49:11.780: Send S5F1(7095932).
00 01 85 01 00 00 00 6C 46 7C   01 03 21 01 00 B1 04 00 00 23
2C 41 0A 4F 56 45 4E 20 45 72   72 6F 72
S5F1 W /* Alarm Report Send */
<L[3]
  <B[1] 0x00> /* Name = ALCD, Keyword = Alarm code type. 0x00:disable | 0x80:enable */
  <U4[1] 9004> /* Name = ALID, Keyword = ALARM_OVEN_Error (9004) */
  <A[10]"OVEN Error"> /* Name = ALTX */
>
.
Program takes      0.001 seconds to log this message.
2018-07-31 18:49:12.095: Receive Data Message.
00 00 00 0D 00 01 05 02 00 00
2018-07-31 18:49:12.095: Receive S5F2(7095932).
00 01 05 02 00 00 00 6C 46 7C   21 01 00
S5F2  /* Alarm Report Ack */
<B[1] 0x00> /* Name = ACKC5 */
.
Program takes      0 seconds to log this message.
2018-07-31 18:49:31.108: Receive Data Message.
00 00 00 0A 00 01 87 13 00 00
2018-07-31 18:49:31.108: Receive S7F19(25276289).
00 01 87 13 00 00 01 81 AF 81
S7F19 W /* Current Process Program Dir Request */
Program takes      0 seconds to log this message.
2018-07-31 18:49:31.158: Send Data Message.
00 00 00 9C 00 01 07 14 00 00
2018-07-31 18:49:31.158: Send S7F20(25276289).
00 01 07 14 00 00 01 81 AF 81   01 0C 41 04 31 32 33 34 41 02
32 30 41 03 32 32 32 41 02 39   39 41 03 50 50 31 41 0D 50 50
31 5F 46 6F 72 6D 61 74 74 65   64 41 03 50 50 32 41 07 50 50
32 2E 70 6A 62 41 0D 50 50 32   5F 46 6F 72 6D 61 74 74 65 64
41 2F 50 50 33 5F 31 32 33 34   35 36 37 38 39 30 5F 31 32 33
34 35 36 37 38 39 30 5F 31 32   33 34 35 36 37 38 39 30 5F 31
32 33 34 35 36 37 38 39 30 41   0A 50 50 33 5F 42 49 4E 41 52
59 41 0D 50 50 34 5F 46 6F 72   6D 61 74 74 65 64
S7F20  /* Current Process Program Data */
<L[12]
  <A[4]"1234"> /* Name = PPID */
  <A[2]"20"> /* Name = PPID */
  <A[3]"222"> /* Name = PPID */
  <A[2]"99"> /* Name = PPID */
  <A[3]"PP1"> /* Name = PPID */
  <A[13]"PP1_Formatted"> /* Name = PPID */
  <A[3]"PP2"> /* Name = PPID */
  <A[7]"PP2.pjb"> /* Name = PPID */
  <A[13]"PP2_Formatted"> /* Name = PPID */
  <A[47]"PP3_1234567890_1234567890_1234567890_1234567890"> /* Name = PPID */
  <A[10]"PP3_BINARY"> /* Name = PPID */
  <A[13]"PP4_Formatted"> /* Name = PPID */
>
.
Program takes      0 seconds to log this message.
2018-07-31 18:49:38.877: Receive Data Message.
00 00 00 0F 00 01 87 05 00 00
2018-07-31 18:49:38.877: Receive S7F5(25276290).
00 01 87 05 00 00 01 81 AF 82   41 03 32 32 32
S7F5 W /* Process Program Request */
<A[3]"222"> /* Name = PPID, Keyword = process program ID */
.
Program takes      0 seconds to log this message.
2018-07-31 18:49:38.915: Send Data Message.
00 00 04 13 00 01 07 06 00 00
2018-07-31 18:49:38.915: Send S7F6(25276290).
00 01 07 06 00 00 01 81 AF 82   01 02 41 03 32 32 32 42 03 FF
50 72 6F 67 20 4E 6F 2C 50 72   6F 67 72 61 6D 20 4E 61 6D 65
2C 43 6F 61 74 20 53 69 7A 65   20 58 2C 43 6F 61 74 20 53 69
7A 65 20 59 2C 43 6F 61 74 20   53 69 7A 65 20 5A 2C 53 74 61
72 74 20 50 6F 73 20 58 2C 53   74 61 72 74 20 50 6F 73 20 59
2C 43 6F 61 74 20 53 70 65 65   64 2C 45 74 63 20 53 70 65 65
64 2C 50 69 74 63 68 2C 4F 66   66 73 65 74 58 2C 4F 66 66 73
65 74 59 2C 52 6F 75 74 65 2C   4C 61 79 65 72 2F 54 72 61 79
2C 4C 2F 57 20 4D 6F 64 65 2C   49 6E 65 74 72 76 61 6C 20 54
69 6D 65 2C 54 61 72 67 65 74   20 4D 69 6E 2C 54 61 72 67 65
74 20 4D 61 78 2C 44 65 6C 74   61 20 54 2C 50 75 6C 73 65 20
54 69 6D 65 2C 4F 76 65 72 20   54 69 6D 65 73 2C 52 61 6E 67
65 2C 53 70 72 61 79 20 50 75   6C 73 65 2C 53 70 72 61 79 20
43 6F 6E 74 69 2C 50 75 6C 73   65 20 53 68 6F 74 2C 43 6F 6E
74 69 6E 75 65 2C 4C 2F 57 54   69 6D 65 20 42 65 66 6F 72 65
2C 4C 2F 57 54 69 6D 65 20 41   66 74 65 72 2C 43 6F 61 74 20
54 65 6D 70 2C 49 52 20 54 65   6D 70 2C 49 52 20 50 6F 77 65
72 2C 43 75 72 69 6E 67 20 54   69 6D 65 2C 57 61 69 74 69 6E
67 20 54 69 6D 65 2C 43 69 72   63 20 41 6C 61 72 6D 2C 50 75
72 67 65 20 49 6E 74 65 72 76   61 6C 2C 50 75 72 67 65 20 53
68 6F 74 2C 54 31 2C 54 32 2C   54 33 2C 54 34 2C 4D 61 69 6E
20 41 69 72 20 41 6C 61 72 6D   2C 47 75 6E 20 41 69 72 20 41
6C 61 72 6D 2C 41 74 6F 20 41   69 72 20 41 6C 61 72 6D 2C 53
79 72 20 41 69 72 20 50 4F 75   74 2C 53 79 72 20 41 69 72 20
41 6C 61 72 6D 0D 0A 31 2C 31   70 63 73 2C 31 33 30 2C 31 33
30 2C 38 35 2C 35 30 2C 35 30   2C 36 30 2C 31 35 30 2C 35 2C
30 2C 30 2C 31 2C 31 2C 30 2C   31 2C 30 2E 30 36 35 30 2C 30
2E 30 36 36 35 2C 30 2E 31 2C   31 35 2C 31 35 2C 39 39 2C 30
2E 30 32 2C 31 2C 35 30 2C 30   2C 30 2C 36 2C 36 2C 38 30 2C
31 32 30 2C 35 30 2C 33 30 2C   30 2C 33 30 2C 31 30 2C 38 35
2C 31 35 2C 31 35 2C 31 35 2C   30 2E 34 2C 30 2E 32 2C 30 2E
31 2C 32 30 2C 30 0D 0A 32 2C   32 50 43 53 2C 33 30 30 2C 33
30 30 2C 38 35 2C 32 30 2C 32   30 2C 36 30 2C 31 35 30 2C 35
2C 30 2C 30 2C 32 2C 35 2C 30   2C 31 2C 30 2E 30 36 35 30 2C
30 2E 30 36 36 35 2C 30 2E 31   2C 31 30 2C 31 35 2C 39 39 2C
30 2E 30 32 2C 31 2C 30 2C 35   30 2C 32 2C 30 2C 36 2C 38 30
2C 31 30 30 2C 35 30 2C 33 30   2C 30 2C 33 30 2C 31 30 2C 38
35 2C 31 35 2C 31 35 2C 31 35   2C 30 2E 34 2C 30 2E 32 2C 30
2E 31 2C 32 30 2C 30 0D 0A 33   2C 34 50 43 53 2C 33 30 30 2C
33 30 30 2C 38 35 2C 32 30 2C   32 30 2C 36 30 2C 31 35 30 2C
35 2C 30 2C 30 2C 33 2C 35 2C   30 2C 31 2C 30 2E 31 2C 30 2E
30 33 38 2C 30 2E 30 34 2C 31   2C 31 35 2C 39 39 2C 30 2E 30
32 2C 31 2C 30 2C 35 30 2C 32   2C 30 2C 36 2C 38 30 2C 31 30
30 2C 35 30 2C 33 30 2C 30 2C   33 30 2C 31 30 2C 35 30 2C 35
30 2C 31 30 2C 31 35 2C 30 2E   34 2C 30 2E 32 2C 30 2E 31 2C
32 30 2C 30 0D 0A 34 2C 31 70   63 73 2C 33 30 30 2C 33 30 30
2C 38 35 2C 32 30 2C 32 30 2C   36 30 2C 31 35 30 2C 35 2C 30
2C 30 2C 34 2C 35 2C 30 2C 31   2C 30 2E 31 2C 30 2E 30 33 38
2C 30 2E 30 34 2C 31 2C 31 35   2C 39 39 2C 30 2E 30 32 2C 31
2C 30 2C 35 30 2C 32 2C 30 2C   36 2C 38 30 2C 31 30 30 2C 35
30 2C 33 30 2C 30 2C 33 30 2C   31 30 2C 35 30 2C 35 30 2C 31
30 2C 31 35 2C 30 2E 34 2C 30   2E 32 2C 30 2E 31 2C 32 30 2C
30 0D 0A
S7F6  /* Process Program Data */
<L[2]
  <A[3]"222"> /* Name = PPID */
  <A[1023]"Prog No,Program Name,Coat Size X,Coat Size Y,Coat Size Z,Start Pos X,Start Pos Y,Coat Speed,Etc Speed,Pitch,OffsetX,OffsetY,Route,Layer/Tray,L/W Mode,Inetrval Time,Target Min,Target Max,Delta T,Pulse Time,Over Times,Range,Spray Pulse,Spray Conti,Pulse Shot,Continue,L/WTime Before,L/WTime After,Coat Temp,IR Temp,IR Power,Curing Time,Waiting Time,Circ Alarm,Purge Interval,Purge Shot,T1,T2,T3,T4,Main Air Alarm,Gun Air Alarm,Ato Air Alarm,Syr Air POut,Syr Air Alarm
1,1pcs,130,130,85,50,50,60,150,5,0,0,1,1,0,1,0.0650,0.0665,0.1,15,15,99,0.02,1,50,0,0,6,6,80,120,50,30,0,30,10,85,15,15,15,0.4,0.2,0.1,20,0
2,2PCS,300,300,85,20,20,60,150,5,0,0,2,5,0,1,0.0650,0.0665,0.1,10,15,99,0.02,1,0,50,2,0,6,80,100,50,30,0,30,10,85,15,15,15,0.4,0.2,0.1,20,0
3,4PCS,300,300,85,20,20,60,150,5,0,0,3,5,0,1,0.1,0.038,0.04,1,15,99,0.02,1,0,50,2,0,6,80,100,50,30,0,30,10,50,50,10,15,0.4,0.2,0.1,20,0
4,1pcs,300,300,85,20,20,60,150,5,0,0,4,5,0,1,0.1,0.038,0.04,1,15,99,0.02,1,0,50,2,0,6,80,100,50,30,0,30,10,50,50,10,15,0.4,0.2,0.1,20,0
"> /* Name = PPBODY */
>
.
Program takes      0 seconds to log this message.
2018-07-31 18:49:48.781: Receive Linktest.req.
FF FF 00 00 00 05 01 81 AF 83
2018-07-31 18:49:48.824: Send Linktest.rsp.
FF FF 00 00 00 06 01 81 AF 83
2018-07-31 18:49:54.889: Receive Data Message.
00 00 00 16 00 01 82 29 00 00
2018-07-31 18:49:54.889: Receive S2F41(25276292).
00 01 82 29 00 00 01 81 AF 84   01 02 41 06 50 4F 50 2D 55 50
01 00
S2F41 W /* Host Command Send */
<L[2]
  <A[6]"POP-UP"> /* Name = RCMD */
  <L[0]
  >
>
.
Program takes      0 seconds to log this message.
2018-07-31 18:49:54.921: Send Data Message.
00 00 00 11 00 01 02 2A 00 00
2018-07-31 18:49:54.921: Send S2F42(25276292).
00 01 02 2A 00 00 01 81 AF 84   01 02 21 01 00 01 00
S2F42  /* Host Command Acknowledge */
<L[2]
  <B[1] 0x00>
  <L[0]
  >
>
.
Program takes      0 seconds to log this message.
2018-07-31 18:50:48.783: Receive Linktest.req.
FF FF 00 00 00 05 01 81 AF 85
2018-07-31 18:50:48.826: Send Linktest.rsp.
FF FF 00 00 00 06 01 81 AF 85
2018-07-31 18:50:50.930: Send Separate.req.
FF FF 00 00 00 09 00 6C 46 7D
