//////////////////////////////////////////////////////////////////////////
2023-09-13 08:16:43.402: CTLT_SECS (HSMS Mode) Ver. 2.3.6 & CTLT_GEM Ver. 2.9.3 Start...Driver: NO_LICENCE
2023-09-13 08:16:49.364: Receive Select.req.
FF FF 00 00 00 01 6E 0F 22 6B
2023-09-13 08:16:49.431: Send Select.rsp.
FF FF 00 00 00 02 6E 0F 22 6B
2023-09-13 08:16:50.998: Send Data Message.
00 00 00 1E 00 00 81 0D 00 00
2023-09-13 08:16:50.998: Send S1F13(1445647).
00 00 81 0D 00 00 00 16 0F 0F   01 02 41 07 54 72 69 6D 47 61
70 41 07 31 2E 30 2E 30 2E 30
S1F13 W /* Establish Communications Request */
<L[2]
  <A[7]"TrimGap"> /* Name = MDLN, Keyword = GEM_MDLN (GEM_MDLN) */
  <A[7]"1.0.0.0"> /* Name = SoftRev, Keyword = GEM_SOFTREV (GEM_SOFTREV) */
>
.
Program takes      0.179 seconds to log this message.
2023-09-13 08:16:51.176: Receive Data Message.
00 00 00 11 00 00 01 0E 00 00
2023-09-13 08:16:51.176: Receive S1F14(1445647).
00 00 01 0E 00 00 00 16 0F 0F   01 02 21 01 00 01 00
S1F14  /* Establish Communications Request Acknowledge */
<L[2]
  <B[1] 0x00> /* Name = COMMACK */
  <L[0]
  >
>
.
Program takes      0 seconds to log this message.
2023-09-13 08:17:51.011: Receive Linktest.req.
FF FF 00 00 00 05 6E 0F 22 6C
2023-09-13 08:17:51.011: Send Linktest.rsp.
FF FF 00 00 00 06 6E 0F 22 6C
2023-09-13 08:17:57.403: Send Linktest.req.
FF FF 00 00 00 05 00 16 0F 10
2023-09-13 08:17:57.419: Receive Linktest.rsp.
FF FF 00 00 00 06 00 16 0F 10
2023-09-13 08:18:57.431: Receive Linktest.req.
FF FF 00 00 00 05 6E 0F 22 6D
2023-09-13 08:18:57.431: Send Linktest.rsp.
FF FF 00 00 00 06 6E 0F 22 6D
2023-09-13 08:19:04.362: Send Linktest.req.
FF FF 00 00 00 05 00 16 0F 11
2023-09-13 08:19:04.378: Receive Linktest.rsp.
FF FF 00 00 00 06 00 16 0F 11
2023-09-13 08:20:04.390: Receive Linktest.req.
FF FF 00 00 00 05 6E 0F 22 6E
2023-09-13 08:20:04.390: Send Linktest.rsp.
FF FF 00 00 00 06 6E 0F 22 6E
2023-09-13 08:20:10.524: Send Linktest.req.
FF FF 00 00 00 05 00 16 0F 12
2023-09-13 08:20:10.539: Receive Linktest.rsp.
FF FF 00 00 00 06 00 16 0F 12
2023-09-13 08:21:10.547: Receive Linktest.req.
FF FF 00 00 00 05 6E 0F 22 6F
2023-09-13 08:21:10.547: Send Linktest.rsp.
FF FF 00 00 00 06 6E 0F 22 6F
2023-09-13 08:21:16.412: Send Linktest.req.
FF FF 00 00 00 05 00 16 0F 13
2023-09-13 08:21:16.412: Receive Linktest.rsp.
FF FF 00 00 00 06 00 16 0F 13
2023-09-13 08:22:16.421: Receive Linktest.req.
FF FF 00 00 00 05 6E 0F 22 70
2023-09-13 08:22:16.421: Send Linktest.rsp.
FF FF 00 00 00 06 6E 0F 22 70
2023-09-13 08:22:22.253: Send Linktest.req.
FF FF 00 00 00 05 00 16 0F 14
2023-09-13 08:22:22.268: Receive Linktest.rsp.
FF FF 00 00 00 06 00 16 0F 14
2023-09-13 08:23:22.279: Receive Linktest.req.
FF FF 00 00 00 05 6E 0F 22 71
2023-09-13 08:23:22.279: Send Linktest.rsp.
FF FF 00 00 00 06 6E 0F 22 71
2023-09-13 08:23:28.385: Send Linktest.req.
FF FF 00 00 00 05 00 16 0F 15
2023-09-13 08:23:28.385: Receive Linktest.rsp.
FF FF 00 00 00 06 00 16 0F 15
2023-09-13 08:24:28.397: Receive Linktest.req.
FF FF 00 00 00 05 6E 0F 22 72
2023-09-13 08:24:28.397: Send Linktest.rsp.
FF FF 00 00 00 06 6E 0F 22 72
2023-09-13 08:24:34.351: Send Linktest.req.
FF FF 00 00 00 05 00 16 0F 16
2023-09-13 08:24:34.366: Receive Linktest.rsp.
FF FF 00 00 00 06 00 16 0F 16
2023-09-13 08:25:34.367: Receive Linktest.req.
FF FF 00 00 00 05 6E 0F 22 73
2023-09-13 08:25:34.367: Send Linktest.rsp.
FF FF 00 00 00 06 6E 0F 22 73
2023-09-13 08:25:40.222: Send Linktest.req.
FF FF 00 00 00 05 00 16 0F 17
2023-09-13 08:25:40.238: Receive Linktest.rsp.
FF FF 00 00 00 06 00 16 0F 17
2023-09-13 08:26:40.250: Receive Linktest.req.
FF FF 00 00 00 05 6E 0F 22 74
2023-09-13 08:26:40.250: Send Linktest.rsp.
FF FF 00 00 00 06 6E 0F 22 74
2023-09-13 08:26:46.236: Send Linktest.req.
FF FF 00 00 00 05 00 16 0F 18
2023-09-13 08:26:46.251: Receive Linktest.rsp.
FF FF 00 00 00 06 00 16 0F 18
2023-09-13 08:27:46.262: Receive Linktest.req.
FF FF 00 00 00 05 6E 0F 22 75
2023-09-13 08:27:46.262: Send Linktest.rsp.
FF FF 00 00 00 06 6E 0F 22 75
2023-09-13 08:27:52.149: Send Linktest.req.
FF FF 00 00 00 05 00 16 0F 19
2023-09-13 08:27:52.165: Receive Linktest.rsp.
FF FF 00 00 00 06 00 16 0F 19
2023-09-13 08:28:52.176: Receive Linktest.req.
FF FF 00 00 00 05 6E 0F 22 76
2023-09-13 08:28:52.176: Send Linktest.rsp.
FF FF 00 00 00 06 6E 0F 22 76
2023-09-13 08:28:58.145: Send Linktest.req.
FF FF 00 00 00 05 00 16 0F 1A
2023-09-13 08:28:58.160: Receive Linktest.rsp.
FF FF 00 00 00 06 00 16 0F 1A
2023-09-13 08:29:58.169: Receive Linktest.req.
FF FF 00 00 00 05 6E 0F 22 77
2023-09-13 08:29:58.169: Send Linktest.rsp.
FF FF 00 00 00 06 6E 0F 22 77
2023-09-13 08:30:03.962: Send Linktest.req.
FF FF 00 00 00 05 00 16 0F 1B
2023-09-13 08:30:03.977: Receive Linktest.rsp.
FF FF 00 00 00 06 00 16 0F 1B
2023-09-13 08:31:03.978: Receive Linktest.req.
FF FF 00 00 00 05 6E 0F 22 78
2023-09-13 08:31:03.978: Send Linktest.rsp.
FF FF 00 00 00 06 6E 0F 22 78
2023-09-13 08:31:09.834: Send Linktest.req.
FF FF 00 00 00 05 00 16 0F 1C
2023-09-13 08:31:09.850: Receive Linktest.rsp.
FF FF 00 00 00 06 00 16 0F 1C
2023-09-13 08:32:09.860: Receive Linktest.req.
FF FF 00 00 00 05 6E 0F 22 79
2023-09-13 08:32:09.860: Send Linktest.rsp.
FF FF 00 00 00 06 6E 0F 22 79
2023-09-13 08:32:15.741: Send Linktest.req.
FF FF 00 00 00 05 00 16 0F 1D
2023-09-13 08:32:15.757: Receive Linktest.rsp.
FF FF 00 00 00 06 00 16 0F 1D
2023-09-13 08:33:15.762: Receive Linktest.req.
FF FF 00 00 00 05 6E 0F 22 7A
2023-09-13 08:33:15.762: Send Linktest.rsp.
FF FF 00 00 00 06 6E 0F 22 7A
2023-09-13 08:33:21.754: Send Linktest.req.
FF FF 00 00 00 05 00 16 0F 1E
2023-09-13 08:33:21.770: Receive Linktest.rsp.
FF FF 00 00 00 06 00 16 0F 1E
2023-09-13 08:34:21.780: Receive Linktest.req.
FF FF 00 00 00 05 6E 0F 22 7B
2023-09-13 08:34:21.780: Send Linktest.rsp.
FF FF 00 00 00 06 6E 0F 22 7B
2023-09-13 08:34:27.907: Send Linktest.req.
FF FF 00 00 00 05 00 16 0F 1F
2023-09-13 08:34:27.923: Receive Linktest.rsp.
FF FF 00 00 00 06 00 16 0F 1F
2023-09-13 08:35:27.937: Receive Linktest.req.
FF FF 00 00 00 05 6E 0F 22 7C
2023-09-13 08:35:27.937: Send Linktest.rsp.
FF FF 00 00 00 06 6E 0F 22 7C
2023-09-13 08:35:33.849: Send Linktest.req.
FF FF 00 00 00 05 00 16 0F 20
2023-09-13 08:35:33.865: Receive Linktest.rsp.
FF FF 00 00 00 06 00 16 0F 20
2023-09-13 08:36:33.870: Receive Linktest.req.
FF FF 00 00 00 05 6E 0F 22 7D
2023-09-13 08:36:33.870: Send Linktest.rsp.
FF FF 00 00 00 06 6E 0F 22 7D
2023-09-13 08:36:39.722: Send Linktest.req.
FF FF 00 00 00 05 00 16 0F 21
2023-09-13 08:36:39.737: Receive Linktest.rsp.
FF FF 00 00 00 06 00 16 0F 21
2023-09-13 08:37:39.741: Receive Linktest.req.
FF FF 00 00 00 05 6E 0F 22 7E
2023-09-13 08:37:39.741: Send Linktest.rsp.
FF FF 00 00 00 06 6E 0F 22 7E
2023-09-13 08:37:45.715: Send Linktest.req.
FF FF 00 00 00 05 00 16 0F 22
2023-09-13 08:37:45.731: Receive Linktest.rsp.
FF FF 00 00 00 06 00 16 0F 22
2023-09-13 08:38:45.746: Receive Linktest.req.
FF FF 00 00 00 05 6E 0F 22 7F
2023-09-13 08:38:45.746: Send Linktest.rsp.
FF FF 00 00 00 06 6E 0F 22 7F
2023-09-13 08:38:51.694: Send Linktest.req.
FF FF 00 00 00 05 00 16 0F 23
2023-09-13 08:38:51.709: Receive Linktest.rsp.
FF FF 00 00 00 06 00 16 0F 23
2023-09-13 08:39:51.725: Receive Linktest.req.
FF FF 00 00 00 05 6E 0F 22 80
2023-09-13 08:39:51.725: Send Linktest.rsp.
FF FF 00 00 00 06 6E 0F 22 80
2023-09-13 08:39:57.700: Send Linktest.req.
FF FF 00 00 00 05 00 16 0F 24
2023-09-13 08:39:57.715: Receive Linktest.rsp.
FF FF 00 00 00 06 00 16 0F 24
2023-09-13 08:40:57.730: Receive Linktest.req.
FF FF 00 00 00 05 6E 0F 22 81
2023-09-13 08:40:57.730: Send Linktest.rsp.
FF FF 00 00 00 06 6E 0F 22 81
2023-09-13 08:41:03.730: Send Linktest.req.
FF FF 00 00 00 05 00 16 0F 25
2023-09-13 08:41:03.746: Receive Linktest.rsp.
FF FF 00 00 00 06 00 16 0F 25
2023-09-13 08:42:03.747: Receive Linktest.req.
FF FF 00 00 00 05 6E 0F 22 82
2023-09-13 08:42:03.747: Send Linktest.rsp.
FF FF 00 00 00 06 6E 0F 22 82
2023-09-13 08:42:09.872: Send Linktest.req.
FF FF 00 00 00 05 00 16 0F 26
2023-09-13 08:42:09.888: Receive Linktest.rsp.
FF FF 00 00 00 06 00 16 0F 26
2023-09-13 08:43:09.889: Receive Linktest.req.
FF FF 00 00 00 05 6E 0F 22 83
2023-09-13 08:43:09.889: Send Linktest.rsp.
FF FF 00 00 00 06 6E 0F 22 83
2023-09-13 08:43:15.871: Send Linktest.req.
FF FF 00 00 00 05 00 16 0F 27
2023-09-13 08:43:15.885: Receive Linktest.rsp.
FF FF 00 00 00 06 00 16 0F 27
2023-09-13 08:44:15.897: Receive Linktest.req.
FF FF 00 00 00 05 6E 0F 22 84
2023-09-13 08:44:15.897: Send Linktest.rsp.
FF FF 00 00 00 06 6E 0F 22 84
2023-09-13 08:44:21.900: Send Linktest.req.
FF FF 00 00 00 05 00 16 0F 28
2023-09-13 08:44:21.916: Receive Linktest.rsp.
FF FF 00 00 00 06 00 16 0F 28
2023-09-13 08:45:21.926: Receive Linktest.req.
FF FF 00 00 00 05 6E 0F 22 85
2023-09-13 08:45:21.926: Send Linktest.rsp.
FF FF 00 00 00 06 6E 0F 22 85
2023-09-13 08:45:28.384: Send Linktest.req.
FF FF 00 00 00 05 00 16 0F 29
2023-09-13 08:45:28.400: Receive Linktest.rsp.
FF FF 00 00 00 06 00 16 0F 29
2023-09-13 08:46:28.408: Receive Linktest.req.
FF FF 00 00 00 05 6E 0F 22 86
2023-09-13 08:46:28.408: Send Linktest.rsp.
FF FF 00 00 00 06 6E 0F 22 86
2023-09-13 08:46:35.052: Send Linktest.req.
FF FF 00 00 00 05 00 16 0F 2A
2023-09-13 08:46:35.068: Receive Linktest.rsp.
FF FF 00 00 00 06 00 16 0F 2A
2023-09-13 08:47:35.083: Receive Linktest.req.
FF FF 00 00 00 05 6E 0F 22 87
2023-09-13 08:47:35.083: Send Linktest.rsp.
FF FF 00 00 00 06 6E 0F 22 87
2023-09-13 08:47:41.559: Send Linktest.req.
FF FF 00 00 00 05 00 16 0F 2B
2023-09-13 08:47:41.575: Receive Linktest.rsp.
FF FF 00 00 00 06 00 16 0F 2B
2023-09-13 08:48:41.590: Receive Linktest.req.
FF FF 00 00 00 05 6E 0F 22 88
2023-09-13 08:48:41.590: Send Linktest.rsp.
FF FF 00 00 00 06 6E 0F 22 88
2023-09-13 08:48:48.029: Send Linktest.req.
FF FF 00 00 00 05 00 16 0F 2C
2023-09-13 08:48:48.045: Receive Linktest.rsp.
FF FF 00 00 00 06 00 16 0F 2C
2023-09-13 08:49:48.059: Receive Linktest.req.
FF FF 00 00 00 05 6E 0F 22 89
2023-09-13 08:49:48.059: Send Linktest.rsp.
FF FF 00 00 00 06 6E 0F 22 89
2023-09-13 08:49:54.584: Send Linktest.req.
FF FF 00 00 00 05 00 16 0F 2D
2023-09-13 08:49:54.600: Receive Linktest.rsp.
FF FF 00 00 00 06 00 16 0F 2D
2023-09-13 08:50:54.610: Receive Linktest.req.
FF FF 00 00 00 05 6E 0F 22 8A
2023-09-13 08:50:54.610: Send Linktest.rsp.
FF FF 00 00 00 06 6E 0F 22 8A
2023-09-13 08:51:01.163: Send Linktest.req.
FF FF 00 00 00 05 00 16 0F 2E
2023-09-13 08:51:01.179: Receive Linktest.rsp.
FF FF 00 00 00 06 00 16 0F 2E
2023-09-13 08:52:01.189: Receive Linktest.req.
FF FF 00 00 00 05 6E 0F 22 8B
2023-09-13 08:52:01.189: Send Linktest.rsp.
FF FF 00 00 00 06 6E 0F 22 8B
2023-09-13 08:52:07.811: Send Linktest.req.
FF FF 00 00 00 05 00 16 0F 2F
2023-09-13 08:52:07.827: Receive Linktest.rsp.
FF FF 00 00 00 06 00 16 0F 2F
2023-09-13 08:53:07.833: Receive Linktest.req.
FF FF 00 00 00 05 6E 0F 22 8C
2023-09-13 08:53:07.833: Send Linktest.rsp.
FF FF 00 00 00 06 6E 0F 22 8C
2023-09-13 08:53:14.308: Send Linktest.req.
FF FF 00 00 00 05 00 16 0F 30
2023-09-13 08:53:14.323: Receive Linktest.rsp.
FF FF 00 00 00 06 00 16 0F 30
2023-09-13 08:54:14.326: Receive Linktest.req.
FF FF 00 00 00 05 6E 0F 22 8D
2023-09-13 08:54:14.326: Send Linktest.rsp.
FF FF 00 00 00 06 6E 0F 22 8D
2023-09-13 08:54:20.749: Send Linktest.req.
FF FF 00 00 00 05 00 16 0F 31
2023-09-13 08:54:20.765: Receive Linktest.rsp.
FF FF 00 00 00 06 00 16 0F 31
2023-09-13 08:55:20.775: Receive Linktest.req.
FF FF 00 00 00 05 6E 0F 22 8E
2023-09-13 08:55:20.775: Send Linktest.rsp.
FF FF 00 00 00 06 6E 0F 22 8E
2023-09-13 08:55:26.802: Send Linktest.req.
FF FF 00 00 00 05 00 16 0F 32
2023-09-13 08:55:26.817: Receive Linktest.rsp.
FF FF 00 00 00 06 00 16 0F 32
2023-09-13 08:56:26.823: Receive Linktest.req.
FF FF 00 00 00 05 6E 0F 22 8F
2023-09-13 08:56:26.823: Send Linktest.rsp.
FF FF 00 00 00 06 6E 0F 22 8F
2023-09-13 08:56:32.660: Send Linktest.req.
FF FF 00 00 00 05 00 16 0F 33
2023-09-13 08:56:32.676: Receive Linktest.rsp.
FF FF 00 00 00 06 00 16 0F 33
2023-09-13 08:57:32.686: Receive Linktest.req.
FF FF 00 00 00 05 6E 0F 22 90
2023-09-13 08:57:32.985: Send Linktest.rsp.
FF FF 00 00 00 06 6E 0F 22 90
2023-09-13 08:57:38.802: Send Linktest.req.
FF FF 00 00 00 05 00 16 0F 34
2023-09-13 08:57:38.818: Receive Linktest.rsp.
FF FF 00 00 00 06 00 16 0F 34
2023-09-13 08:58:38.829: Receive Linktest.req.
FF FF 00 00 00 05 6E 0F 22 91
2023-09-13 08:58:38.829: Send Linktest.rsp.
FF FF 00 00 00 06 6E 0F 22 91
2023-09-13 08:58:44.765: Send Linktest.req.
FF FF 00 00 00 05 00 16 0F 35
2023-09-13 08:58:44.781: Receive Linktest.rsp.
FF FF 00 00 00 06 00 16 0F 35
