//////////////////////////////////////////////////////////////////////////
2021-02-23 16:41:14.285: CTLT_SECS (HSMS Mode) Ver.2.2.3 Start...Driver: NO_LICENCE
2021-02-23 16:41:22.635: Receive Select.req.
FF FF 00 00 00 01 01 41 CD 62
2021-02-23 16:41:22.655: Send Select.rsp.
FF FF 00 00 00 02 01 41 CD 62
2021-02-23 16:41:22.681: Send Data Message.
00 00 00 23 00 00 81 0D 00 00
2021-02-23 16:41:22.681: Send S1F13(2973574).
00 00 81 0D 00 00 00 2D 5F 86   01 02 41 0C 53 70 72 61 79 6D
61 63 68 69 6E 65 41 07 52 2E   30 2E 30 2E 33
S1F13 W /* Establish Communications Request */
<L[2]
  <A[12]"Spraymachine"> /* Name = MDLN, Keyword = GEM_MDLN (24) */
  <A[7]"R.0.0.3"> /* Name = SoftRev, Keyword = GEM_SOFTREV (25) */
>
.
Program takes      0.009 seconds to log this message.
2021-02-23 16:41:22.716: Receive Data Message.
00 00 00 11 00 00 01 0E 00 00
2021-02-23 16:41:22.716: Receive S1F14(2973574).
00 00 01 0E 00 00 00 2D 5F 86   01 02 21 01 00 01 00
S1F14  /* Establish Communications Request Acknowledge */
<L[2]
  <B[1] 0x00> /* Name = COMMACK */
  <L[0]
  >
>
.
Program takes      0 seconds to log this message.
2021-02-23 16:41:27.948: Send Separate.req.
FF FF 00 00 00 09 00 2D 5F 87
[DebugLog] 16:41:27.959 Useless client rejected
2021-02-23 16:41:31.188: CTLT_SECS (HSMS Mode) Ver.2.2.3 Start...Driver: NO_LICENCE
2021-02-23 16:41:33.641: Receive Select.req.
FF FF 00 00 00 01 01 41 CD 62
2021-02-23 16:41:33.655: Send Select.rsp.
FF FF 00 00 00 02 01 41 CD 62
2021-02-23 16:41:33.667: Send Data Message.
00 00 00 23 00 00 81 0D 00 00
2021-02-23 16:41:33.667: Send S1F13(2973576).
00 00 81 0D 00 00 00 2D 5F 88   01 02 41 0C 53 70 72 61 79 6D
61 63 68 69 6E 65 41 07 52 2E   30 2E 30 2E 33
S1F13 W /* Establish Communications Request */
<L[2]
  <A[12]"Spraymachine"> /* Name = MDLN, Keyword = GEM_MDLN (24) */
  <A[7]"R.0.0.3"> /* Name = SoftRev, Keyword = GEM_SOFTREV (25) */
>
.
Program takes      0 seconds to log this message.
2021-02-23 16:41:33.704: Receive Data Message.
00 00 00 11 00 00 01 0E 00 00
2021-02-23 16:41:33.704: Receive S1F14(2973576).
00 00 01 0E 00 00 00 2D 5F 88   01 02 21 01 00 01 00
S1F14  /* Establish Communications Request Acknowledge */
<L[2]
  <B[1] 0x00> /* Name = COMMACK */
  <L[0]
  >
>
.
Program takes      0 seconds to log this message.
2021-02-23 16:41:41.462: Send Separate.req.
FF FF 00 00 00 09 00 2D 5F 89
[DebugLog] 16:41:41.474 Useless client rejected
2021-02-23 16:41:41.706: CTLT_SECS (HSMS Mode) Ver.2.2.3 Start...Driver: NO_LICENCE
2021-02-23 16:41:42.787: CTLT_SECS (HSMS Mode) Ver.2.2.3 Start...Driver: NO_LICENCE
2021-02-23 16:41:43.245: Receive Select.req.
FF FF 00 00 00 01 01 41 CD 62
2021-02-23 16:41:43.258: Send Select.rsp.
FF FF 00 00 00 02 01 41 CD 62
2021-02-23 16:41:43.270: Send Data Message.
00 00 00 23 00 00 81 0D 00 00
2021-02-23 16:41:43.270: Send S1F13(2973578).
00 00 81 0D 00 00 00 2D 5F 8A   01 02 41 0C 53 70 72 61 79 6D
61 63 68 69 6E 65 41 07 52 2E   30 2E 30 2E 33
S1F13 W /* Establish Communications Request */
<L[2]
  <A[12]"Spraymachine"> /* Name = MDLN, Keyword = GEM_MDLN (24) */
  <A[7]"R.0.0.3"> /* Name = SoftRev, Keyword = GEM_SOFTREV (25) */
>
.
Program takes      0 seconds to log this message.
2021-02-23 16:41:43.306: Receive Data Message.
00 00 00 11 00 00 01 0E 00 00
2021-02-23 16:41:43.306: Receive S1F14(2973578).
00 00 01 0E 00 00 00 2D 5F 8A   01 02 21 01 00 01 00
S1F14  /* Establish Communications Request Acknowledge */
<L[2]
  <B[1] 0x00> /* Name = COMMACK */
  <L[0]
  >
>
.
Program takes      0 seconds to log this message.
2021-02-23 16:41:46.096: Send Separate.req.
FF FF 00 00 00 09 00 2D 5F 8B
[DebugLog] 16:41:46.115 Useless client rejected
2021-02-23 16:41:46.279: CTLT_SECS (HSMS Mode) Ver.2.2.3 Start...Driver: NO_LICENCE
2021-02-23 16:41:48.766: CTLT_SECS (HSMS Mode) Ver.2.2.3 Start...Driver: NO_LICENCE
2021-02-23 16:41:50.312: CTLT_SECS (HSMS Mode) Ver.2.2.3 Start...Driver: NO_LICENCE
2021-02-23 16:41:50.638: Receive Select.req.
FF FF 00 00 00 01 01 41 CD 62
2021-02-23 16:41:50.652: Send Select.rsp.
FF FF 00 00 00 02 01 41 CD 62
2021-02-23 16:41:50.666: Send Data Message.
00 00 00 23 00 00 81 0D 00 00
2021-02-23 16:41:50.666: Send S1F13(2973580).
00 00 81 0D 00 00 00 2D 5F 8C   01 02 41 0C 53 70 72 61 79 6D
61 63 68 69 6E 65 41 07 52 2E   30 2E 30 2E 33
S1F13 W /* Establish Communications Request */
<L[2]
  <A[12]"Spraymachine"> /* Name = MDLN, Keyword = GEM_MDLN (24) */
  <A[7]"R.0.0.3"> /* Name = SoftRev, Keyword = GEM_SOFTREV (25) */
>
.
Program takes      0 seconds to log this message.
2021-02-23 16:41:50.702: Receive Data Message.
00 00 00 11 00 00 01 0E 00 00
2021-02-23 16:41:50.702: Receive S1F14(2973580).
00 00 01 0E 00 00 00 2D 5F 8C   01 02 21 01 00 01 00
S1F14  /* Establish Communications Request Acknowledge */
<L[2]
  <B[1] 0x00> /* Name = COMMACK */
  <L[0]
  >
>
.
Program takes      0 seconds to log this message.
2021-02-23 16:42:08.039: Send Separate.req.
FF FF 00 00 00 09 00 2D 5F 8D
2021-02-23 16:42:08.054:  Receive Separate.req.
FF FF 00 00 00 09 00 2D 5F 8D
[DebugLog] 16:42:08.054 Useless client rejected
