//////////////////////////////////////////////////////////////////////////
2023-05-11 14:37:06.698: CTLT_SECS (HSMS Mode) Ver. 2.3.6 & CTLT_GEM Ver. 2.9.3 Start...Driver: NO_LICENCE
2023-05-11 14:37:33.904: Receive Select.req.
FF FF 00 00 00 01 01 41 CD 62
2023-05-11 14:37:34.534: Send Select.rsp.
FF FF 00 00 00 02 01 41 CD 62
2023-05-11 14:37:34.586: Send Data Message.
00 00 00 1E 00 00 81 0D 00 00
2023-05-11 14:37:34.586: Send S1F13(6828707).
00 00 81 0D 00 00 00 68 32 A3   01 02 41 07 54 72 69 6D 47 61
70 41 07 31 2E 30 2E 30 2E 30
S1F13 W /* Establish Communications Request */
<L[2]
  <A[7]"TrimGap"> /* Name = MDLN, Keyword = GEM_MDLN (GEM_MDLN) */
  <A[7]"1.0.0.0"> /* Name = SoftRev, Keyword = GEM_SOFTREV (GEM_SOFTREV) */
>
.
Program takes      0.032 seconds to log this message.
2023-05-11 14:37:34.621: Receive Data Message.
00 00 00 11 00 00 01 0E 00 00
2023-05-11 14:37:34.621: Receive S1F14(6828707).
00 00 01 0E 00 00 00 68 32 A3   01 02 21 01 00 01 00
S1F14  /* Establish Communications Request Acknowledge */
<L[2]
  <B[1] 0x00> /* Name = COMMACK */
  <L[0]
  >
>
.
Program takes      0 seconds to log this message.
2023-05-11 14:37:45.471: Receive Data Message.
00 00 00 1F 00 00 87 19 00 00
2023-05-11 14:37:45.471: Receive S7F25(6898982).
00 00 87 19 00 00 00 69 45 26   41 13 41 4F 49 5F 52 65 63 69
70 65 5F 33 35 33 35 5F 33 78   36
S7F25 W /* Formatted Process Program Request */
<A[19]"AOI_Recipe_3535_3x6"> /* Name = PPID, Keyword = process program ID */
.
Program takes      0 seconds to log this message.
2023-05-11 14:37:45.485: Send Data Message.
00 00 00 0D 00 00 07 1A 00 00
2023-05-11 14:37:45.485: Send S7F26(6898982).
00 00 07 1A 00 00 00 69 45 26   21 01 01
S7F26  /* Formatted Process Program Data */
<B[1] 0x01> /* Name = ACKC7, Keyword = 0:Accepted | 1:Permission_not_granted | 2:length_error | 3:matrix_overflow | 4:PPID_not_found | 5:unsupported_mode | 6:other_error | 7:OverLimit | 8:PPID_too_long | 9:Invalid_finename_character */
.
Program takes      0 seconds to log this message.
2023-05-11 14:38:01.311: Receive Data Message.
00 00 00 20 00 00 87 19 00 00
2023-05-11 14:38:01.311: Receive S7F25(6898983).
00 00 87 19 00 00 00 69 45 27   41 14 50 50 44 61 74 61 5C 50
50 32 5F 46 6F 72 6D 61 74 74   65 64
S7F25 W /* Formatted Process Program Request */
<A[20]"PPData\PP2_Formatted"> /* Name = PPID, Keyword = process program ID */
.
Program takes      0 seconds to log this message.
2023-05-11 14:38:01.314: Send Data Message.
00 00 00 0D 00 00 07 1A 00 00
2023-05-11 14:38:01.314: Send S7F26(6898983).
00 00 07 1A 00 00 00 69 45 27   21 01 01
S7F26  /* Formatted Process Program Data */
<B[1] 0x01> /* Name = ACKC7, Keyword = 0:Accepted | 1:Permission_not_granted | 2:length_error | 3:matrix_overflow | 4:PPID_not_found | 5:unsupported_mode | 6:other_error | 7:OverLimit | 8:PPID_too_long | 9:Invalid_finename_character */
.
Program takes      0 seconds to log this message.
2023-05-11 14:38:06.959: Receive Data Message.
00 00 00 1F 00 00 87 19 00 00
2023-05-11 14:38:06.959: Receive S7F25(6898984).
00 00 87 19 00 00 00 69 45 28   41 13 41 4F 49 5F 52 65 63 69
70 65 5F 33 35 33 35 5F 33 78   36
S7F25 W /* Formatted Process Program Request */
<A[19]"AOI_Recipe_3535_3x6"> /* Name = PPID, Keyword = process program ID */
.
Program takes      0 seconds to log this message.
2023-05-11 14:38:06.962: Send Data Message.
00 00 00 0D 00 00 07 1A 00 00
2023-05-11 14:38:06.962: Send S7F26(6898984).
00 00 07 1A 00 00 00 69 45 28   21 01 01
S7F26  /* Formatted Process Program Data */
<B[1] 0x01> /* Name = ACKC7, Keyword = 0:Accepted | 1:Permission_not_granted | 2:length_error | 3:matrix_overflow | 4:PPID_not_found | 5:unsupported_mode | 6:other_error | 7:OverLimit | 8:PPID_too_long | 9:Invalid_finename_character */
.
Program takes      0 seconds to log this message.
2023-05-11 14:38:24.764: Receive Data Message.
00 00 00 0F 00 00 87 05 00 00
2023-05-11 14:38:24.764: Receive S7F5(6898985).
00 00 87 05 00 00 00 69 45 29   41 03 50 50 31
S7F5 W /* Process Program Request */
<A[3]"PP1"> /* Name = PPID, Keyword = process program ID */
.
Program takes      0 seconds to log this message.
2023-05-11 14:38:24.767: Send Data Message.
00 00 00 0C 00 00 07 06 00 00
2023-05-11 14:38:24.767: Send S7F6(6898985).
00 00 07 06 00 00 00 69 45 29   01 00
S7F6  /* Process Program Data */
<L[0]
>
.
Program takes      0 seconds to log this message.
2023-05-11 14:38:29.556: Receive Data Message.
00 00 00 24 00 00 07 06 00 00
2023-05-11 14:38:29.556: Receive S7F6(0).
00 00 07 06 00 00 00 00 00 00   01 02 41 03 50 50 31 41 11 54
68 69 73 69 73 61 74 65 73 74   72 65 63 69 70 65
S7F6  /* Process Program Data */
<L[2]
  <A[3]"PP1">
  <A[17]"Thisisatestrecipe">
>
.
Program takes      0 seconds to log this message.
2023-05-11 14:38:44.459: Receive Data Message.
00 00 00 8C 00 00 87 17 00 00
2023-05-11 14:38:44.459: Receive S7F23(6898986).
00 00 87 17 00 00 00 69 45 2A   01 04 41 0D 50 50 31 5F 46 6F
72 6D 61 74 74 65 64 41 06 45   71 4D 44 4C 4E 41 06 31 2E 31
2E 30 31 01 01 01 02 A9 02 00   02 01 09 A5 01 00 A9 02 00 01
B1 04 00 00 00 01 65 01 64 69   02 03 E8 71 04 00 0F 42 40 91
04 3D CC CC CD 25 01 00 41 32   41 31 32 33 34 35 36 37 38 39
5F 31 32 33 34 35 36 37 38 39   5F 31 32 33 34 35 36 37 38 39
5F 31 32 33 34 35 36 37 38 39   5F 31 32 33 34 35 36 37 38 39
S7F23 W /* Formatted Process Program Send */
<L[4]
  <A[13]"PP1_Formatted"> /* Name = PPID, Keyword = process program ID */
  <A[6]"EqMDLN"> /* Name = MDLN, Keyword = equipment model type */
  <A[6]"1.1.01"> /* Name = SOFTREV, Keyword = software revision */
  <L[1]
    <L[2]
      <U2[1] 2> /* Name = CCODE, Keyword = process operation command code */
      <L[9]
        <U1[1] 0> /* Name = PPARM, Keyword = process parameter, any scalar or vector */
        <U2[1] 1> /* Name = PPARM, Keyword = process parameter, any scalar or vector */
        <U4[1] 1> /* Name = PPARM, Keyword = process parameter, any scalar or vector */
        <I1[1] 100> /* Name = PPARM, Keyword = process parameter, any scalar or vector */
        <I2[1] 1000> /* Name = PPARM, Keyword = process parameter, any scalar or vector */
        <I4[1] 1000000> /* Name = PPARM, Keyword = process parameter, any scalar or vector */
        <F4[1] 0.1> /* Name = PPARM, Keyword = process parameter, any scalar or vector */
        <Boolean[1] 0x0> /* Name = PPARM, Keyword = process parameter, any scalar or vector */
        <A[50]"A123456789_123456789_123456789_123456789_123456789"> /* Name = PPARM, Keyword = process parameter, any scalar or vector */
      >
    >
  >
>
.
Program takes      0 seconds to log this message.
2023-05-11 14:38:44.472: Send Data Message.
00 00 00 0D 00 00 07 18 00 00
2023-05-11 14:38:44.472: Send S7F24(6898986).
00 00 07 18 00 00 00 69 45 2A   21 01 01
S7F24  /* Formatted Process Program Acknowledge */
<B[1] 0x01> /* Name = ACKC7, Keyword = 0:Accepted | 1:Permission_not_granted | 2:length_error | 3:matrix_overflow | 4:PPID_not_found | 5:unsupported_mode | 6:other_error | 7:OverLimit | 8:PPID_too_long | 9:Invalid_finename_character */
.
Program takes      0 seconds to log this message.
2023-05-11 14:38:49.836: Receive Data Message.
00 00 00 AC 00 00 87 17 00 00
2023-05-11 14:38:49.836: Receive S7F23(6898987).
00 00 87 17 00 00 00 69 45 2B   01 04 41 0D 50 50 32 5F 46 6F
72 6D 61 74 74 65 64 41 06 45   71 4D 44 4C 4E 41 06 31 2E 31
2E 30 31 01 03 01 02 A9 02 00   62 01 02 A5 01 01 41 05 54 65
73 74 31 01 02 A9 02 00 01 01   02 A5 01 01 A5 01 02 01 02 A9
02 00 02 01 09 A5 01 00 A9 02   00 01 B1 04 00 00 00 01 65 01
64 69 02 03 E8 71 04 00 0F 42   40 91 04 3D CC CC CD 25 01 00
41 32 41 31 32 33 34 35 36 37   38 39 5F 31 32 33 34 35 36 37
38 39 5F 31 32 33 34 35 36 37   38 39 5F 31 32 33 34 35 36 37
38 39 5F 31 32 33 34 35 36 37   38 39
S7F23 W /* Formatted Process Program Send */
<L[4]
  <A[13]"PP2_Formatted"> /* Name = PPID, Keyword = process program ID */
  <A[6]"EqMDLN"> /* Name = MDLN, Keyword = equipment model type */
  <A[6]"1.1.01"> /* Name = SOFTREV, Keyword = software revision */
  <L[3]
    <L[2]
      <U2[1] 98> /* Name = CCODE, Keyword = process operation command code */
      <L[2]
        <U1[1] 1> /* Name = PPARM, Keyword = process parameter, any scalar or vector */
        <A[5]"Test1"> /* Name = PPARM, Keyword = process parameter, any scalar or vector */
      >
    >
    <L[2]
      <U2[1] 1> /* Name = CCODE, Keyword = process operation command code */
      <L[2]
        <U1[1] 1> /* Name = PPARM, Keyword = process parameter, any scalar or vector */
        <U1[1] 2> /* Name = PPARM, Keyword = process parameter, any scalar or vector */
      >
    >
    <L[2]
      <U2[1] 2> /* Name = CCODE, Keyword = process operation command code */
      <L[9]
        <U1[1] 0> /* Name = PPARM, Keyword = process parameter, any scalar or vector */
        <U2[1] 1> /* Name = PPARM, Keyword = process parameter, any scalar or vector */
        <U4[1] 1> /* Name = PPARM, Keyword = process parameter, any scalar or vector */
        <I1[1] 100> /* Name = PPARM, Keyword = process parameter, any scalar or vector */
        <I2[1] 1000> /* Name = PPARM, Keyword = process parameter, any scalar or vector */
        <I4[1] 1000000> /* Name = PPARM, Keyword = process parameter, any scalar or vector */
        <F4[1] 0.1> /* Name = PPARM, Keyword = process parameter, any scalar or vector */
        <Boolean[1] 0x0> /* Name = PPARM, Keyword = process parameter, any scalar or vector */
        <A[50]"A123456789_123456789_123456789_123456789_123456789"> /* Name = PPARM, Keyword = process parameter, any scalar or vector */
      >
    >
  >
>
.
Program takes      0 seconds to log this message.
2023-05-11 14:38:49.840: Send Data Message.
00 00 00 0D 00 00 07 18 00 00
2023-05-11 14:38:49.840: Send S7F24(6898987).
00 00 07 18 00 00 00 69 45 2B   21 01 01
S7F24  /* Formatted Process Program Acknowledge */
<B[1] 0x01> /* Name = ACKC7, Keyword = 0:Accepted | 1:Permission_not_granted | 2:length_error | 3:matrix_overflow | 4:PPID_not_found | 5:unsupported_mode | 6:other_error | 7:OverLimit | 8:PPID_too_long | 9:Invalid_finename_character */
.
Program takes      0 seconds to log this message.
2023-05-11 14:39:53.950: Send Linktest.req.
FF FF 00 00 00 05 00 68 32 A4
2023-05-11 14:39:53.954: Receive Linktest.rsp.
FF FF 00 00 00 06 00 68 32 A4
2023-05-11 14:40:59.054: Send Linktest.req.
FF FF 00 00 00 05 00 68 32 A5
2023-05-11 14:40:59.062: Receive Linktest.rsp.
FF FF 00 00 00 06 00 68 32 A5
2023-05-11 14:42:04.387: Send Linktest.req.
FF FF 00 00 00 05 00 68 32 A6
2023-05-11 14:42:04.392: Receive Linktest.rsp.
FF FF 00 00 00 06 00 68 32 A6
2023-05-11 14:42:32.144: Receive Data Message.
00 00 00 0A 00 00 87 13 00 00
2023-05-11 14:42:32.144: Receive S7F19(6898988).
00 00 87 13 00 00 00 69 45 2C
S7F19 W /* Current Process Program Dir Request */
Program takes      0 seconds to log this message.
2023-05-11 14:42:32.149: Send Data Message.
00 00 00 45 00 00 07 14 00 00
2023-05-11 14:42:32.149: Send S7F20(6898988).
00 00 07 14 00 00 00 69 45 2C   01 06 41 07 41 75 74 6F 52 75
6E 41 05 64 73 66 46 64 41 0C   66 66 66 66 66 66 66 66 66 66
66 66 41 09 67 67 67 67 67 67   67 67 67 41 07 6E 6A 69 6B 66
67 64 41 05 53 49 37 37 35
S7F20  /* Current Process Program Data */
<L[6]
  <A[7]"AutoRun"> /* Name = PPID */
  <A[5]"dsfFd"> /* Name = PPID */
  <A[12]"ffffffffffff"> /* Name = PPID */
  <A[9]"ggggggggg"> /* Name = PPID */
  <A[7]"njikfgd"> /* Name = PPID */
  <A[5]"SI775"> /* Name = PPID */
>
.
Program takes      0 seconds to log this message.
2023-05-11 14:43:02.819: Receive Data Message.
00 00 00 13 00 00 87 19 00 00
2023-05-11 14:43:02.819: Receive S7F25(6898989).
00 00 87 19 00 00 00 69 45 2D   41 07 41 75 74 6F 52 75 6E
S7F25 W /* Formatted Process Program Request */
<A[7]"AutoRun"> /* Name = PPID, Keyword = process program ID */
.
Program takes      0 seconds to log this message.
2023-05-11 14:43:02.825: Send Data Message.
00 00 00 29 00 00 07 1A 00 00
2023-05-11 14:43:02.825: Send S7F26(6898989).
00 00 07 1A 00 00 00 69 45 2D   01 04 41 07 41 75 74 6F 52 75
6E 41 07 54 72 69 6D 47 61 70   41 07 31 2E 30 2E 30 2E 30 01
00
S7F26  /* Formatted Process Program Data */
<L[4]
  <A[7]"AutoRun"> /* Name = PPID, Keyword = process program ID */
  <A[7]"TrimGap"> /* Name = MDLN, Keyword = equipment model type */
  <A[7]"1.0.0.0"> /* Name = SOFTREV, Keyword = software revision */
  <L[0]
  >
>
.
Program takes      0 seconds to log this message.
2023-05-11 14:43:30.923: Receive Data Message.
00 00 00 11 00 00 87 19 00 00
2023-05-11 14:43:30.923: Receive S7F25(6898990).
00 00 87 19 00 00 00 69 45 2E   41 05 53 49 37 37 35
S7F25 W /* Formatted Process Program Request */
<A[5]"SI775"> /* Name = PPID, Keyword = process program ID */
.
Program takes      0 seconds to log this message.
2023-05-11 14:43:30.927: Send Data Message.
00 00 00 27 00 00 07 1A 00 00
2023-05-11 14:43:30.927: Send S7F26(6898990).
00 00 07 1A 00 00 00 69 45 2E   01 04 41 05 53 49 37 37 35 41
07 54 72 69 6D 47 61 70 41 07   31 2E 30 2E 30 2E 30 01 00
S7F26  /* Formatted Process Program Data */
<L[4]
  <A[5]"SI775"> /* Name = PPID, Keyword = process program ID */
  <A[7]"TrimGap"> /* Name = MDLN, Keyword = equipment model type */
  <A[7]"1.0.0.0"> /* Name = SOFTREV, Keyword = software revision */
  <L[0]
  >
>
.
Program takes      0 seconds to log this message.
2023-05-11 14:44:05.873: Receive Data Message.
00 00 00 13 00 00 87 19 00 00
2023-05-11 14:44:05.873: Receive S7F25(6898991).
00 00 87 19 00 00 00 69 45 2F   41 07 41 75 74 6F 52 75 6E
S7F25 W /* Formatted Process Program Request */
<A[7]"AutoRun"> /* Name = PPID, Keyword = process program ID */
.
Program takes      0 seconds to log this message.
2023-05-11 14:44:05.877: Send Data Message.
00 00 00 29 00 00 07 1A 00 00
2023-05-11 14:44:05.877: Send S7F26(6898991).
00 00 07 1A 00 00 00 69 45 2F   01 04 41 07 41 75 74 6F 52 75
6E 41 07 54 72 69 6D 47 61 70   41 07 31 2E 30 2E 30 2E 30 01
00
S7F26  /* Formatted Process Program Data */
<L[4]
  <A[7]"AutoRun"> /* Name = PPID, Keyword = process program ID */
  <A[7]"TrimGap"> /* Name = MDLN, Keyword = equipment model type */
  <A[7]"1.0.0.0"> /* Name = SOFTREV, Keyword = software revision */
  <L[0]
  >
>
.
Program takes      0 seconds to log this message.
2023-05-11 14:44:12.294: Receive Data Message.
00 00 00 15 00 00 87 19 00 00
2023-05-11 14:44:12.294: Receive S7F25(6898992).
00 00 87 19 00 00 00 69 45 30   41 09 41 75 74 6F 52 75 6E 62
62
S7F25 W /* Formatted Process Program Request */
<A[9]"AutoRunbb"> /* Name = PPID, Keyword = process program ID */
.
Program takes      0 seconds to log this message.
2023-05-11 14:44:12.298: Send Data Message.
00 00 00 0D 00 00 07 1A 00 00
2023-05-11 14:44:12.298: Send S7F26(6898992).
00 00 07 1A 00 00 00 69 45 30   21 01 01
S7F26  /* Formatted Process Program Data */
<B[1] 0x01> /* Name = ACKC7, Keyword = 0:Accepted | 1:Permission_not_granted | 2:length_error | 3:matrix_overflow | 4:PPID_not_found | 5:unsupported_mode | 6:other_error | 7:OverLimit | 8:PPID_too_long | 9:Invalid_finename_character */
.
Program takes      0 seconds to log this message.
2023-05-11 14:45:09.422: Receive Data Message.
00 00 00 17 00 00 87 01 00 00
2023-05-11 14:45:09.422: Receive S7F1(6898993).
00 00 87 01 00 00 00 69 45 31   01 02 41 03 50 50 31 B1 04 00
00 00 15
S7F1 W /* Process Program Load Inquire */
<L[2]
  <A[3]"PP1"> /* Name = PPID, Keyword = process program ID */
  <U4[1] 21> /* Name = LENGTH, Keyword = program length in bytes */
>
.
Program takes      0 seconds to log this message.
2023-05-11 14:45:09.426: Send Data Message.
00 00 00 0D 00 00 07 02 00 00
2023-05-11 14:45:09.426: Send S7F2(6898993).
00 00 07 02 00 00 00 69 45 31   21 01 00
S7F2  /* Process Program Load Grant */
<B[1] 0x00> /* Name = PPGNT, Keyword = 0:ok | 1:already_have | 2:no_space | 3:invalid_PPID | 4:busy | 5:will_not_accept | 6:other_error */
.
Program takes      0 seconds to log this message.
2023-05-11 14:45:14.079: Receive Data Message.
00 00 00 16 00 00 87 01 00 00
2023-05-11 14:45:14.079: Receive S7F1(6898994).
00 00 87 01 00 00 00 69 45 32   01 02 41 02 32 30 B1 04 00 00
00 15
S7F1 W /* Process Program Load Inquire */
<L[2]
  <A[2]"20"> /* Name = PPID, Keyword = process program ID */
  <U4[1] 21> /* Name = LENGTH, Keyword = program length in bytes */
>
.
Program takes      0 seconds to log this message.
2023-05-11 14:45:14.085: Send Data Message.
00 00 00 0D 00 00 07 02 00 00
2023-05-11 14:45:14.085: Send S7F2(6898994).
00 00 07 02 00 00 00 69 45 32   21 01 00
S7F2  /* Process Program Load Grant */
<B[1] 0x00> /* Name = PPGNT, Keyword = 0:ok | 1:already_have | 2:no_space | 3:invalid_PPID | 4:busy | 5:will_not_accept | 6:other_error */
.
Program takes      0 seconds to log this message.
2023-05-11 14:45:19.344: Receive Data Message.
00 00 00 17 00 00 87 01 00 00
2023-05-11 14:45:19.344: Receive S7F1(6898995).
00 00 87 01 00 00 00 69 45 33   01 02 41 03 50 50 31 B1 04 00
00 00 15
S7F1 W /* Process Program Load Inquire */
<L[2]
  <A[3]"PP1"> /* Name = PPID, Keyword = process program ID */
  <U4[1] 21> /* Name = LENGTH, Keyword = program length in bytes */
>
.
Program takes      0 seconds to log this message.
2023-05-11 14:45:19.348: Send Data Message.
00 00 00 0D 00 00 07 02 00 00
2023-05-11 14:45:19.348: Send S7F2(6898995).
00 00 07 02 00 00 00 69 45 33   21 01 00
S7F2  /* Process Program Load Grant */
<B[1] 0x00> /* Name = PPGNT, Keyword = 0:ok | 1:already_have | 2:no_space | 3:invalid_PPID | 4:busy | 5:will_not_accept | 6:other_error */
.
Program takes      0 seconds to log this message.
2023-05-11 14:45:32.019: Receive Data Message.
00 00 00 1F 00 00 87 19 00 00
2023-05-11 14:45:32.019: Receive S7F25(6898996).
00 00 87 19 00 00 00 69 45 34   41 13 41 4F 49 5F 52 65 63 69
70 65 5F 33 35 33 35 5F 33 78   36
S7F25 W /* Formatted Process Program Request */
<A[19]"AOI_Recipe_3535_3x6"> /* Name = PPID, Keyword = process program ID */
.
Program takes      0 seconds to log this message.
2023-05-11 14:45:32.024: Send Data Message.
00 00 00 0D 00 00 07 1A 00 00
2023-05-11 14:45:32.024: Send S7F26(6898996).
00 00 07 1A 00 00 00 69 45 34   21 01 01
S7F26  /* Formatted Process Program Data */
<B[1] 0x01> /* Name = ACKC7, Keyword = 0:Accepted | 1:Permission_not_granted | 2:length_error | 3:matrix_overflow | 4:PPID_not_found | 5:unsupported_mode | 6:other_error | 7:OverLimit | 8:PPID_too_long | 9:Invalid_finename_character */
.
Program takes      0 seconds to log this message.
2023-05-11 14:45:39.303: Receive Data Message.
00 00 00 0A 00 00 87 13 00 00
2023-05-11 14:45:39.303: Receive S7F19(6898997).
00 00 87 13 00 00 00 69 45 35
S7F19 W /* Current Process Program Dir Request */
Program takes      0 seconds to log this message.
2023-05-11 14:45:39.308: Send Data Message.
00 00 00 45 00 00 07 14 00 00
2023-05-11 14:45:39.308: Send S7F20(6898997).
00 00 07 14 00 00 00 69 45 35   01 06 41 07 41 75 74 6F 52 75
6E 41 05 64 73 66 46 64 41 0C   66 66 66 66 66 66 66 66 66 66
66 66 41 09 67 67 67 67 67 67   67 67 67 41 07 6E 6A 69 6B 66
67 64 41 05 53 49 37 37 35
S7F20  /* Current Process Program Data */
<L[6]
  <A[7]"AutoRun"> /* Name = PPID */
  <A[5]"dsfFd"> /* Name = PPID */
  <A[12]"ffffffffffff"> /* Name = PPID */
  <A[9]"ggggggggg"> /* Name = PPID */
  <A[7]"njikfgd"> /* Name = PPID */
  <A[5]"SI775"> /* Name = PPID */
>
.
Program takes      0 seconds to log this message.
2023-05-11 14:45:51.131: Receive Data Message.
00 00 00 1F 00 00 87 19 00 00
2023-05-11 14:45:51.131: Receive S7F25(6898998).
00 00 87 19 00 00 00 69 45 36   41 13 41 4F 49 5F 52 65 63 69
70 65 5F 33 35 33 35 5F 33 78   36
S7F25 W /* Formatted Process Program Request */
<A[19]"AOI_Recipe_3535_3x6"> /* Name = PPID, Keyword = process program ID */
.
Program takes      0 seconds to log this message.
2023-05-11 14:45:51.135: Send Data Message.
00 00 00 0D 00 00 07 1A 00 00
2023-05-11 14:45:51.135: Send S7F26(6898998).
00 00 07 1A 00 00 00 69 45 36   21 01 01
S7F26  /* Formatted Process Program Data */
<B[1] 0x01> /* Name = ACKC7, Keyword = 0:Accepted | 1:Permission_not_granted | 2:length_error | 3:matrix_overflow | 4:PPID_not_found | 5:unsupported_mode | 6:other_error | 7:OverLimit | 8:PPID_too_long | 9:Invalid_finename_character */
.
Program takes      0 seconds to log this message.
2023-05-11 14:46:00.564: Receive Data Message.
00 00 00 18 00 00 87 19 00 00
2023-05-11 14:46:00.564: Receive S7F25(6898999).
00 00 87 19 00 00 00 69 45 37   41 0C 66 66 66 66 66 66 66 66
66 66 66 66
S7F25 W /* Formatted Process Program Request */
<A[12]"ffffffffffff"> /* Name = PPID, Keyword = process program ID */
.
Program takes      0 seconds to log this message.
2023-05-11 14:46:00.568: Send Data Message.
00 00 00 2E 00 00 07 1A 00 00
2023-05-11 14:46:00.568: Send S7F26(6898999).
00 00 07 1A 00 00 00 69 45 37   01 04 41 0C 66 66 66 66 66 66
66 66 66 66 66 66 41 07 54 72   69 6D 47 61 70 41 07 31 2E 30
2E 30 2E 30 01 00
S7F26  /* Formatted Process Program Data */
<L[4]
  <A[12]"ffffffffffff"> /* Name = PPID, Keyword = process program ID */
  <A[7]"TrimGap"> /* Name = MDLN, Keyword = equipment model type */
  <A[7]"1.0.0.0"> /* Name = SOFTREV, Keyword = software revision */
  <L[0]
  >
>
.
Program takes      0 seconds to log this message.
2023-05-11 14:47:04.839: Send Linktest.req.
FF FF 00 00 00 05 00 68 32 A7
2023-05-11 14:47:04.843: Receive Linktest.rsp.
FF FF 00 00 00 06 00 68 32 A7
2023-05-11 14:48:09.907: Send Linktest.req.
FF FF 00 00 00 05 00 68 32 A8
2023-05-11 14:48:09.912: Receive Linktest.rsp.
FF FF 00 00 00 06 00 68 32 A8
2023-05-11 14:49:15.086: Send Linktest.req.
FF FF 00 00 00 05 00 68 32 A9
2023-05-11 14:49:15.090: Receive Linktest.rsp.
FF FF 00 00 00 06 00 68 32 A9
2023-05-11 14:50:20.181: Send Linktest.req.
FF FF 00 00 00 05 00 68 32 AA
2023-05-11 14:50:20.187: Receive Linktest.rsp.
FF FF 00 00 00 06 00 68 32 AA
2023-05-11 14:51:25.511: Send Linktest.req.
FF FF 00 00 00 05 00 68 32 AB
2023-05-11 14:51:25.522: Receive Linktest.rsp.
FF FF 00 00 00 06 00 68 32 AB
2023-05-11 14:52:30.349: Send Linktest.req.
FF FF 00 00 00 05 00 68 32 AC
2023-05-11 14:52:30.352: Receive Linktest.rsp.
FF FF 00 00 00 06 00 68 32 AC
2023-05-11 14:53:34.879: Send Linktest.req.
FF FF 00 00 00 05 00 68 32 AD
2023-05-11 14:53:34.882: Receive Linktest.rsp.
FF FF 00 00 00 06 00 68 32 AD
2023-05-11 14:54:39.673: Send Linktest.req.
FF FF 00 00 00 05 00 68 32 AE
2023-05-11 14:54:39.677: Receive Linktest.rsp.
FF FF 00 00 00 06 00 68 32 AE
2023-05-11 14:55:44.874: Send Linktest.req.
FF FF 00 00 00 05 00 68 32 AF
2023-05-11 14:55:44.878: Receive Linktest.rsp.
FF FF 00 00 00 06 00 68 32 AF
2023-05-11 14:56:50.087: Send Linktest.req.
FF FF 00 00 00 05 00 68 32 B0
2023-05-11 14:56:50.098: Receive Linktest.rsp.
FF FF 00 00 00 06 00 68 32 B0
2023-05-11 14:57:55.415: Send Linktest.req.
FF FF 00 00 00 05 00 68 32 B1
2023-05-11 14:57:55.422: Receive Linktest.rsp.
FF FF 00 00 00 06 00 68 32 B1
2023-05-11 14:58:59.903: Send Linktest.req.
FF FF 00 00 00 05 00 68 32 B2
2023-05-11 14:58:59.907: Receive Linktest.rsp.
FF FF 00 00 00 06 00 68 32 B2
2023-05-11 15:00:04.748: Send Linktest.req.
FF FF 00 00 00 05 00 68 32 B3
2023-05-11 15:00:04.753: Receive Linktest.rsp.
FF FF 00 00 00 06 00 68 32 B3
2023-05-11 15:01:02.232: Receive Data Message.
00 00 00 0A 00 00 87 13 00 00
2023-05-11 15:01:02.232: Receive S7F19(6899000).
00 00 87 13 00 00 00 69 45 38
S7F19 W /* Current Process Program Dir Request */
Program takes      0 seconds to log this message.
2023-05-11 15:01:02.236: Send Data Message.
00 00 00 45 00 00 07 14 00 00
2023-05-11 15:01:02.236: Send S7F20(6899000).
00 00 07 14 00 00 00 69 45 38   01 06 41 07 41 75 74 6F 52 75
6E 41 05 64 73 66 46 64 41 0C   66 66 66 66 66 66 66 66 66 66
66 66 41 09 67 67 67 67 67 67   67 67 67 41 07 6E 6A 69 6B 66
67 64 41 05 53 49 37 37 35
S7F20  /* Current Process Program Data */
<L[6]
  <A[7]"AutoRun"> /* Name = PPID */
  <A[5]"dsfFd"> /* Name = PPID */
  <A[12]"ffffffffffff"> /* Name = PPID */
  <A[9]"ggggggggg"> /* Name = PPID */
  <A[7]"njikfgd"> /* Name = PPID */
  <A[5]"SI775"> /* Name = PPID */
>
.
Program takes      0 seconds to log this message.
2023-05-11 15:01:22.252: Receive Data Message.
00 00 00 13 00 00 87 19 00 00
2023-05-11 15:01:22.252: Receive S7F25(6899001).
00 00 87 19 00 00 00 69 45 39   41 07 41 75 74 6F 52 75 6E
S7F25 W /* Formatted Process Program Request */
<A[7]"AutoRun"> /* Name = PPID, Keyword = process program ID */
.
Program takes      0 seconds to log this message.
2023-05-11 15:01:22.257: Send Data Message.
00 00 00 29 00 00 07 1A 00 00
2023-05-11 15:01:22.257: Send S7F26(6899001).
00 00 07 1A 00 00 00 69 45 39   01 04 41 07 41 75 74 6F 52 75
6E 41 07 54 72 69 6D 47 61 70   41 07 31 2E 30 2E 30 2E 30 01
00
S7F26  /* Formatted Process Program Data */
<L[4]
  <A[7]"AutoRun"> /* Name = PPID, Keyword = process program ID */
  <A[7]"TrimGap"> /* Name = MDLN, Keyword = equipment model type */
  <A[7]"1.0.0.0"> /* Name = SOFTREV, Keyword = software revision */
  <L[0]
  >
>
.
Program takes      0 seconds to log this message.
2023-05-11 15:02:26.677: Send Linktest.req.
FF FF 00 00 00 05 00 68 32 B4
2023-05-11 15:02:26.681: Receive Linktest.rsp.
FF FF 00 00 00 06 00 68 32 B4
2023-05-11 15:03:31.723: Send Linktest.req.
FF FF 00 00 00 05 00 68 32 B5
2023-05-11 15:03:31.732: Receive Linktest.rsp.
FF FF 00 00 00 06 00 68 32 B5
2023-05-11 15:04:36.823: Send Linktest.req.
FF FF 00 00 00 05 00 68 32 B6
2023-05-11 15:04:36.827: Receive Linktest.rsp.
FF FF 00 00 00 06 00 68 32 B6
2023-05-11 15:05:41.748: Send Linktest.req.
FF FF 00 00 00 05 00 68 32 B7
2023-05-11 15:05:41.752: Receive Linktest.rsp.
FF FF 00 00 00 06 00 68 32 B7
2023-05-11 15:06:46.900: Send Linktest.req.
FF FF 00 00 00 05 00 68 32 B8
2023-05-11 15:06:46.906: Receive Linktest.rsp.
FF FF 00 00 00 06 00 68 32 B8
2023-05-11 15:07:52.075: Send Linktest.req.
FF FF 00 00 00 05 00 68 32 B9
2023-05-11 15:07:52.079: Receive Linktest.rsp.
FF FF 00 00 00 06 00 68 32 B9
2023-05-11 15:08:57.173: Send Linktest.req.
FF FF 00 00 00 05 00 68 32 BA
2023-05-11 15:08:57.176: Receive Linktest.rsp.
FF FF 00 00 00 06 00 68 32 BA
2023-05-11 15:09:13.518: Receive Data Message.
00 00 00 17 00 00 87 19 00 00
2023-05-11 15:09:13.518: Receive S7F25(6899002).
00 00 87 19 00 00 00 69 45 3A   41 0B 41 75 74 6F 52 75 6E 2E
70 6A 62
S7F25 W /* Formatted Process Program Request */
<A[11]"AutoRun.pjb"> /* Name = PPID, Keyword = process program ID */
.
Program takes      0 seconds to log this message.
2023-05-11 15:09:13.522: Send Data Message.
00 00 00 0D 00 00 07 1A 00 00
2023-05-11 15:09:13.522: Send S7F26(6899002).
00 00 07 1A 00 00 00 69 45 3A   21 01 01
S7F26  /* Formatted Process Program Data */
<B[1] 0x01> /* Name = ACKC7, Keyword = 0:Accepted | 1:Permission_not_granted | 2:length_error | 3:matrix_overflow | 4:PPID_not_found | 5:unsupported_mode | 6:other_error | 7:OverLimit | 8:PPID_too_long | 9:Invalid_finename_character */
.
Program takes      0 seconds to log this message.
2023-05-11 15:09:22.763: Receive Data Message.
00 00 00 13 00 00 87 19 00 00
2023-05-11 15:09:22.763: Receive S7F25(6899003).
00 00 87 19 00 00 00 69 45 3B   41 07 41 75 74 6F 52 75 6E
S7F25 W /* Formatted Process Program Request */
<A[7]"AutoRun"> /* Name = PPID, Keyword = process program ID */
.
Program takes      0 seconds to log this message.
2023-05-11 15:09:22.768: Send Data Message.
00 00 00 29 00 00 07 1A 00 00
2023-05-11 15:09:22.768: Send S7F26(6899003).
00 00 07 1A 00 00 00 69 45 3B   01 04 41 07 41 75 74 6F 52 75
6E 41 07 54 72 69 6D 47 61 70   41 07 31 2E 30 2E 30 2E 30 01
00
S7F26  /* Formatted Process Program Data */
<L[4]
  <A[7]"AutoRun"> /* Name = PPID, Keyword = process program ID */
  <A[7]"TrimGap"> /* Name = MDLN, Keyword = equipment model type */
  <A[7]"1.0.0.0"> /* Name = SOFTREV, Keyword = software revision */
  <L[0]
  >
>
.
Program takes      0 seconds to log this message.
2023-05-11 15:10:27.585: Send Linktest.req.
FF FF 00 00 00 05 00 68 32 BB
2023-05-11 15:10:27.591: Receive Linktest.rsp.
FF FF 00 00 00 06 00 68 32 BB
2023-05-11 15:11:32.820: Send Linktest.req.
FF FF 00 00 00 05 00 68 32 BC
2023-05-11 15:11:32.824: Receive Linktest.rsp.
FF FF 00 00 00 06 00 68 32 BC
2023-05-11 15:12:38.278: Send Linktest.req.
FF FF 00 00 00 05 00 68 32 BD
2023-05-11 15:12:38.283: Receive Linktest.rsp.
FF FF 00 00 00 06 00 68 32 BD
2023-05-11 15:13:43.503: Send Linktest.req.
FF FF 00 00 00 05 00 68 32 BE
2023-05-11 15:13:43.507: Receive Linktest.rsp.
FF FF 00 00 00 06 00 68 32 BE
2023-05-11 15:14:48.758: Send Linktest.req.
FF FF 00 00 00 05 00 68 32 BF
2023-05-11 15:14:48.761: Receive Linktest.rsp.
FF FF 00 00 00 06 00 68 32 BF
2023-05-11 15:15:53.821: Send Linktest.req.
FF FF 00 00 00 05 00 68 32 C0
2023-05-11 15:15:53.825: Receive Linktest.rsp.
FF FF 00 00 00 06 00 68 32 C0
2023-05-11 15:16:59.068: Send Linktest.req.
FF FF 00 00 00 05 00 68 32 C1
2023-05-11 15:16:59.073: Receive Linktest.rsp.
FF FF 00 00 00 06 00 68 32 C1
2023-05-11 15:18:04.250: Send Linktest.req.
FF FF 00 00 00 05 00 68 32 C2
2023-05-11 15:18:04.263: Receive Linktest.rsp.
FF FF 00 00 00 06 00 68 32 C2
2023-05-11 15:19:09.137: Send Linktest.req.
FF FF 00 00 00 05 00 68 32 C3
2023-05-11 15:19:09.141: Receive Linktest.rsp.
FF FF 00 00 00 06 00 68 32 C3
2023-05-11 15:20:13.975: Send Linktest.req.
FF FF 00 00 00 05 00 68 32 C4
2023-05-11 15:20:13.982: Receive Linktest.rsp.
FF FF 00 00 00 06 00 68 32 C4
2023-05-11 15:21:18.664: Send Linktest.req.
FF FF 00 00 00 05 00 68 32 C5
2023-05-11 15:21:18.668: Receive Linktest.rsp.
FF FF 00 00 00 06 00 68 32 C5
2023-05-11 15:22:07.079: Send Data Message.
00 00 00 0F 00 00 87 19 00 00
2023-05-11 15:22:07.079: Send S7F25(6828742).
00 00 87 19 00 00 00 68 32 C6   41 03 50 50 31
S7F25 W /* Formatted Process Program Request */
<A[3]"PP1">
.
Program takes      0.002 seconds to log this message.
2023-05-11 15:22:07.112: Receive Data Message.
00 00 00 AC 00 00 07 1A 00 00
2023-05-11 15:22:07.112: Receive S7F26(6828742).
00 00 07 1A 00 00 00 68 32 C6   01 04 41 0D 50 50 31 5F 46 6F
72 6D 61 74 74 65 64 41 06 45   71 4D 44 4C 4E 41 06 31 2E 31
2E 30 31 01 03 01 02 A9 02 00   62 01 02 A5 01 01 41 05 54 65
73 74 31 01 02 A9 02 00 01 01   02 A5 01 01 A5 01 02 01 02 A9
02 00 02 01 09 A5 01 00 A9 02   00 01 B1 04 00 00 00 01 65 01
64 69 02 03 E8 71 04 00 0F 42   40 91 04 3D CC CC CD 25 01 00
41 32 41 31 32 33 34 35 36 37   38 39 5F 31 32 33 34 35 36 37
38 39 5F 31 32 33 34 35 36 37   38 39 5F 31 32 33 34 35 36 37
38 39 5F 31 32 33 34 35 36 37   38 39
S7F26  /* Formatted Process Program Data */
<L[4]
  <A[13]"PP1_Formatted">
  <A[6]"EqMDLN">
  <A[6]"1.1.01">
  <L[3]
    <L[2]
      <U2[1] 98>
      <L[2]
        <U1[1] 1>
        <A[5]"Test1">
      >
    >
    <L[2]
      <U2[1] 1>
      <L[2]
        <U1[1] 1>
        <U1[1] 2>
      >
    >
    <L[2]
      <U2[1] 2>
      <L[9]
        <U1[1] 0>
        <U2[1] 1>
        <U4[1] 1>
        <I1[1] 100>
        <I2[1] 1000>
        <I4[1] 1000000>
        <F4[1] 0.1>
        <Boolean[1] 0x0>
        <A[50]"A123456789_123456789_123456789_123456789_123456789">
      >
    >
  >
>
.
Program takes      0 seconds to log this message.
2023-05-11 15:22:29.661: Send Data Message.
00 00 00 0F 00 00 87 05 00 00
2023-05-11 15:22:29.661: Send S7F5(6828743).
00 00 87 05 00 00 00 68 32 C7   41 03 50 50 31
S7F5 W /* Process Program Request */
<A[3]"PP1">
.
Program takes      0.001 seconds to log this message.
2023-05-11 15:22:29.910: Receive Data Message.
00 00 00 24 00 00 07 06 00 00
2023-05-11 15:22:29.910: Receive S7F6(6828743).
00 00 07 06 00 00 00 68 32 C7   01 02 41 03 50 50 31 41 11 54
68 69 73 69 73 61 74 65 73 74   72 65 63 69 70 65
S7F6  /* Process Program Data */
<L[2]
  <A[3]"PP1">
  <A[17]"Thisisatestrecipe">
>
.
Program takes      0 seconds to log this message.
2023-05-11 15:22:32.316: Send Data Message.
00 00 00 0F 00 00 87 19 00 00
2023-05-11 15:22:32.316: Send S7F25(6828744).
00 00 87 19 00 00 00 68 32 C8   41 03 50 50 31
S7F25 W /* Formatted Process Program Request */
<A[3]"PP1">
.
Program takes      0.001 seconds to log this message.
2023-05-11 15:22:32.594: Receive Data Message.
00 00 00 AC 00 00 07 1A 00 00
2023-05-11 15:22:32.594: Receive S7F26(6828744).
00 00 07 1A 00 00 00 68 32 C8   01 04 41 0D 50 50 31 5F 46 6F
72 6D 61 74 74 65 64 41 06 45   71 4D 44 4C 4E 41 06 31 2E 31
2E 30 31 01 03 01 02 A9 02 00   62 01 02 A5 01 01 41 05 54 65
73 74 31 01 02 A9 02 00 01 01   02 A5 01 01 A5 01 02 01 02 A9
02 00 02 01 09 A5 01 00 A9 02   00 01 B1 04 00 00 00 01 65 01
64 69 02 03 E8 71 04 00 0F 42   40 91 04 3D CC CC CD 25 01 00
41 32 41 31 32 33 34 35 36 37   38 39 5F 31 32 33 34 35 36 37
38 39 5F 31 32 33 34 35 36 37   38 39 5F 31 32 33 34 35 36 37
38 39 5F 31 32 33 34 35 36 37   38 39
S7F26  /* Formatted Process Program Data */
<L[4]
  <A[13]"PP1_Formatted">
  <A[6]"EqMDLN">
  <A[6]"1.1.01">
  <L[3]
    <L[2]
      <U2[1] 98>
      <L[2]
        <U1[1] 1>
        <A[5]"Test1">
      >
    >
    <L[2]
      <U2[1] 1>
      <L[2]
        <U1[1] 1>
        <U1[1] 2>
      >
    >
    <L[2]
      <U2[1] 2>
      <L[9]
        <U1[1] 0>
        <U2[1] 1>
        <U4[1] 1>
        <I1[1] 100>
        <I2[1] 1000>
        <I4[1] 1000000>
        <F4[1] 0.1>
        <Boolean[1] 0x0>
        <A[50]"A123456789_123456789_123456789_123456789_123456789">
      >
    >
  >
>
.
Program takes      0 seconds to log this message.
2023-05-11 15:22:44.908: Send Data Message.
00 00 00 13 00 00 87 19 00 00
2023-05-11 15:22:44.908: Send S7F25(6828745).
00 00 87 19 00 00 00 68 32 C9   41 07 41 75 74 6F 52 75 6E
S7F25 W /* Formatted Process Program Request */
<A[7]"AutoRun">
.
Program takes      0.192 seconds to log this message.
2023-05-11 15:22:45.102: Receive Data Message.
00 00 00 AC 00 00 07 1A 00 00
2023-05-11 15:22:45.102: Receive S7F26(6828745).
00 00 07 1A 00 00 00 68 32 C9   01 04 41 0D 50 50 31 5F 46 6F
72 6D 61 74 74 65 64 41 06 45   71 4D 44 4C 4E 41 06 31 2E 31
2E 30 31 01 03 01 02 A9 02 00   62 01 02 A5 01 01 41 05 54 65
73 74 31 01 02 A9 02 00 01 01   02 A5 01 01 A5 01 02 01 02 A9
02 00 02 01 09 A5 01 00 A9 02   00 01 B1 04 00 00 00 01 65 01
64 69 02 03 E8 71 04 00 0F 42   40 91 04 3D CC CC CD 25 01 00
41 32 41 31 32 33 34 35 36 37   38 39 5F 31 32 33 34 35 36 37
38 39 5F 31 32 33 34 35 36 37   38 39 5F 31 32 33 34 35 36 37
38 39 5F 31 32 33 34 35 36 37   38 39
S7F26  /* Formatted Process Program Data */
<L[4]
  <A[13]"PP1_Formatted">
  <A[6]"EqMDLN">
  <A[6]"1.1.01">
  <L[3]
    <L[2]
      <U2[1] 98>
      <L[2]
        <U1[1] 1>
        <A[5]"Test1">
      >
    >
    <L[2]
      <U2[1] 1>
      <L[2]
        <U1[1] 1>
        <U1[1] 2>
      >
    >
    <L[2]
      <U2[1] 2>
      <L[9]
        <U1[1] 0>
        <U2[1] 1>
        <U4[1] 1>
        <I1[1] 100>
        <I2[1] 1000>
        <I4[1] 1000000>
        <F4[1] 0.1>
        <Boolean[1] 0x0>
        <A[50]"A123456789_123456789_123456789_123456789_123456789">
      >
    >
  >
>
.
Program takes      0 seconds to log this message.
2023-05-11 15:22:54.039: Send Data Message.
00 00 00 13 00 00 87 19 00 00
2023-05-11 15:22:54.039: Send S7F25(6828746).
00 00 87 19 00 00 00 68 32 CA   41 07 41 75 74 6F 52 75 6E
S7F25 W /* Formatted Process Program Request */
<A[7]"AutoRun">
.
Program takes      0.003 seconds to log this message.
2023-05-11 15:22:54.291: Receive Data Message.
00 00 00 AC 00 00 07 1A 00 00
2023-05-11 15:22:54.291: Receive S7F26(6828746).
00 00 07 1A 00 00 00 68 32 CA   01 04 41 0D 50 50 31 5F 46 6F
72 6D 61 74 74 65 64 41 06 45   71 4D 44 4C 4E 41 06 31 2E 31
2E 30 31 01 03 01 02 A9 02 00   62 01 02 A5 01 01 41 05 54 65
73 74 31 01 02 A9 02 00 01 01   02 A5 01 01 A5 01 02 01 02 A9
02 00 02 01 09 A5 01 00 A9 02   00 01 B1 04 00 00 00 01 65 01
64 69 02 03 E8 71 04 00 0F 42   40 91 04 3D CC CC CD 25 01 00
41 32 41 31 32 33 34 35 36 37   38 39 5F 31 32 33 34 35 36 37
38 39 5F 31 32 33 34 35 36 37   38 39 5F 31 32 33 34 35 36 37
38 39 5F 31 32 33 34 35 36 37   38 39
S7F26  /* Formatted Process Program Data */
<L[4]
  <A[13]"PP1_Formatted">
  <A[6]"EqMDLN">
  <A[6]"1.1.01">
  <L[3]
    <L[2]
      <U2[1] 98>
      <L[2]
        <U1[1] 1>
        <A[5]"Test1">
      >
    >
    <L[2]
      <U2[1] 1>
      <L[2]
        <U1[1] 1>
        <U1[1] 2>
      >
    >
    <L[2]
      <U2[1] 2>
      <L[9]
        <U1[1] 0>
        <U2[1] 1>
        <U4[1] 1>
        <I1[1] 100>
        <I2[1] 1000>
        <I4[1] 1000000>
        <F4[1] 0.1>
        <Boolean[1] 0x0>
        <A[50]"A123456789_123456789_123456789_123456789_123456789">
      >
    >
  >
>
.
Program takes      0 seconds to log this message.
2023-05-11 15:22:59.894: Send Data Message.
00 00 00 13 00 00 87 05 00 00
2023-05-11 15:22:59.894: Send S7F5(6828747).
00 00 87 05 00 00 00 68 32 CB   41 07 41 75 74 6F 52 75 6E
S7F5 W /* Process Program Request */
<A[7]"AutoRun">
.
Program takes      0.001 seconds to log this message.
2023-05-11 15:23:00.113: Receive Data Message.
00 00 00 24 00 00 07 06 00 00
2023-05-11 15:23:00.113: Receive S7F6(6828747).
00 00 07 06 00 00 00 68 32 CB   01 02 41 03 50 50 31 41 11 54
68 69 73 69 73 61 74 65 73 74   72 65 63 69 70 65
S7F6  /* Process Program Data */
<L[2]
  <A[3]"PP1">
  <A[17]"Thisisatestrecipe">
>
.
Program takes      0 seconds to log this message.
2023-05-11 15:23:49.952: Send Data Message.
00 00 00 13 00 00 87 19 00 00
2023-05-11 15:23:49.952: Send S7F25(6828748).
00 00 87 19 00 00 00 68 32 CC   41 07 41 75 74 6F 52 75 6E
S7F25 W /* Formatted Process Program Request */
<A[7]"AutoRun">
.
Program takes      0.001 seconds to log this message.
2023-05-11 15:23:49.989: Receive Data Message.
00 00 00 AC 00 00 07 1A 00 00
2023-05-11 15:23:49.989: Receive S7F26(6828748).
00 00 07 1A 00 00 00 68 32 CC   01 04 41 0D 50 50 31 5F 46 6F
72 6D 61 74 74 65 64 41 06 45   71 4D 44 4C 4E 41 06 31 2E 31
2E 30 31 01 03 01 02 A9 02 00   62 01 02 A5 01 01 41 05 54 65
73 74 31 01 02 A9 02 00 01 01   02 A5 01 01 A5 01 02 01 02 A9
02 00 02 01 09 A5 01 00 A9 02   00 01 B1 04 00 00 00 01 65 01
64 69 02 03 E8 71 04 00 0F 42   40 91 04 3D CC CC CD 25 01 00
41 32 41 31 32 33 34 35 36 37   38 39 5F 31 32 33 34 35 36 37
38 39 5F 31 32 33 34 35 36 37   38 39 5F 31 32 33 34 35 36 37
38 39 5F 31 32 33 34 35 36 37   38 39
S7F26  /* Formatted Process Program Data */
<L[4]
  <A[13]"PP1_Formatted">
  <A[6]"EqMDLN">
  <A[6]"1.1.01">
  <L[3]
    <L[2]
      <U2[1] 98>
      <L[2]
        <U1[1] 1>
        <A[5]"Test1">
      >
    >
    <L[2]
      <U2[1] 1>
      <L[2]
        <U1[1] 1>
        <U1[1] 2>
      >
    >
    <L[2]
      <U2[1] 2>
      <L[9]
        <U1[1] 0>
        <U2[1] 1>
        <U4[1] 1>
        <I1[1] 100>
        <I2[1] 1000>
        <I4[1] 1000000>
        <F4[1] 0.1>
        <Boolean[1] 0x0>
        <A[50]"A123456789_123456789_123456789_123456789_123456789">
      >
    >
  >
>
.
Program takes      0 seconds to log this message.
2023-05-11 15:24:14.919: Send Data Message.
00 00 00 13 00 00 87 19 00 00
2023-05-11 15:24:14.919: Send S7F25(6828749).
00 00 87 19 00 00 00 68 32 CD   41 07 41 75 74 6F 52 75 6E
S7F25 W /* Formatted Process Program Request */
<A[7]"AutoRun">
.
Program takes      0.002 seconds to log this message.
2023-05-11 15:24:15.667: Receive Data Message.
00 00 00 AC 00 00 07 1A 00 00
2023-05-11 15:24:15.667: Receive S7F26(6828749).
00 00 07 1A 00 00 00 68 32 CD   01 04 41 0D 50 50 31 5F 46 6F
72 6D 61 74 74 65 64 41 06 45   71 4D 44 4C 4E 41 06 31 2E 31
2E 30 31 01 03 01 02 A9 02 00   62 01 02 A5 01 01 41 05 54 65
73 74 31 01 02 A9 02 00 01 01   02 A5 01 01 A5 01 02 01 02 A9
02 00 02 01 09 A5 01 00 A9 02   00 01 B1 04 00 00 00 01 65 01
64 69 02 03 E8 71 04 00 0F 42   40 91 04 3D CC CC CD 25 01 00
41 32 41 31 32 33 34 35 36 37   38 39 5F 31 32 33 34 35 36 37
38 39 5F 31 32 33 34 35 36 37   38 39 5F 31 32 33 34 35 36 37
38 39 5F 31 32 33 34 35 36 37   38 39
S7F26  /* Formatted Process Program Data */
<L[4]
  <A[13]"PP1_Formatted">
  <A[6]"EqMDLN">
  <A[6]"1.1.01">
  <L[3]
    <L[2]
      <U2[1] 98>
      <L[2]
        <U1[1] 1>
        <A[5]"Test1">
      >
    >
    <L[2]
      <U2[1] 1>
      <L[2]
        <U1[1] 1>
        <U1[1] 2>
      >
    >
    <L[2]
      <U2[1] 2>
      <L[9]
        <U1[1] 0>
        <U2[1] 1>
        <U4[1] 1>
        <I1[1] 100>
        <I2[1] 1000>
        <I4[1] 1000000>
        <F4[1] 0.1>
        <Boolean[1] 0x0>
        <A[50]"A123456789_123456789_123456789_123456789_123456789">
      >
    >
  >
>
.
Program takes      0 seconds to log this message.
2023-05-11 15:24:28.154: Send Data Message.
00 00 00 13 00 00 87 19 00 00
2023-05-11 15:24:28.154: Send S7F25(6828750).
00 00 87 19 00 00 00 68 32 CE   41 07 41 75 74 6F 52 75 6E
S7F25 W /* Formatted Process Program Request */
<A[7]"AutoRun">
.
Program takes      0.001 seconds to log this message.
2023-05-11 15:24:28.286: Receive Data Message.
00 00 00 AC 00 00 07 1A 00 00
2023-05-11 15:24:28.286: Receive S7F26(6828750).
00 00 07 1A 00 00 00 68 32 CE   01 04 41 0D 50 50 31 5F 46 6F
72 6D 61 74 74 65 64 41 06 45   71 4D 44 4C 4E 41 06 31 2E 31
2E 30 31 01 03 01 02 A9 02 00   62 01 02 A5 01 01 41 05 54 65
73 74 31 01 02 A9 02 00 01 01   02 A5 01 01 A5 01 02 01 02 A9
02 00 02 01 09 A5 01 00 A9 02   00 01 B1 04 00 00 00 01 65 01
64 69 02 03 E8 71 04 00 0F 42   40 91 04 3D CC CC CD 25 01 00
41 32 41 31 32 33 34 35 36 37   38 39 5F 31 32 33 34 35 36 37
38 39 5F 31 32 33 34 35 36 37   38 39 5F 31 32 33 34 35 36 37
38 39 5F 31 32 33 34 35 36 37   38 39
S7F26  /* Formatted Process Program Data */
<L[4]
  <A[13]"PP1_Formatted">
  <A[6]"EqMDLN">
  <A[6]"1.1.01">
  <L[3]
    <L[2]
      <U2[1] 98>
      <L[2]
        <U1[1] 1>
        <A[5]"Test1">
      >
    >
    <L[2]
      <U2[1] 1>
      <L[2]
        <U1[1] 1>
        <U1[1] 2>
      >
    >
    <L[2]
      <U2[1] 2>
      <L[9]
        <U1[1] 0>
        <U2[1] 1>
        <U4[1] 1>
        <I1[1] 100>
        <I2[1] 1000>
        <I4[1] 1000000>
        <F4[1] 0.1>
        <Boolean[1] 0x0>
        <A[50]"A123456789_123456789_123456789_123456789_123456789">
      >
    >
  >
>
.
Program takes      0 seconds to log this message.
2023-05-11 15:25:32.530: Send Linktest.req.
FF FF 00 00 00 05 00 68 32 CF
2023-05-11 15:25:32.538: Receive Linktest.rsp.
FF FF 00 00 00 06 00 68 32 CF
2023-05-11 15:26:37.553: Send Linktest.req.
FF FF 00 00 00 05 00 68 32 D0
2023-05-11 15:26:37.558: Receive Linktest.rsp.
FF FF 00 00 00 06 00 68 32 D0
2023-05-11 15:27:42.597: Send Linktest.req.
FF FF 00 00 00 05 00 68 32 D1
2023-05-11 15:27:42.601: Receive Linktest.rsp.
FF FF 00 00 00 06 00 68 32 D1
2023-05-11 15:28:47.633: Send Linktest.req.
FF FF 00 00 00 05 00 68 32 D2
2023-05-11 15:28:47.642: Receive Linktest.rsp.
FF FF 00 00 00 06 00 68 32 D2
2023-05-11 15:29:52.678: Send Linktest.req.
FF FF 00 00 00 05 00 68 32 D3
2023-05-11 15:29:52.683: Receive Linktest.rsp.
FF FF 00 00 00 06 00 68 32 D3
2023-05-11 15:30:57.741: Send Linktest.req.
FF FF 00 00 00 05 00 68 32 D4
2023-05-11 15:30:57.747: Receive Linktest.rsp.
FF FF 00 00 00 06 00 68 32 D4
//////////////////////////////////////////////////////////////////////////
2023-05-11 15:48:32.469: CTLT_SECS (HSMS Mode) Ver. 2.3.6 & CTLT_GEM Ver. 2.9.3 Start...Driver: NO_LICENCE
//////////////////////////////////////////////////////////////////////////
2023-05-11 15:52:01.253: CTLT_SECS (HSMS Mode) Ver. 2.3.6 & CTLT_GEM Ver. 2.9.3 Start...Driver: NO_LICENCE
//////////////////////////////////////////////////////////////////////////
2023-05-11 15:59:25.767: CTLT_SECS (HSMS Mode) Ver. 2.3.6 & CTLT_GEM Ver. 2.9.3 Start...Driver: NO_LICENCE
//////////////////////////////////////////////////////////////////////////
2023-05-11 16:55:26.051: CTLT_SECS (HSMS Mode) Ver. 2.3.6 & CTLT_GEM Ver. 2.9.3 Start...Driver: NO_LICENCE
