//////////////////////////////////////////////////////////////////////////
2023-05-29 13:54:32.159: CTLT_SECS (HSMS Mode) Ver. 2.3.6 & CTLT_GEM Ver. 2.9.3 Start...Driver: NO_LICENCE
2023-05-29 14:04:23.136: Receive Select.req.
FF FF 00 00 00 01 01 41 CD 62
2023-05-29 14:04:23.176: Send Select.rsp.
FF FF 00 00 00 02 01 41 CD 62
2023-05-29 14:04:23.404: Send Data Message.
00 00 00 1E 00 00 81 0D 00 00
2023-05-29 14:04:23.404: Send S1F13(920483).
00 00 81 0D 00 00 00 0E 0B A3   01 02 41 07 54 72 69 6D 47 61
70 41 07 31 2E 30 2E 30 2E 30
S1F13 W /* Establish Communications Request */
<L[2]
  <A[7]"TrimGap"> /* Name = MDLN, Keyword = GEM_MDLN (GEM_MDLN) */
  <A[7]"1.0.0.0"> /* Name = SoftRev, Keyword = GEM_SOFTREV (GEM_SOFTREV) */
>
.
Program takes      0.111 seconds to log this message.
2023-05-29 14:04:23.519: Receive Data Message.
00 00 00 11 00 00 01 0E 00 00
2023-05-29 14:04:23.519: Receive S1F14(920483).
00 00 01 0E 00 00 00 0E 0B A3   01 02 21 01 00 01 00
S1F14  /* Establish Communications Request Acknowledge */
<L[2]
  <B[1] 0x00> /* Name = COMMACK */
  <L[0]
  >
>
.
Program takes      0.001 seconds to log this message.
2023-05-29 14:05:12.462: Send Data Message.
00 00 00 5B 00 00 86 0B 00 00
2023-05-29 14:05:12.462: Send S6F11(920484).
00 00 86 0B 00 00 00 0E 0B A4   01 03 B1 04 00 00 00 01 B1 04
00 00 17 70 01 01 01 02 B1 04   00 00 00 63 01 34 A5 01 00 41
00 41 00 41 00 41 00 41 00 41   00 41 00 41 00 41 00 41 00 41
00 41 00 41 00 41 00 41 00 41   00 41 00 41 00 41 00 41 00 41
00 41 00 41 00 41 00 41 00 41   00
S6F11 W /* Event Report Send */
<L[3]
  <U4[1] 1> /* Name = DATAID */
  <U4[1] 6000> /* Name = CEID, Keyword = MeasureResultSend (6000) */
  <L[1]
    <L[2]
      <U4[1] 99> /* Name = RPTID */
      <L[52]
        <U1[1] 0> /* Name = Value, Keyword = PortID (2001) */
        <A[0]""> /* Name = Value, Keyword = CarrierID (2000) */
        <A[0]""> /* Name = Value, Keyword = Slot1_Info (4001) */
        <A[0]""> /* Name = Value, Keyword = Slot2_Info (4002) */
        <A[0]""> /* Name = Value, Keyword = Slot3_Info (4003) */
        <A[0]""> /* Name = Value, Keyword = Slot4_Info (4004) */
        <A[0]""> /* Name = Value, Keyword = Slot5_Info (4005) */
        <A[0]""> /* Name = Value, Keyword = Slot6_Info (4006) */
        <A[0]""> /* Name = Value, Keyword = Slot7_Info (4007) */
        <A[0]""> /* Name = Value, Keyword = Slot8_Info (4008) */
        <A[0]""> /* Name = Value, Keyword = Slot9_Info (4009) */
        <A[0]""> /* Name = Value, Keyword = Slot10_Info (4010) */
        <A[0]""> /* Name = Value, Keyword = Slot11_Info (4011) */
        <A[0]""> /* Name = Value, Keyword = Slot12_Info (4012) */
        <A[0]""> /* Name = Value, Keyword = Slot13_Info (4013) */
        <A[0]""> /* Name = Value, Keyword = Slot14_Info (4014) */
        <A[0]""> /* Name = Value, Keyword = Slot15_Info (4015) */
        <A[0]""> /* Name = Value, Keyword = Slot16_Info (4016) */
        <A[0]""> /* Name = Value, Keyword = Slot17_Info (4017) */
        <A[0]""> /* Name = Value, Keyword = Slot18_Info (4018) */
        <A[0]""> /* Name = Value, Keyword = Slot19_Info (4019) */
        <A[0]""> /* Name = Value, Keyword = Slot20_Info (4020) */
        <A[0]""> /* Name = Value, Keyword = Slot21_Info (4021) */
        <A[0]""> /* Name = Value, Keyword = Slot22_Info (4022) */
        <A[0]""> /* Name = Value, Keyword = Slot23_Info (4023) */
        <A[0]""> /* Name = Value, Keyword = Slot24_Info (4024) */
        <A[0]""> /* Name = Value, Keyword = Slot25_Info (4025) */
      >
    >
  >
>
.
Program takes      0.006 seconds to log this message.
2023-05-29 14:05:12.473: Receive Data Message.
00 00 00 0D 00 00 06 0C 00 00
2023-05-29 14:05:12.473: Receive S6F12(920484).
00 00 06 0C 00 00 00 0E 0B A4   21 01 00
S6F12  /* Event Report Ack */
<B[1] 0x00> /* Name = ACKC6 */
.
Program takes      0 seconds to log this message.
2023-05-29 14:06:17.649: Send Linktest.req.
FF FF 00 00 00 05 00 0E 0B A5
2023-05-29 14:06:17.652: Receive Linktest.rsp.
FF FF 00 00 00 06 00 0E 0B A5
2023-05-29 14:07:23.593: Send Linktest.req.
FF FF 00 00 00 05 00 0E 0B A6
2023-05-29 14:07:23.596: Receive Linktest.rsp.
FF FF 00 00 00 06 00 0E 0B A6
2023-05-29 14:08:29.486: Send Linktest.req.
FF FF 00 00 00 05 00 0E 0B A7
2023-05-29 14:08:29.489: Receive Linktest.rsp.
FF FF 00 00 00 06 00 0E 0B A7
2023-05-29 14:09:35.552: Send Linktest.req.
FF FF 00 00 00 05 00 0E 0B A8
2023-05-29 14:09:35.555: Receive Linktest.rsp.
FF FF 00 00 00 06 00 0E 0B A8
2023-05-29 14:10:41.485: Send Linktest.req.
FF FF 00 00 00 05 00 0E 0B A9
2023-05-29 14:10:41.488: Receive Linktest.rsp.
FF FF 00 00 00 06 00 0E 0B A9
2023-05-29 14:11:47.474: Send Linktest.req.
FF FF 00 00 00 05 00 0E 0B AA
2023-05-29 14:11:47.478: Receive Linktest.rsp.
FF FF 00 00 00 06 00 0E 0B AA
2023-05-29 14:12:53.331: Send Linktest.req.
FF FF 00 00 00 05 00 0E 0B AB
2023-05-29 14:12:53.333: Receive Linktest.rsp.
FF FF 00 00 00 06 00 0E 0B AB
2023-05-29 14:13:59.383: Send Linktest.req.
FF FF 00 00 00 05 00 0E 0B AC
2023-05-29 14:13:59.386: Receive Linktest.rsp.
FF FF 00 00 00 06 00 0E 0B AC
2023-05-29 14:15:04.604: Send Linktest.req.
FF FF 00 00 00 05 00 0E 0B AD
2023-05-29 14:15:04.608: Receive Linktest.rsp.
FF FF 00 00 00 06 00 0E 0B AD
2023-05-29 14:16:10.142: Send Linktest.req.
FF FF 00 00 00 05 00 0E 0B AE
2023-05-29 14:16:10.146: Receive Linktest.rsp.
FF FF 00 00 00 06 00 0E 0B AE
2023-05-29 14:17:15.533: Send Linktest.req.
FF FF 00 00 00 05 00 0E 0B AF
2023-05-29 14:17:15.536: Receive Linktest.rsp.
FF FF 00 00 00 06 00 0E 0B AF
2023-05-29 14:18:20.901: Send Linktest.req.
FF FF 00 00 00 05 00 0E 0B B0
2023-05-29 14:18:20.906: Receive Linktest.rsp.
FF FF 00 00 00 06 00 0E 0B B0
2023-05-29 14:19:26.274: Send Linktest.req.
FF FF 00 00 00 05 00 0E 0B B1
2023-05-29 14:19:26.277: Receive Linktest.rsp.
FF FF 00 00 00 06 00 0E 0B B1
2023-05-29 14:20:31.739: Send Linktest.req.
FF FF 00 00 00 05 00 0E 0B B2
2023-05-29 14:20:31.741: Receive Linktest.rsp.
FF FF 00 00 00 06 00 0E 0B B2
2023-05-29 14:21:37.171: Send Linktest.req.
FF FF 00 00 00 05 00 0E 0B B3
2023-05-29 14:21:37.176: Receive Linktest.rsp.
FF FF 00 00 00 06 00 0E 0B B3
2023-05-29 14:22:42.528: Send Linktest.req.
FF FF 00 00 00 05 00 0E 0B B4
2023-05-29 14:22:42.531: Receive Linktest.rsp.
FF FF 00 00 00 06 00 0E 0B B4
//////////////////////////////////////////////////////////////////////////
2023-05-29 14:29:43.561: CTLT_SECS (HSMS Mode) Ver. 2.3.6 & CTLT_GEM Ver. 2.9.3 Start...Driver: NO_LICENCE
2023-05-29 14:29:44.845: Receive Select.req.
FF FF 00 00 00 01 01 41 CD 62
2023-05-29 14:29:45.042: Send Select.rsp.
FF FF 00 00 00 02 01 41 CD 62
2023-05-29 14:29:51.581: Send Data Message.
00 00 00 1E 00 00 81 0D 00 00
2023-05-29 14:29:51.581: Send S1F13(4984617).
00 00 81 0D 00 00 00 4C 0F 29   01 02 41 07 54 72 69 6D 47 61
70 41 07 31 2E 30 2E 30 2E 30
S1F13 W /* Establish Communications Request */
<L[2]
  <A[7]"TrimGap"> /* Name = MDLN, Keyword = GEM_MDLN (GEM_MDLN) */
  <A[7]"1.0.0.0"> /* Name = SoftRev, Keyword = GEM_SOFTREV (GEM_SOFTREV) */
>
.
Program takes      0.028 seconds to log this message.
2023-05-29 14:29:51.611: Receive Data Message.
00 00 00 11 00 00 01 0E 00 00
2023-05-29 14:29:51.611: Receive S1F14(4984617).
00 00 01 0E 00 00 00 4C 0F 29   01 02 21 01 00 01 00
S1F14  /* Establish Communications Request Acknowledge */
<L[2]
  <B[1] 0x00> /* Name = COMMACK */
  <L[0]
  >
>
.
Program takes      0 seconds to log this message.
2023-05-29 14:30:26.153: Send Data Message.
00 00 00 8D 00 00 86 0B 00 00
2023-05-29 14:30:26.153: Send S6F11(4984618).
00 00 86 0B 00 00 00 4C 0F 2A   01 03 B1 04 00 00 00 01 B1 04
00 00 17 70 01 01 01 02 B1 04   00 00 00 63 01 34 A5 01 00 41
00 41 00 41 00 41 00 41 00 41   00 41 00 41 00 41 00 41 00 41
00 41 00 41 00 41 00 41 00 41   00 41 00 41 00 41 00 41 00 41
00 41 00 41 00 41 00 41 00 41   00 41 00 41 00 41 00 41 00 41
00 41 00 41 00 41 00 41 00 41   00 41 00 41 00 41 00 41 00 41
00 41 00 41 00 41 00 41 00 41   00 41 00 41 00 41 00 41 00 41
00
S6F11 W /* Event Report Send */
<L[3]
  <U4[1] 1> /* Name = DATAID */
  <U4[1] 6000> /* Name = CEID, Keyword = MeasureResultSend (6000) */
  <L[1]
    <L[2]
      <U4[1] 99> /* Name = RPTID */
      <L[52]
        <U1[1] 0> /* Name = Value, Keyword = PortID (2001) */
        <A[0]""> /* Name = Value, Keyword = CarrierID (2000) */
        <A[0]""> /* Name = Value, Keyword = Slot1_Info (4001) */
        <A[0]""> /* Name = Value, Keyword = Slot2_Info (4002) */
        <A[0]""> /* Name = Value, Keyword = Slot3_Info (4003) */
        <A[0]""> /* Name = Value, Keyword = Slot4_Info (4004) */
        <A[0]""> /* Name = Value, Keyword = Slot5_Info (4005) */
        <A[0]""> /* Name = Value, Keyword = Slot6_Info (4006) */
        <A[0]""> /* Name = Value, Keyword = Slot7_Info (4007) */
        <A[0]""> /* Name = Value, Keyword = Slot8_Info (4008) */
        <A[0]""> /* Name = Value, Keyword = Slot9_Info (4009) */
        <A[0]""> /* Name = Value, Keyword = Slot10_Info (4010) */
        <A[0]""> /* Name = Value, Keyword = Slot11_Info (4011) */
        <A[0]""> /* Name = Value, Keyword = Slot12_Info (4012) */
        <A[0]""> /* Name = Value, Keyword = Slot13_Info (4013) */
        <A[0]""> /* Name = Value, Keyword = Slot14_Info (4014) */
        <A[0]""> /* Name = Value, Keyword = Slot15_Info (4015) */
        <A[0]""> /* Name = Value, Keyword = Slot16_Info (4016) */
        <A[0]""> /* Name = Value, Keyword = Slot17_Info (4017) */
        <A[0]""> /* Name = Value, Keyword = Slot18_Info (4018) */
        <A[0]""> /* Name = Value, Keyword = Slot19_Info (4019) */
        <A[0]""> /* Name = Value, Keyword = Slot20_Info (4020) */
        <A[0]""> /* Name = Value, Keyword = Slot21_Info (4021) */
        <A[0]""> /* Name = Value, Keyword = Slot22_Info (4022) */
        <A[0]""> /* Name = Value, Keyword = Slot23_Info (4023) */
        <A[0]""> /* Name = Value, Keyword = Slot24_Info (4024) */
        <A[0]""> /* Name = Value, Keyword = Slot25_Info (4025) */
        <A[0]""> /* Name = Value, Keyword = Slot1_Max (4026) */
        <A[0]""> /* Name = Value, Keyword = Slot2_Max (4027) */
        <A[0]""> /* Name = Value, Keyword = Slot3_Max (4028) */
        <A[0]""> /* Name = Value, Keyword = Slot4_Max (4029) */
        <A[0]""> /* Name = Value, Keyword = Slot5_Max (4030) */
        <A[0]""> /* Name = Value, Keyword = Slot6_Max (4031) */
        <A[0]""> /* Name = Value, Keyword = Slot7_Max (4032) */
        <A[0]""> /* Name = Value, Keyword = Slot8_Max (4033) */
        <A[0]""> /* Name = Value, Keyword = Slot9_Max (4034) */
        <A[0]""> /* Name = Value, Keyword = Slot10_Max (4035) */
        <A[0]""> /* Name = Value, Keyword = Slot11_Max (4036) */
        <A[0]""> /* Name = Value, Keyword = Slot12_Max (4037) */
        <A[0]""> /* Name = Value, Keyword = Slot13_Max (4038) */
        <A[0]""> /* Name = Value, Keyword = Slot14_Max (4039) */
        <A[0]""> /* Name = Value, Keyword = Slot15_Max (4040) */
        <A[0]""> /* Name = Value, Keyword = Slot16_Max (4041) */
        <A[0]""> /* Name = Value, Keyword = Slot17_Max (4042) */
        <A[0]""> /* Name = Value, Keyword = Slot18_Max (4043) */
        <A[0]""> /* Name = Value, Keyword = Slot19_Max (4044) */
        <A[0]""> /* Name = Value, Keyword = Slot20_Max (4045) */
        <A[0]""> /* Name = Value, Keyword = Slot21_Max (4046) */
        <A[0]""> /* Name = Value, Keyword = Slot22_Max (4047) */
        <A[0]""> /* Name = Value, Keyword = Slot23_Max (4048) */
        <A[0]""> /* Name = Value, Keyword = Slot24_Max (4049) */
        <A[0]""> /* Name = Value, Keyword = Slot25_Max (4050) */
      >
    >
  >
>
.
Program takes      0.044 seconds to log this message.
2023-05-29 14:30:26.199: Receive Data Message.
00 00 00 0D 00 00 06 0C 00 00
2023-05-29 14:30:26.199: Receive S6F12(4984618).
00 00 06 0C 00 00 00 4C 0F 2A   21 01 00
S6F12  /* Event Report Ack */
<B[1] 0x00> /* Name = ACKC6 */
.
Program takes      0 seconds to log this message.
2023-05-29 14:31:31.177: Send Linktest.req.
FF FF 00 00 00 05 00 4C 0F 2B
2023-05-29 14:31:31.182: Receive Linktest.rsp.
FF FF 00 00 00 06 00 4C 0F 2B
2023-05-29 14:32:36.206: Send Linktest.req.
FF FF 00 00 00 05 00 4C 0F 2C
2023-05-29 14:32:36.211: Receive Linktest.rsp.
FF FF 00 00 00 06 00 4C 0F 2C
2023-05-29 14:33:04.760: Send Data Message.
00 00 00 8D 00 00 86 0B 00 00
2023-05-29 14:33:04.760: Send S6F11(4984621).
00 00 86 0B 00 00 00 4C 0F 2D   01 03 B1 04 00 00 00 02 B1 04
00 00 17 70 01 01 01 02 B1 04   00 00 00 63 01 34 A5 01 00 41
00 41 00 41 00 41 00 41 00 41   00 41 00 41 00 41 00 41 00 41
00 41 00 41 00 41 00 41 00 41   00 41 00 41 00 41 00 41 00 41
00 41 00 41 00 41 00 41 00 41   00 41 00 41 00 41 00 41 00 41
00 41 00 41 00 41 00 41 00 41   00 41 00 41 00 41 00 41 00 41
00 41 00 41 00 41 00 41 00 41   00 41 00 41 00 41 00 41 00 41
00
S6F11 W /* Event Report Send */
<L[3]
  <U4[1] 2> /* Name = DATAID */
  <U4[1] 6000> /* Name = CEID, Keyword = MeasureResultSend (6000) */
  <L[1]
    <L[2]
      <U4[1] 99> /* Name = RPTID */
      <L[52]
        <U1[1] 0> /* Name = Value, Keyword = PortID (2001) */
        <A[0]""> /* Name = Value, Keyword = CarrierID (2000) */
        <A[0]""> /* Name = Value, Keyword = Slot1_Info (4001) */
        <A[0]""> /* Name = Value, Keyword = Slot2_Info (4002) */
        <A[0]""> /* Name = Value, Keyword = Slot3_Info (4003) */
        <A[0]""> /* Name = Value, Keyword = Slot4_Info (4004) */
        <A[0]""> /* Name = Value, Keyword = Slot5_Info (4005) */
        <A[0]""> /* Name = Value, Keyword = Slot6_Info (4006) */
        <A[0]""> /* Name = Value, Keyword = Slot7_Info (4007) */
        <A[0]""> /* Name = Value, Keyword = Slot8_Info (4008) */
        <A[0]""> /* Name = Value, Keyword = Slot9_Info (4009) */
        <A[0]""> /* Name = Value, Keyword = Slot10_Info (4010) */
        <A[0]""> /* Name = Value, Keyword = Slot11_Info (4011) */
        <A[0]""> /* Name = Value, Keyword = Slot12_Info (4012) */
        <A[0]""> /* Name = Value, Keyword = Slot13_Info (4013) */
        <A[0]""> /* Name = Value, Keyword = Slot14_Info (4014) */
        <A[0]""> /* Name = Value, Keyword = Slot15_Info (4015) */
        <A[0]""> /* Name = Value, Keyword = Slot16_Info (4016) */
        <A[0]""> /* Name = Value, Keyword = Slot17_Info (4017) */
        <A[0]""> /* Name = Value, Keyword = Slot18_Info (4018) */
        <A[0]""> /* Name = Value, Keyword = Slot19_Info (4019) */
        <A[0]""> /* Name = Value, Keyword = Slot20_Info (4020) */
        <A[0]""> /* Name = Value, Keyword = Slot21_Info (4021) */
        <A[0]""> /* Name = Value, Keyword = Slot22_Info (4022) */
        <A[0]""> /* Name = Value, Keyword = Slot23_Info (4023) */
        <A[0]""> /* Name = Value, Keyword = Slot24_Info (4024) */
        <A[0]""> /* Name = Value, Keyword = Slot25_Info (4025) */
        <A[0]""> /* Name = Value, Keyword = Slot1_Max (4026) */
        <A[0]""> /* Name = Value, Keyword = Slot2_Max (4027) */
        <A[0]""> /* Name = Value, Keyword = Slot3_Max (4028) */
        <A[0]""> /* Name = Value, Keyword = Slot4_Max (4029) */
        <A[0]""> /* Name = Value, Keyword = Slot5_Max (4030) */
        <A[0]""> /* Name = Value, Keyword = Slot6_Max (4031) */
        <A[0]""> /* Name = Value, Keyword = Slot7_Max (4032) */
        <A[0]""> /* Name = Value, Keyword = Slot8_Max (4033) */
        <A[0]""> /* Name = Value, Keyword = Slot9_Max (4034) */
        <A[0]""> /* Name = Value, Keyword = Slot10_Max (4035) */
        <A[0]""> /* Name = Value, Keyword = Slot11_Max (4036) */
        <A[0]""> /* Name = Value, Keyword = Slot12_Max (4037) */
        <A[0]""> /* Name = Value, Keyword = Slot13_Max (4038) */
        <A[0]""> /* Name = Value, Keyword = Slot14_Max (4039) */
        <A[0]""> /* Name = Value, Keyword = Slot15_Max (4040) */
        <A[0]""> /* Name = Value, Keyword = Slot16_Max (4041) */
        <A[0]""> /* Name = Value, Keyword = Slot17_Max (4042) */
        <A[0]""> /* Name = Value, Keyword = Slot18_Max (4043) */
        <A[0]""> /* Name = Value, Keyword = Slot19_Max (4044) */
        <A[0]""> /* Name = Value, Keyword = Slot20_Max (4045) */
        <A[0]""> /* Name = Value, Keyword = Slot21_Max (4046) */
        <A[0]""> /* Name = Value, Keyword = Slot22_Max (4047) */
        <A[0]""> /* Name = Value, Keyword = Slot23_Max (4048) */
        <A[0]""> /* Name = Value, Keyword = Slot24_Max (4049) */
        <A[0]""> /* Name = Value, Keyword = Slot25_Max (4050) */
      >
    >
  >
>
.
Program takes      0.067 seconds to log this message.
2023-05-29 14:33:04.829: Receive Data Message.
00 00 00 0D 00 00 06 0C 00 00
2023-05-29 14:33:04.829: Receive S6F12(4984621).
00 00 06 0C 00 00 00 4C 0F 2D   21 01 00
S6F12  /* Event Report Ack */
<B[1] 0x00> /* Name = ACKC6 */
.
Program takes      0 seconds to log this message.
2023-05-29 14:34:10.330: Send Linktest.req.
FF FF 00 00 00 05 00 4C 0F 2E
2023-05-29 14:34:10.333: Receive Linktest.rsp.
FF FF 00 00 00 06 00 4C 0F 2E
2023-05-29 14:35:15.880: Send Linktest.req.
FF FF 00 00 00 05 00 4C 0F 2F
2023-05-29 14:35:15.884: Receive Linktest.rsp.
FF FF 00 00 00 06 00 4C 0F 2F
2023-05-29 14:36:21.495: Send Linktest.req.
FF FF 00 00 00 05 00 4C 0F 30
2023-05-29 14:36:21.498: Receive Linktest.rsp.
FF FF 00 00 00 06 00 4C 0F 30
2023-05-29 14:37:27.141: Send Linktest.req.
FF FF 00 00 00 05 00 4C 0F 31
2023-05-29 14:37:27.145: Receive Linktest.rsp.
FF FF 00 00 00 06 00 4C 0F 31
2023-05-29 14:38:32.795: Send Linktest.req.
FF FF 00 00 00 05 00 4C 0F 32
2023-05-29 14:38:32.798: Receive Linktest.rsp.
FF FF 00 00 00 06 00 4C 0F 32
2023-05-29 14:38:34.845: Receive Data Message.
00 00 00 42 00 00 81 03 00 00
2023-05-29 14:38:34.845: Receive S1F3(7940667).
00 00 81 03 00 00 00 79 2A 3B   01 09 B1 04 00 00 0F A0 B1 04
00 00 0F A1 B1 04 00 00 0F A2   B1 04 00 00 0F A3 B1 04 00 00
0F A4 B1 04 00 00 0F A5 B1 04   00 00 0F A6 B1 04 00 00 0F A7
B1 04 00 00 0F A8
S1F3 W /* Selected Equipment Status Request */
<L[9]
  <U4[1] 4000> /* Name = VID */
  <U4[1] 4001> /* Name = VID, Keyword = Slot1_Info (4001) */
  <U4[1] 4002> /* Name = VID, Keyword = Slot2_Info (4002) */
  <U4[1] 4003> /* Name = VID, Keyword = Slot3_Info (4003) */
  <U4[1] 4004> /* Name = VID, Keyword = Slot4_Info (4004) */
  <U4[1] 4005> /* Name = VID, Keyword = Slot5_Info (4005) */
  <U4[1] 4006> /* Name = VID, Keyword = Slot6_Info (4006) */
  <U4[1] 4007> /* Name = VID, Keyword = Slot7_Info (4007) */
  <U4[1] 4008> /* Name = VID, Keyword = Slot8_Info (4008) */
>
.
Program takes      0 seconds to log this message.
2023-05-29 14:38:34.852: Send Data Message.
00 00 00 1E 00 00 01 04 00 00
2023-05-29 14:38:34.852: Send S1F4(7940667).
00 00 01 04 00 00 00 79 2A 3B   01 09 01 00 41 00 41 00 41 00
41 00 41 00 41 00 41 00 41 00
S1F4  /* Selected Equipment Status Data */
<L[9]
  <L[0]
  >
  <A[0]""> /* Name = VID, Keyword = Slot1_Info (4001) */
  <A[0]""> /* Name = VID, Keyword = Slot2_Info (4002) */
  <A[0]""> /* Name = VID, Keyword = Slot3_Info (4003) */
  <A[0]""> /* Name = VID, Keyword = Slot4_Info (4004) */
  <A[0]""> /* Name = VID, Keyword = Slot5_Info (4005) */
  <A[0]""> /* Name = VID, Keyword = Slot6_Info (4006) */
  <A[0]""> /* Name = VID, Keyword = Slot7_Info (4007) */
  <A[0]""> /* Name = VID, Keyword = Slot8_Info (4008) */
>
.
Program takes      0 seconds to log this message.
2023-05-29 14:39:39.625: Send Linktest.req.
FF FF 00 00 00 05 00 4C 0F 33
2023-05-29 14:39:39.629: Receive Linktest.rsp.
FF FF 00 00 00 06 00 4C 0F 33
2023-05-29 14:40:45.266: Send Linktest.req.
FF FF 00 00 00 05 00 4C 0F 34
2023-05-29 14:40:45.270: Receive Linktest.rsp.
FF FF 00 00 00 06 00 4C 0F 34
2023-05-29 14:41:50.788: Send Linktest.req.
FF FF 00 00 00 05 00 4C 0F 35
2023-05-29 14:41:50.791: Receive Linktest.rsp.
FF FF 00 00 00 06 00 4C 0F 35
2023-05-29 14:42:56.643: Send Linktest.req.
FF FF 00 00 00 05 00 4C 0F 36
2023-05-29 14:42:56.647: Receive Linktest.rsp.
FF FF 00 00 00 06 00 4C 0F 36
2023-05-29 14:44:02.360: Send Linktest.req.
FF FF 00 00 00 05 00 4C 0F 37
2023-05-29 14:44:02.363: Receive Linktest.rsp.
FF FF 00 00 00 06 00 4C 0F 37
2023-05-29 14:45:08.147: Send Linktest.req.
FF FF 00 00 00 05 00 4C 0F 38
2023-05-29 14:45:08.150: Receive Linktest.rsp.
FF FF 00 00 00 06 00 4C 0F 38
2023-05-29 14:46:13.659: Send Linktest.req.
FF FF 00 00 00 05 00 4C 0F 39
2023-05-29 14:46:13.662: Receive Linktest.rsp.
FF FF 00 00 00 06 00 4C 0F 39
2023-05-29 14:47:19.308: Send Linktest.req.
FF FF 00 00 00 05 00 4C 0F 3A
2023-05-29 14:47:19.311: Receive Linktest.rsp.
FF FF 00 00 00 06 00 4C 0F 3A
2023-05-29 14:48:24.923: Send Linktest.req.
FF FF 00 00 00 05 00 4C 0F 3B
2023-05-29 14:48:24.927: Receive Linktest.rsp.
FF FF 00 00 00 06 00 4C 0F 3B
2023-05-29 14:49:30.164: Send Linktest.req.
FF FF 00 00 00 05 00 4C 0F 3C
2023-05-29 14:49:30.167: Receive Linktest.rsp.
FF FF 00 00 00 06 00 4C 0F 3C
2023-05-29 14:50:35.424: Send Linktest.req.
FF FF 00 00 00 05 00 4C 0F 3D
2023-05-29 14:50:35.428: Receive Linktest.rsp.
FF FF 00 00 00 06 00 4C 0F 3D
2023-05-29 14:51:40.822: Send Linktest.req.
FF FF 00 00 00 05 00 4C 0F 3E
2023-05-29 14:51:40.826: Receive Linktest.rsp.
FF FF 00 00 00 06 00 4C 0F 3E
2023-05-29 14:52:46.486: Send Linktest.req.
FF FF 00 00 00 05 00 4C 0F 3F
2023-05-29 14:52:46.491: Receive Linktest.rsp.
FF FF 00 00 00 06 00 4C 0F 3F
2023-05-29 14:53:52.198: Send Linktest.req.
FF FF 00 00 00 05 00 4C 0F 40
2023-05-29 14:53:52.202: Receive Linktest.rsp.
FF FF 00 00 00 06 00 4C 0F 40
2023-05-29 14:54:58.098: Send Linktest.req.
FF FF 00 00 00 05 00 4C 0F 41
2023-05-29 14:54:58.102: Receive Linktest.rsp.
FF FF 00 00 00 06 00 4C 0F 41
2023-05-29 14:56:03.879: Send Linktest.req.
FF FF 00 00 00 05 00 4C 0F 42
2023-05-29 14:56:03.882: Receive Linktest.rsp.
FF FF 00 00 00 06 00 4C 0F 42
2023-05-29 14:57:09.665: Send Linktest.req.
FF FF 00 00 00 05 00 4C 0F 43
2023-05-29 14:57:09.668: Receive Linktest.rsp.
FF FF 00 00 00 06 00 4C 0F 43
2023-05-29 14:58:15.349: Send Linktest.req.
FF FF 00 00 00 05 00 4C 0F 44
2023-05-29 14:58:15.353: Receive Linktest.rsp.
FF FF 00 00 00 06 00 4C 0F 44
2023-05-29 14:59:21.161: Send Linktest.req.
FF FF 00 00 00 05 00 4C 0F 45
2023-05-29 14:59:21.169: Receive Linktest.rsp.
FF FF 00 00 00 06 00 4C 0F 45
//////////////////////////////////////////////////////////////////////////
2023-05-29 15:10:29.629: CTLT_SECS (HSMS Mode) Ver. 2.3.6 & CTLT_GEM Ver. 2.9.3 Start...Driver: NO_LICENCE
2023-05-29 15:11:13.124: Receive Select.req.
FF FF 00 00 00 01 01 41 CD 62
2023-05-29 15:11:13.166: Send Select.rsp.
FF FF 00 00 00 02 01 41 CD 62
2023-05-29 15:11:13.204: Send Data Message.
00 00 00 1E 00 00 81 0D 00 00
2023-05-29 15:11:13.204: Send S1F13(3186193).
00 00 81 0D 00 00 00 30 9E 11   01 02 41 07 54 72 69 6D 47 61
70 41 07 31 2E 30 2E 30 2E 30
S1F13 W /* Establish Communications Request */
<L[2]
  <A[7]"TrimGap"> /* Name = DATAID */
  <A[7]"1.0.0.0"> /* Name = CEID, Keyword = MeasureResultSend (6000) */
>
.
Program takes      0.314 seconds to log this message.
2023-05-29 15:11:13.521: Receive Data Message.
00 00 00 11 00 00 01 0E 00 00
2023-05-29 15:11:13.521: Receive S1F14(3186193).
00 00 01 0E 00 00 00 30 9E 11   01 02 21 01 00 01 00
S1F14  /* Establish Communications Request Acknowledge */
<L[2]
  <B[1] 0x00> /* Name = COMMACK */
  <L[0]
  >
>
.
Program takes      0 seconds to log this message.
2023-05-29 15:11:29.689: Send Data Message.
00 00 00 94 00 00 86 0B 00 00
2023-05-29 15:11:29.689: Send S6F11(3186194).
00 00 86 0B 00 00 00 30 9E 12   01 03 B1 04 00 00 00 02 B1 04
00 00 17 70 01 01 01 02 B1 04   00 00 00 63 01 34 A5 01 00 41
00 41 00 41 00 41 00 41 00 41   00 41 00 41 00 41 00 41 00 41
00 41 00 41 00 41 00 41 00 41   00 41 00 41 00 41 00 41 00 41
00 41 00 41 00 41 00 41 00 41   00 41 00 41 00 41 00 41 00 41
07 31 2C 32 2C 33 2C 34 41 00   41 00 41 00 41 00 41 00 41 00
41 00 41 00 41 00 41 00 41 00   41 00 41 00 41 00 41 00 41 00
41 00 41 00 41 00 41 00
S6F11 W /* Event Report Send */
<L[3]
  <U4[1] 2> /* Name = DATAID */
  <U4[1] 6000> /* Name = CEID, Keyword = MeasureResultSend (6000) */
  <L[1]
    <L[2]
      <U4[1] 99> /* Name = RPTID */
      <L[52]
        <U1[1] 0> /* Name = Value, Keyword = PortID (2001) */
        <A[0]""> /* Name = Value, Keyword = CarrierID (2000) */
        <A[0]""> /* Name = Value, Keyword = Slot1_Info (4001) */
        <A[0]""> /* Name = Value, Keyword = Slot2_Info (4002) */
        <A[0]""> /* Name = Value, Keyword = Slot3_Info (4003) */
        <A[0]""> /* Name = Value, Keyword = Slot4_Info (4004) */
        <A[0]""> /* Name = Value, Keyword = Slot5_Info (4005) */
        <A[0]""> /* Name = Value, Keyword = Slot6_Info (4006) */
        <A[0]""> /* Name = Value, Keyword = Slot7_Info (4007) */
        <A[0]""> /* Name = Value, Keyword = Slot8_Info (4008) */
        <A[0]""> /* Name = Value, Keyword = Slot9_Info (4009) */
        <A[0]""> /* Name = Value, Keyword = Slot10_Info (4010) */
        <A[0]""> /* Name = Value, Keyword = Slot11_Info (4011) */
        <A[0]""> /* Name = Value, Keyword = Slot12_Info (4012) */
        <A[0]""> /* Name = Value, Keyword = Slot13_Info (4013) */
        <A[0]""> /* Name = Value, Keyword = Slot14_Info (4014) */
        <A[0]""> /* Name = Value, Keyword = Slot15_Info (4015) */
        <A[0]""> /* Name = Value, Keyword = Slot16_Info (4016) */
        <A[0]""> /* Name = Value, Keyword = Slot17_Info (4017) */
        <A[0]""> /* Name = Value, Keyword = Slot18_Info (4018) */
        <A[0]""> /* Name = Value, Keyword = Slot19_Info (4019) */
        <A[0]""> /* Name = Value, Keyword = Slot20_Info (4020) */
        <A[0]""> /* Name = Value, Keyword = Slot21_Info (4021) */
        <A[0]""> /* Name = Value, Keyword = Slot22_Info (4022) */
        <A[0]""> /* Name = Value, Keyword = Slot23_Info (4023) */
        <A[0]""> /* Name = Value, Keyword = Slot24_Info (4024) */
        <A[0]""> /* Name = Value, Keyword = Slot25_Info (4025) */
        <A[0]""> /* Name = Value, Keyword = Slot1_Max (4026) */
        <A[0]""> /* Name = Value, Keyword = Slot2_Max (4027) */
        <A[0]""> /* Name = Value, Keyword = Slot3_Max (4028) */
        <A[0]""> /* Name = Value, Keyword = Slot4_Max (4029) */
        <A[7]"1,2,3,4"> /* Name = Value, Keyword = Slot5_Max (4030) */
        <A[0]""> /* Name = Value, Keyword = Slot6_Max (4031) */
        <A[0]""> /* Name = Value, Keyword = Slot7_Max (4032) */
        <A[0]""> /* Name = Value, Keyword = Slot8_Max (4033) */
        <A[0]""> /* Name = Value, Keyword = Slot9_Max (4034) */
        <A[0]""> /* Name = Value, Keyword = Slot10_Max (4035) */
        <A[0]""> /* Name = Value, Keyword = Slot11_Max (4036) */
        <A[0]""> /* Name = Value, Keyword = Slot12_Max (4037) */
        <A[0]""> /* Name = Value, Keyword = Slot13_Max (4038) */
        <A[0]""> /* Name = Value, Keyword = Slot14_Max (4039) */
        <A[0]""> /* Name = Value, Keyword = Slot15_Max (4040) */
        <A[0]""> /* Name = Value, Keyword = Slot16_Max (4041) */
        <A[0]""> /* Name = Value, Keyword = Slot17_Max (4042) */
        <A[0]""> /* Name = Value, Keyword = Slot18_Max (4043) */
        <A[0]""> /* Name = Value, Keyword = Slot19_Max (4044) */
        <A[0]""> /* Name = Value, Keyword = Slot20_Max (4045) */
        <A[0]""> /* Name = Value, Keyword = Slot21_Max (4046) */
        <A[0]""> /* Name = Value, Keyword = Slot22_Max (4047) */
        <A[0]""> /* Name = Value, Keyword = Slot23_Max (4048) */
        <A[0]""> /* Name = Value, Keyword = Slot24_Max (4049) */
        <A[0]""> /* Name = Value, Keyword = Slot25_Max (4050) */
      >
    >
  >
>
.
Program takes      0.407 seconds to log this message.
2023-05-29 15:11:30.099: Receive Data Message.
00 00 00 0D 00 00 06 0C 00 00
2023-05-29 15:11:30.099: Receive S6F12(3186194).
00 00 06 0C 00 00 00 30 9E 12   21 01 00
S6F12  /* Event Report Ack */
<B[1] 0x00> /* Name = ACKC6 */
.
Program takes      0 seconds to log this message.
//////////////////////////////////////////////////////////////////////////
2023-05-29 15:24:08.546: CTLT_SECS (HSMS Mode) Ver. 2.3.6 & CTLT_GEM Ver. 2.9.3 Start...Driver: NO_LICENCE
2023-05-29 15:24:10.766: Receive Select.req.
FF FF 00 00 00 01 01 41 CD 62
2023-05-29 15:24:10.807: Send Select.rsp.
FF FF 00 00 00 02 01 41 CD 62
2023-05-29 15:24:15.473: Send Data Message.
00 00 00 1E 00 00 81 0D 00 00
2023-05-29 15:24:15.473: Send S1F13(1699852).
00 00 81 0D 00 00 00 19 F0 0C   01 02 41 07 54 72 69 6D 47 61
70 41 07 31 2E 30 2E 30 2E 30
S1F13 W /* Establish Communications Request */
<L[2]
  <A[7]"TrimGap"> /* Name = MDLN, Keyword = GEM_MDLN (GEM_MDLN) */
  <A[7]"1.0.0.0"> /* Name = SoftRev, Keyword = GEM_SOFTREV (GEM_SOFTREV) */
>
.
Program takes      0.038 seconds to log this message.
2023-05-29 15:24:15.514: Receive Data Message.
00 00 00 11 00 00 01 0E 00 00
2023-05-29 15:24:15.514: Receive S1F14(1699852).
00 00 01 0E 00 00 00 19 F0 0C   01 02 21 01 00 01 00
S1F14  /* Establish Communications Request Acknowledge */
<L[2]
  <B[1] 0x00> /* Name = COMMACK */
  <L[0]
  >
>
.
Program takes      0 seconds to log this message.
2023-05-29 15:24:32.159: Send Data Message.
00 00 00 94 00 00 86 0B 00 00
2023-05-29 15:24:32.159: Send S6F11(1699853).
00 00 86 0B 00 00 00 19 F0 0D   01 03 B1 04 00 00 00 01 B1 04
00 00 17 70 01 01 01 02 B1 04   00 00 00 63 01 34 A5 01 00 41
00 41 00 41 00 41 00 41 00 41   00 41 00 41 00 41 00 41 00 41
00 41 00 41 00 41 00 41 00 41   00 41 00 41 00 41 00 41 00 41
00 41 00 41 00 41 00 41 00 41   00 41 00 41 00 41 00 41 00 41
07 31 2C 32 2C 33 2C 34 41 00   41 00 41 00 41 00 41 00 41 00
41 00 41 00 41 00 41 00 41 00   41 00 41 00 41 00 41 00 41 00
41 00 41 00 41 00 41 00
S6F11 W /* Event Report Send */
<L[3]
  <U4[1] 1> /* Name = DATAID */
  <U4[1] 6000> /* Name = CEID, Keyword = MeasureResultSend (6000) */
  <L[1]
    <L[2]
      <U4[1] 99> /* Name = RPTID */
      <L[52]
        <U1[1] 0> /* Name = Value, Keyword = PortID (2001) */
        <A[0]""> /* Name = Value, Keyword = CarrierID (2000) */
        <A[0]""> /* Name = Value, Keyword = Slot1_Info (4001) */
        <A[0]""> /* Name = Value, Keyword = Slot2_Info (4002) */
        <A[0]""> /* Name = Value, Keyword = Slot3_Info (4003) */
        <A[0]""> /* Name = Value, Keyword = Slot4_Info (4004) */
        <A[0]""> /* Name = Value, Keyword = Slot5_Info (4005) */
        <A[0]""> /* Name = Value, Keyword = Slot6_Info (4006) */
        <A[0]""> /* Name = Value, Keyword = Slot7_Info (4007) */
        <A[0]""> /* Name = Value, Keyword = Slot8_Info (4008) */
        <A[0]""> /* Name = Value, Keyword = Slot9_Info (4009) */
        <A[0]""> /* Name = Value, Keyword = Slot10_Info (4010) */
        <A[0]""> /* Name = Value, Keyword = Slot11_Info (4011) */
        <A[0]""> /* Name = Value, Keyword = Slot12_Info (4012) */
        <A[0]""> /* Name = Value, Keyword = Slot13_Info (4013) */
        <A[0]""> /* Name = Value, Keyword = Slot14_Info (4014) */
        <A[0]""> /* Name = Value, Keyword = Slot15_Info (4015) */
        <A[0]""> /* Name = Value, Keyword = Slot16_Info (4016) */
        <A[0]""> /* Name = Value, Keyword = Slot17_Info (4017) */
        <A[0]""> /* Name = Value, Keyword = Slot18_Info (4018) */
        <A[0]""> /* Name = Value, Keyword = Slot19_Info (4019) */
        <A[0]""> /* Name = Value, Keyword = Slot20_Info (4020) */
        <A[0]""> /* Name = Value, Keyword = Slot21_Info (4021) */
        <A[0]""> /* Name = Value, Keyword = Slot22_Info (4022) */
        <A[0]""> /* Name = Value, Keyword = Slot23_Info (4023) */
        <A[0]""> /* Name = Value, Keyword = Slot24_Info (4024) */
        <A[0]""> /* Name = Value, Keyword = Slot25_Info (4025) */
        <A[0]""> /* Name = Value, Keyword = Slot1_Max (4026) */
        <A[0]""> /* Name = Value, Keyword = Slot2_Max (4027) */
        <A[0]""> /* Name = Value, Keyword = Slot3_Max (4028) */
        <A[0]""> /* Name = Value, Keyword = Slot4_Max (4029) */
        <A[7]"1,2,3,4"> /* Name = Value, Keyword = Slot5_Max (4030) */
        <A[0]""> /* Name = Value, Keyword = Slot6_Max (4031) */
        <A[0]""> /* Name = Value, Keyword = Slot7_Max (4032) */
        <A[0]""> /* Name = Value, Keyword = Slot8_Max (4033) */
        <A[0]""> /* Name = Value, Keyword = Slot9_Max (4034) */
        <A[0]""> /* Name = Value, Keyword = Slot10_Max (4035) */
        <A[0]""> /* Name = Value, Keyword = Slot11_Max (4036) */
        <A[0]""> /* Name = Value, Keyword = Slot12_Max (4037) */
        <A[0]""> /* Name = Value, Keyword = Slot13_Max (4038) */
        <A[0]""> /* Name = Value, Keyword = Slot14_Max (4039) */
        <A[0]""> /* Name = Value, Keyword = Slot15_Max (4040) */
        <A[0]""> /* Name = Value, Keyword = Slot16_Max (4041) */
        <A[0]""> /* Name = Value, Keyword = Slot17_Max (4042) */
        <A[0]""> /* Name = Value, Keyword = Slot18_Max (4043) */
        <A[0]""> /* Name = Value, Keyword = Slot19_Max (4044) */
        <A[0]""> /* Name = Value, Keyword = Slot20_Max (4045) */
        <A[0]""> /* Name = Value, Keyword = Slot21_Max (4046) */
        <A[0]""> /* Name = Value, Keyword = Slot22_Max (4047) */
        <A[0]""> /* Name = Value, Keyword = Slot23_Max (4048) */
        <A[0]""> /* Name = Value, Keyword = Slot24_Max (4049) */
        <A[0]""> /* Name = Value, Keyword = Slot25_Max (4050) */
      >
    >
  >
>
.
Program takes      0.151 seconds to log this message.
2023-05-29 15:24:32.313: Receive Data Message.
00 00 00 0D 00 00 06 0C 00 00
2023-05-29 15:24:32.313: Receive S6F12(1699853).
00 00 06 0C 00 00 00 19 F0 0D   21 01 00
S6F12  /* Event Report Ack */
<B[1] 0x00> /* Name = ACKC6 */
.
Program takes      0 seconds to log this message.
2023-05-29 15:25:37.337: Send Linktest.req.
FF FF 00 00 00 05 00 19 F0 0E
2023-05-29 15:25:37.341: Receive Linktest.rsp.
FF FF 00 00 00 06 00 19 F0 0E
2023-05-29 15:26:42.772: Send Linktest.req.
FF FF 00 00 00 05 00 19 F0 0F
2023-05-29 15:26:42.782: Receive Linktest.rsp.
FF FF 00 00 00 06 00 19 F0 0F
