//////////////////////////////////////////////////////////////////////////
2023-05-18 09:05:38.291: CTLT_SECS (HSMS Mode) Ver. 2.3.6 & CTLT_GEM Ver. 2.9.3 Start...Driver: NO_LICENCE
//////////////////////////////////////////////////////////////////////////
2023-05-18 09:40:52.021: CTLT_SECS (HSMS Mode) Ver. 2.3.6 & CTLT_GEM Ver. 2.9.3 Start...Driver: NO_LICENCE
2023-05-18 09:40:52.562: Receive Select.req.
FF FF 00 00 00 01 01 41 CD 62
2023-05-18 09:40:52.757: Send Select.rsp.
FF FF 00 00 00 02 01 41 CD 62
2023-05-18 09:40:59.029: Send Data Message.
00 00 00 1E 00 00 81 0D 00 00
2023-05-18 09:40:59.029: Send S1F13(5821688).
00 00 81 0D 00 00 00 58 D4 F8   01 02 41 07 54 72 69 6D 47 61
70 41 07 31 2E 30 2E 30 2E 30
S1F13 W /* Establish Communications Request */
<L[2]
  <A[7]"TrimGap"> /* Name = MDLN, Keyword = GEM_MDLN (GEM_MDLN) */
  <A[7]"1.0.0.0"> /* Name = SoftRev, Keyword = GEM_SOFTREV (GEM_SOFTREV) */
>
.
Program takes      0.046 seconds to log this message.
2023-05-18 09:40:59.078: Receive Data Message.
00 00 00 11 00 00 01 0E 00 00
2023-05-18 09:40:59.078: Receive S1F14(5821688).
00 00 01 0E 00 00 00 58 D4 F8   01 02 21 01 00 01 00
S1F14  /* Establish Communications Request Acknowledge */
<L[2]
  <B[1] 0x00> /* Name = COMMACK */
  <L[0]
  >
>
.
Program takes      0 seconds to log this message.
2023-05-18 09:41:05.025: Receive Data Message.
00 00 00 0A 00 00 87 13 00 00
2023-05-18 09:41:05.025: Receive S7F19(1370659).
00 00 87 13 00 00 00 14 EA 23
S7F19 W /* Current Process Program Dir Request */
Program takes      0 seconds to log this message.
2023-05-18 09:41:05.030: Send Data Message.
00 00 00 7E 00 00 07 14 00 00
2023-05-18 09:41:05.030: Send S7F20(1370659).
00 00 07 14 00 00 00 14 EA 23   01 09 41 13 41 4F 49 5F 52 65
63 69 70 65 5F 33 35 33 35 5F   33 78 36 41 17 41 4F 49 5F 52
65 63 69 70 65 5F 33 35 33 35   5F 33 78 36 5F 74 72 79 41 07
41 75 74 6F 52 75 6E 41 05 64   73 66 46 64 41 0C 66 66 66 66
66 66 66 66 66 66 66 66 41 09   67 67 67 67 67 67 67 67 67 41
09 67 76 64 66 73 66 61 73 64   41 07 6E 6A 69 6B 66 67 64 41
05 53 49 37 37 35
S7F20  /* Current Process Program Data */
<L[9]
  <A[19]"AOI_Recipe_3535_3x6"> /* Name = PPID */
  <A[23]"AOI_Recipe_3535_3x6_try"> /* Name = PPID */
  <A[7]"AutoRun"> /* Name = PPID */
  <A[5]"dsfFd"> /* Name = PPID */
  <A[12]"ffffffffffff"> /* Name = PPID */
  <A[9]"ggggggggg"> /* Name = PPID */
  <A[9]"gvdfsfasd"> /* Name = PPID */
  <A[7]"njikfgd"> /* Name = PPID */
  <A[5]"SI775"> /* Name = PPID */
>
.
Program takes      0 seconds to log this message.
2023-05-18 09:41:35.437: Receive Data Message.
00 00 00 1F 00 00 87 19 00 00
2023-05-18 09:41:35.437: Receive S7F25(1370660).
00 00 87 19 00 00 00 14 EA 24   41 13 41 4F 49 5F 52 65 63 69
70 65 5F 33 35 33 35 5F 33 78   36
S7F25 W /* Formatted Process Program Request */
<A[19]"AOI_Recipe_3535_3x6"> /* Name = PPID, Keyword = process program ID */
.
Program takes      0 seconds to log this message.
2023-05-18 09:41:35.451: Send Data Message.
00 00 00 35 00 00 07 1A 00 00
2023-05-18 09:41:35.451: Send S7F26(1370660).
00 00 07 1A 00 00 00 14 EA 24   01 04 41 13 41 4F 49 5F 52 65
63 69 70 65 5F 33 35 33 35 5F   33 78 36 41 07 54 72 69 6D 47
61 70 41 07 31 2E 30 2E 30 2E   30 01 00
S7F26  /* Formatted Process Program Data */
<L[4]
  <A[19]"AOI_Recipe_3535_3x6"> /* Name = PPID, Keyword = process program ID */
  <A[7]"TrimGap"> /* Name = MDLN, Keyword = equipment model type */
  <A[7]"1.0.0.0"> /* Name = SOFTREV, Keyword = software revision */
  <L[0]
  >
>
.
Program takes      0 seconds to log this message.
2023-05-18 09:41:49.463: Receive Data Message.
00 00 00 23 00 00 87 19 00 00
2023-05-18 09:41:49.463: Receive S7F25(1370661).
00 00 87 19 00 00 00 14 EA 25   41 17 41 4F 49 5F 52 65 63 69
70 65 5F 33 35 33 35 5F 33 78   36 5F 74 72 79
S7F25 W /* Formatted Process Program Request */
<A[23]"AOI_Recipe_3535_3x6_try"> /* Name = PPID, Keyword = process program ID */
.
Program takes      0 seconds to log this message.
2023-05-18 09:41:49.467: Send Data Message.
00 00 00 39 00 00 07 1A 00 00
2023-05-18 09:41:49.467: Send S7F26(1370661).
00 00 07 1A 00 00 00 14 EA 25   01 04 41 17 41 4F 49 5F 52 65
63 69 70 65 5F 33 35 33 35 5F   33 78 36 5F 74 72 79 41 07 54
72 69 6D 47 61 70 41 07 31 2E   30 2E 30 2E 30 01 00
S7F26  /* Formatted Process Program Data */
<L[4]
  <A[23]"AOI_Recipe_3535_3x6_try"> /* Name = PPID, Keyword = process program ID */
  <A[7]"TrimGap"> /* Name = MDLN, Keyword = equipment model type */
  <A[7]"1.0.0.0"> /* Name = SOFTREV, Keyword = software revision */
  <L[0]
  >
>
.
Program takes      0 seconds to log this message.
2023-05-18 09:42:55.071: Send Linktest.req.
FF FF 00 00 00 05 00 58 D4 F9
2023-05-18 09:42:55.074: Receive Linktest.rsp.
FF FF 00 00 00 06 00 58 D4 F9
2023-05-18 09:44:00.981: Send Linktest.req.
FF FF 00 00 00 05 00 58 D4 FA
2023-05-18 09:44:00.983: Receive Linktest.rsp.
FF FF 00 00 00 06 00 58 D4 FA
2023-05-18 09:45:06.967: Send Linktest.req.
FF FF 00 00 00 05 00 58 D4 FB
2023-05-18 09:45:06.970: Receive Linktest.rsp.
FF FF 00 00 00 06 00 58 D4 FB
2023-05-18 09:46:12.915: Send Linktest.req.
FF FF 00 00 00 05 00 58 D4 FC
2023-05-18 09:46:12.918: Receive Linktest.rsp.
FF FF 00 00 00 06 00 58 D4 FC
2023-05-18 09:47:18.919: Send Linktest.req.
FF FF 00 00 00 05 00 58 D4 FD
2023-05-18 09:47:18.922: Receive Linktest.rsp.
FF FF 00 00 00 06 00 58 D4 FD
2023-05-18 09:48:25.063: Send Linktest.req.
FF FF 00 00 00 05 00 58 D4 FE
2023-05-18 09:48:25.066: Receive Linktest.rsp.
FF FF 00 00 00 06 00 58 D4 FE
2023-05-18 09:49:31.086: Send Linktest.req.
FF FF 00 00 00 05 00 58 D4 FF
2023-05-18 09:49:31.089: Receive Linktest.rsp.
FF FF 00 00 00 06 00 58 D4 FF
2023-05-18 09:50:37.435: Send Linktest.req.
FF FF 00 00 00 05 00 58 D5 00
2023-05-18 09:50:37.437: Receive Linktest.rsp.
FF FF 00 00 00 06 00 58 D5 00
2023-05-18 09:51:43.423: Send Linktest.req.
FF FF 00 00 00 05 00 58 D5 01
2023-05-18 09:51:43.426: Receive Linktest.rsp.
FF FF 00 00 00 06 00 58 D5 01
2023-05-18 09:52:49.449: Send Linktest.req.
FF FF 00 00 00 05 00 58 D5 02
2023-05-18 09:52:49.451: Receive Linktest.rsp.
FF FF 00 00 00 06 00 58 D5 02
2023-05-18 09:53:55.599: Send Linktest.req.
FF FF 00 00 00 05 00 58 D5 03
2023-05-18 09:53:55.603: Receive Linktest.rsp.
FF FF 00 00 00 06 00 58 D5 03
2023-05-18 09:55:01.750: Send Linktest.req.
FF FF 00 00 00 05 00 58 D5 04
2023-05-18 09:55:01.752: Receive Linktest.rsp.
FF FF 00 00 00 06 00 58 D5 04
2023-05-18 09:56:07.931: Send Linktest.req.
FF FF 00 00 00 05 00 58 D5 05
2023-05-18 09:56:07.935: Receive Linktest.rsp.
FF FF 00 00 00 06 00 58 D5 05
2023-05-18 09:57:14.246: Send Linktest.req.
FF FF 00 00 00 05 00 58 D5 06
2023-05-18 09:57:14.248: Receive Linktest.rsp.
FF FF 00 00 00 06 00 58 D5 06
2023-05-18 09:58:20.436: Send Linktest.req.
FF FF 00 00 00 05 00 58 D5 07
2023-05-18 09:58:20.439: Receive Linktest.rsp.
FF FF 00 00 00 06 00 58 D5 07
2023-05-18 09:59:26.920: Send Linktest.req.
FF FF 00 00 00 05 00 58 D5 08
2023-05-18 09:59:26.923: Receive Linktest.rsp.
FF FF 00 00 00 06 00 58 D5 08
2023-05-18 10:00:33.111: Send Linktest.req.
FF FF 00 00 00 05 00 58 D5 09
2023-05-18 10:00:33.113: Receive Linktest.rsp.
FF FF 00 00 00 06 00 58 D5 09
2023-05-18 10:01:39.230: Send Linktest.req.
FF FF 00 00 00 05 00 58 D5 0A
2023-05-18 10:01:39.232: Receive Linktest.rsp.
FF FF 00 00 00 06 00 58 D5 0A
2023-05-18 10:02:45.463: Send Linktest.req.
FF FF 00 00 00 05 00 58 D5 0B
2023-05-18 10:02:45.466: Receive Linktest.rsp.
FF FF 00 00 00 06 00 58 D5 0B
2023-05-18 10:03:51.642: Send Linktest.req.
FF FF 00 00 00 05 00 58 D5 0C
2023-05-18 10:03:51.646: Receive Linktest.rsp.
FF FF 00 00 00 06 00 58 D5 0C
2023-05-18 10:04:57.882: Send Linktest.req.
FF FF 00 00 00 05 00 58 D5 0D
2023-05-18 10:04:57.884: Receive Linktest.rsp.
FF FF 00 00 00 06 00 58 D5 0D
2023-05-18 10:06:04.076: Send Linktest.req.
FF FF 00 00 00 05 00 58 D5 0E
2023-05-18 10:06:04.079: Receive Linktest.rsp.
FF FF 00 00 00 06 00 58 D5 0E
2023-05-18 10:07:09.640: Send Linktest.req.
FF FF 00 00 00 05 00 58 D5 0F
2023-05-18 10:07:09.644: Receive Linktest.rsp.
FF FF 00 00 00 06 00 58 D5 0F
2023-05-18 10:08:15.140: Send Linktest.req.
FF FF 00 00 00 05 00 58 D5 10
2023-05-18 10:08:15.143: Receive Linktest.rsp.
FF FF 00 00 00 06 00 58 D5 10
2023-05-18 10:09:20.571: Send Linktest.req.
FF FF 00 00 00 05 00 58 D5 11
2023-05-18 10:09:20.573: Receive Linktest.rsp.
FF FF 00 00 00 06 00 58 D5 11
2023-05-18 10:10:25.476:  Receive Separate.req.
FF FF 00 00 00 09 00 14 EA 26
2023-05-18 10:10:25.476: Remote Client Disconnected!
2023-05-18 10:10:25.822: CTLT_SECS (HSMS Mode) Ver. 2.3.6 & CTLT_GEM Ver. 2.9.3 Start...Driver: NO_LICENCE
//////////////////////////////////////////////////////////////////////////
2023-05-18 10:20:17.133: CTLT_SECS (HSMS Mode) Ver. 2.3.6 & CTLT_GEM Ver. 2.9.3 Start...Driver: NO_LICENCE
//////////////////////////////////////////////////////////////////////////
2023-05-18 10:30:44.536: CTLT_SECS (HSMS Mode) Ver. 2.3.6 & CTLT_GEM Ver. 2.9.3 Start...Driver: NO_LICENCE
//////////////////////////////////////////////////////////////////////////
2023-05-18 11:54:13.583: CTLT_SECS (HSMS Mode) Ver. 2.3.6 & CTLT_GEM Ver. 2.9.3 Start...Driver: NO_LICENCE
//////////////////////////////////////////////////////////////////////////
2023-05-18 13:11:11.735: CTLT_SECS (HSMS Mode) Ver. 2.3.6 & CTLT_GEM Ver. 2.9.3 Start...Driver: NO_LICENCE
//////////////////////////////////////////////////////////////////////////
2023-05-18 13:16:17.815: CTLT_SECS (HSMS Mode) Ver. 2.3.6 & CTLT_GEM Ver. 2.9.3 Start...Driver: NO_LICENCE
//////////////////////////////////////////////////////////////////////////
2023-05-18 13:20:22.414: CTLT_SECS (HSMS Mode) Ver. 2.3.6 & CTLT_GEM Ver. 2.9.3 Start...Driver: NO_LICENCE
//////////////////////////////////////////////////////////////////////////
2023-05-18 13:27:48.667: CTLT_SECS (HSMS Mode) Ver. 2.3.6 & CTLT_GEM Ver. 2.9.3 Start...Driver: NO_LICENCE
//////////////////////////////////////////////////////////////////////////
2023-05-18 13:35:58.665: CTLT_SECS (HSMS Mode) Ver. 2.3.6 & CTLT_GEM Ver. 2.9.3 Start...Driver: NO_LICENCE
//////////////////////////////////////////////////////////////////////////
2023-05-18 13:40:24.974: CTLT_SECS (HSMS Mode) Ver. 2.3.6 & CTLT_GEM Ver. 2.9.3 Start...Driver: NO_LICENCE
//////////////////////////////////////////////////////////////////////////
2023-05-18 13:46:39.286: CTLT_SECS (HSMS Mode) Ver. 2.3.6 & CTLT_GEM Ver. 2.9.3 Start...Driver: NO_LICENCE
//////////////////////////////////////////////////////////////////////////
2023-05-18 13:57:59.350: CTLT_SECS (HSMS Mode) Ver. 2.3.6 & CTLT_GEM Ver. 2.9.3 Start...Driver: NO_LICENCE
//////////////////////////////////////////////////////////////////////////
2023-05-18 14:16:23.858: CTLT_SECS (HSMS Mode) Ver. 2.3.6 & CTLT_GEM Ver. 2.9.3 Start...Driver: NO_LICENCE
2023-05-18 14:17:09.888: Receive Select.req.
FF FF 00 00 00 01 01 41 CD 62
2023-05-18 14:17:10.391: Send Select.rsp.
FF FF 00 00 00 02 01 41 CD 62
2023-05-18 14:17:10.510: Send Data Message.
00 00 00 1E 00 00 81 0D 00 00
2023-05-18 14:17:10.510: Send S1F13(5655346).
00 00 81 0D 00 00 00 56 4B 32   01 02 41 07 54 72 69 6D 47 61
70 41 07 31 2E 30 2E 30 2E 30
S1F13 W /* Establish Communications Request */
<L[2]
  <A[7]"TrimGap"> /* Name = MDLN, Keyword = GEM_MDLN (GEM_MDLN) */
  <A[7]"1.0.0.0"> /* Name = SoftRev, Keyword = GEM_SOFTREV (GEM_SOFTREV) */
>
.
Program takes      0.031 seconds to log this message.
2023-05-18 14:17:10.545: Receive Data Message.
00 00 00 11 00 00 01 0E 00 00
2023-05-18 14:17:10.545: Receive S1F14(5655346).
00 00 01 0E 00 00 00 56 4B 32   01 02 21 01 00 01 00
S1F14  /* Establish Communications Request Acknowledge */
<L[2]
  <B[1] 0x00> /* Name = COMMACK */
  <L[0]
  >
>
.
Program takes      0 seconds to log this message.
//////////////////////////////////////////////////////////////////////////
2023-05-18 14:18:16.153: CTLT_SECS (HSMS Mode) Ver. 2.3.6 & CTLT_GEM Ver. 2.9.3 Start...Driver: NO_LICENCE
2023-05-18 14:18:18.916: Receive Select.req.
FF FF 00 00 00 01 01 41 CD 62
2023-05-18 14:18:18.953: Send Select.rsp.
FF FF 00 00 00 02 01 41 CD 62
2023-05-18 14:18:22.353: Send Data Message.
00 00 00 1E 00 00 81 0D 00 00
2023-05-18 14:18:22.353: Send S1F13(131837).
00 00 81 0D 00 00 00 02 02 FD   01 02 41 07 54 72 69 6D 47 61
70 41 07 31 2E 30 2E 30 2E 30
S1F13 W /* Establish Communications Request */
<L[2]
  <A[7]"TrimGap"> /* Name = MDLN, Keyword = GEM_MDLN (GEM_MDLN) */
  <A[7]"1.0.0.0"> /* Name = SoftRev, Keyword = GEM_SOFTREV (GEM_SOFTREV) */
>
.
Program takes      0.03 seconds to log this message.
2023-05-18 14:18:22.384: Receive Data Message.
00 00 00 11 00 00 01 0E 00 00
2023-05-18 14:18:22.384: Receive S1F14(131837).
00 00 01 0E 00 00 00 02 02 FD   01 02 21 01 00 01 00
S1F14  /* Establish Communications Request Acknowledge */
<L[2]
  <B[1] 0x00> /* Name = COMMACK */
  <L[0]
  >
>
.
Program takes      0 seconds to log this message.
2023-05-18 14:19:28.498: Send Linktest.req.
FF FF 00 00 00 05 00 02 02 FE
2023-05-18 14:19:28.500: Receive Linktest.rsp.
FF FF 00 00 00 06 00 02 02 FE
2023-05-18 14:20:35.981: Send Linktest.req.
FF FF 00 00 00 05 00 02 02 FF
2023-05-18 14:20:35.983: Receive Linktest.rsp.
FF FF 00 00 00 06 00 02 02 FF
//////////////////////////////////////////////////////////////////////////
2023-05-18 14:29:42.601: CTLT_SECS (HSMS Mode) Ver. 2.3.6 & CTLT_GEM Ver. 2.9.3 Start...Driver: NO_LICENCE
2023-05-18 14:29:42.932: Receive Select.req.
FF FF 00 00 00 01 01 41 CD 62
2023-05-18 14:29:42.944: Send Select.rsp.
FF FF 00 00 00 02 01 41 CD 62
2023-05-18 14:29:50.608: Send Data Message.
00 00 00 1E 00 00 81 0D 00 00
2023-05-18 14:29:50.608: Send S1F13(295430).
00 00 81 0D 00 00 00 04 82 06   01 02 41 07 54 72 69 6D 47 61
70 41 07 31 2E 30 2E 30 2E 30
S1F13 W /* Establish Communications Request */
<L[2]
  <A[7]"TrimGap"> /* Name = MDLN, Keyword = GEM_MDLN (GEM_MDLN) */
  <A[7]"1.0.0.0"> /* Name = SoftRev, Keyword = GEM_SOFTREV (GEM_SOFTREV) */
>
.
Program takes      0.149 seconds to log this message.
2023-05-18 14:29:50.758: Receive Data Message.
00 00 00 11 00 00 01 0E 00 00
2023-05-18 14:29:50.758: Receive S1F14(295430).
00 00 01 0E 00 00 00 04 82 06   01 02 21 01 00 01 00
S1F14  /* Establish Communications Request Acknowledge */
<L[2]
  <B[1] 0x00> /* Name = COMMACK */
  <L[0]
  >
>
.
Program takes      0 seconds to log this message.
2023-05-18 14:30:30.501: Receive Data Message.
00 00 00 18 00 00 02 29 00 00
2023-05-18 14:30:30.501: Receive S2F41(0).
00 00 02 29 00 00 00 00 00 00   01 02 41 08 47 4F 2D 4C 4F 43
41 4C 01 00
S2F41  /* Host Command Send */
<L[2]
  <A[8]"GO-LOCAL"> /* Name = RCMD */
  <L[0]
  >
>
.
Program takes      0 seconds to log this message.
2023-05-18 14:30:30.533: Send Data Message.
00 00 00 11 00 00 02 2A 00 00
2023-05-18 14:30:30.533: Send S2F42(0).
00 00 02 2A 00 00 00 00 00 00   01 02 21 01 00 01 00
S2F42  /* Host Command Acknowledge */
<L[2]
  <B[1] 0x00>
  <L[0]
  >
>
.
Program takes      0 seconds to log this message.
2023-05-18 14:30:43.281: Receive Data Message.
00 00 00 19 00 00 02 29 00 00
2023-05-18 14:30:43.281: Receive S2F41(0).
00 00 02 29 00 00 00 00 00 00   01 02 41 09 47 4F 2D 52 45 4D
4F 54 45 01 00
S2F41  /* Host Command Send */
<L[2]
  <A[9]"GO-REMOTE"> /* Name = RCMD */
  <L[0]
  >
>
.
Program takes      0 seconds to log this message.
2023-05-18 14:30:43.285: Send Data Message.
00 00 00 11 00 00 02 2A 00 00
2023-05-18 14:30:43.285: Send S2F42(0).
00 00 02 2A 00 00 00 00 00 00   01 02 21 01 00 01 00
S2F42  /* Host Command Acknowledge */
<L[2]
  <B[1] 0x00>
  <L[0]
  >
>
.
Program takes      0 seconds to log this message.
2023-05-18 14:30:58.341: Receive Data Message.
00 00 00 45 00 00 02 29 00 00
2023-05-18 14:30:58.341: Receive S2F41(0).
00 00 02 29 00 00 00 00 00 00   01 02 41 11 41 43 43 45 53 53
4D 4F 44 45 2D 43 48 41 4E 47   45 01 02 01 02 41 0B 4C 4F 41
44 50 4F 52 54 2D 49 44 41 01   32 01 02 41 0B 41 43 43 45 53
53 2D 4D 4F 44 45 41 01 30
S2F41  /* Host Command Send */
<L[2]
  <A[17]"ACCESSMODE-CHANGE"> /* Name = RCMD */
  <L[2]
    <L[2]
      <A[11]"LOADPORT-ID"> /* Name = CPNAME */
      <A[1]"2"> /* Name = CPVAL */
    >
    <L[2]
      <A[11]"ACCESS-MODE"> /* Name = CPNAME */
      <A[1]"0"> /* Name = CPVAL */
    >
  >
>
.
Program takes      0 seconds to log this message.
2023-05-18 14:30:58.346: Send Data Message.
00 00 00 11 00 00 02 2A 00 00
2023-05-18 14:30:58.346: Send S2F42(0).
00 00 02 2A 00 00 00 00 00 00   01 02 21 01 00 01 00
S2F42  /* Host Command Acknowledge */
<L[2]
  <B[1] 0x00>
  <L[0]
  >
>
.
Program takes      0 seconds to log this message.
2023-05-18 14:31:08.924: Receive Data Message.
00 00 00 45 00 00 02 29 00 00
2023-05-18 14:31:08.924: Receive S2F41(0).
00 00 02 29 00 00 00 00 00 00   01 02 41 11 41 43 43 45 53 53
4D 4F 44 45 2D 43 48 41 4E 47   45 01 02 01 02 41 0B 4C 4F 41
44 50 4F 52 54 2D 49 44 41 01   32 01 02 41 0B 41 43 43 45 53
53 2D 4D 4F 44 45 41 01 31
S2F41  /* Host Command Send */
<L[2]
  <A[17]"ACCESSMODE-CHANGE"> /* Name = RCMD */
  <L[2]
    <L[2]
      <A[11]"LOADPORT-ID"> /* Name = CPNAME */
      <A[1]"2"> /* Name = CPVAL */
    >
    <L[2]
      <A[11]"ACCESS-MODE"> /* Name = CPNAME */
      <A[1]"1"> /* Name = CPVAL */
    >
  >
>
.
Program takes      0 seconds to log this message.
2023-05-18 14:31:08.929: Send Data Message.
00 00 00 11 00 00 02 2A 00 00
2023-05-18 14:31:08.929: Send S2F42(0).
00 00 02 2A 00 00 00 00 00 00   01 02 21 01 00 01 00
S2F42  /* Host Command Acknowledge */
<L[2]
  <B[1] 0x00>
  <L[0]
  >
>
.
Program takes      0 seconds to log this message.
//////////////////////////////////////////////////////////////////////////
2023-05-18 14:35:25.037: CTLT_SECS (HSMS Mode) Ver. 2.3.6 & CTLT_GEM Ver. 2.9.3 Start...Driver: NO_LICENCE
2023-05-18 14:35:25.915: Receive Select.req.
FF FF 00 00 00 01 01 41 CD 62
2023-05-18 14:35:25.967: Send Select.rsp.
FF FF 00 00 00 02 01 41 CD 62
2023-05-18 14:35:32.151: Send Data Message.
00 00 00 1E 00 00 81 0D 00 00
2023-05-18 14:35:32.151: Send S1F13(1805294).
00 00 81 0D 00 00 00 1B 8B EE   01 02 41 07 54 72 69 6D 47 61
70 41 07 31 2E 30 2E 30 2E 30
S1F13 W /* Establish Communications Request */
<L[2]
  <A[7]"TrimGap"> /* Name = MDLN, Keyword = GEM_MDLN (GEM_MDLN) */
  <A[7]"1.0.0.0"> /* Name = SoftRev, Keyword = GEM_SOFTREV (GEM_SOFTREV) */
>
.
Program takes      0.032 seconds to log this message.
2023-05-18 14:35:32.186: Receive Data Message.
00 00 00 11 00 00 01 0E 00 00
2023-05-18 14:35:32.186: Receive S1F14(1805294).
00 00 01 0E 00 00 00 1B 8B EE   01 02 21 01 00 01 00
S1F14  /* Establish Communications Request Acknowledge */
<L[2]
  <B[1] 0x00> /* Name = COMMACK */
  <L[0]
  >
>
.
Program takes      0 seconds to log this message.
2023-05-18 14:36:37.106: Send Linktest.req.
FF FF 00 00 00 05 00 1B 8B EF
2023-05-18 14:36:37.110: Receive Linktest.rsp.
FF FF 00 00 00 06 00 1B 8B EF
//////////////////////////////////////////////////////////////////////////
2023-05-18 14:38:26.769: CTLT_SECS (HSMS Mode) Ver. 2.3.6 & CTLT_GEM Ver. 2.9.3 Start...Driver: NO_LICENCE
2023-05-18 14:38:26.935: Receive Select.req.
FF FF 00 00 00 01 01 41 CD 62
2023-05-18 14:38:26.975: Send Select.rsp.
FF FF 00 00 00 02 01 41 CD 62
2023-05-18 14:38:33.535: Send Data Message.
00 00 00 1E 00 00 81 0D 00 00
2023-05-18 14:38:33.535: Send S1F13(4972047).
00 00 81 0D 00 00 00 4B DE 0F   01 02 41 07 54 72 69 6D 47 61
70 41 07 31 2E 30 2E 30 2E 30
S1F13 W /* Establish Communications Request */
<L[2]
  <A[7]"TrimGap"> /* Name = MDLN, Keyword = GEM_MDLN (GEM_MDLN) */
  <A[7]"1.0.0.0"> /* Name = SoftRev, Keyword = GEM_SOFTREV (GEM_SOFTREV) */
>
.
Program takes      0.06 seconds to log this message.
2023-05-18 14:38:33.598: Receive Data Message.
00 00 00 11 00 00 01 0E 00 00
2023-05-18 14:38:33.598: Receive S1F14(4972047).
00 00 01 0E 00 00 00 4B DE 0F   01 02 21 01 00 01 00
S1F14  /* Establish Communications Request Acknowledge */
<L[2]
  <B[1] 0x00> /* Name = COMMACK */
  <L[0]
  >
>
.
Program takes      0 seconds to log this message.
//////////////////////////////////////////////////////////////////////////
2023-05-18 14:40:47.307: CTLT_SECS (HSMS Mode) Ver. 2.3.6 & CTLT_GEM Ver. 2.9.3 Start...Driver: NO_LICENCE
2023-05-18 14:40:49.916: Receive Select.req.
FF FF 00 00 00 01 01 41 CD 62
2023-05-18 14:40:49.931: Send Select.rsp.
FF FF 00 00 00 02 01 41 CD 62
2023-05-18 14:40:54.199: Send Data Message.
00 00 00 1E 00 00 81 0D 00 00
2023-05-18 14:40:54.199: Send S1F13(9506840).
00 00 81 0D 00 00 00 91 10 18   01 02 41 07 54 72 69 6D 47 61
70 41 07 31 2E 30 2E 30 2E 30
S1F13 W /* Establish Communications Request */
<L[2]
  <A[7]"TrimGap"> /* Name = MDLN, Keyword = GEM_MDLN (GEM_MDLN) */
  <A[7]"1.0.0.0"> /* Name = SoftRev, Keyword = GEM_SOFTREV (GEM_SOFTREV) */
>
.
Program takes      0.244 seconds to log this message.
2023-05-18 14:40:54.447: Receive Data Message.
00 00 00 11 00 00 01 0E 00 00
2023-05-18 14:40:54.447: Receive S1F14(9506840).
00 00 01 0E 00 00 00 91 10 18   01 02 21 01 00 01 00
S1F14  /* Establish Communications Request Acknowledge */
<L[2]
  <B[1] 0x00> /* Name = COMMACK */
  <L[0]
  >
>
.
Program takes      0 seconds to log this message.
//////////////////////////////////////////////////////////////////////////
2023-05-18 16:29:30.544: CTLT_SECS (HSMS Mode) Ver. 2.3.6 & CTLT_GEM Ver. 2.9.3 Start...Driver: NO_LICENCE
2023-05-18 16:30:31.498: Receive Select.req.
FF FF 00 00 00 01 01 41 CD 62
2023-05-18 16:30:31.791: Send Select.rsp.
FF FF 00 00 00 02 01 41 CD 62
2023-05-18 16:30:31.905: Send Data Message.
00 00 00 1E 00 00 81 0D 00 00
2023-05-18 16:30:31.905: Send S1F13(8814682).
00 00 81 0D 00 00 00 86 80 5A   01 02 41 07 54 72 69 6D 47 61
70 41 07 31 2E 30 2E 30 2E 30
S1F13 W /* Establish Communications Request */
<L[2]
  <A[7]"TrimGap"> /* Name = MDLN, Keyword = GEM_MDLN (GEM_MDLN) */
  <A[7]"1.0.0.0"> /* Name = SoftRev, Keyword = GEM_SOFTREV (GEM_SOFTREV) */
>
.
Program takes      0.116 seconds to log this message.
2023-05-18 16:30:32.025: Receive Data Message.
00 00 00 11 00 00 01 0E 00 00
2023-05-18 16:30:32.025: Receive S1F14(8814682).
00 00 01 0E 00 00 00 86 80 5A   01 02 21 01 00 01 00
S1F14  /* Establish Communications Request Acknowledge */
<L[2]
  <B[1] 0x00> /* Name = COMMACK */
  <L[0]
  >
>
.
Program takes      0 seconds to log this message.
2023-05-18 16:30:50.231: Receive Data Message.
00 00 00 45 00 00 02 29 00 00
2023-05-18 16:30:50.231: Receive S2F41(0).
00 00 02 29 00 00 00 00 00 00   01 02 41 11 41 43 43 45 53 53
4D 4F 44 45 2D 43 48 41 4E 47   45 01 02 01 02 41 0B 4C 4F 41
44 50 4F 52 54 2D 49 44 41 01   31 01 02 41 0B 41 43 43 45 53
53 2D 4D 4F 44 45 41 01 30
S2F41  /* Host Command Send */
<L[2]
  <A[17]"ACCESSMODE-CHANGE"> /* Name = RCMD */
  <L[2]
    <L[2]
      <A[11]"LOADPORT-ID"> /* Name = CPNAME */
      <A[1]"1"> /* Name = CPVAL */
    >
    <L[2]
      <A[11]"ACCESS-MODE"> /* Name = CPNAME */
      <A[1]"0"> /* Name = CPVAL */
    >
  >
>
.
Program takes      0 seconds to log this message.
2023-05-18 16:30:50.258: Send Data Message.
00 00 00 11 00 00 02 2A 00 00
2023-05-18 16:30:50.258: Send S2F42(0).
00 00 02 2A 00 00 00 00 00 00   01 02 21 01 00 01 00
S2F42  /* Host Command Acknowledge */
<L[2]
  <B[1] 0x00>
  <L[0]
  >
>
.
Program takes      0 seconds to log this message.
2023-05-18 16:31:00.221: Receive Data Message.
00 00 00 45 00 00 02 29 00 00
2023-05-18 16:31:00.221: Receive S2F41(0).
00 00 02 29 00 00 00 00 00 00   01 02 41 11 41 43 43 45 53 53
4D 4F 44 45 2D 43 48 41 4E 47   45 01 02 01 02 41 0B 4C 4F 41
44 50 4F 52 54 2D 49 44 41 01   31 01 02 41 0B 41 43 43 45 53
53 2D 4D 4F 44 45 41 01 30
S2F41  /* Host Command Send */
<L[2]
  <A[17]"ACCESSMODE-CHANGE"> /* Name = RCMD */
  <L[2]
    <L[2]
      <A[11]"LOADPORT-ID"> /* Name = CPNAME */
      <A[1]"1"> /* Name = CPVAL */
    >
    <L[2]
      <A[11]"ACCESS-MODE"> /* Name = CPNAME */
      <A[1]"0"> /* Name = CPVAL */
    >
  >
>
.
Program takes      0 seconds to log this message.
2023-05-18 16:31:00.226: Send Data Message.
00 00 00 11 00 00 02 2A 00 00
2023-05-18 16:31:00.226: Send S2F42(0).
00 00 02 2A 00 00 00 00 00 00   01 02 21 01 00 01 00
S2F42  /* Host Command Acknowledge */
<L[2]
  <B[1] 0x00>
  <L[0]
  >
>
.
Program takes      0 seconds to log this message.
2023-05-18 16:31:08.846: Receive Data Message.
00 00 00 45 00 00 02 29 00 00
2023-05-18 16:31:08.846: Receive S2F41(0).
00 00 02 29 00 00 00 00 00 00   01 02 41 11 41 43 43 45 53 53
4D 4F 44 45 2D 43 48 41 4E 47   45 01 02 01 02 41 0B 4C 4F 41
44 50 4F 52 54 2D 49 44 41 01   31 01 02 41 0B 41 43 43 45 53
53 2D 4D 4F 44 45 41 01 31
S2F41  /* Host Command Send */
<L[2]
  <A[17]"ACCESSMODE-CHANGE"> /* Name = RCMD */
  <L[2]
    <L[2]
      <A[11]"LOADPORT-ID"> /* Name = CPNAME */
      <A[1]"1"> /* Name = CPVAL */
    >
    <L[2]
      <A[11]"ACCESS-MODE"> /* Name = CPNAME */
      <A[1]"1"> /* Name = CPVAL */
    >
  >
>
.
Program takes      0 seconds to log this message.
2023-05-18 16:31:08.852: Send Data Message.
00 00 00 11 00 00 02 2A 00 00
2023-05-18 16:31:08.852: Send S2F42(0).
00 00 02 2A 00 00 00 00 00 00   01 02 21 01 00 01 00
S2F42  /* Host Command Acknowledge */
<L[2]
  <B[1] 0x00>
  <L[0]
  >
>
.
Program takes      0 seconds to log this message.
2023-05-18 16:31:16.009: Receive Data Message.
00 00 00 45 00 00 02 29 00 00
2023-05-18 16:31:16.009: Receive S2F41(0).
00 00 02 29 00 00 00 00 00 00   01 02 41 11 41 43 43 45 53 53
4D 4F 44 45 2D 43 48 41 4E 47   45 01 02 01 02 41 0B 4C 4F 41
44 50 4F 52 54 2D 49 44 41 01   31 01 02 41 0B 41 43 43 45 53
53 2D 4D 4F 44 45 41 01 31
S2F41  /* Host Command Send */
<L[2]
  <A[17]"ACCESSMODE-CHANGE"> /* Name = RCMD */
  <L[2]
    <L[2]
      <A[11]"LOADPORT-ID"> /* Name = CPNAME */
      <A[1]"1"> /* Name = CPVAL */
    >
    <L[2]
      <A[11]"ACCESS-MODE"> /* Name = CPNAME */
      <A[1]"1"> /* Name = CPVAL */
    >
  >
>
.
Program takes      0 seconds to log this message.
2023-05-18 16:31:16.012: Send Data Message.
00 00 00 11 00 00 02 2A 00 00
2023-05-18 16:31:16.012: Send S2F42(0).
00 00 02 2A 00 00 00 00 00 00   01 02 21 01 00 01 00
S2F42  /* Host Command Acknowledge */
<L[2]
  <B[1] 0x00>
  <L[0]
  >
>
.
Program takes      0 seconds to log this message.
2023-05-18 16:31:30.859: Receive Data Message.
00 00 00 45 00 00 02 29 00 00
2023-05-18 16:31:30.859: Receive S2F41(0).
00 00 02 29 00 00 00 00 00 00   01 02 41 11 41 43 43 45 53 53
4D 4F 44 45 2D 43 48 41 4E 47   45 01 02 01 02 41 0B 4C 4F 41
44 50 4F 52 54 2D 49 44 41 01   31 01 02 41 0B 41 43 43 45 53
53 2D 4D 4F 44 45 41 01 31
S2F41  /* Host Command Send */
<L[2]
  <A[17]"ACCESSMODE-CHANGE"> /* Name = RCMD */
  <L[2]
    <L[2]
      <A[11]"LOADPORT-ID"> /* Name = CPNAME */
      <A[1]"1"> /* Name = CPVAL */
    >
    <L[2]
      <A[11]"ACCESS-MODE"> /* Name = CPNAME */
      <A[1]"1"> /* Name = CPVAL */
    >
  >
>
.
Program takes      0 seconds to log this message.
2023-05-18 16:31:30.866: Send Data Message.
00 00 00 11 00 00 02 2A 00 00
2023-05-18 16:31:30.866: Send S2F42(0).
00 00 02 2A 00 00 00 00 00 00   01 02 21 01 00 01 00
S2F42  /* Host Command Acknowledge */
<L[2]
  <B[1] 0x00>
  <L[0]
  >
>
.
Program takes      0 seconds to log this message.
//////////////////////////////////////////////////////////////////////////
2023-05-18 17:21:56.956: CTLT_SECS (HSMS Mode) Ver. 2.3.6 & CTLT_GEM Ver. 2.9.3 Start...Driver: NO_LICENCE
