//////////////////////////////////////////////////////////////////////////
2023-10-26 10:00:29.380: CTLT_SECS (HSMS Mode) Ver. 2.3.6 & CTLT_GEM Ver. 2.9.3 Start...Driver: NO_LICENCE
2023-10-26 10:00:52.343: Receive Select.req.
FF FF 00 00 00 01 01 41 CD 62
2023-10-26 10:00:53.448: Send Select.rsp.
FF FF 00 00 00 02 01 41 CD 62
2023-10-26 10:00:53.474: Send Data Message.
00 00 00 1E 00 00 81 0D 00 00
2023-10-26 10:00:53.474: Send S1F13(467591).
00 00 81 0D 00 00 00 07 22 87   01 02 41 07 54 72 69 6D 47 61
70 41 07 31 2E 30 2E 30 2E 30
S1F13 W /* Establish Communications Request */
<L[2]
  <A[7]"TrimGap"> /* Name = MDLN, Keyword = GEM_MDLN (GEM_MDLN) */
  <A[7]"1.0.0.0"> /* Name = SoftRev, Keyword = GEM_SOFTREV (GEM_SOFTREV) */
>
.
Program takes      0.027 seconds to log this message.
2023-10-26 10:00:53.503: Receive Data Message.
00 00 00 11 00 00 01 0E 00 00
2023-10-26 10:00:53.503: Receive S1F14(467591).
00 00 01 0E 00 00 00 07 22 87   01 02 21 01 00 01 00
S1F14  /* Establish Communications Request Acknowledge */
<L[2]
  <B[1] 0x00> /* Name = COMMACK */
  <L[0]
  >
>
.
Program takes      0.001 seconds to log this message.
2023-10-26 10:01:59.271: Send Linktest.req.
FF FF 00 00 00 05 00 07 22 88
2023-10-26 10:01:59.271: Receive Linktest.rsp.
FF FF 00 00 00 06 00 07 22 88
2023-10-26 10:03:05.307: Send Linktest.req.
FF FF 00 00 00 05 00 07 22 89
2023-10-26 10:03:05.307: Receive Linktest.rsp.
FF FF 00 00 00 06 00 07 22 89
2023-10-26 10:04:11.102: Send Linktest.req.
FF FF 00 00 00 05 00 07 22 8A
2023-10-26 10:04:11.102: Receive Linktest.rsp.
FF FF 00 00 00 06 00 07 22 8A
2023-10-26 10:04:26.695: Receive Data Message.
00 00 00 10 00 00 87 19 00 00
2023-10-26 10:04:26.695: Receive S7F25(9816591).
00 00 87 19 00 00 00 95 CA 0F   41 04 74 65 73 74
S7F25 W /* Formatted Process Program Request */
<A[4]"test"> /* Name = PPID, Keyword = process program ID */
.
Program takes      0 seconds to log this message.
2023-10-26 10:04:26.715: Send Data Message.
00 00 01 00 00 00 07 1A 00 00
2023-10-26 10:04:26.715: Send S7F26(9816591).
00 00 07 1A 00 00 00 95 CA 0F   01 04 41 04 74 65 73 74 41 07
54 72 69 6D 47 61 70 41 07 31   2E 30 2E 30 2E 30 01 01 01 02
A9 02 00 02 01 32 A5 01 08 A5   01 01 A5 01 01 A5 01 00 A5 01
01 A5 01 01 A5 01 01 A5 01 01   A5 01 01 A5 01 01 A5 01 01 A5
01 01 A5 01 01 A5 01 01 A5 01   01 A5 01 01 A5 01 01 A5 01 01
A5 01 01 A5 01 01 A5 01 01 A5   01 01 A5 01 01 A5 01 01 A5 01
01 A5 01 01 A5 01 01 A5 01 01   A5 01 01 A9 02 00 01 A9 02 00
2D A9 02 00 5A A9 02 00 87 A9   02 00 B4 A9 02 00 E1 A9 02 01
0E A9 02 01 3B 41 17 32 30 32   33 2F 33 2F 32 30 20 A4 55 A4
C8 20 30 31 3A 32 31 3A 34 31   41 18 32 30 32 33 2F 31 30 2F
32 36 20 A4 57 A4 C8 20 31 30   3A 30 32 3A 31 33 A5 01 03 A5
01 00 A9 02 00 11 A9 02 00 01   A9 02 0F A0 A9 02 08 FC A9 02
0B 54 A9 02 07 08 A9 02 07 D0   A5 01 05 A5 01 0F
S7F26  /* Formatted Process Program Data */
<L[4]
  <A[4]"test"> /* Name = PPID, Keyword = process program ID */
  <A[7]"TrimGap"> /* Name = MDLN, Keyword = equipment model type */
  <A[7]"1.0.0.0"> /* Name = SOFTREV, Keyword = software revision */
  <L[1]
    <L[2]
      <U2[1] 2> /* Name = CCODE, Keyword = process operation command code */
      <L[50]
        <U1[1] 8> /* Name = fram.Recipe.Rotate_Count, Keyword = PPARM 1 def */
        <U1[1] 1> /* Name = fram.Recipe.Type, Keyword = PPARM 1 def */
        <U1[1] 1> /* Name = fram.Recipe.RepeatTimes, Keyword = PPARM 1 def */
        <U1[1] 0> /* Name = fram.Recipe.RepeatTimes_now, Keyword = PPARM 1 def */
        <U1[1] 1> /* Name = fram.Recipe.Slot1, Keyword = PPARM 1 def */
        <U1[1] 1> /* Name = fram.Recipe.Slot2, Keyword = PPARM 1 def */
        <U1[1] 1> /* Name = fram.Recipe.Slot3, Keyword = PPARM 1 def */
        <U1[1] 1> /* Name = fram.Recipe.Slot4, Keyword = PPARM 1 def */
        <U1[1] 1> /* Name = fram.Recipe.Slot5, Keyword = PPARM 1 def */
        <U1[1] 1> /* Name = fram.Recipe.Slot6, Keyword = PPARM 1 def */
        <U1[1] 1> /* Name = fram.Recipe.Slot7, Keyword = PPARM 1 def */
        <U1[1] 1> /* Name = fram.Recipe.Slot8, Keyword = PPARM 1 def */
        <U1[1] 1> /* Name = fram.Recipe.Slot9, Keyword = PPARM 1 def */
        <U1[1] 1> /* Name = fram.Recipe.Slot10, Keyword = PPARM 1 def */
        <U1[1] 1> /* Name = fram.Recipe.Slot11, Keyword = PPARM 1 def */
        <U1[1] 1> /* Name = fram.Recipe.Slot12, Keyword = PPARM 1 def */
        <U1[1] 1> /* Name = fram.Recipe.Slot13, Keyword = PPARM 1 def */
        <U1[1] 1> /* Name = fram.Recipe.Slot14, Keyword = PPARM 1 def */
        <U1[1] 1> /* Name = fram.Recipe.Slot15, Keyword = PPARM 1 def */
        <U1[1] 1> /* Name = fram.Recipe.Slot16, Keyword = PPARM 1 def */
        <U1[1] 1> /* Name = fram.Recipe.Slot17, Keyword = PPARM 1 def */
        <U1[1] 1> /* Name = fram.Recipe.Slot18, Keyword = PPARM 1 def */
        <U1[1] 1> /* Name = fram.Recipe.Slot19, Keyword = PPARM 1 def */
        <U1[1] 1> /* Name = fram.Recipe.Slot20, Keyword = PPARM 1 def */
        <U1[1] 1> /* Name = fram.Recipe.Slot21, Keyword = PPARM 1 def */
        <U1[1] 1> /* Name = fram.Recipe.Slot22, Keyword = PPARM 1 def */
        <U1[1] 1> /* Name = fram.Recipe.Slot23, Keyword = PPARM 1 def */
        <U1[1] 1> /* Name = fram.Recipe.Slot24, Keyword = PPARM 1 def */
        <U1[1] 1> /* Name = fram.Recipe.Slot25, Keyword = PPARM 1 def */
        <U2[1] 1> /* Name = fram.Recipe.Angle1, Keyword = PPARM 2 def */
        <U2[1] 45> /* Name = fram.Recipe.Angle2, Keyword = PPARM 2 def */
        <U2[1] 90> /* Name = fram.Recipe.Angle3, Keyword = PPARM 2 def */
        <U2[1] 135> /* Name = fram.Recipe.Angle4, Keyword = PPARM 2 def */
        <U2[1] 180> /* Name = fram.Recipe.Angle5, Keyword = PPARM 2 def */
        <U2[1] 225> /* Name = fram.Recipe.Angle6, Keyword = PPARM 2 def */
        <U2[1] 270> /* Name = fram.Recipe.Angle7, Keyword = PPARM 2 def */
        <U2[1] 315> /* Name = fram.Recipe.Angle8, Keyword = PPARM 2 def */
        <A[23]"2023/3/20 下午 01:21:41"> /* Name = fram.Recipe.CreateTime, Keyword = Recipe CreateTime */
        <A[24]"2023/10/26 上午 10:02:13"> /* Name = fram.Recipe.ReviseTime, Keyword = Recipe ReviseTime */
        <U1[1] 3> /* Name = fram.Recipe.OffsetType, Keyword = PPARM 1 def */
        <U1[1] 0> /* Name = fram.Recipe.WaferEdgeEvaluate, Keyword = PPARM 1 def */
        <U2[1] 17> /* Name = fram.Recipe.BlueTapeThreshold, Keyword = PPARM 2 def */
        <U2[1] 1> /* Name = fram.Recipe.Step1_Range_step1x0, Keyword = PPARM 2 def */
        <U2[1] 4000> /* Name = fram.Recipe.Step1_Range_step1x1, Keyword = PPARM 2 def */
        <U2[1] 2300> /* Name = fram.Recipe.Step2_Range_step1x0, Keyword = PPARM 2 def */
        <U2[1] 2900> /* Name = fram.Recipe.Step2_Range_step1x1, Keyword = PPARM 2 def */
        <U2[1] 1800> /* Name = fram.Recipe.Step2_Range_step2x0, Keyword = PPARM 2 def */
        <U2[1] 2000> /* Name = fram.Recipe.Step2_Range_step2x1, Keyword = PPARM 2 def */
        <U1[1] 5> /* Name = fram.Recipe.Range1_Percent, Keyword = PPARM 2 def */
        <U1[1] 15> /* Name = fram.Recipe.Range2_Percent, Keyword = PPARM 2 def */
      >
    >
  >
>
.
Program takes      0 seconds to log this message.
2023-10-26 10:04:50.421:  Receive Separate.req.
FF FF 00 00 00 09 00 95 CA 10
2023-10-26 10:04:50.421: Remote Client Disconnected!
2023-10-26 10:04:50.513: CTLT_SECS (HSMS Mode) Ver. 2.3.6 & CTLT_GEM Ver. 2.9.3 Start...Driver: NO_LICENCE
[DebugLog] 10:04:51.946 ListenLoop() exception = 無法從傳輸連接讀取資料: 遠端主機已強制關閉一個現存的連線。。
2023-10-26 10:04:52.388: CTLT_SECS (HSMS Mode) Ver. 2.3.6 & CTLT_GEM Ver. 2.9.3 Start...Driver: NO_LICENCE
