//////////////////////////////////////////////////////////////////////////
2023-10-24 14:22:37.954: CTLT_SECS (HSMS Mode) Ver. 2.3.6 & CTLT_GEM Ver. 2.9.3 Start...Driver: NO_LICENCE
2023-10-24 14:22:40.555: Receive Select.req.
FF FF 00 00 00 01 01 41 CD 62
2023-10-24 14:22:40.597: Send Select.rsp.
FF FF 00 00 00 02 01 41 CD 62
2023-10-24 14:22:48.975: Send Data Message.
00 00 00 1E 00 00 81 0D 00 00
2023-10-24 14:22:48.975: Send S1F13(5566243).
00 00 81 0D 00 00 00 54 EF 23   01 02 41 07 54 72 69 6D 47 61
70 41 07 31 2E 30 2E 30 2E 30
S1F13 W /* Establish Communications Request */
<L[2]
  <A[7]"TrimGap"> /* Name = MDLN, Keyword = GEM_MDLN (GEM_MDLN) */
  <A[7]"1.0.0.0"> /* Name = SoftRev, Keyword = GEM_SOFTREV (GEM_SOFTREV) */
>
.
Program takes      0.279 seconds to log this message.
2023-10-24 14:22:49.255: Receive Data Message.
00 00 00 11 00 00 01 0E 00 00
2023-10-24 14:22:49.255: Receive S1F14(5566243).
00 00 01 0E 00 00 00 54 EF 23   01 02 21 01 00 01 00
S1F14  /* Establish Communications Request Acknowledge */
<L[2]
  <B[1] 0x00> /* Name = COMMACK */
  <L[0]
  >
>
.
Program takes      0.002 seconds to log this message.
2023-10-24 14:23:07.176: Receive Data Message.
00 00 00 19 00 00 02 29 00 00
2023-10-24 14:23:07.176: Receive S2F41(0).
00 00 02 29 00 00 00 00 00 00   01 02 41 09 47 4F 2D 52 45 4D
4F 54 45 01 00
S2F41  /* Host Command Send */
<L[2]
  <A[9]"GO-REMOTE"> /* Name = RCMD */
  <L[0]
  >
>
.
Program takes      0 seconds to log this message.
2023-10-24 14:23:07.198: Send Data Message.
00 00 00 11 00 00 02 2A 00 00
2023-10-24 14:23:07.198: Send S2F42(0).
00 00 02 2A 00 00 00 00 00 00   01 02 21 01 00 01 00
S2F42  /* Host Command Acknowledge */
<L[2]
  <B[1] 0x00>
  <L[0]
  >
>
.
Program takes      0 seconds to log this message.
2023-10-24 14:23:14.405: Receive Data Message.
00 00 00 18 00 00 02 29 00 00
2023-10-24 14:23:14.405: Receive S2F41(0).
00 00 02 29 00 00 00 00 00 00   01 02 41 08 47 4F 2D 4C 4F 43
41 4C 01 00
S2F41  /* Host Command Send */
<L[2]
  <A[8]"GO-LOCAL"> /* Name = RCMD */
  <L[0]
  >
>
.
Program takes      0 seconds to log this message.
2023-10-24 14:23:14.416: Send Data Message.
00 00 00 11 00 00 02 2A 00 00
2023-10-24 14:23:14.416: Send S2F42(0).
00 00 02 2A 00 00 00 00 00 00   01 02 21 01 00 01 00
S2F42  /* Host Command Acknowledge */
<L[2]
  <B[1] 0x00>
  <L[0]
  >
>
.
Program takes      0 seconds to log this message.
2023-10-24 14:23:34.039: Receive Data Message.
00 00 00 14 00 00 02 29 00 00
2023-10-24 14:23:34.039: Receive S2F41(0).
00 00 02 29 00 00 00 00 00 00   01 02 41 04 53 54 4F 50 01 00
S2F41  /* Host Command Send */
<L[2]
  <A[4]"STOP"> /* Name = RCMD */
  <L[0]
  >
>
.
Program takes      0 seconds to log this message.
2023-10-24 14:23:34.040: Send Data Message.
00 00 00 11 00 00 02 2A 00 00
2023-10-24 14:23:34.040: Send S2F42(0).
00 00 02 2A 00 00 00 00 00 00   01 02 21 01 02 01 00
S2F42  /* Host Command Acknowledge */
<L[2]
  <B[1] 0x02>
  <L[0]
  >
>
.
Program takes      0 seconds to log this message.
2023-10-24 14:23:47.238: Receive Data Message.
00 00 00 49 00 00 02 29 00 00
2023-10-24 14:23:47.238: Receive S2F41(0).
00 00 02 29 00 00 00 00 00 00   01 02 41 0B 53 4C 4F 54 4D 41
50 2D 4C 26 43 01 02 01 02 41   0B 4C 4F 41 44 50 4F 52 54 2D
49 44 41 01 31 01 02 41 0A 43   41 52 52 49 45 52 2D 49 44 41
0C 43 41 52 52 49 45 52 2D 54   45 53 54
S2F41  /* Host Command Send */
<L[2]
  <A[11]"SLOTMAP-L&C"> /* Name = RCMD */
  <L[2]
    <L[2]
      <A[11]"LOADPORT-ID"> /* Name = CPNAME */
      <A[1]"1"> /* Name = CPVAL */
    >
    <L[2]
      <A[10]"CARRIER-ID"> /* Name = CPNAME */
      <A[12]"CARRIER-TEST"> /* Name = CPVAL */
    >
  >
>
.
Program takes      0 seconds to log this message.
2023-10-24 14:23:47.238: Send Data Message.
00 00 00 11 00 00 02 2A 00 00
2023-10-24 14:23:47.238: Send S2F42(0).
00 00 02 2A 00 00 00 00 00 00   01 02 21 01 02 01 00
S2F42  /* Host Command Acknowledge */
<L[2]
  <B[1] 0x02>
  <L[0]
  >
>
.
Program takes      0 seconds to log this message.
//////////////////////////////////////////////////////////////////////////
2023-10-24 16:24:50.798: CTLT_SECS (HSMS Mode) Ver. 2.3.6 & CTLT_GEM Ver. 2.9.3 Start...Driver: NO_LICENCE
2023-10-24 16:25:39.584: Receive Select.req.
FF FF 00 00 00 01 01 41 CD 62
2023-10-24 16:25:39.716: Send Select.rsp.
FF FF 00 00 00 02 01 41 CD 62
2023-10-24 16:25:39.956: Send Data Message.
00 00 00 1E 00 00 81 0D 00 00
2023-10-24 16:25:39.956: Send S1F13(3823495).
00 00 81 0D 00 00 00 3A 57 87   01 02 41 07 54 72 69 6D 47 61
70 41 07 31 2E 30 2E 30 2E 30
S1F13 W /* Establish Communications Request */
<L[2]
  <A[7]"TrimGap"> /* Name = MDLN, Keyword = GEM_MDLN (GEM_MDLN) */
  <A[7]"1.0.0.0"> /* Name = SoftRev, Keyword = GEM_SOFTREV (GEM_SOFTREV) */
>
.
Program takes      0.029 seconds to log this message.
2023-10-24 16:25:39.984: Receive Data Message.
00 00 00 11 00 00 01 0E 00 00
2023-10-24 16:25:39.984: Receive S1F14(3823495).
00 00 01 0E 00 00 00 3A 57 87   01 02 21 01 00 01 00
S1F14  /* Establish Communications Request Acknowledge */
<L[2]
  <B[1] 0x00> /* Name = COMMACK */
  <L[0]
  >
>
.
Program takes      0 seconds to log this message.
2023-10-24 16:25:47.836: Receive Data Message.
00 00 00 13 00 00 87 19 00 00
2023-10-24 16:25:47.836: Receive S7F25(5226853).
00 00 87 19 00 00 00 4F C1 65   41 07 41 75 74 6F 52 75 6E
S7F25 W /* Formatted Process Program Request */
<A[7]"AutoRun"> /* Name = PPID, Keyword = process program ID */
.
Program takes      0 seconds to log this message.
2023-10-24 16:25:47.861: Send Data Message.
00 00 01 02 00 00 07 1A 00 00
2023-10-24 16:25:47.861: Send S7F26(5226853).
00 00 07 1A 00 00 00 4F C1 65   01 04 41 07 41 75 74 6F 52 75
6E 41 07 54 72 69 6D 47 61 70   41 07 31 2E 30 2E 30 2E 30 01
01 01 02 A9 02 00 02 01 32 A5   01 08 A5 01 01 A5 01 01 A5 01
00 A5 01 01 A5 01 01 A5 01 01   A5 01 01 A5 01 01 A5 01 01 A5
01 01 A5 01 01 A5 01 01 A5 01   01 A5 01 01 A5 01 01 A5 01 01
A5 01 01 A5 01 01 A5 01 01 A5   01 01 A5 01 01 A5 01 01 A5 01
01 A5 01 01 A5 01 01 A5 01 01   A5 01 01 A5 01 01 A9 02 00 01
A9 02 00 2D A9 02 00 5A A9 02   00 87 A9 02 00 B4 A9 02 00 E1
A9 02 01 0E A9 02 01 3B 41 17   32 30 32 33 2F 33 2F 32 30 20
A4 55 A4 C8 20 30 31 3A 32 31   3A 34 31 41 17 32 30 32 33 2F
35 2F 31 36 20 A4 55 A4 C8 20   30 35 3A 30 35 3A 30 30 A5 01
03 A5 01 00 A9 02 00 00 A9 02   00 00 A9 02 00 00 A9 02 00 00
A9 02 00 00 A9 02 00 00 A9 02   00 00 A5 01 00 A5 01 00
S7F26  /* Formatted Process Program Data */
<L[4]
  <A[7]"AutoRun"> /* Name = PPID, Keyword = process program ID */
  <A[7]"TrimGap"> /* Name = MDLN, Keyword = equipment model type */
  <A[7]"1.0.0.0"> /* Name = SOFTREV, Keyword = software revision */
  <L[1]
    <L[2]
      <U2[1] 2> /* Name = CCODE, Keyword = process operation command code */
      <L[50]
        <U1[1] 8> /* Name = fram.Recipe.Rotate_Count, Keyword = PPARM 1 def */
        <U1[1] 1> /* Name = fram.Recipe.Type, Keyword = PPARM 1 def */
        <U1[1] 1> /* Name = fram.Recipe.RepeatTimes, Keyword = PPARM 1 def */
        <U1[1] 0> /* Name = fram.Recipe.RepeatTimes_now, Keyword = PPARM 1 def */
        <U1[1] 1> /* Name = fram.Recipe.Slot1, Keyword = PPARM 1 def */
        <U1[1] 1> /* Name = fram.Recipe.Slot2, Keyword = PPARM 1 def */
        <U1[1] 1> /* Name = fram.Recipe.Slot3, Keyword = PPARM 1 def */
        <U1[1] 1> /* Name = fram.Recipe.Slot4, Keyword = PPARM 1 def */
        <U1[1] 1> /* Name = fram.Recipe.Slot5, Keyword = PPARM 1 def */
        <U1[1] 1> /* Name = fram.Recipe.Slot6, Keyword = PPARM 1 def */
        <U1[1] 1> /* Name = fram.Recipe.Slot7, Keyword = PPARM 1 def */
        <U1[1] 1> /* Name = fram.Recipe.Slot8, Keyword = PPARM 1 def */
        <U1[1] 1> /* Name = fram.Recipe.Slot9, Keyword = PPARM 1 def */
        <U1[1] 1> /* Name = fram.Recipe.Slot10, Keyword = PPARM 1 def */
        <U1[1] 1> /* Name = fram.Recipe.Slot11, Keyword = PPARM 1 def */
        <U1[1] 1> /* Name = fram.Recipe.Slot12, Keyword = PPARM 1 def */
        <U1[1] 1> /* Name = fram.Recipe.Slot13, Keyword = PPARM 1 def */
        <U1[1] 1> /* Name = fram.Recipe.Slot14, Keyword = PPARM 1 def */
        <U1[1] 1> /* Name = fram.Recipe.Slot15, Keyword = PPARM 1 def */
        <U1[1] 1> /* Name = fram.Recipe.Slot16, Keyword = PPARM 1 def */
        <U1[1] 1> /* Name = fram.Recipe.Slot17, Keyword = PPARM 1 def */
        <U1[1] 1> /* Name = fram.Recipe.Slot18, Keyword = PPARM 1 def */
        <U1[1] 1> /* Name = fram.Recipe.Slot19, Keyword = PPARM 1 def */
        <U1[1] 1> /* Name = fram.Recipe.Slot20, Keyword = PPARM 1 def */
        <U1[1] 1> /* Name = fram.Recipe.Slot21, Keyword = PPARM 1 def */
        <U1[1] 1> /* Name = fram.Recipe.Slot22, Keyword = PPARM 1 def */
        <U1[1] 1> /* Name = fram.Recipe.Slot23, Keyword = PPARM 1 def */
        <U1[1] 1> /* Name = fram.Recipe.Slot24, Keyword = PPARM 1 def */
        <U1[1] 1> /* Name = fram.Recipe.Slot25, Keyword = PPARM 1 def */
        <U2[1] 1> /* Name = fram.Recipe.Angle1, Keyword = PPARM 2 def */
        <U2[1] 45> /* Name = fram.Recipe.Angle2, Keyword = PPARM 2 def */
        <U2[1] 90> /* Name = fram.Recipe.Angle3, Keyword = PPARM 2 def */
        <U2[1] 135> /* Name = fram.Recipe.Angle4, Keyword = PPARM 2 def */
        <U2[1] 180> /* Name = fram.Recipe.Angle5, Keyword = PPARM 2 def */
        <U2[1] 225> /* Name = fram.Recipe.Angle6, Keyword = PPARM 2 def */
        <U2[1] 270> /* Name = fram.Recipe.Angle7, Keyword = PPARM 2 def */
        <U2[1] 315> /* Name = fram.Recipe.Angle8, Keyword = PPARM 2 def */
        <A[23]"2023/3/20 下午 01:21:41"> /* Name = fram.Recipe.CreateTime, Keyword = Recipe CreateTime */
        <A[23]"2023/5/16 下午 05:05:00"> /* Name = fram.Recipe.ReviseTime, Keyword = Recipe ReviseTime */
        <U1[1] 3> /* Name = fram.Recipe.OffsetType, Keyword = PPARM 1 def */
        <U1[1] 0> /* Name = fram.Recipe.WaferEdgeEvaluate, Keyword = PPARM 1 def */
        <U2[1] 0> /* Name = fram.Recipe.BlueTapeThreshold, Keyword = PPARM 2 def */
        <U2[1] 0> /* Name = fram.Recipe.Step1_Range_step1x0, Keyword = PPARM 2 def */
        <U2[1] 0> /* Name = fram.Recipe.Step1_Range_step1x1, Keyword = PPARM 2 def */
        <U2[1] 0> /* Name = fram.Recipe.Step2_Range_step1x0, Keyword = PPARM 2 def */
        <U2[1] 0> /* Name = fram.Recipe.Step2_Range_step1x1, Keyword = PPARM 2 def */
        <U2[1] 0> /* Name = fram.Recipe.Step2_Range_step2x0, Keyword = PPARM 2 def */
        <U2[1] 0> /* Name = fram.Recipe.Step2_Range_step2x1, Keyword = PPARM 2 def */
        <U1[1] 0> /* Name = fram.Recipe.Range1_Percent, Keyword = PPARM 2 def */
        <U1[1] 0> /* Name = fram.Recipe.Range2_Percent, Keyword = PPARM 2 def */
      >
    >
  >
>
.
Program takes      0.001 seconds to log this message.
2023-10-24 16:26:53.272: Send Linktest.req.
FF FF 00 00 00 05 00 3A 57 88
2023-10-24 16:26:53.272: Receive Linktest.rsp.
FF FF 00 00 00 06 00 3A 57 88
2023-10-24 16:27:58.892: Send Linktest.req.
FF FF 00 00 00 05 00 3A 57 89
2023-10-24 16:27:58.892: Receive Linktest.rsp.
FF FF 00 00 00 06 00 3A 57 89
2023-10-24 16:29:04.450: Send Linktest.req.
FF FF 00 00 00 05 00 3A 57 8A
2023-10-24 16:29:04.450: Receive Linktest.rsp.
FF FF 00 00 00 06 00 3A 57 8A
2023-10-24 16:30:10.161: Send Linktest.req.
FF FF 00 00 00 05 00 3A 57 8B
2023-10-24 16:30:10.161: Receive Linktest.rsp.
FF FF 00 00 00 06 00 3A 57 8B
2023-10-24 16:31:16.129: Send Linktest.req.
FF FF 00 00 00 05 00 3A 57 8C
2023-10-24 16:31:16.129: Receive Linktest.rsp.
FF FF 00 00 00 06 00 3A 57 8C
2023-10-24 16:32:21.702: Send Linktest.req.
FF FF 00 00 00 05 00 3A 57 8D
2023-10-24 16:32:21.703: Receive Linktest.rsp.
FF FF 00 00 00 06 00 3A 57 8D
2023-10-24 16:33:27.224: Send Linktest.req.
FF FF 00 00 00 05 00 3A 57 8E
2023-10-24 16:33:27.224: Receive Linktest.rsp.
FF FF 00 00 00 06 00 3A 57 8E
2023-10-24 16:34:33.000: Send Linktest.req.
FF FF 00 00 00 05 00 3A 57 8F
2023-10-24 16:34:33.000: Receive Linktest.rsp.
FF FF 00 00 00 06 00 3A 57 8F
2023-10-24 16:35:38.839: Send Linktest.req.
FF FF 00 00 00 05 00 3A 57 90
2023-10-24 16:35:38.839: Receive Linktest.rsp.
FF FF 00 00 00 06 00 3A 57 90
2023-10-24 16:36:44.633: Send Linktest.req.
FF FF 00 00 00 05 00 3A 57 91
2023-10-24 16:36:44.633: Receive Linktest.rsp.
FF FF 00 00 00 06 00 3A 57 91
2023-10-24 16:37:50.581: Send Linktest.req.
FF FF 00 00 00 05 00 3A 57 92
2023-10-24 16:37:50.581: Receive Linktest.rsp.
FF FF 00 00 00 06 00 3A 57 92
2023-10-24 16:38:56.268: Send Linktest.req.
FF FF 00 00 00 05 00 3A 57 93
2023-10-24 16:38:56.268: Receive Linktest.rsp.
FF FF 00 00 00 06 00 3A 57 93
2023-10-24 16:40:01.918: Send Linktest.req.
FF FF 00 00 00 05 00 3A 57 94
2023-10-24 16:40:01.918: Receive Linktest.rsp.
FF FF 00 00 00 06 00 3A 57 94
2023-10-24 16:41:07.749: Send Linktest.req.
FF FF 00 00 00 05 00 3A 57 95
2023-10-24 16:41:07.749: Receive Linktest.rsp.
FF FF 00 00 00 06 00 3A 57 95
2023-10-24 16:42:13.371: Send Linktest.req.
FF FF 00 00 00 05 00 3A 57 96
2023-10-24 16:42:13.371: Receive Linktest.rsp.
FF FF 00 00 00 06 00 3A 57 96
2023-10-24 16:43:19.194: Send Linktest.req.
FF FF 00 00 00 05 00 3A 57 97
2023-10-24 16:43:19.194: Receive Linktest.rsp.
FF FF 00 00 00 06 00 3A 57 97
2023-10-24 16:44:24.969: Send Linktest.req.
FF FF 00 00 00 05 00 3A 57 98
2023-10-24 16:44:24.969: Receive Linktest.rsp.
FF FF 00 00 00 06 00 3A 57 98
2023-10-24 16:45:30.525: Send Linktest.req.
FF FF 00 00 00 05 00 3A 57 99
2023-10-24 16:45:30.525: Receive Linktest.rsp.
FF FF 00 00 00 06 00 3A 57 99
2023-10-24 16:46:36.165: Send Linktest.req.
FF FF 00 00 00 05 00 3A 57 9A
2023-10-24 16:46:36.165: Receive Linktest.rsp.
FF FF 00 00 00 06 00 3A 57 9A
2023-10-24 16:47:41.871: Send Linktest.req.
FF FF 00 00 00 05 00 3A 57 9B
2023-10-24 16:47:41.871: Receive Linktest.rsp.
FF FF 00 00 00 06 00 3A 57 9B
2023-10-24 16:48:47.618: Send Linktest.req.
FF FF 00 00 00 05 00 3A 57 9C
2023-10-24 16:48:47.618: Receive Linktest.rsp.
FF FF 00 00 00 06 00 3A 57 9C
2023-10-24 16:49:53.442: Send Linktest.req.
FF FF 00 00 00 05 00 3A 57 9D
2023-10-24 16:49:53.442: Receive Linktest.rsp.
FF FF 00 00 00 06 00 3A 57 9D
2023-10-24 16:50:59.252: Send Linktest.req.
FF FF 00 00 00 05 00 3A 57 9E
2023-10-24 16:50:59.252: Receive Linktest.rsp.
FF FF 00 00 00 06 00 3A 57 9E
2023-10-24 16:52:05.228: Send Linktest.req.
FF FF 00 00 00 05 00 3A 57 9F
2023-10-24 16:52:05.228: Receive Linktest.rsp.
FF FF 00 00 00 06 00 3A 57 9F
2023-10-24 16:53:11.055: Send Linktest.req.
FF FF 00 00 00 05 00 3A 57 A0
2023-10-24 16:53:11.055: Receive Linktest.rsp.
FF FF 00 00 00 06 00 3A 57 A0
2023-10-24 16:54:16.867: Send Linktest.req.
FF FF 00 00 00 05 00 3A 57 A1
2023-10-24 16:54:16.867: Receive Linktest.rsp.
FF FF 00 00 00 06 00 3A 57 A1
2023-10-24 16:55:22.565: Send Linktest.req.
FF FF 00 00 00 05 00 3A 57 A2
2023-10-24 16:55:22.565: Receive Linktest.rsp.
FF FF 00 00 00 06 00 3A 57 A2
2023-10-24 16:56:28.395: Send Linktest.req.
FF FF 00 00 00 05 00 3A 57 A3
2023-10-24 16:56:28.395: Receive Linktest.rsp.
FF FF 00 00 00 06 00 3A 57 A3
2023-10-24 16:57:34.049: Send Linktest.req.
FF FF 00 00 00 05 00 3A 57 A4
2023-10-24 16:57:34.049: Receive Linktest.rsp.
FF FF 00 00 00 06 00 3A 57 A4
2023-10-24 16:58:39.840: Send Linktest.req.
FF FF 00 00 00 05 00 3A 57 A5
2023-10-24 16:58:39.840: Receive Linktest.rsp.
FF FF 00 00 00 06 00 3A 57 A5
2023-10-24 16:59:45.686: Send Linktest.req.
FF FF 00 00 00 05 00 3A 57 A6
2023-10-24 16:59:45.686: Receive Linktest.rsp.
FF FF 00 00 00 06 00 3A 57 A6
2023-10-24 17:00:51.401: Send Linktest.req.
FF FF 00 00 00 05 00 3A 57 A7
2023-10-24 17:00:51.401: Receive Linktest.rsp.
FF FF 00 00 00 06 00 3A 57 A7
2023-10-24 17:01:57.099: Send Linktest.req.
FF FF 00 00 00 05 00 3A 57 A8
2023-10-24 17:01:57.099: Receive Linktest.rsp.
FF FF 00 00 00 06 00 3A 57 A8
2023-10-24 17:03:02.627: Send Linktest.req.
FF FF 00 00 00 05 00 3A 57 A9
2023-10-24 17:03:02.627: Receive Linktest.rsp.
FF FF 00 00 00 06 00 3A 57 A9
2023-10-24 17:04:08.320: Send Linktest.req.
FF FF 00 00 00 05 00 3A 57 AA
2023-10-24 17:04:08.320: Receive Linktest.rsp.
FF FF 00 00 00 06 00 3A 57 AA
2023-10-24 17:05:14.105: Send Linktest.req.
FF FF 00 00 00 05 00 3A 57 AB
2023-10-24 17:05:14.105: Receive Linktest.rsp.
FF FF 00 00 00 06 00 3A 57 AB
2023-10-24 17:06:19.623: Send Linktest.req.
FF FF 00 00 00 05 00 3A 57 AC
2023-10-24 17:06:19.623: Receive Linktest.rsp.
FF FF 00 00 00 06 00 3A 57 AC
2023-10-24 17:07:25.209: Send Linktest.req.
FF FF 00 00 00 05 00 3A 57 AD
2023-10-24 17:07:25.209: Receive Linktest.rsp.
FF FF 00 00 00 06 00 3A 57 AD
2023-10-24 17:08:31.057: Send Linktest.req.
FF FF 00 00 00 05 00 3A 57 AE
2023-10-24 17:08:31.057: Receive Linktest.rsp.
FF FF 00 00 00 06 00 3A 57 AE
2023-10-24 17:09:36.756: Send Linktest.req.
FF FF 00 00 00 05 00 3A 57 AF
2023-10-24 17:09:36.756: Receive Linktest.rsp.
FF FF 00 00 00 06 00 3A 57 AF
//////////////////////////////////////////////////////////////////////////
2023-10-24 17:21:57.536: CTLT_SECS (HSMS Mode) Ver. 2.3.6 & CTLT_GEM Ver. 2.9.3 Start...Driver: NO_LICENCE
