//////////////////////////////////////////////////////////////////////////
2023-09-14 11:00:30.938: CTLT_SECS (HSMS Mode) Ver. 2.3.6 & CTLT_GEM Ver. 2.9.3 Start...Driver: NO_LICENCE
[DebugLog] 11:03:24.345 Disconnect already!
[DebugLog] 11:03:24.531 AcceptThread() exception:中止操作被 WSACancelBlockingCall 呼叫打斷。
2023-09-14 11:03:26.164: CTLT_SECS (HSMS Mode) Ver. 2.3.6 & CTLT_GEM Ver. 2.9.3 Start...Driver: NO_LICENCE
2023-09-14 11:04:07.649: Receive Select.req.
FF FF 00 00 00 01 10 2A CE 59
2023-09-14 11:04:07.685: Send Select.rsp.
FF FF 00 00 00 02 10 2A CE 59
2023-09-14 11:04:07.700: Send Data Message.
00 00 00 1E 00 00 81 0D 00 00
2023-09-14 11:04:07.700: Send S1F13(4096932).
00 00 81 0D 00 00 00 3E 83 A4   01 02 41 07 54 72 69 6D 47 61
70 41 07 31 2E 30 2E 30 2E 30
S1F13 W /* Establish Communications Request */
<L[2]
  <A[7]"TrimGap"> /* Name = MDLN, Keyword = GEM_MDLN (GEM_MDLN) */
  <A[7]"1.0.0.0"> /* Name = SoftRev, Keyword = GEM_SOFTREV (GEM_SOFTREV) */
>
.
Program takes      0.024 seconds to log this message.
[DebugLog] 11:04:24.911 TcpClient Released!
2023-09-14 11:04:24.912: Send Separate.req.
FF FF 00 00 00 09 00 3E 83 A5
[DebugLog] 11:04:26.215 ListenLoop() exception = 無法從傳輸連接讀取資料: 中止操作被 WSACancelBlockingCall 呼叫打斷。。
[DebugLog] 11:04:26.309 AcceptThread() exception:中止操作被 WSACancelBlockingCall 呼叫打斷。
2023-09-14 11:04:26.321: CTLT_SECS (HSMS Mode) Ver. 2.3.6 & CTLT_GEM Ver. 2.9.3 Start...Driver: NO_LICENCE
2023-09-14 11:04:29.187: CTLT_SECS (HSMS Mode) Ver. 2.3.6 & CTLT_GEM Ver. 2.9.3 Start...Driver: NO_LICENCE
2023-09-14 11:04:29.518: CTLT_SECS (HSMS Mode) Ver. 2.3.6 & CTLT_GEM Ver. 2.9.3 Start...Driver: NO_LICENCE
2023-09-14 11:04:35.052: Receive Select.req.
FF FF 00 00 00 01 10 2A CE 5A
2023-09-14 11:04:35.433: Send Select.rsp.
FF FF 00 00 00 02 10 2A CE 5A
2023-09-14 11:04:35.526: Send Data Message.
00 00 00 1E 00 00 81 0D 00 00
2023-09-14 11:04:35.526: Send S1F13(4096934).
00 00 81 0D 00 00 00 3E 83 A6   01 02 41 07 54 72 69 6D 47 61
70 41 07 31 2E 30 2E 30 2E 30
S1F13 W /* Establish Communications Request */
<L[2]
  <A[7]"TrimGap"> /* Name = MDLN, Keyword = GEM_MDLN (GEM_MDLN) */
  <A[7]"1.0.0.0"> /* Name = SoftRev, Keyword = GEM_SOFTREV (GEM_SOFTREV) */
>
.
Program takes      0.001 seconds to log this message.
2023-09-14 11:04:35.714: Receive Data Message.
00 00 00 11 00 00 01 0E 00 00
2023-09-14 11:04:35.714: Receive S1F14(4096934).
00 00 01 0E 00 00 00 3E 83 A6   01 02 21 01 00 01 00
S1F14  /* Establish Communications Request Acknowledge */
<L[2]
  <B[1] 0x00> /* Name = COMMACK */
  <L[0]
  >
>
.
Program takes      0 seconds to log this message.
//////////////////////////////////////////////////////////////////////////
2023-09-14 11:07:30.786: CTLT_SECS (HSMS Mode) Ver. 2.3.6 & CTLT_GEM Ver. 2.9.3 Start...Driver: NO_LICENCE
2023-09-14 11:07:31.911: Receive Select.req.
FF FF 00 00 00 01 10 2A CE 5B
2023-09-14 11:07:31.985: Send Select.rsp.
FF FF 00 00 00 02 10 2A CE 5B
2023-09-14 11:07:39.030: Send Data Message.
00 00 00 1E 00 00 81 0D 00 00
2023-09-14 11:07:39.030: Send S1F13(3895109).
00 00 81 0D 00 00 00 3B 6F 45   01 02 41 07 54 72 69 6D 47 61
70 41 07 31 2E 30 2E 30 2E 30
S1F13 W /* Establish Communications Request */
<L[2]
  <A[7]"TrimGap"> /* Name = MDLN, Keyword = GEM_MDLN (GEM_MDLN) */
  <A[7]"1.0.0.0"> /* Name = SoftRev, Keyword = GEM_SOFTREV (GEM_SOFTREV) */
>
.
Program takes      0.112 seconds to log this message.
2023-09-14 11:07:39.141: Receive Data Message.
00 00 00 11 00 00 01 0E 00 00
2023-09-14 11:07:39.141: Receive S1F14(3895109).
00 00 01 0E 00 00 00 3B 6F 45   01 02 21 01 00 01 00
S1F14  /* Establish Communications Request Acknowledge */
<L[2]
  <B[1] 0x00> /* Name = COMMACK */
  <L[0]
  >
>
.
Program takes      0 seconds to log this message.
2023-09-14 11:08:39.050: Receive Linktest.req.
FF FF 00 00 00 05 10 2A CE 5C
2023-09-14 11:08:39.051: Send Linktest.rsp.
FF FF 00 00 00 06 10 2A CE 5C
2023-09-14 11:08:44.763: Send Linktest.req.
FF FF 00 00 00 05 00 3B 6F 46
2023-09-14 11:08:44.781: Receive Linktest.rsp.
FF FF 00 00 00 06 00 3B 6F 46
//////////////////////////////////////////////////////////////////////////
2023-09-14 11:14:03.913: CTLT_SECS (HSMS Mode) Ver. 2.3.6 & CTLT_GEM Ver. 2.9.3 Start...Driver: NO_LICENCE
2023-09-14 11:14:07.527: Receive Select.req.
FF FF 00 00 00 01 10 2A CE 5E
2023-09-14 11:14:07.783: Send Select.rsp.
FF FF 00 00 00 02 10 2A CE 5E
2023-09-14 11:14:11.825: Send Data Message.
00 00 00 1E 00 00 81 0D 00 00
2023-09-14 11:14:11.825: Send S1F13(1703402).
00 00 81 0D 00 00 00 19 FD EA   01 02 41 07 54 72 69 6D 47 61
70 41 07 31 2E 30 2E 30 2E 30
S1F13 W /* Establish Communications Request */
<L[2]
  <A[7]"TrimGap"> /* Name = MDLN, Keyword = GEM_MDLN (GEM_MDLN) */
  <A[7]"1.0.0.0"> /* Name = SoftRev, Keyword = GEM_SOFTREV (GEM_SOFTREV) */
>
.
Program takes      0.136 seconds to log this message.
2023-09-14 11:14:11.961: Receive Data Message.
00 00 00 11 00 00 01 0E 00 00
2023-09-14 11:14:11.961: Receive S1F14(1703402).
00 00 01 0E 00 00 00 19 FD EA   01 02 21 01 00 01 00
S1F14  /* Establish Communications Request Acknowledge */
<L[2]
  <B[1] 0x00> /* Name = COMMACK */
  <L[0]
  >
>
.
Program takes      0 seconds to log this message.
2023-09-14 11:15:11.845: Receive Linktest.req.
FF FF 00 00 00 05 10 2A CE 5F
2023-09-14 11:15:11.845: Send Linktest.rsp.
FF FF 00 00 00 06 10 2A CE 5F
2023-09-14 11:15:18.440: Send Linktest.req.
FF FF 00 00 00 05 00 19 FD EB
2023-09-14 11:15:18.456: Receive Linktest.rsp.
FF FF 00 00 00 06 00 19 FD EB
2023-09-14 11:15:33.153: Send Data Message.
00 00 00 23 00 00 85 01 00 00
2023-09-14 11:15:33.153: Send S5F1(1703404).
00 00 85 01 00 00 00 19 FD EC   01 03 21 01 80 B1 04 00 00 27
17 41 0C 45 51 50 2D 44 6F 6F   72 4F 70 65 6E
S5F1 W /* Alarm Report Send */
<L[3]
  <B[1] 0x80> /* Name = ALCD, Keyword = Alarm code type. 0x00:disable | 0x80:enable */
  <U4[1] 10007> /* Name = ALID, Keyword = EQP-DoorOpen (10007) */
  <A[12]"EQP-DoorOpen"> /* Name = ALTX */
>
.
Program takes      0.118 seconds to log this message.
2023-09-14 11:15:33.272: Receive Data Message.
00 00 00 0D 00 00 05 02 00 00
2023-09-14 11:15:33.272: Receive S5F2(1703404).
00 00 05 02 00 00 00 19 FD EC   21 01 00
S5F2  /* Alarm Report Ack */
<B[1] 0x00> /* Name = ACKC5 */
.
Program takes      0 seconds to log this message.
2023-09-14 11:15:34.331: Send Data Message.
00 00 00 23 00 00 85 01 00 00
2023-09-14 11:15:34.331: Send S5F1(1703405).
00 00 85 01 00 00 00 19 FD ED   01 03 21 01 80 B1 04 00 00 27
17 41 0C 45 51 50 2D 44 6F 6F   72 4F 70 65 6E
S5F1 W /* Alarm Report Send */
<L[3]
  <B[1] 0x80> /* Name = ALCD, Keyword = Alarm code type. 0x00:disable | 0x80:enable */
  <U4[1] 10007> /* Name = ALID, Keyword = EQP-DoorOpen (10007) */
  <A[12]"EQP-DoorOpen"> /* Name = ALTX */
>
.
Program takes      0.001 seconds to log this message.
2023-09-14 11:15:34.346: Receive Data Message.
00 00 00 0D 00 00 05 02 00 00
2023-09-14 11:15:34.346: Receive S5F2(1703405).
00 00 05 02 00 00 00 19 FD ED   21 01 00
S5F2  /* Alarm Report Ack */
<B[1] 0x00> /* Name = ACKC5 */
.
Program takes      0 seconds to log this message.
2023-09-14 11:15:35.394: Send Data Message.
00 00 00 23 00 00 85 01 00 00
2023-09-14 11:15:35.394: Send S5F1(1703406).
00 00 85 01 00 00 00 19 FD EE   01 03 21 01 80 B1 04 00 00 27
17 41 0C 45 51 50 2D 44 6F 6F   72 4F 70 65 6E
S5F1 W /* Alarm Report Send */
<L[3]
  <B[1] 0x80> /* Name = ALCD, Keyword = Alarm code type. 0x00:disable | 0x80:enable */
  <U4[1] 10007> /* Name = ALID, Keyword = EQP-DoorOpen (10007) */
  <A[12]"EQP-DoorOpen"> /* Name = ALTX */
>
.
Program takes      0.001 seconds to log this message.
2023-09-14 11:15:35.425: Receive Data Message.
00 00 00 0D 00 00 05 02 00 00
2023-09-14 11:15:35.425: Receive S5F2(1703406).
00 00 05 02 00 00 00 19 FD EE   21 01 00
S5F2  /* Alarm Report Ack */
<B[1] 0x00> /* Name = ACKC5 */
.
Program takes      0 seconds to log this message.
2023-09-14 11:15:36.611: Send Data Message.
00 00 00 23 00 00 85 01 00 00
2023-09-14 11:15:36.611: Send S5F1(1703407).
00 00 85 01 00 00 00 19 FD EF   01 03 21 01 80 B1 04 00 00 27
17 41 0C 45 51 50 2D 44 6F 6F   72 4F 70 65 6E
S5F1 W /* Alarm Report Send */
<L[3]
  <B[1] 0x80> /* Name = ALCD, Keyword = Alarm code type. 0x00:disable | 0x80:enable */
  <U4[1] 10007> /* Name = ALID, Keyword = EQP-DoorOpen (10007) */
  <A[12]"EQP-DoorOpen"> /* Name = ALTX */
>
.
Program takes      0 seconds to log this message.
2023-09-14 11:15:36.800: Receive Data Message.
00 00 00 0D 00 00 05 02 00 00
2023-09-14 11:15:36.800: Receive S5F2(1703407).
00 00 05 02 00 00 00 19 FD EF   21 01 00
S5F2  /* Alarm Report Ack */
<B[1] 0x00> /* Name = ACKC5 */
.
Program takes      0 seconds to log this message.
2023-09-14 11:15:37.870: Send Data Message.
00 00 00 23 00 00 85 01 00 00
2023-09-14 11:15:37.870: Send S5F1(1703408).
00 00 85 01 00 00 00 19 FD F0   01 03 21 01 80 B1 04 00 00 27
17 41 0C 45 51 50 2D 44 6F 6F   72 4F 70 65 6E
S5F1 W /* Alarm Report Send */
<L[3]
  <B[1] 0x80> /* Name = ALCD, Keyword = Alarm code type. 0x00:disable | 0x80:enable */
  <U4[1] 10007> /* Name = ALID, Keyword = EQP-DoorOpen (10007) */
  <A[12]"EQP-DoorOpen"> /* Name = ALTX */
>
.
Program takes      0 seconds to log this message.
2023-09-14 11:15:37.886: Receive Data Message.
00 00 00 0D 00 00 05 02 00 00
2023-09-14 11:15:37.886: Receive S5F2(1703408).
00 00 05 02 00 00 00 19 FD F0   21 01 00
S5F2  /* Alarm Report Ack */
<B[1] 0x00> /* Name = ACKC5 */
.
Program takes      0 seconds to log this message.
2023-09-14 11:15:38.946: Send Data Message.
00 00 00 23 00 00 85 01 00 00
2023-09-14 11:15:38.946: Send S5F1(1703409).
00 00 85 01 00 00 00 19 FD F1   01 03 21 01 80 B1 04 00 00 27
17 41 0C 45 51 50 2D 44 6F 6F   72 4F 70 65 6E
S5F1 W /* Alarm Report Send */
<L[3]
  <B[1] 0x80> /* Name = ALCD, Keyword = Alarm code type. 0x00:disable | 0x80:enable */
  <U4[1] 10007> /* Name = ALID, Keyword = EQP-DoorOpen (10007) */
  <A[12]"EQP-DoorOpen"> /* Name = ALTX */
>
.
Program takes      0.001 seconds to log this message.
2023-09-14 11:15:39.037: Receive Data Message.
00 00 00 0D 00 00 05 02 00 00
2023-09-14 11:15:39.037: Receive S5F2(1703409).
00 00 05 02 00 00 00 19 FD F1   21 01 00
S5F2  /* Alarm Report Ack */
<B[1] 0x00> /* Name = ACKC5 */
.
Program takes      0 seconds to log this message.
2023-09-14 11:15:40.128: Send Data Message.
00 00 00 23 00 00 85 01 00 00
2023-09-14 11:15:40.128: Send S5F1(1703410).
00 00 85 01 00 00 00 19 FD F2   01 03 21 01 80 B1 04 00 00 27
17 41 0C 45 51 50 2D 44 6F 6F   72 4F 70 65 6E
S5F1 W /* Alarm Report Send */
<L[3]
  <B[1] 0x80> /* Name = ALCD, Keyword = Alarm code type. 0x00:disable | 0x80:enable */
  <U4[1] 10007> /* Name = ALID, Keyword = EQP-DoorOpen (10007) */
  <A[12]"EQP-DoorOpen"> /* Name = ALTX */
>
.
Program takes      0 seconds to log this message.
2023-09-14 11:15:40.190: Receive Data Message.
00 00 00 0D 00 00 05 02 00 00
2023-09-14 11:15:40.190: Receive S5F2(1703410).
00 00 05 02 00 00 00 19 FD F2   21 01 00
S5F2  /* Alarm Report Ack */
<B[1] 0x00> /* Name = ACKC5 */
.
Program takes      0 seconds to log this message.
2023-09-14 11:15:41.251: Send Data Message.
00 00 00 23 00 00 85 01 00 00
2023-09-14 11:15:41.251: Send S5F1(1703411).
00 00 85 01 00 00 00 19 FD F3   01 03 21 01 80 B1 04 00 00 27
17 41 0C 45 51 50 2D 44 6F 6F   72 4F 70 65 6E
S5F1 W /* Alarm Report Send */
<L[3]
  <B[1] 0x80> /* Name = ALCD, Keyword = Alarm code type. 0x00:disable | 0x80:enable */
  <U4[1] 10007> /* Name = ALID, Keyword = EQP-DoorOpen (10007) */
  <A[12]"EQP-DoorOpen"> /* Name = ALTX */
>
.
Program takes      0 seconds to log this message.
2023-09-14 11:15:41.314: Receive Data Message.
00 00 00 0D 00 00 05 02 00 00
2023-09-14 11:15:41.314: Receive S5F2(1703411).
00 00 05 02 00 00 00 19 FD F3   21 01 00
S5F2  /* Alarm Report Ack */
<B[1] 0x00> /* Name = ACKC5 */
.
Program takes      0 seconds to log this message.
2023-09-14 11:15:42.607: Send Data Message.
00 00 00 23 00 00 85 01 00 00
2023-09-14 11:15:42.607: Send S5F1(1703412).
00 00 85 01 00 00 00 19 FD F4   01 03 21 01 80 B1 04 00 00 27
17 41 0C 45 51 50 2D 44 6F 6F   72 4F 70 65 6E
S5F1 W /* Alarm Report Send */
<L[3]
  <B[1] 0x80> /* Name = ALCD, Keyword = Alarm code type. 0x00:disable | 0x80:enable */
  <U4[1] 10007> /* Name = ALID, Keyword = EQP-DoorOpen (10007) */
  <A[12]"EQP-DoorOpen"> /* Name = ALTX */
>
.
Program takes      0.001 seconds to log this message.
2023-09-14 11:15:42.925: Receive Data Message.
00 00 00 0D 00 00 05 02 00 00
2023-09-14 11:15:42.925: Receive S5F2(1703412).
00 00 05 02 00 00 00 19 FD F4   21 01 00
S5F2  /* Alarm Report Ack */
<B[1] 0x00> /* Name = ACKC5 */
.
Program takes      0 seconds to log this message.
2023-09-14 11:15:43.995: Send Data Message.
00 00 00 23 00 00 85 01 00 00
2023-09-14 11:15:43.995: Send S5F1(1703413).
00 00 85 01 00 00 00 19 FD F5   01 03 21 01 80 B1 04 00 00 27
17 41 0C 45 51 50 2D 44 6F 6F   72 4F 70 65 6E
S5F1 W /* Alarm Report Send */
<L[3]
  <B[1] 0x80> /* Name = ALCD, Keyword = Alarm code type. 0x00:disable | 0x80:enable */
  <U4[1] 10007> /* Name = ALID, Keyword = EQP-DoorOpen (10007) */
  <A[12]"EQP-DoorOpen"> /* Name = ALTX */
>
.
Program takes      0.001 seconds to log this message.
2023-09-14 11:15:44.011: Receive Data Message.
00 00 00 0D 00 00 05 02 00 00
2023-09-14 11:15:44.011: Receive S5F2(1703413).
00 00 05 02 00 00 00 19 FD F5   21 01 00
S5F2  /* Alarm Report Ack */
<B[1] 0x00> /* Name = ACKC5 */
.
Program takes      0 seconds to log this message.
2023-09-14 11:15:45.066: Send Data Message.
00 00 00 23 00 00 85 01 00 00
2023-09-14 11:15:45.066: Send S5F1(1703414).
00 00 85 01 00 00 00 19 FD F6   01 03 21 01 80 B1 04 00 00 27
17 41 0C 45 51 50 2D 44 6F 6F   72 4F 70 65 6E
S5F1 W /* Alarm Report Send */
<L[3]
  <B[1] 0x80> /* Name = ALCD, Keyword = Alarm code type. 0x00:disable | 0x80:enable */
  <U4[1] 10007> /* Name = ALID, Keyword = EQP-DoorOpen (10007) */
  <A[12]"EQP-DoorOpen"> /* Name = ALTX */
>
.
Program takes      0.001 seconds to log this message.
2023-09-14 11:15:45.082: Receive Data Message.
00 00 00 0D 00 00 05 02 00 00
2023-09-14 11:15:45.082: Receive S5F2(1703414).
00 00 05 02 00 00 00 19 FD F6   21 01 00
S5F2  /* Alarm Report Ack */
<B[1] 0x00> /* Name = ACKC5 */
.
Program takes      0 seconds to log this message.
2023-09-14 11:15:46.129: Send Data Message.
00 00 00 23 00 00 85 01 00 00
2023-09-14 11:15:46.129: Send S5F1(1703415).
00 00 85 01 00 00 00 19 FD F7   01 03 21 01 80 B1 04 00 00 27
17 41 0C 45 51 50 2D 44 6F 6F   72 4F 70 65 6E
S5F1 W /* Alarm Report Send */
<L[3]
  <B[1] 0x80> /* Name = ALCD, Keyword = Alarm code type. 0x00:disable | 0x80:enable */
  <U4[1] 10007> /* Name = ALID, Keyword = EQP-DoorOpen (10007) */
  <A[12]"EQP-DoorOpen"> /* Name = ALTX */
>
.
Program takes      0.001 seconds to log this message.
2023-09-14 11:15:46.408: Receive Data Message.
00 00 00 0D 00 00 05 02 00 00
2023-09-14 11:15:46.408: Receive S5F2(1703415).
00 00 05 02 00 00 00 19 FD F7   21 01 00
S5F2  /* Alarm Report Ack */
<B[1] 0x00> /* Name = ACKC5 */
.
Program takes      0 seconds to log this message.
2023-09-14 11:15:47.473: Send Data Message.
00 00 00 23 00 00 85 01 00 00
2023-09-14 11:15:47.473: Send S5F1(1703416).
00 00 85 01 00 00 00 19 FD F8   01 03 21 01 80 B1 04 00 00 27
17 41 0C 45 51 50 2D 44 6F 6F   72 4F 70 65 6E
S5F1 W /* Alarm Report Send */
<L[3]
  <B[1] 0x80> /* Name = ALCD, Keyword = Alarm code type. 0x00:disable | 0x80:enable */
  <U4[1] 10007> /* Name = ALID, Keyword = EQP-DoorOpen (10007) */
  <A[12]"EQP-DoorOpen"> /* Name = ALTX */
>
.
Program takes      0.001 seconds to log this message.
2023-09-14 11:15:47.520: Receive Data Message.
00 00 00 0D 00 00 05 02 00 00
2023-09-14 11:15:47.520: Receive S5F2(1703416).
00 00 05 02 00 00 00 19 FD F8   21 01 00
S5F2  /* Alarm Report Ack */
<B[1] 0x00> /* Name = ACKC5 */
.
Program takes      0 seconds to log this message.
2023-09-14 11:15:48.930: Send Data Message.
00 00 00 23 00 00 85 01 00 00
2023-09-14 11:15:48.930: Send S5F1(1703417).
00 00 85 01 00 00 00 19 FD F9   01 03 21 01 80 B1 04 00 00 27
17 41 0C 45 51 50 2D 44 6F 6F   72 4F 70 65 6E
S5F1 W /* Alarm Report Send */
<L[3]
  <B[1] 0x80> /* Name = ALCD, Keyword = Alarm code type. 0x00:disable | 0x80:enable */
  <U4[1] 10007> /* Name = ALID, Keyword = EQP-DoorOpen (10007) */
  <A[12]"EQP-DoorOpen"> /* Name = ALTX */
>
.
Program takes      0.001 seconds to log this message.
2023-09-14 11:15:49.120: Receive Data Message.
00 00 00 0D 00 00 05 02 00 00
2023-09-14 11:15:49.120: Receive S5F2(1703417).
00 00 05 02 00 00 00 19 FD F9   21 01 00
S5F2  /* Alarm Report Ack */
<B[1] 0x00> /* Name = ACKC5 */
.
Program takes      0 seconds to log this message.
2023-09-14 11:15:50.196: Send Data Message.
00 00 00 23 00 00 85 01 00 00
2023-09-14 11:15:50.196: Send S5F1(1703418).
00 00 85 01 00 00 00 19 FD FA   01 03 21 01 80 B1 04 00 00 27
17 41 0C 45 51 50 2D 44 6F 6F   72 4F 70 65 6E
S5F1 W /* Alarm Report Send */
<L[3]
  <B[1] 0x80> /* Name = ALCD, Keyword = Alarm code type. 0x00:disable | 0x80:enable */
  <U4[1] 10007> /* Name = ALID, Keyword = EQP-DoorOpen (10007) */
  <A[12]"EQP-DoorOpen"> /* Name = ALTX */
>
.
Program takes      0 seconds to log this message.
2023-09-14 11:15:50.357: Receive Data Message.
00 00 00 0D 00 00 05 02 00 00
2023-09-14 11:15:50.357: Receive S5F2(1703418).
00 00 05 02 00 00 00 19 FD FA   21 01 00
S5F2  /* Alarm Report Ack */
<B[1] 0x00> /* Name = ACKC5 */
.
Program takes      0 seconds to log this message.
2023-09-14 11:15:52.051: Send Data Message.
00 00 00 23 00 00 85 01 00 00
2023-09-14 11:15:52.051: Send S5F1(1703419).
00 00 85 01 00 00 00 19 FD FB   01 03 21 01 80 B1 04 00 00 27
17 41 0C 45 51 50 2D 44 6F 6F   72 4F 70 65 6E
S5F1 W /* Alarm Report Send */
<L[3]
  <B[1] 0x80> /* Name = ALCD, Keyword = Alarm code type. 0x00:disable | 0x80:enable */
  <U4[1] 10007> /* Name = ALID, Keyword = EQP-DoorOpen (10007) */
  <A[12]"EQP-DoorOpen"> /* Name = ALTX */
>
.
Program takes      0.001 seconds to log this message.
2023-09-14 11:15:52.176: Receive Data Message.
00 00 00 0D 00 00 05 02 00 00
2023-09-14 11:15:52.176: Receive S5F2(1703419).
00 00 05 02 00 00 00 19 FD FB   21 01 00
S5F2  /* Alarm Report Ack */
<B[1] 0x00> /* Name = ACKC5 */
.
Program takes      0 seconds to log this message.
2023-09-14 11:15:53.332: Send Data Message.
00 00 00 23 00 00 85 01 00 00
2023-09-14 11:15:53.332: Send S5F1(1703420).
00 00 85 01 00 00 00 19 FD FC   01 03 21 01 80 B1 04 00 00 27
17 41 0C 45 51 50 2D 44 6F 6F   72 4F 70 65 6E
S5F1 W /* Alarm Report Send */
<L[3]
  <B[1] 0x80> /* Name = ALCD, Keyword = Alarm code type. 0x00:disable | 0x80:enable */
  <U4[1] 10007> /* Name = ALID, Keyword = EQP-DoorOpen (10007) */
  <A[12]"EQP-DoorOpen"> /* Name = ALTX */
>
.
Program takes      0.001 seconds to log this message.
2023-09-14 11:15:53.395: Receive Data Message.
00 00 00 0D 00 00 05 02 00 00
2023-09-14 11:15:53.395: Receive S5F2(1703420).
00 00 05 02 00 00 00 19 FD FC   21 01 00
S5F2  /* Alarm Report Ack */
<B[1] 0x00> /* Name = ACKC5 */
.
Program takes      0 seconds to log this message.
2023-09-14 11:15:54.470: Send Data Message.
00 00 00 23 00 00 85 01 00 00
2023-09-14 11:15:54.470: Send S5F1(1703421).
00 00 85 01 00 00 00 19 FD FD   01 03 21 01 80 B1 04 00 00 27
17 41 0C 45 51 50 2D 44 6F 6F   72 4F 70 65 6E
S5F1 W /* Alarm Report Send */
<L[3]
  <B[1] 0x80> /* Name = ALCD, Keyword = Alarm code type. 0x00:disable | 0x80:enable */
  <U4[1] 10007> /* Name = ALID, Keyword = EQP-DoorOpen (10007) */
  <A[12]"EQP-DoorOpen"> /* Name = ALTX */
>
.
Program takes      0.001 seconds to log this message.
2023-09-14 11:15:54.660: Receive Data Message.
00 00 00 0D 00 00 05 02 00 00
2023-09-14 11:15:54.660: Receive S5F2(1703421).
00 00 05 02 00 00 00 19 FD FD   21 01 00
S5F2  /* Alarm Report Ack */
<B[1] 0x00> /* Name = ACKC5 */
.
Program takes      0 seconds to log this message.
2023-09-14 11:15:56.198: Send Data Message.
00 00 00 23 00 00 85 01 00 00
2023-09-14 11:15:56.198: Send S5F1(1703422).
00 00 85 01 00 00 00 19 FD FE   01 03 21 01 80 B1 04 00 00 27
17 41 0C 45 51 50 2D 44 6F 6F   72 4F 70 65 6E
S5F1 W /* Alarm Report Send */
<L[3]
  <B[1] 0x80> /* Name = ALCD, Keyword = Alarm code type. 0x00:disable | 0x80:enable */
  <U4[1] 10007> /* Name = ALID, Keyword = EQP-DoorOpen (10007) */
  <A[12]"EQP-DoorOpen"> /* Name = ALTX */
>
.
Program takes      0.001 seconds to log this message.
2023-09-14 11:15:56.325: Receive Data Message.
00 00 00 0D 00 00 05 02 00 00
2023-09-14 11:15:56.325: Receive S5F2(1703422).
00 00 05 02 00 00 00 19 FD FE   21 01 00
S5F2  /* Alarm Report Ack */
<B[1] 0x00> /* Name = ACKC5 */
.
Program takes      0.11 seconds to log this message.
2023-09-14 11:15:57.545: Send Data Message.
00 00 00 23 00 00 85 01 00 00
2023-09-14 11:15:57.545: Send S5F1(1703423).
00 00 85 01 00 00 00 19 FD FF   01 03 21 01 80 B1 04 00 00 27
17 41 0C 45 51 50 2D 44 6F 6F   72 4F 70 65 6E
S5F1 W /* Alarm Report Send */
<L[3]
  <B[1] 0x80> /* Name = ALCD, Keyword = Alarm code type. 0x00:disable | 0x80:enable */
  <U4[1] 10007> /* Name = ALID, Keyword = EQP-DoorOpen (10007) */
  <A[12]"EQP-DoorOpen"> /* Name = ALTX */
>
.
Program takes      0.001 seconds to log this message.
2023-09-14 11:15:57.669: Receive Data Message.
00 00 00 0D 00 00 05 02 00 00
2023-09-14 11:15:57.669: Receive S5F2(1703423).
00 00 05 02 00 00 00 19 FD FF   21 01 00
S5F2  /* Alarm Report Ack */
<B[1] 0x00> /* Name = ACKC5 */
.
Program takes      0 seconds to log this message.
2023-09-14 11:15:58.738: Send Data Message.
00 00 00 23 00 00 85 01 00 00
2023-09-14 11:15:58.738: Send S5F1(1703424).
00 00 85 01 00 00 00 19 FE 00   01 03 21 01 80 B1 04 00 00 27
17 41 0C 45 51 50 2D 44 6F 6F   72 4F 70 65 6E
S5F1 W /* Alarm Report Send */
<L[3]
  <B[1] 0x80> /* Name = ALCD, Keyword = Alarm code type. 0x00:disable | 0x80:enable */
  <U4[1] 10007> /* Name = ALID, Keyword = EQP-DoorOpen (10007) */
  <A[12]"EQP-DoorOpen"> /* Name = ALTX */
>
.
Program takes      0 seconds to log this message.
2023-09-14 11:15:58.863: Receive Data Message.
00 00 00 0D 00 00 05 02 00 00
2023-09-14 11:15:58.863: Receive S5F2(1703424).
00 00 05 02 00 00 00 19 FE 00   21 01 00
S5F2  /* Alarm Report Ack */
<B[1] 0x00> /* Name = ACKC5 */
.
Program takes      0 seconds to log this message.
2023-09-14 11:16:00.087: Send Data Message.
00 00 00 23 00 00 85 01 00 00
2023-09-14 11:16:00.087: Send S5F1(1703425).
00 00 85 01 00 00 00 19 FE 01   01 03 21 01 80 B1 04 00 00 27
17 41 0C 45 51 50 2D 44 6F 6F   72 4F 70 65 6E
S5F1 W /* Alarm Report Send */
<L[3]
  <B[1] 0x80> /* Name = ALCD, Keyword = Alarm code type. 0x00:disable | 0x80:enable */
  <U4[1] 10007> /* Name = ALID, Keyword = EQP-DoorOpen (10007) */
  <A[12]"EQP-DoorOpen"> /* Name = ALTX */
>
.
Program takes      0.001 seconds to log this message.
2023-09-14 11:16:00.215: Receive Data Message.
00 00 00 0D 00 00 05 02 00 00
2023-09-14 11:16:00.215: Receive S5F2(1703425).
00 00 05 02 00 00 00 19 FE 01   21 01 00
S5F2  /* Alarm Report Ack */
<B[1] 0x00> /* Name = ACKC5 */
.
Program takes      0 seconds to log this message.
2023-09-14 11:16:01.566: Send Data Message.
00 00 00 23 00 00 85 01 00 00
2023-09-14 11:16:01.566: Send S5F1(1703426).
00 00 85 01 00 00 00 19 FE 02   01 03 21 01 80 B1 04 00 00 27
17 41 0C 45 51 50 2D 44 6F 6F   72 4F 70 65 6E
S5F1 W /* Alarm Report Send */
<L[3]
  <B[1] 0x80> /* Name = ALCD, Keyword = Alarm code type. 0x00:disable | 0x80:enable */
  <U4[1] 10007> /* Name = ALID, Keyword = EQP-DoorOpen (10007) */
  <A[12]"EQP-DoorOpen"> /* Name = ALTX */
>
.
Program takes      0.252 seconds to log this message.
2023-09-14 11:16:01.567: Receive Data Message.
00 00 00 0D 00 00 05 02 00 00
2023-09-14 11:16:01.567: Receive S5F2(1703426).
00 00 05 02 00 00 00 19 FE 02   21 01 00
S5F2  /* Alarm Report Ack */
<B[1] 0x00> /* Name = ACKC5 */
.
Program takes      0 seconds to log this message.
2023-09-14 11:16:02.684: Send Data Message.
00 00 00 23 00 00 85 01 00 00
2023-09-14 11:16:02.684: Send S5F1(1703427).
00 00 85 01 00 00 00 19 FE 03   01 03 21 01 80 B1 04 00 00 27
17 41 0C 45 51 50 2D 44 6F 6F   72 4F 70 65 6E
S5F1 W /* Alarm Report Send */
<L[3]
  <B[1] 0x80> /* Name = ALCD, Keyword = Alarm code type. 0x00:disable | 0x80:enable */
  <U4[1] 10007> /* Name = ALID, Keyword = EQP-DoorOpen (10007) */
  <A[12]"EQP-DoorOpen"> /* Name = ALTX */
>
.
Program takes      0 seconds to log this message.
2023-09-14 11:16:02.700: Receive Data Message.
00 00 00 0D 00 00 05 02 00 00
2023-09-14 11:16:02.700: Receive S5F2(1703427).
00 00 05 02 00 00 00 19 FE 03   21 01 00
S5F2  /* Alarm Report Ack */
<B[1] 0x00> /* Name = ACKC5 */
.
Program takes      0 seconds to log this message.
2023-09-14 11:16:03.752: Send Data Message.
00 00 00 23 00 00 85 01 00 00
2023-09-14 11:16:03.752: Send S5F1(1703428).
00 00 85 01 00 00 00 19 FE 04   01 03 21 01 80 B1 04 00 00 27
17 41 0C 45 51 50 2D 44 6F 6F   72 4F 70 65 6E
S5F1 W /* Alarm Report Send */
<L[3]
  <B[1] 0x80> /* Name = ALCD, Keyword = Alarm code type. 0x00:disable | 0x80:enable */
  <U4[1] 10007> /* Name = ALID, Keyword = EQP-DoorOpen (10007) */
  <A[12]"EQP-DoorOpen"> /* Name = ALTX */
>
.
Program takes      0.001 seconds to log this message.
2023-09-14 11:16:03.768: Receive Data Message.
00 00 00 0D 00 00 05 02 00 00
2023-09-14 11:16:03.768: Receive S5F2(1703428).
00 00 05 02 00 00 00 19 FE 04   21 01 00
S5F2  /* Alarm Report Ack */
<B[1] 0x00> /* Name = ACKC5 */
.
Program takes      0 seconds to log this message.
2023-09-14 11:16:04.834: Send Data Message.
00 00 00 23 00 00 85 01 00 00
2023-09-14 11:16:04.834: Send S5F1(1703429).
00 00 85 01 00 00 00 19 FE 05   01 03 21 01 80 B1 04 00 00 27
17 41 0C 45 51 50 2D 44 6F 6F   72 4F 70 65 6E
S5F1 W /* Alarm Report Send */
<L[3]
  <B[1] 0x80> /* Name = ALCD, Keyword = Alarm code type. 0x00:disable | 0x80:enable */
  <U4[1] 10007> /* Name = ALID, Keyword = EQP-DoorOpen (10007) */
  <A[12]"EQP-DoorOpen"> /* Name = ALTX */
>
.
Program takes      0.001 seconds to log this message.
2023-09-14 11:16:04.849: Receive Data Message.
00 00 00 0D 00 00 05 02 00 00
2023-09-14 11:16:04.849: Receive S5F2(1703429).
00 00 05 02 00 00 00 19 FE 05   21 01 00
S5F2  /* Alarm Report Ack */
<B[1] 0x00> /* Name = ACKC5 */
.
Program takes      0 seconds to log this message.
2023-09-14 11:16:06.395: Send Data Message.
00 00 00 23 00 00 85 01 00 00
2023-09-14 11:16:06.395: Send S5F1(1703430).
00 00 85 01 00 00 00 19 FE 06   01 03 21 01 80 B1 04 00 00 27
17 41 0C 45 51 50 2D 44 6F 6F   72 4F 70 65 6E
S5F1 W /* Alarm Report Send */
<L[3]
  <B[1] 0x80> /* Name = ALCD, Keyword = Alarm code type. 0x00:disable | 0x80:enable */
  <U4[1] 10007> /* Name = ALID, Keyword = EQP-DoorOpen (10007) */
  <A[12]"EQP-DoorOpen"> /* Name = ALTX */
>
.
Program takes      0.001 seconds to log this message.
2023-09-14 11:16:06.409: Receive Data Message.
00 00 00 0D 00 00 05 02 00 00
2023-09-14 11:16:06.409: Receive S5F2(1703430).
00 00 05 02 00 00 00 19 FE 06   21 01 00
S5F2  /* Alarm Report Ack */
<B[1] 0x00> /* Name = ACKC5 */
.
Program takes      0 seconds to log this message.
2023-09-14 11:16:07.471: Send Data Message.
00 00 00 23 00 00 85 01 00 00
2023-09-14 11:16:07.471: Send S5F1(1703431).
00 00 85 01 00 00 00 19 FE 07   01 03 21 01 80 B1 04 00 00 27
17 41 0C 45 51 50 2D 44 6F 6F   72 4F 70 65 6E
S5F1 W /* Alarm Report Send */
<L[3]
  <B[1] 0x80> /* Name = ALCD, Keyword = Alarm code type. 0x00:disable | 0x80:enable */
  <U4[1] 10007> /* Name = ALID, Keyword = EQP-DoorOpen (10007) */
  <A[12]"EQP-DoorOpen"> /* Name = ALTX */
>
.
Program takes      0.001 seconds to log this message.
2023-09-14 11:16:07.503: Receive Data Message.
00 00 00 0D 00 00 05 02 00 00
2023-09-14 11:16:07.503: Receive S5F2(1703431).
00 00 05 02 00 00 00 19 FE 07   21 01 00
S5F2  /* Alarm Report Ack */
<B[1] 0x00> /* Name = ACKC5 */
.
Program takes      0 seconds to log this message.
2023-09-14 11:16:08.892: Send Data Message.
00 00 00 23 00 00 85 01 00 00
2023-09-14 11:16:08.892: Send S5F1(1703432).
00 00 85 01 00 00 00 19 FE 08   01 03 21 01 80 B1 04 00 00 27
17 41 0C 45 51 50 2D 44 6F 6F   72 4F 70 65 6E
S5F1 W /* Alarm Report Send */
<L[3]
  <B[1] 0x80> /* Name = ALCD, Keyword = Alarm code type. 0x00:disable | 0x80:enable */
  <U4[1] 10007> /* Name = ALID, Keyword = EQP-DoorOpen (10007) */
  <A[12]"EQP-DoorOpen"> /* Name = ALTX */
>
.
Program takes      0.001 seconds to log this message.
2023-09-14 11:16:09.049: Receive Data Message.
00 00 00 0D 00 00 05 02 00 00
2023-09-14 11:16:09.049: Receive S5F2(1703432).
00 00 05 02 00 00 00 19 FE 08   21 01 00
S5F2  /* Alarm Report Ack */
<B[1] 0x00> /* Name = ACKC5 */
.
Program takes      0 seconds to log this message.
2023-09-14 11:16:10.204: Send Data Message.
00 00 00 23 00 00 85 01 00 00
2023-09-14 11:16:10.204: Send S5F1(1703433).
00 00 85 01 00 00 00 19 FE 09   01 03 21 01 80 B1 04 00 00 27
17 41 0C 45 51 50 2D 44 6F 6F   72 4F 70 65 6E
S5F1 W /* Alarm Report Send */
<L[3]
  <B[1] 0x80> /* Name = ALCD, Keyword = Alarm code type. 0x00:disable | 0x80:enable */
  <U4[1] 10007> /* Name = ALID, Keyword = EQP-DoorOpen (10007) */
  <A[12]"EQP-DoorOpen"> /* Name = ALTX */
>
.
Program takes      0 seconds to log this message.
2023-09-14 11:16:10.299: Receive Data Message.
00 00 00 0D 00 00 05 02 00 00
2023-09-14 11:16:10.299: Receive S5F2(1703433).
00 00 05 02 00 00 00 19 FE 09   21 01 00
S5F2  /* Alarm Report Ack */
<B[1] 0x00> /* Name = ACKC5 */
.
Program takes      0 seconds to log this message.
2023-09-14 11:16:11.381: Send Data Message.
00 00 00 23 00 00 85 01 00 00
2023-09-14 11:16:11.381: Send S5F1(1703434).
00 00 85 01 00 00 00 19 FE 0A   01 03 21 01 80 B1 04 00 00 27
17 41 0C 45 51 50 2D 44 6F 6F   72 4F 70 65 6E
S5F1 W /* Alarm Report Send */
<L[3]
  <B[1] 0x80> /* Name = ALCD, Keyword = Alarm code type. 0x00:disable | 0x80:enable */
  <U4[1] 10007> /* Name = ALID, Keyword = EQP-DoorOpen (10007) */
  <A[12]"EQP-DoorOpen"> /* Name = ALTX */
>
.
Program takes      0.001 seconds to log this message.
2023-09-14 11:16:11.568: Receive Data Message.
00 00 00 0D 00 00 05 02 00 00
2023-09-14 11:16:11.568: Receive S5F2(1703434).
00 00 05 02 00 00 00 19 FE 0A   21 01 00
S5F2  /* Alarm Report Ack */
<B[1] 0x00> /* Name = ACKC5 */
.
Program takes      0 seconds to log this message.
2023-09-14 11:16:12.969: Send Data Message.
00 00 00 23 00 00 85 01 00 00
2023-09-14 11:16:12.969: Send S5F1(1703435).
00 00 85 01 00 00 00 19 FE 0B   01 03 21 01 80 B1 04 00 00 27
17 41 0C 45 51 50 2D 44 6F 6F   72 4F 70 65 6E
S5F1 W /* Alarm Report Send */
<L[3]
  <B[1] 0x80> /* Name = ALCD, Keyword = Alarm code type. 0x00:disable | 0x80:enable */
  <U4[1] 10007> /* Name = ALID, Keyword = EQP-DoorOpen (10007) */
  <A[12]"EQP-DoorOpen"> /* Name = ALTX */
>
.
Program takes      0.001 seconds to log this message.
2023-09-14 11:16:12.985: Receive Data Message.
00 00 00 0D 00 00 05 02 00 00
2023-09-14 11:16:12.985: Receive S5F2(1703435).
00 00 05 02 00 00 00 19 FE 0B   21 01 00
S5F2  /* Alarm Report Ack */
<B[1] 0x00> /* Name = ACKC5 */
.
Program takes      0 seconds to log this message.
2023-09-14 11:16:14.052: Send Data Message.
00 00 00 23 00 00 85 01 00 00
2023-09-14 11:16:14.052: Send S5F1(1703436).
00 00 85 01 00 00 00 19 FE 0C   01 03 21 01 80 B1 04 00 00 27
17 41 0C 45 51 50 2D 44 6F 6F   72 4F 70 65 6E
S5F1 W /* Alarm Report Send */
<L[3]
  <B[1] 0x80> /* Name = ALCD, Keyword = Alarm code type. 0x00:disable | 0x80:enable */
  <U4[1] 10007> /* Name = ALID, Keyword = EQP-DoorOpen (10007) */
  <A[12]"EQP-DoorOpen"> /* Name = ALTX */
>
.
Program takes      0.001 seconds to log this message.
2023-09-14 11:16:14.147: Receive Data Message.
00 00 00 0D 00 00 05 02 00 00
2023-09-14 11:16:14.147: Receive S5F2(1703436).
00 00 05 02 00 00 00 19 FE 0C   21 01 00
S5F2  /* Alarm Report Ack */
<B[1] 0x00> /* Name = ACKC5 */
.
Program takes      0 seconds to log this message.
2023-09-14 11:16:15.454: Send Data Message.
00 00 00 23 00 00 85 01 00 00
2023-09-14 11:16:15.454: Send S5F1(1703437).
00 00 85 01 00 00 00 19 FE 0D   01 03 21 01 80 B1 04 00 00 27
17 41 0C 45 51 50 2D 44 6F 6F   72 4F 70 65 6E
S5F1 W /* Alarm Report Send */
<L[3]
  <B[1] 0x80> /* Name = ALCD, Keyword = Alarm code type. 0x00:disable | 0x80:enable */
  <U4[1] 10007> /* Name = ALID, Keyword = EQP-DoorOpen (10007) */
  <A[12]"EQP-DoorOpen"> /* Name = ALTX */
>
.
Program takes      0 seconds to log this message.
2023-09-14 11:16:15.516: Receive Data Message.
00 00 00 0D 00 00 05 02 00 00
2023-09-14 11:16:15.516: Receive S5F2(1703437).
00 00 05 02 00 00 00 19 FE 0D   21 01 00
S5F2  /* Alarm Report Ack */
<B[1] 0x00> /* Name = ACKC5 */
.
Program takes      0 seconds to log this message.
2023-09-14 11:16:16.588: Send Data Message.
00 00 00 23 00 00 85 01 00 00
2023-09-14 11:16:16.588: Send S5F1(1703438).
00 00 85 01 00 00 00 19 FE 0E   01 03 21 01 80 B1 04 00 00 27
17 41 0C 45 51 50 2D 44 6F 6F   72 4F 70 65 6E
S5F1 W /* Alarm Report Send */
<L[3]
  <B[1] 0x80> /* Name = ALCD, Keyword = Alarm code type. 0x00:disable | 0x80:enable */
  <U4[1] 10007> /* Name = ALID, Keyword = EQP-DoorOpen (10007) */
  <A[12]"EQP-DoorOpen"> /* Name = ALTX */
>
.
Program takes      0.001 seconds to log this message.
2023-09-14 11:16:16.715: Receive Data Message.
00 00 00 0D 00 00 05 02 00 00
2023-09-14 11:16:16.715: Receive S5F2(1703438).
00 00 05 02 00 00 00 19 FE 0E   21 01 00
S5F2  /* Alarm Report Ack */
<B[1] 0x00> /* Name = ACKC5 */
.
Program takes      0 seconds to log this message.
2023-09-14 11:16:18.035: Send Data Message.
00 00 00 23 00 00 85 01 00 00
2023-09-14 11:16:18.035: Send S5F1(1703439).
00 00 85 01 00 00 00 19 FE 0F   01 03 21 01 80 B1 04 00 00 27
17 41 0C 45 51 50 2D 44 6F 6F   72 4F 70 65 6E
S5F1 W /* Alarm Report Send */
<L[3]
  <B[1] 0x80> /* Name = ALCD, Keyword = Alarm code type. 0x00:disable | 0x80:enable */
  <U4[1] 10007> /* Name = ALID, Keyword = EQP-DoorOpen (10007) */
  <A[12]"EQP-DoorOpen"> /* Name = ALTX */
>
.
Program takes      0.001 seconds to log this message.
2023-09-14 11:16:18.064: Receive Data Message.
00 00 00 0D 00 00 05 02 00 00
2023-09-14 11:16:18.064: Receive S5F2(1703439).
00 00 05 02 00 00 00 19 FE 0F   21 01 00
S5F2  /* Alarm Report Ack */
<B[1] 0x00> /* Name = ACKC5 */
.
Program takes      0 seconds to log this message.
2023-09-14 11:16:19.128: Send Data Message.
00 00 00 23 00 00 85 01 00 00
2023-09-14 11:16:19.128: Send S5F1(1703440).
00 00 85 01 00 00 00 19 FE 10   01 03 21 01 80 B1 04 00 00 27
17 41 0C 45 51 50 2D 44 6F 6F   72 4F 70 65 6E
S5F1 W /* Alarm Report Send */
<L[3]
  <B[1] 0x80> /* Name = ALCD, Keyword = Alarm code type. 0x00:disable | 0x80:enable */
  <U4[1] 10007> /* Name = ALID, Keyword = EQP-DoorOpen (10007) */
  <A[12]"EQP-DoorOpen"> /* Name = ALTX */
>
.
Program takes      0 seconds to log this message.
2023-09-14 11:16:19.508: Receive Data Message.
00 00 00 0D 00 00 05 02 00 00
2023-09-14 11:16:19.508: Receive S5F2(1703440).
00 00 05 02 00 00 00 19 FE 10   21 01 00
S5F2  /* Alarm Report Ack */
<B[1] 0x00> /* Name = ACKC5 */
.
Program takes      0 seconds to log this message.
2023-09-14 11:16:20.857: Send Data Message.
00 00 00 23 00 00 85 01 00 00
2023-09-14 11:16:20.857: Send S5F1(1703441).
00 00 85 01 00 00 00 19 FE 11   01 03 21 01 80 B1 04 00 00 27
17 41 0C 45 51 50 2D 44 6F 6F   72 4F 70 65 6E
S5F1 W /* Alarm Report Send */
<L[3]
  <B[1] 0x80> /* Name = ALCD, Keyword = Alarm code type. 0x00:disable | 0x80:enable */
  <U4[1] 10007> /* Name = ALID, Keyword = EQP-DoorOpen (10007) */
  <A[12]"EQP-DoorOpen"> /* Name = ALTX */
>
.
Program takes      0.001 seconds to log this message.
2023-09-14 11:16:21.095: Receive Data Message.
00 00 00 0D 00 00 05 02 00 00
2023-09-14 11:16:21.095: Receive S5F2(1703441).
00 00 05 02 00 00 00 19 FE 11   21 01 00
S5F2  /* Alarm Report Ack */
<B[1] 0x00> /* Name = ACKC5 */
.
Program takes      0 seconds to log this message.
2023-09-14 11:16:22.182: Send Data Message.
00 00 00 23 00 00 85 01 00 00
2023-09-14 11:16:22.182: Send S5F1(1703442).
00 00 85 01 00 00 00 19 FE 12   01 03 21 01 80 B1 04 00 00 27
17 41 0C 45 51 50 2D 44 6F 6F   72 4F 70 65 6E
S5F1 W /* Alarm Report Send */
<L[3]
  <B[1] 0x80> /* Name = ALCD, Keyword = Alarm code type. 0x00:disable | 0x80:enable */
  <U4[1] 10007> /* Name = ALID, Keyword = EQP-DoorOpen (10007) */
  <A[12]"EQP-DoorOpen"> /* Name = ALTX */
>
.
Program takes      0.001 seconds to log this message.
2023-09-14 11:16:22.277: Receive Data Message.
00 00 00 0D 00 00 05 02 00 00
2023-09-14 11:16:22.277: Receive S5F2(1703442).
00 00 05 02 00 00 00 19 FE 12   21 01 00
S5F2  /* Alarm Report Ack */
<B[1] 0x00> /* Name = ACKC5 */
.
Program takes      0 seconds to log this message.
2023-09-14 11:16:23.348: Send Data Message.
00 00 00 23 00 00 85 01 00 00
2023-09-14 11:16:23.348: Send S5F1(1703443).
00 00 85 01 00 00 00 19 FE 13   01 03 21 01 80 B1 04 00 00 27
17 41 0C 45 51 50 2D 44 6F 6F   72 4F 70 65 6E
S5F1 W /* Alarm Report Send */
<L[3]
  <B[1] 0x80> /* Name = ALCD, Keyword = Alarm code type. 0x00:disable | 0x80:enable */
  <U4[1] 10007> /* Name = ALID, Keyword = EQP-DoorOpen (10007) */
  <A[12]"EQP-DoorOpen"> /* Name = ALTX */
>
.
Program takes      0.001 seconds to log this message.
2023-09-14 11:16:23.363: Receive Data Message.
00 00 00 0D 00 00 05 02 00 00
2023-09-14 11:16:23.363: Receive S5F2(1703443).
00 00 05 02 00 00 00 19 FE 13   21 01 00
S5F2  /* Alarm Report Ack */
<B[1] 0x00> /* Name = ACKC5 */
.
Program takes      0 seconds to log this message.
2023-09-14 11:16:24.415: Send Data Message.
00 00 00 23 00 00 85 01 00 00
2023-09-14 11:16:24.415: Send S5F1(1703444).
00 00 85 01 00 00 00 19 FE 14   01 03 21 01 80 B1 04 00 00 27
17 41 0C 45 51 50 2D 44 6F 6F   72 4F 70 65 6E
S5F1 W /* Alarm Report Send */
<L[3]
  <B[1] 0x80> /* Name = ALCD, Keyword = Alarm code type. 0x00:disable | 0x80:enable */
  <U4[1] 10007> /* Name = ALID, Keyword = EQP-DoorOpen (10007) */
  <A[12]"EQP-DoorOpen"> /* Name = ALTX */
>
.
Program takes      0.001 seconds to log this message.
2023-09-14 11:16:24.699: Receive Data Message.
00 00 00 0D 00 00 05 02 00 00
2023-09-14 11:16:24.699: Receive S5F2(1703444).
00 00 05 02 00 00 00 19 FE 14   21 01 00
S5F2  /* Alarm Report Ack */
<B[1] 0x00> /* Name = ACKC5 */
.
Program takes      0 seconds to log this message.
2023-09-14 11:16:25.768: Send Data Message.
00 00 00 23 00 00 85 01 00 00
2023-09-14 11:16:25.768: Send S5F1(1703445).
00 00 85 01 00 00 00 19 FE 15   01 03 21 01 80 B1 04 00 00 27
17 41 0C 45 51 50 2D 44 6F 6F   72 4F 70 65 6E
S5F1 W /* Alarm Report Send */
<L[3]
  <B[1] 0x80> /* Name = ALCD, Keyword = Alarm code type. 0x00:disable | 0x80:enable */
  <U4[1] 10007> /* Name = ALID, Keyword = EQP-DoorOpen (10007) */
  <A[12]"EQP-DoorOpen"> /* Name = ALTX */
>
.
Program takes      0 seconds to log this message.
2023-09-14 11:16:25.832: Receive Data Message.
00 00 00 0D 00 00 05 02 00 00
2023-09-14 11:16:25.832: Receive S5F2(1703445).
00 00 05 02 00 00 00 19 FE 15   21 01 00
S5F2  /* Alarm Report Ack */
<B[1] 0x00> /* Name = ACKC5 */
.
Program takes      0 seconds to log this message.
2023-09-14 11:16:26.893: Send Data Message.
00 00 00 23 00 00 85 01 00 00
2023-09-14 11:16:26.893: Send S5F1(1703446).
00 00 85 01 00 00 00 19 FE 16   01 03 21 01 80 B1 04 00 00 27
17 41 0C 45 51 50 2D 44 6F 6F   72 4F 70 65 6E
S5F1 W /* Alarm Report Send */
<L[3]
  <B[1] 0x80> /* Name = ALCD, Keyword = Alarm code type. 0x00:disable | 0x80:enable */
  <U4[1] 10007> /* Name = ALID, Keyword = EQP-DoorOpen (10007) */
  <A[12]"EQP-DoorOpen"> /* Name = ALTX */
>
.
Program takes      0 seconds to log this message.
2023-09-14 11:16:26.908: Receive Data Message.
00 00 00 0D 00 00 05 02 00 00
2023-09-14 11:16:26.908: Receive S5F2(1703446).
00 00 05 02 00 00 00 19 FE 16   21 01 00
S5F2  /* Alarm Report Ack */
<B[1] 0x00> /* Name = ACKC5 */
.
Program takes      0 seconds to log this message.
2023-09-14 11:16:27.965: Send Data Message.
00 00 00 23 00 00 85 01 00 00
2023-09-14 11:16:27.965: Send S5F1(1703447).
00 00 85 01 00 00 00 19 FE 17   01 03 21 01 80 B1 04 00 00 27
17 41 0C 45 51 50 2D 44 6F 6F   72 4F 70 65 6E
S5F1 W /* Alarm Report Send */
<L[3]
  <B[1] 0x80> /* Name = ALCD, Keyword = Alarm code type. 0x00:disable | 0x80:enable */
  <U4[1] 10007> /* Name = ALID, Keyword = EQP-DoorOpen (10007) */
  <A[12]"EQP-DoorOpen"> /* Name = ALTX */
>
.
Program takes      0 seconds to log this message.
2023-09-14 11:16:27.981: Receive Data Message.
00 00 00 0D 00 00 05 02 00 00
2023-09-14 11:16:27.981: Receive S5F2(1703447).
00 00 05 02 00 00 00 19 FE 17   21 01 00
S5F2  /* Alarm Report Ack */
<B[1] 0x00> /* Name = ACKC5 */
.
Program takes      0 seconds to log this message.
2023-09-14 11:16:29.036: Send Data Message.
00 00 00 23 00 00 85 01 00 00
2023-09-14 11:16:29.036: Send S5F1(1703448).
00 00 85 01 00 00 00 19 FE 18   01 03 21 01 80 B1 04 00 00 27
17 41 0C 45 51 50 2D 44 6F 6F   72 4F 70 65 6E
S5F1 W /* Alarm Report Send */
<L[3]
  <B[1] 0x80> /* Name = ALCD, Keyword = Alarm code type. 0x00:disable | 0x80:enable */
  <U4[1] 10007> /* Name = ALID, Keyword = EQP-DoorOpen (10007) */
  <A[12]"EQP-DoorOpen"> /* Name = ALTX */
>
.
Program takes      0.001 seconds to log this message.
2023-09-14 11:16:29.068: Receive Data Message.
00 00 00 0D 00 00 05 02 00 00
2023-09-14 11:16:29.068: Receive S5F2(1703448).
00 00 05 02 00 00 00 19 FE 18   21 01 00
S5F2  /* Alarm Report Ack */
<B[1] 0x00> /* Name = ACKC5 */
.
Program takes      0 seconds to log this message.
2023-09-14 11:16:30.147: Send Data Message.
00 00 00 23 00 00 85 01 00 00
2023-09-14 11:16:30.147: Send S5F1(1703449).
00 00 85 01 00 00 00 19 FE 19   01 03 21 01 80 B1 04 00 00 27
17 41 0C 45 51 50 2D 44 6F 6F   72 4F 70 65 6E
S5F1 W /* Alarm Report Send */
<L[3]
  <B[1] 0x80> /* Name = ALCD, Keyword = Alarm code type. 0x00:disable | 0x80:enable */
  <U4[1] 10007> /* Name = ALID, Keyword = EQP-DoorOpen (10007) */
  <A[12]"EQP-DoorOpen"> /* Name = ALTX */
>
.
Program takes      0.001 seconds to log this message.
2023-09-14 11:16:30.212: Receive Data Message.
00 00 00 0D 00 00 05 02 00 00
2023-09-14 11:16:30.212: Receive S5F2(1703449).
00 00 05 02 00 00 00 19 FE 19   21 01 00
S5F2  /* Alarm Report Ack */
<B[1] 0x00> /* Name = ACKC5 */
.
Program takes      0 seconds to log this message.
2023-09-14 11:16:31.474: Send Data Message.
00 00 00 23 00 00 85 01 00 00
2023-09-14 11:16:31.474: Send S5F1(1703450).
00 00 85 01 00 00 00 19 FE 1A   01 03 21 01 80 B1 04 00 00 27
17 41 0C 45 51 50 2D 44 6F 6F   72 4F 70 65 6E
S5F1 W /* Alarm Report Send */
<L[3]
  <B[1] 0x80> /* Name = ALCD, Keyword = Alarm code type. 0x00:disable | 0x80:enable */
  <U4[1] 10007> /* Name = ALID, Keyword = EQP-DoorOpen (10007) */
  <A[12]"EQP-DoorOpen"> /* Name = ALTX */
>
.
Program takes      0.16 seconds to log this message.
2023-09-14 11:16:31.475: Receive Data Message.
00 00 00 0D 00 00 05 02 00 00
2023-09-14 11:16:31.475: Receive S5F2(1703450).
00 00 05 02 00 00 00 19 FE 1A   21 01 00
S5F2  /* Alarm Report Ack */
<B[1] 0x00> /* Name = ACKC5 */
.
Program takes      0 seconds to log this message.
2023-09-14 11:16:32.799: Send Data Message.
00 00 00 23 00 00 85 01 00 00
2023-09-14 11:16:32.799: Send S5F1(1703451).
00 00 85 01 00 00 00 19 FE 1B   01 03 21 01 80 B1 04 00 00 27
17 41 0C 45 51 50 2D 44 6F 6F   72 4F 70 65 6E
S5F1 W /* Alarm Report Send */
<L[3]
  <B[1] 0x80> /* Name = ALCD, Keyword = Alarm code type. 0x00:disable | 0x80:enable */
  <U4[1] 10007> /* Name = ALID, Keyword = EQP-DoorOpen (10007) */
  <A[12]"EQP-DoorOpen"> /* Name = ALTX */
>
.
Program takes      0.001 seconds to log this message.
2023-09-14 11:16:33.239: Receive Data Message.
00 00 00 0D 00 00 05 02 00 00
2023-09-14 11:16:33.239: Receive S5F2(1703451).
00 00 05 02 00 00 00 19 FE 1B   21 01 00
S5F2  /* Alarm Report Ack */
<B[1] 0x00> /* Name = ACKC5 */
.
Program takes      0 seconds to log this message.
2023-09-14 11:16:34.326: Send Data Message.
00 00 00 23 00 00 85 01 00 00
2023-09-14 11:16:34.326: Send S5F1(1703452).
00 00 85 01 00 00 00 19 FE 1C   01 03 21 01 80 B1 04 00 00 27
17 41 0C 45 51 50 2D 44 6F 6F   72 4F 70 65 6E
S5F1 W /* Alarm Report Send */
<L[3]
  <B[1] 0x80> /* Name = ALCD, Keyword = Alarm code type. 0x00:disable | 0x80:enable */
  <U4[1] 10007> /* Name = ALID, Keyword = EQP-DoorOpen (10007) */
  <A[12]"EQP-DoorOpen"> /* Name = ALTX */
>
.
Program takes      0.001 seconds to log this message.
2023-09-14 11:16:34.389: Receive Data Message.
00 00 00 0D 00 00 05 02 00 00
2023-09-14 11:16:34.389: Receive S5F2(1703452).
00 00 05 02 00 00 00 19 FE 1C   21 01 00
S5F2  /* Alarm Report Ack */
<B[1] 0x00> /* Name = ACKC5 */
.
Program takes      0 seconds to log this message.
2023-09-14 11:16:35.770: Send Data Message.
00 00 00 23 00 00 85 01 00 00
2023-09-14 11:16:35.770: Send S5F1(1703453).
00 00 85 01 00 00 00 19 FE 1D   01 03 21 01 80 B1 04 00 00 27
17 41 0C 45 51 50 2D 44 6F 6F   72 4F 70 65 6E
S5F1 W /* Alarm Report Send */
<L[3]
  <B[1] 0x80> /* Name = ALCD, Keyword = Alarm code type. 0x00:disable | 0x80:enable */
  <U4[1] 10007> /* Name = ALID, Keyword = EQP-DoorOpen (10007) */
  <A[12]"EQP-DoorOpen"> /* Name = ALTX */
>
.
Program takes      0.001 seconds to log this message.
2023-09-14 11:16:35.896: Receive Data Message.
00 00 00 0D 00 00 05 02 00 00
2023-09-14 11:16:35.896: Receive S5F2(1703453).
00 00 05 02 00 00 00 19 FE 1D   21 01 00
S5F2  /* Alarm Report Ack */
<B[1] 0x00> /* Name = ACKC5 */
.
Program takes      0 seconds to log this message.
2023-09-14 11:16:36.971: Send Data Message.
00 00 00 23 00 00 85 01 00 00
2023-09-14 11:16:36.971: Send S5F1(1703454).
00 00 85 01 00 00 00 19 FE 1E   01 03 21 01 80 B1 04 00 00 27
17 41 0C 45 51 50 2D 44 6F 6F   72 4F 70 65 6E
S5F1 W /* Alarm Report Send */
<L[3]
  <B[1] 0x80> /* Name = ALCD, Keyword = Alarm code type. 0x00:disable | 0x80:enable */
  <U4[1] 10007> /* Name = ALID, Keyword = EQP-DoorOpen (10007) */
  <A[12]"EQP-DoorOpen"> /* Name = ALTX */
>
.
Program takes      0.001 seconds to log this message.
2023-09-14 11:16:37.129: Receive Data Message.
00 00 00 0D 00 00 05 02 00 00
2023-09-14 11:16:37.129: Receive S5F2(1703454).
00 00 05 02 00 00 00 19 FE 1E   21 01 00
S5F2  /* Alarm Report Ack */
<B[1] 0x00> /* Name = ACKC5 */
.
Program takes      0 seconds to log this message.
2023-09-14 11:16:38.472: Send Data Message.
00 00 00 23 00 00 85 01 00 00
2023-09-14 11:16:38.472: Send S5F1(1703455).
00 00 85 01 00 00 00 19 FE 1F   01 03 21 01 80 B1 04 00 00 27
17 41 0C 45 51 50 2D 44 6F 6F   72 4F 70 65 6E
S5F1 W /* Alarm Report Send */
<L[3]
  <B[1] 0x80> /* Name = ALCD, Keyword = Alarm code type. 0x00:disable | 0x80:enable */
  <U4[1] 10007> /* Name = ALID, Keyword = EQP-DoorOpen (10007) */
  <A[12]"EQP-DoorOpen"> /* Name = ALTX */
>
.
Program takes      0.001 seconds to log this message.
2023-09-14 11:16:38.599: Receive Data Message.
00 00 00 0D 00 00 05 02 00 00
2023-09-14 11:16:38.599: Receive S5F2(1703455).
00 00 05 02 00 00 00 19 FE 1F   21 01 00
S5F2  /* Alarm Report Ack */
<B[1] 0x00> /* Name = ACKC5 */
.
Program takes      0 seconds to log this message.
2023-09-14 11:16:39.678: Send Data Message.
00 00 00 23 00 00 85 01 00 00
2023-09-14 11:16:39.678: Send S5F1(1703456).
00 00 85 01 00 00 00 19 FE 20   01 03 21 01 80 B1 04 00 00 27
17 41 0C 45 51 50 2D 44 6F 6F   72 4F 70 65 6E
S5F1 W /* Alarm Report Send */
<L[3]
  <B[1] 0x80> /* Name = ALCD, Keyword = Alarm code type. 0x00:disable | 0x80:enable */
  <U4[1] 10007> /* Name = ALID, Keyword = EQP-DoorOpen (10007) */
  <A[12]"EQP-DoorOpen"> /* Name = ALTX */
>
.
Program takes      0.001 seconds to log this message.
2023-09-14 11:16:39.932: Receive Data Message.
00 00 00 0D 00 00 05 02 00 00
2023-09-14 11:16:39.932: Receive S5F2(1703456).
00 00 05 02 00 00 00 19 FE 20   21 01 00
S5F2  /* Alarm Report Ack */
<B[1] 0x00> /* Name = ACKC5 */
.
Program takes      0 seconds to log this message.
2023-09-14 11:16:41.089: Send Data Message.
00 00 00 23 00 00 85 01 00 00
2023-09-14 11:16:41.089: Send S5F1(1703457).
00 00 85 01 00 00 00 19 FE 21   01 03 21 01 80 B1 04 00 00 27
17 41 0C 45 51 50 2D 44 6F 6F   72 4F 70 65 6E
S5F1 W /* Alarm Report Send */
<L[3]
  <B[1] 0x80> /* Name = ALCD, Keyword = Alarm code type. 0x00:disable | 0x80:enable */
  <U4[1] 10007> /* Name = ALID, Keyword = EQP-DoorOpen (10007) */
  <A[12]"EQP-DoorOpen"> /* Name = ALTX */
>
.
Program takes      0.001 seconds to log this message.
2023-09-14 11:16:41.249: Receive Data Message.
00 00 00 0D 00 00 05 02 00 00
2023-09-14 11:16:41.249: Receive S5F2(1703457).
00 00 05 02 00 00 00 19 FE 21   21 01 00
S5F2  /* Alarm Report Ack */
<B[1] 0x00> /* Name = ACKC5 */
.
Program takes      0 seconds to log this message.
2023-09-14 11:16:42.323: Send Data Message.
00 00 00 23 00 00 85 01 00 00
2023-09-14 11:16:42.323: Send S5F1(1703458).
00 00 85 01 00 00 00 19 FE 22   01 03 21 01 80 B1 04 00 00 27
17 41 0C 45 51 50 2D 44 6F 6F   72 4F 70 65 6E
S5F1 W /* Alarm Report Send */
<L[3]
  <B[1] 0x80> /* Name = ALCD, Keyword = Alarm code type. 0x00:disable | 0x80:enable */
  <U4[1] 10007> /* Name = ALID, Keyword = EQP-DoorOpen (10007) */
  <A[12]"EQP-DoorOpen"> /* Name = ALTX */
>
.
Program takes      0.001 seconds to log this message.
2023-09-14 11:16:42.479: Receive Data Message.
00 00 00 0D 00 00 05 02 00 00
2023-09-14 11:16:42.479: Receive S5F2(1703458).
00 00 05 02 00 00 00 19 FE 22   21 01 00
S5F2  /* Alarm Report Ack */
<B[1] 0x00> /* Name = ACKC5 */
.
Program takes      0 seconds to log this message.
2023-09-14 11:16:43.849: Send Data Message.
00 00 00 23 00 00 85 01 00 00
2023-09-14 11:16:43.849: Send S5F1(1703459).
00 00 85 01 00 00 00 19 FE 23   01 03 21 01 80 B1 04 00 00 27
17 41 0C 45 51 50 2D 44 6F 6F   72 4F 70 65 6E
S5F1 W /* Alarm Report Send */
<L[3]
  <B[1] 0x80> /* Name = ALCD, Keyword = Alarm code type. 0x00:disable | 0x80:enable */
  <U4[1] 10007> /* Name = ALID, Keyword = EQP-DoorOpen (10007) */
  <A[12]"EQP-DoorOpen"> /* Name = ALTX */
>
.
Program takes      0.001 seconds to log this message.
2023-09-14 11:16:43.865: Receive Data Message.
00 00 00 0D 00 00 05 02 00 00
2023-09-14 11:16:43.865: Receive S5F2(1703459).
00 00 05 02 00 00 00 19 FE 23   21 01 00
S5F2  /* Alarm Report Ack */
<B[1] 0x00> /* Name = ACKC5 */
.
Program takes      0 seconds to log this message.
2023-09-14 11:16:44.933: Send Data Message.
00 00 00 23 00 00 85 01 00 00
2023-09-14 11:16:44.933: Send S5F1(1703460).
00 00 85 01 00 00 00 19 FE 24   01 03 21 01 80 B1 04 00 00 27
17 41 0C 45 51 50 2D 44 6F 6F   72 4F 70 65 6E
S5F1 W /* Alarm Report Send */
<L[3]
  <B[1] 0x80> /* Name = ALCD, Keyword = Alarm code type. 0x00:disable | 0x80:enable */
  <U4[1] 10007> /* Name = ALID, Keyword = EQP-DoorOpen (10007) */
  <A[12]"EQP-DoorOpen"> /* Name = ALTX */
>
.
Program takes      0.001 seconds to log this message.
2023-09-14 11:16:45.027: Receive Data Message.
00 00 00 0D 00 00 05 02 00 00
2023-09-14 11:16:45.027: Receive S5F2(1703460).
00 00 05 02 00 00 00 19 FE 24   21 01 00
S5F2  /* Alarm Report Ack */
<B[1] 0x00> /* Name = ACKC5 */
.
Program takes      0 seconds to log this message.
2023-09-14 11:16:46.564: Send Data Message.
00 00 00 23 00 00 85 01 00 00
2023-09-14 11:16:46.564: Send S5F1(1703461).
00 00 85 01 00 00 00 19 FE 25   01 03 21 01 80 B1 04 00 00 27
17 41 0C 45 51 50 2D 44 6F 6F   72 4F 70 65 6E
S5F1 W /* Alarm Report Send */
<L[3]
  <B[1] 0x80> /* Name = ALCD, Keyword = Alarm code type. 0x00:disable | 0x80:enable */
  <U4[1] 10007> /* Name = ALID, Keyword = EQP-DoorOpen (10007) */
  <A[12]"EQP-DoorOpen"> /* Name = ALTX */
>
.
Program takes      0.001 seconds to log this message.
2023-09-14 11:16:46.627: Receive Data Message.
00 00 00 0D 00 00 05 02 00 00
2023-09-14 11:16:46.627: Receive S5F2(1703461).
00 00 05 02 00 00 00 19 FE 25   21 01 00
S5F2  /* Alarm Report Ack */
<B[1] 0x00> /* Name = ACKC5 */
.
Program takes      0 seconds to log this message.
2023-09-14 11:16:47.705: Send Data Message.
00 00 00 23 00 00 85 01 00 00
2023-09-14 11:16:47.705: Send S5F1(1703462).
00 00 85 01 00 00 00 19 FE 26   01 03 21 01 80 B1 04 00 00 27
17 41 0C 45 51 50 2D 44 6F 6F   72 4F 70 65 6E
S5F1 W /* Alarm Report Send */
<L[3]
  <B[1] 0x80> /* Name = ALCD, Keyword = Alarm code type. 0x00:disable | 0x80:enable */
  <U4[1] 10007> /* Name = ALID, Keyword = EQP-DoorOpen (10007) */
  <A[12]"EQP-DoorOpen"> /* Name = ALTX */
>
.
Program takes      0.001 seconds to log this message.
2023-09-14 11:16:47.718: Receive Data Message.
00 00 00 0D 00 00 05 02 00 00
2023-09-14 11:16:47.718: Receive S5F2(1703462).
00 00 05 02 00 00 00 19 FE 26   21 01 00
S5F2  /* Alarm Report Ack */
<B[1] 0x00> /* Name = ACKC5 */
.
Program takes      0 seconds to log this message.
2023-09-14 11:16:48.885: Send Data Message.
00 00 00 23 00 00 85 01 00 00
2023-09-14 11:16:48.885: Send S5F1(1703463).
00 00 85 01 00 00 00 19 FE 27   01 03 21 01 80 B1 04 00 00 27
17 41 0C 45 51 50 2D 44 6F 6F   72 4F 70 65 6E
S5F1 W /* Alarm Report Send */
<L[3]
  <B[1] 0x80> /* Name = ALCD, Keyword = Alarm code type. 0x00:disable | 0x80:enable */
  <U4[1] 10007> /* Name = ALID, Keyword = EQP-DoorOpen (10007) */
  <A[12]"EQP-DoorOpen"> /* Name = ALTX */
>
.
Program takes      0 seconds to log this message.
2023-09-14 11:16:48.917: Receive Data Message.
00 00 00 0D 00 00 05 02 00 00
2023-09-14 11:16:48.917: Receive S5F2(1703463).
00 00 05 02 00 00 00 19 FE 27   21 01 00
S5F2  /* Alarm Report Ack */
<B[1] 0x00> /* Name = ACKC5 */
.
Program takes      0 seconds to log this message.
2023-09-14 11:16:50.618: Send Data Message.
00 00 00 23 00 00 85 01 00 00
2023-09-14 11:16:50.618: Send S5F1(1703464).
00 00 85 01 00 00 00 19 FE 28   01 03 21 01 80 B1 04 00 00 27
17 41 0C 45 51 50 2D 44 6F 6F   72 4F 70 65 6E
S5F1 W /* Alarm Report Send */
<L[3]
  <B[1] 0x80> /* Name = ALCD, Keyword = Alarm code type. 0x00:disable | 0x80:enable */
  <U4[1] 10007> /* Name = ALID, Keyword = EQP-DoorOpen (10007) */
  <A[12]"EQP-DoorOpen"> /* Name = ALTX */
>
.
Program takes      0.002 seconds to log this message.
2023-09-14 11:16:50.869: Receive Data Message.
00 00 00 0D 00 00 05 02 00 00
2023-09-14 11:16:50.869: Receive S5F2(1703464).
00 00 05 02 00 00 00 19 FE 28   21 01 00
S5F2  /* Alarm Report Ack */
<B[1] 0x00> /* Name = ACKC5 */
.
Program takes      0 seconds to log this message.
2023-09-14 11:16:51.959: Send Data Message.
00 00 00 23 00 00 85 01 00 00
2023-09-14 11:16:51.959: Send S5F1(1703465).
00 00 85 01 00 00 00 19 FE 29   01 03 21 01 80 B1 04 00 00 27
17 41 0C 45 51 50 2D 44 6F 6F   72 4F 70 65 6E
S5F1 W /* Alarm Report Send */
<L[3]
  <B[1] 0x80> /* Name = ALCD, Keyword = Alarm code type. 0x00:disable | 0x80:enable */
  <U4[1] 10007> /* Name = ALID, Keyword = EQP-DoorOpen (10007) */
  <A[12]"EQP-DoorOpen"> /* Name = ALTX */
>
.
Program takes      0.001 seconds to log this message.
2023-09-14 11:16:52.344: Receive Data Message.
00 00 00 0D 00 00 05 02 00 00
2023-09-14 11:16:52.344: Receive S5F2(1703465).
00 00 05 02 00 00 00 19 FE 29   21 01 00
S5F2  /* Alarm Report Ack */
<B[1] 0x00> /* Name = ACKC5 */
.
Program takes      0.014 seconds to log this message.
2023-09-14 11:16:53.455: Send Data Message.
00 00 00 23 00 00 85 01 00 00
2023-09-14 11:16:53.455: Send S5F1(1703466).
00 00 85 01 00 00 00 19 FE 2A   01 03 21 01 80 B1 04 00 00 27
17 41 0C 45 51 50 2D 44 6F 6F   72 4F 70 65 6E
S5F1 W /* Alarm Report Send */
<L[3]
  <B[1] 0x80> /* Name = ALCD, Keyword = Alarm code type. 0x00:disable | 0x80:enable */
  <U4[1] 10007> /* Name = ALID, Keyword = EQP-DoorOpen (10007) */
  <A[12]"EQP-DoorOpen"> /* Name = ALTX */
>
.
Program takes      0.001 seconds to log this message.
2023-09-14 11:16:53.547: Receive Data Message.
00 00 00 0D 00 00 05 02 00 00
2023-09-14 11:16:53.547: Receive S5F2(1703466).
00 00 05 02 00 00 00 19 FE 2A   21 01 00
S5F2  /* Alarm Report Ack */
<B[1] 0x00> /* Name = ACKC5 */
.
Program takes      0 seconds to log this message.
2023-09-14 11:16:54.832: Send Data Message.
00 00 00 23 00 00 85 01 00 00
2023-09-14 11:16:54.832: Send S5F1(1703467).
00 00 85 01 00 00 00 19 FE 2B   01 03 21 01 80 B1 04 00 00 27
17 41 0C 45 51 50 2D 44 6F 6F   72 4F 70 65 6E
S5F1 W /* Alarm Report Send */
<L[3]
  <B[1] 0x80> /* Name = ALCD, Keyword = Alarm code type. 0x00:disable | 0x80:enable */
  <U4[1] 10007> /* Name = ALID, Keyword = EQP-DoorOpen (10007) */
  <A[12]"EQP-DoorOpen"> /* Name = ALTX */
>
.
Program takes      0.001 seconds to log this message.
2023-09-14 11:16:54.926: Receive Data Message.
00 00 00 0D 00 00 05 02 00 00
2023-09-14 11:16:54.926: Receive S5F2(1703467).
00 00 05 02 00 00 00 19 FE 2B   21 01 00
S5F2  /* Alarm Report Ack */
<B[1] 0x00> /* Name = ACKC5 */
.
Program takes      0 seconds to log this message.
2023-09-14 11:16:56.013: Send Data Message.
00 00 00 23 00 00 85 01 00 00
2023-09-14 11:16:56.013: Send S5F1(1703468).
00 00 85 01 00 00 00 19 FE 2C   01 03 21 01 80 B1 04 00 00 27
17 41 0C 45 51 50 2D 44 6F 6F   72 4F 70 65 6E
S5F1 W /* Alarm Report Send */
<L[3]
  <B[1] 0x80> /* Name = ALCD, Keyword = Alarm code type. 0x00:disable | 0x80:enable */
  <U4[1] 10007> /* Name = ALID, Keyword = EQP-DoorOpen (10007) */
  <A[12]"EQP-DoorOpen"> /* Name = ALTX */
>
.
Program takes      0.001 seconds to log this message.
2023-09-14 11:16:56.108: Receive Data Message.
00 00 00 0D 00 00 05 02 00 00
2023-09-14 11:16:56.108: Receive S5F2(1703468).
00 00 05 02 00 00 00 19 FE 2C   21 01 00
S5F2  /* Alarm Report Ack */
<B[1] 0x00> /* Name = ACKC5 */
.
Program takes      0 seconds to log this message.
2023-09-14 11:16:57.454: Send Data Message.
00 00 00 23 00 00 85 01 00 00
2023-09-14 11:16:57.454: Send S5F1(1703469).
00 00 85 01 00 00 00 19 FE 2D   01 03 21 01 80 B1 04 00 00 27
17 41 0C 45 51 50 2D 44 6F 6F   72 4F 70 65 6E
S5F1 W /* Alarm Report Send */
<L[3]
  <B[1] 0x80> /* Name = ALCD, Keyword = Alarm code type. 0x00:disable | 0x80:enable */
  <U4[1] 10007> /* Name = ALID, Keyword = EQP-DoorOpen (10007) */
  <A[12]"EQP-DoorOpen"> /* Name = ALTX */
>
.
Program takes      0.001 seconds to log this message.
2023-09-14 11:16:57.642: Receive Data Message.
00 00 00 0D 00 00 05 02 00 00
2023-09-14 11:16:57.642: Receive S5F2(1703469).
00 00 05 02 00 00 00 19 FE 2D   21 01 00
S5F2  /* Alarm Report Ack */
<B[1] 0x00> /* Name = ACKC5 */
.
Program takes      0 seconds to log this message.
2023-09-14 11:16:58.831: Send Data Message.
00 00 00 23 00 00 85 01 00 00
2023-09-14 11:16:58.831: Send S5F1(1703470).
00 00 85 01 00 00 00 19 FE 2E   01 03 21 01 80 B1 04 00 00 27
17 41 0C 45 51 50 2D 44 6F 6F   72 4F 70 65 6E
S5F1 W /* Alarm Report Send */
<L[3]
  <B[1] 0x80> /* Name = ALCD, Keyword = Alarm code type. 0x00:disable | 0x80:enable */
  <U4[1] 10007> /* Name = ALID, Keyword = EQP-DoorOpen (10007) */
  <A[12]"EQP-DoorOpen"> /* Name = ALTX */
>
.
Program takes      0.096 seconds to log this message.
2023-09-14 11:16:58.833: Receive Data Message.
00 00 00 0D 00 00 05 02 00 00
2023-09-14 11:16:58.833: Receive S5F2(1703470).
00 00 05 02 00 00 00 19 FE 2E   21 01 00
S5F2  /* Alarm Report Ack */
<B[1] 0x00> /* Name = ACKC5 */
.
Program takes      0 seconds to log this message.
2023-09-14 11:17:00.311: Send Data Message.
00 00 00 23 00 00 85 01 00 00
2023-09-14 11:17:00.311: Send S5F1(1703471).
00 00 85 01 00 00 00 19 FE 2F   01 03 21 01 80 B1 04 00 00 27
17 41 0C 45 51 50 2D 44 6F 6F   72 4F 70 65 6E
S5F1 W /* Alarm Report Send */
<L[3]
  <B[1] 0x80> /* Name = ALCD, Keyword = Alarm code type. 0x00:disable | 0x80:enable */
  <U4[1] 10007> /* Name = ALID, Keyword = EQP-DoorOpen (10007) */
  <A[12]"EQP-DoorOpen"> /* Name = ALTX */
>
.
Program takes      0.059 seconds to log this message.
2023-09-14 11:17:00.311: Receive Data Message.
00 00 00 0D 00 00 05 02 00 00
2023-09-14 11:17:00.311: Receive S5F2(1703471).
00 00 05 02 00 00 00 19 FE 2F   21 01 00
S5F2  /* Alarm Report Ack */
<B[1] 0x00> /* Name = ACKC5 */
.
Program takes      0 seconds to log this message.
2023-09-14 11:17:01.379: Send Data Message.
00 00 00 23 00 00 85 01 00 00
2023-09-14 11:17:01.379: Send S5F1(1703472).
00 00 85 01 00 00 00 19 FE 30   01 03 21 01 80 B1 04 00 00 27
17 41 0C 45 51 50 2D 44 6F 6F   72 4F 70 65 6E
S5F1 W /* Alarm Report Send */
<L[3]
  <B[1] 0x80> /* Name = ALCD, Keyword = Alarm code type. 0x00:disable | 0x80:enable */
  <U4[1] 10007> /* Name = ALID, Keyword = EQP-DoorOpen (10007) */
  <A[12]"EQP-DoorOpen"> /* Name = ALTX */
>
.
Program takes      0 seconds to log this message.
2023-09-14 11:17:01.394: Receive Data Message.
00 00 00 0D 00 00 05 02 00 00
2023-09-14 11:17:01.394: Receive S5F2(1703472).
00 00 05 02 00 00 00 19 FE 30   21 01 00
S5F2  /* Alarm Report Ack */
<B[1] 0x00> /* Name = ACKC5 */
.
Program takes      0 seconds to log this message.
2023-09-14 11:17:02.448: Send Data Message.
00 00 00 23 00 00 85 01 00 00
2023-09-14 11:17:02.448: Send S5F1(1703473).
00 00 85 01 00 00 00 19 FE 31   01 03 21 01 80 B1 04 00 00 27
17 41 0C 45 51 50 2D 44 6F 6F   72 4F 70 65 6E
S5F1 W /* Alarm Report Send */
<L[3]
  <B[1] 0x80> /* Name = ALCD, Keyword = Alarm code type. 0x00:disable | 0x80:enable */
  <U4[1] 10007> /* Name = ALID, Keyword = EQP-DoorOpen (10007) */
  <A[12]"EQP-DoorOpen"> /* Name = ALTX */
>
.
Program takes      0 seconds to log this message.
2023-09-14 11:17:02.575: Receive Data Message.
00 00 00 0D 00 00 05 02 00 00
2023-09-14 11:17:02.575: Receive S5F2(1703473).
00 00 05 02 00 00 00 19 FE 31   21 01 00
S5F2  /* Alarm Report Ack */
<B[1] 0x00> /* Name = ACKC5 */
.
Program takes      0 seconds to log this message.
2023-09-14 11:17:03.650: Send Data Message.
00 00 00 23 00 00 85 01 00 00
2023-09-14 11:17:03.650: Send S5F1(1703474).
00 00 85 01 00 00 00 19 FE 32   01 03 21 01 80 B1 04 00 00 27
17 41 0C 45 51 50 2D 44 6F 6F   72 4F 70 65 6E
S5F1 W /* Alarm Report Send */
<L[3]
  <B[1] 0x80> /* Name = ALCD, Keyword = Alarm code type. 0x00:disable | 0x80:enable */
  <U4[1] 10007> /* Name = ALID, Keyword = EQP-DoorOpen (10007) */
  <A[12]"EQP-DoorOpen"> /* Name = ALTX */
>
.
Program takes      0.001 seconds to log this message.
2023-09-14 11:17:03.774: Receive Data Message.
00 00 00 0D 00 00 05 02 00 00
2023-09-14 11:17:03.774: Receive S5F2(1703474).
00 00 05 02 00 00 00 19 FE 32   21 01 00
S5F2  /* Alarm Report Ack */
<B[1] 0x00> /* Name = ACKC5 */
.
Program takes      0 seconds to log this message.
2023-09-14 11:17:04.858: Send Data Message.
00 00 00 23 00 00 85 01 00 00
2023-09-14 11:17:04.858: Send S5F1(1703475).
00 00 85 01 00 00 00 19 FE 33   01 03 21 01 80 B1 04 00 00 27
17 41 0C 45 51 50 2D 44 6F 6F   72 4F 70 65 6E
S5F1 W /* Alarm Report Send */
<L[3]
  <B[1] 0x80> /* Name = ALCD, Keyword = Alarm code type. 0x00:disable | 0x80:enable */
  <U4[1] 10007> /* Name = ALID, Keyword = EQP-DoorOpen (10007) */
  <A[12]"EQP-DoorOpen"> /* Name = ALTX */
>
.
Program takes      0.001 seconds to log this message.
2023-09-14 11:17:05.018: Receive Data Message.
00 00 00 0D 00 00 05 02 00 00
2023-09-14 11:17:05.018: Receive S5F2(1703475).
00 00 05 02 00 00 00 19 FE 33   21 01 00
S5F2  /* Alarm Report Ack */
<B[1] 0x00> /* Name = ACKC5 */
.
Program takes      0 seconds to log this message.
2023-09-14 11:17:06.458: Send Data Message.
00 00 00 23 00 00 85 01 00 00
2023-09-14 11:17:06.458: Send S5F1(1703476).
00 00 85 01 00 00 00 19 FE 34   01 03 21 01 80 B1 04 00 00 27
17 41 0C 45 51 50 2D 44 6F 6F   72 4F 70 65 6E
S5F1 W /* Alarm Report Send */
<L[3]
  <B[1] 0x80> /* Name = ALCD, Keyword = Alarm code type. 0x00:disable | 0x80:enable */
  <U4[1] 10007> /* Name = ALID, Keyword = EQP-DoorOpen (10007) */
  <A[12]"EQP-DoorOpen"> /* Name = ALTX */
>
.
Program takes      0.001 seconds to log this message.
2023-09-14 11:17:06.472: Receive Data Message.
00 00 00 0D 00 00 05 02 00 00
2023-09-14 11:17:06.472: Receive S5F2(1703476).
00 00 05 02 00 00 00 19 FE 34   21 01 00
S5F2  /* Alarm Report Ack */
<B[1] 0x00> /* Name = ACKC5 */
.
Program takes      0 seconds to log this message.
//////////////////////////////////////////////////////////////////////////
2023-09-14 11:20:12.908: CTLT_SECS (HSMS Mode) Ver. 2.3.6 & CTLT_GEM Ver. 2.9.3 Start...Driver: NO_LICENCE
2023-09-14 11:20:16.929: Receive Select.req.
FF FF 00 00 00 01 10 2A CE 60
2023-09-14 11:20:17.128: Send Select.rsp.
FF FF 00 00 00 02 10 2A CE 60
2023-09-14 11:20:20.197: Send Data Message.
00 00 00 1E 00 00 81 0D 00 00
2023-09-14 11:20:20.197: Send S1F13(2150462).
00 00 81 0D 00 00 00 20 D0 3E   01 02 41 07 54 72 69 6D 47 61
70 41 07 31 2E 30 2E 30 2E 30
S1F13 W /* Establish Communications Request */
<L[2]
  <A[7]"TrimGap"> /* Name = MDLN, Keyword = GEM_MDLN (GEM_MDLN) */
  <A[7]"1.0.0.0"> /* Name = SoftRev, Keyword = GEM_SOFTREV (GEM_SOFTREV) */
>
.
Program takes      0.265 seconds to log this message.
2023-09-14 11:20:20.461: Receive Data Message.
00 00 00 11 00 00 01 0E 00 00
2023-09-14 11:20:20.461: Receive S1F14(2150462).
00 00 01 0E 00 00 00 20 D0 3E   01 02 21 01 00 01 00
S1F14  /* Establish Communications Request Acknowledge */
<L[2]
  <B[1] 0x00> /* Name = COMMACK */
  <L[0]
  >
>
.
Program takes      0 seconds to log this message.
2023-09-14 11:21:20.214: Receive Linktest.req.
FF FF 00 00 00 05 10 2A CE 61
2023-09-14 11:21:20.214: Send Linktest.rsp.
FF FF 00 00 00 06 10 2A CE 61
2023-09-14 11:21:26.110: Send Linktest.req.
FF FF 00 00 00 05 00 20 D0 3F
2023-09-14 11:21:26.126: Receive Linktest.rsp.
FF FF 00 00 00 06 00 20 D0 3F
2023-09-14 11:21:37.231: Send Data Message.
00 00 00 2C 00 00 85 01 00 00
2023-09-14 11:21:37.231: Send S5F1(2150464).
00 00 85 01 00 00 00 20 D0 40   01 03 21 01 80 B1 04 00 00 27
1A 41 15 45 51 50 2D 44 61 74   61 41 6E 61 6C 79 73 69 73 45
72 72 6F 72
S5F1 W /* Alarm Report Send */
<L[3]
  <B[1] 0x80> /* Name = ALCD, Keyword = Alarm code type. 0x00:disable | 0x80:enable */
  <U4[1] 10010> /* Name = ALID, Keyword = EQP-DataAnalysisError (10010) */
  <A[21]"EQP-DataAnalysisError"> /* Name = ALTX */
>
.
Program takes      0.156 seconds to log this message.
2023-09-14 11:21:37.386: Receive Data Message.
00 00 00 0D 00 00 05 02 00 00
2023-09-14 11:21:37.386: Receive S5F2(2150464).
00 00 05 02 00 00 00 20 D0 40   21 01 00
S5F2  /* Alarm Report Ack */
<B[1] 0x00> /* Name = ACKC5 */
.
Program takes      0 seconds to log this message.
//////////////////////////////////////////////////////////////////////////
2023-09-14 11:49:39.216: CTLT_SECS (HSMS Mode) Ver. 2.3.6 & CTLT_GEM Ver. 2.9.3 Start...Driver: NO_LICENCE
2023-09-14 11:49:39.490: Receive Select.req.
FF FF 00 00 00 01 10 2A CE 62
2023-09-14 11:49:39.580: Send Select.rsp.
FF FF 00 00 00 02 10 2A CE 62
2023-09-14 11:49:46.761: Send Data Message.
00 00 00 1E 00 00 81 0D 00 00
2023-09-14 11:49:46.761: Send S1F13(2773148).
00 00 81 0D 00 00 00 2A 50 9C   01 02 41 07 54 72 69 6D 47 61
70 41 07 31 2E 30 2E 30 2E 30
S1F13 W /* Establish Communications Request */
<L[2]
  <A[7]"TrimGap"> /* Name = MDLN, Keyword = GEM_MDLN (GEM_MDLN) */
  <A[7]"1.0.0.0"> /* Name = SoftRev, Keyword = GEM_SOFTREV (GEM_SOFTREV) */
>
.
Program takes      0.021 seconds to log this message.
2023-09-14 11:49:46.781: Receive Data Message.
00 00 00 11 00 00 01 0E 00 00
2023-09-14 11:49:46.781: Receive S1F14(2773148).
00 00 01 0E 00 00 00 2A 50 9C   01 02 21 01 00 01 00
S1F14  /* Establish Communications Request Acknowledge */
<L[2]
  <B[1] 0x00> /* Name = COMMACK */
  <L[0]
  >
>
.
Program takes      0 seconds to log this message.
2023-09-14 11:50:46.784: Receive Linktest.req.
FF FF 00 00 00 05 10 2A CE 63
2023-09-14 11:50:46.784: Send Linktest.rsp.
FF FF 00 00 00 06 10 2A CE 63
2023-09-14 11:50:52.226: Send Linktest.req.
FF FF 00 00 00 05 00 2A 50 9D
2023-09-14 11:50:52.241: Receive Linktest.rsp.
FF FF 00 00 00 06 00 2A 50 9D
2023-09-14 11:51:32.851: Send Data Message.
00 00 00 DE 00 00 87 17 00 00
2023-09-14 11:51:32.851: Send S7F23(2773150).
00 00 87 17 00 00 00 2A 50 9E   01 04 41 09 67 67 67 67 67 67
67 67 67 41 07 54 72 69 6D 47   61 70 41 07 31 2E 30 2E 30 2E
30 01 01 01 02 A9 02 00 02 01   28 A5 01 04 A5 01 02 A5 01 01
A5 01 00 A5 01 01 A5 01 01 A5   01 01 A5 01 01 A5 01 01 A5 01
01 A5 01 01 A5 01 01 A5 01 01   A5 01 01 A5 01 01 A5 01 01 A5
01 01 A5 01 01 A5 01 01 A5 01   01 A5 01 01 A5 01 01 A5 01 01
A5 01 01 A5 01 01 A5 01 01 A5   01 01 A5 01 01 A5 01 01 A9 02
00 01 A9 02 00 2D A9 02 00 5A   A9 02 00 87 A9 02 00 B4 A9 02
00 E1 A9 02 01 0E A9 02 01 3B   41 17 32 30 32 33 2F 33 2F 32
30 20 A4 55 A4 C8 20 30 31 3A   32 31 3A 34 33 41 16 32 30 32
33 2F 38 2F 39 20 A4 55 A4 C8   20 30 37 3A 34 33 3A 34 37 A5
01 00
S7F23 W /* Formatted Process Program Send */
<L[4]
  <A[9]"ggggggggg">
  <A[7]"TrimGap">
  <A[7]"1.0.0.0">
  <L[1]
    <L[2]
      <U2[1] 2>
      <L[40]
        <U1[1] 4>
        <U1[1] 2>
        <U1[1] 1>
        <U1[1] 0>
        <U1[1] 1>
        <U1[1] 1>
        <U1[1] 1>
        <U1[1] 1>
        <U1[1] 1>
        <U1[1] 1>
        <U1[1] 1>
        <U1[1] 1>
        <U1[1] 1>
        <U1[1] 1>
        <U1[1] 1>
        <U1[1] 1>
        <U1[1] 1>
        <U1[1] 1>
        <U1[1] 1>
        <U1[1] 1>
        <U1[1] 1>
        <U1[1] 1>
        <U1[1] 1>
        <U1[1] 1>
        <U1[1] 1>
        <U1[1] 1>
        <U1[1] 1>
        <U1[1] 1>
        <U1[1] 1>
        <U2[1] 1>
        <U2[1] 45>
        <U2[1] 90>
        <U2[1] 135>
        <U2[1] 180>
        <U2[1] 225>
        <U2[1] 270>
        <U2[1] 315>
        <A[23]"2023/3/20 下午 01:21:43">
        <A[22]"2023/8/9 下午 07:43:47">
        <U1[1] 0>
      >
    >
  >
>
.
Program takes      0.978 seconds to log this message.
2023-09-14 11:51:33.829: Receive Data Message.
00 00 00 0D 00 00 07 18 00 00
2023-09-14 11:51:33.829: Receive S7F24(2773150).
00 00 07 18 00 00 00 2A 50 9E   21 01 00
S7F24  /* Formatted Process Program Acknowledge */
<B[1] 0x00>
.
Program takes      0 seconds to log this message.
2023-09-14 11:52:32.868: Receive Linktest.req.
FF FF 00 00 00 05 10 2A CE 64
2023-09-14 11:52:32.868: Send Linktest.rsp.
FF FF 00 00 00 06 10 2A CE 64
2023-09-14 11:52:39.531: Send Linktest.req.
FF FF 00 00 00 05 00 2A 50 9F
2023-09-14 11:52:39.547: Receive Linktest.rsp.
FF FF 00 00 00 06 00 2A 50 9F
2023-09-14 11:53:39.552: Receive Linktest.req.
FF FF 00 00 00 05 10 2A CE 65
2023-09-14 11:53:39.552: Send Linktest.rsp.
FF FF 00 00 00 06 10 2A CE 65
2023-09-14 11:53:45.904: Send Linktest.req.
FF FF 00 00 00 05 00 2A 50 A0
2023-09-14 11:53:45.920: Receive Linktest.rsp.
FF FF 00 00 00 06 00 2A 50 A0
2023-09-14 11:53:55.842: Receive Data Message.
00 00 00 61 00 00 87 19 00 00
2023-09-14 11:53:55.842: Receive S7F25(271240806).
00 00 87 19 00 00 10 2A CE 66   41 55 20 20 20 20 20 20 20 20
20 20 20 20 20 20 20 20 20 20   20 20 20 20 20 20 64 73 66 46
64 20 20 20 20 20 20 20 20 20   20 20 20 20 20 20 20 20 20 20
20 20 20 20 20 20 20 20 20 20   20 20 20 20 20 20 20 20 20 20
20 20 20 20 20 20 20 20 20 20   20 20 20 20 20 20 20
S7F25 W /* Formatted Process Program Request */
<A[85]"                        dsfFd                                                        "> /* Name = PPID, Keyword = process program ID */
.
Program takes      0 seconds to log this message.
2023-09-14 11:53:55.849: Send Data Message.
00 00 00 0D 00 00 07 1A 00 00
2023-09-14 11:53:55.849: Send S7F26(271240806).
00 00 07 1A 00 00 10 2A CE 66   21 01 01
S7F26  /* Formatted Process Program Data */
<B[1] 0x01> /* Name = ACKC7, Keyword = 0:Accepted | 1:Permission_not_granted | 2:length_error | 3:matrix_overflow | 4:PPID_not_found | 5:unsupported_mode | 6:other_error | 7:OverLimit | 8:PPID_too_long | 9:Invalid_finename_character */
.
Program takes      0 seconds to log this message.
2023-09-14 11:54:44.372: Receive Data Message.
00 00 00 11 00 00 87 19 00 00
2023-09-14 11:54:44.372: Receive S7F25(271240807).
00 00 87 19 00 00 10 2A CE 67   41 05 64 73 66 46 64
S7F25 W /* Formatted Process Program Request */
<A[5]"dsfFd"> /* Name = PPID, Keyword = process program ID */
.
Program takes      0 seconds to log this message.
2023-09-14 11:54:44.758: Send Data Message.
00 00 00 DB 00 00 07 1A 00 00
2023-09-14 11:54:44.758: Send S7F26(271240807).
00 00 07 1A 00 00 10 2A CE 67   01 04 41 05 64 73 66 46 64 41
07 54 72 69 6D 47 61 70 41 07   31 2E 30 2E 30 2E 30 01 01 01
02 A9 02 00 02 01 28 A5 01 08   A5 01 00 A5 01 01 A5 01 00 A5
01 01 A5 01 01 A5 01 01 A5 01   01 A5 01 01 A5 01 01 A5 01 01
A5 01 01 A5 01 01 A5 01 01 A5   01 01 A5 01 01 A5 01 01 A5 01
01 A5 01 01 A5 01 01 A5 01 01   A5 01 01 A5 01 01 A5 01 01 A5
01 01 A5 01 01 A5 01 01 A5 01   01 A5 01 01 A9 02 00 01 A9 02
00 2D A9 02 00 5A A9 02 00 87   A9 02 00 B4 A9 02 00 E1 A9 02
01 0E A9 02 01 3B 41 17 32 30   32 33 2F 33 2F 32 30 20 A4 55
A4 C8 20 30 31 3A 32 31 3A 34   32 41 17 32 30 32 33 2F 35 2F
31 36 20 A4 55 A4 C8 20 30 35   3A 30 34 3A 31 35 A5 01 01
S7F26  /* Formatted Process Program Data */
<L[4]
  <A[5]"dsfFd"> /* Name = PPID, Keyword = process program ID */
  <A[7]"TrimGap"> /* Name = MDLN, Keyword = equipment model type */
  <A[7]"1.0.0.0"> /* Name = SOFTREV, Keyword = software revision */
  <L[1]
    <L[2]
      <U2[1] 2> /* Name = CCODE, Keyword = process operation command code */
      <L[40]
        <U1[1] 8> /* Name = fram.Recipe.Rotate_Count, Keyword = PPARM 1 def */
        <U1[1] 0> /* Name = fram.Recipe.Type, Keyword = PPARM 1 def */
        <U1[1] 1> /* Name = fram.Recipe.RepeatTimes, Keyword = PPARM 1 def */
        <U1[1] 0> /* Name = fram.Recipe.RepeatTimes_now, Keyword = PPARM 1 def */
        <U1[1] 1> /* Name = fram.Recipe.Slot1, Keyword = PPARM 1 def */
        <U1[1] 1> /* Name = fram.Recipe.Slot2, Keyword = PPARM 1 def */
        <U1[1] 1> /* Name = fram.Recipe.Slot3, Keyword = PPARM 1 def */
        <U1[1] 1> /* Name = fram.Recipe.Slot4, Keyword = PPARM 1 def */
        <U1[1] 1> /* Name = fram.Recipe.Slot5, Keyword = PPARM 1 def */
        <U1[1] 1> /* Name = fram.Recipe.Slot6, Keyword = PPARM 1 def */
        <U1[1] 1> /* Name = fram.Recipe.Slot7, Keyword = PPARM 1 def */
        <U1[1] 1> /* Name = fram.Recipe.Slot8, Keyword = PPARM 1 def */
        <U1[1] 1> /* Name = fram.Recipe.Slot9, Keyword = PPARM 1 def */
        <U1[1] 1> /* Name = fram.Recipe.Slot10, Keyword = PPARM 1 def */
        <U1[1] 1> /* Name = fram.Recipe.Slot11, Keyword = PPARM 1 def */
        <U1[1] 1> /* Name = fram.Recipe.Slot12, Keyword = PPARM 1 def */
        <U1[1] 1> /* Name = fram.Recipe.Slot13, Keyword = PPARM 1 def */
        <U1[1] 1> /* Name = fram.Recipe.Slot14, Keyword = PPARM 1 def */
        <U1[1] 1> /* Name = fram.Recipe.Slot15, Keyword = PPARM 1 def */
        <U1[1] 1> /* Name = fram.Recipe.Slot16, Keyword = PPARM 1 def */
        <U1[1] 1> /* Name = fram.Recipe.Slot17, Keyword = PPARM 1 def */
        <U1[1] 1> /* Name = fram.Recipe.Slot18, Keyword = PPARM 1 def */
        <U1[1] 1> /* Name = fram.Recipe.Slot19, Keyword = PPARM 1 def */
        <U1[1] 1> /* Name = fram.Recipe.Slot20, Keyword = PPARM 1 def */
        <U1[1] 1> /* Name = fram.Recipe.Slot21, Keyword = PPARM 1 def */
        <U1[1] 1> /* Name = fram.Recipe.Slot22, Keyword = PPARM 1 def */
        <U1[1] 1> /* Name = fram.Recipe.Slot23, Keyword = PPARM 1 def */
        <U1[1] 1> /* Name = fram.Recipe.Slot24, Keyword = PPARM 1 def */
        <U1[1] 1> /* Name = fram.Recipe.Slot25, Keyword = PPARM 1 def */
        <U2[1] 1> /* Name = fram.Recipe.Angle1, Keyword = PPARM 2 def */
        <U2[1] 45> /* Name = fram.Recipe.Angle2, Keyword = PPARM 2 def */
        <U2[1] 90> /* Name = fram.Recipe.Angle3, Keyword = PPARM 2 def */
        <U2[1] 135> /* Name = fram.Recipe.Angle4, Keyword = PPARM 2 def */
        <U2[1] 180> /* Name = fram.Recipe.Angle5, Keyword = PPARM 2 def */
        <U2[1] 225> /* Name = fram.Recipe.Angle6, Keyword = PPARM 2 def */
        <U2[1] 270> /* Name = fram.Recipe.Angle7, Keyword = PPARM 2 def */
        <U2[1] 315> /* Name = fram.Recipe.Angle8, Keyword = PPARM 2 def */
        <A[23]"2023/3/20 下午 01:21:42"> /* Name = fram.Recipe.CreateTime, Keyword = Recipe CreateTime */
        <A[23]"2023/5/16 下午 05:04:15"> /* Name = fram.Recipe.ReviseTime, Keyword = Recipe ReviseTime */
        <U1[1] 1> /* Name = fram.Recipe.OffsetType, Keyword = PPARM 1 def */
      >
    >
  >
>
.
Program takes      0 seconds to log this message.
2023-09-14 11:55:18.143:  Receive Separate.req.
FF FF 00 00 00 09 10 2A CE 68
2023-09-14 11:55:18.143: Remote Client Disconnected!
2023-09-14 11:55:18.291: CTLT_SECS (HSMS Mode) Ver. 2.3.6 & CTLT_GEM Ver. 2.9.3 Start...Driver: NO_LICENCE
//////////////////////////////////////////////////////////////////////////
2023-09-14 13:58:12.095: CTLT_SECS (HSMS Mode) Ver. 2.3.6 & CTLT_GEM Ver. 2.9.3 Start...Driver: NO_LICENCE
2023-09-14 13:58:17.999: Receive Select.req.
FF FF 00 00 00 01 03 A4 AF 92
2023-09-14 13:58:18.363: Send Select.rsp.
FF FF 00 00 00 02 03 A4 AF 92
2023-09-14 13:58:20.528: Send Data Message.
00 00 00 1E 00 00 81 0D 00 00
2023-09-14 13:58:20.528: Send S1F13(2117090).
00 00 81 0D 00 00 00 20 4D E2   01 02 41 07 54 72 69 6D 47 61
70 41 07 31 2E 30 2E 30 2E 30
S1F13 W /* Establish Communications Request */
<L[2]
  <A[7]"TrimGap"> /* Name = MDLN, Keyword = GEM_MDLN (GEM_MDLN) */
  <A[7]"1.0.0.0"> /* Name = SoftRev, Keyword = GEM_SOFTREV (GEM_SOFTREV) */
>
.
Program takes      0.786 seconds to log this message.
2023-09-14 13:58:21.313: Receive Data Message.
00 00 00 11 00 00 01 0E 00 00
2023-09-14 13:58:21.313: Receive S1F14(2117090).
00 00 01 0E 00 00 00 20 4D E2   01 02 21 01 00 01 00
S1F14  /* Establish Communications Request Acknowledge */
<L[2]
  <B[1] 0x00> /* Name = COMMACK */
  <L[0]
  >
>
.
Program takes      0 seconds to log this message.
2023-09-14 13:59:20.548: Receive Linktest.req.
FF FF 00 00 00 05 03 A4 AF 93
2023-09-14 13:59:20.548: Send Linktest.rsp.
FF FF 00 00 00 06 03 A4 AF 93
2023-09-14 13:59:27.485: Send Linktest.req.
FF FF 00 00 00 05 00 20 4D E3
2023-09-14 13:59:27.501: Receive Linktest.rsp.
FF FF 00 00 00 06 00 20 4D E3
2023-09-14 14:00:27.515: Receive Linktest.req.
FF FF 00 00 00 05 03 A4 AF 94
2023-09-14 14:00:27.515: Send Linktest.rsp.
FF FF 00 00 00 06 03 A4 AF 94
2023-09-14 14:00:33.548: Send Linktest.req.
FF FF 00 00 00 05 00 20 4D E4
2023-09-14 14:00:33.562: Receive Linktest.rsp.
FF FF 00 00 00 06 00 20 4D E4
2023-09-14 14:01:33.570: Receive Linktest.req.
FF FF 00 00 00 05 03 A4 AF 95
2023-09-14 14:01:33.570: Send Linktest.rsp.
FF FF 00 00 00 06 03 A4 AF 95
2023-09-14 14:01:39.610: Send Linktest.req.
FF FF 00 00 00 05 00 20 4D E5
2023-09-14 14:01:39.625: Receive Linktest.rsp.
FF FF 00 00 00 06 00 20 4D E5
2023-09-14 14:01:43.727:  Receive Separate.req.
FF FF 00 00 00 09 03 A4 AF 96
2023-09-14 14:01:43.727: Remote Client Disconnected!
2023-09-14 14:01:43.883: CTLT_SECS (HSMS Mode) Ver. 2.3.6 & CTLT_GEM Ver. 2.9.3 Start...Driver: NO_LICENCE
2023-09-14 14:02:08.147: Receive Select.req.
FF FF 00 00 00 01 21 04 B4 C7
2023-09-14 14:02:08.148: Send Select.rsp.
FF FF 00 00 00 02 21 04 B4 C7
2023-09-14 14:02:08.152: Send Data Message.
00 00 00 1E 00 00 81 0D 00 00
2023-09-14 14:02:08.152: Send S1F13(2117094).
00 00 81 0D 00 00 00 20 4D E6   01 02 41 07 54 72 69 6D 47 61
70 41 07 31 2E 30 2E 30 2E 30
S1F13 W /* Establish Communications Request */
<L[2]
  <A[7]"TrimGap"> /* Name = MDLN, Keyword = GEM_MDLN (GEM_MDLN) */
  <A[7]"1.0.0.0"> /* Name = SoftRev, Keyword = GEM_SOFTREV (GEM_SOFTREV) */
>
.
Program takes      0.001 seconds to log this message.
[DebugLog] 14:02:17.298 TcpClient Released!
2023-09-14 14:02:17.304: Send Separate.req.
FF FF 00 00 00 09 00 20 4D E7
[DebugLog] 14:02:17.978 ListenLoop() exception = 無法從傳輸連接讀取資料: 中止操作被 WSACancelBlockingCall 呼叫打斷。。
[DebugLog] 14:02:18.073 AcceptThread() exception:中止操作被 WSACancelBlockingCall 呼叫打斷。
2023-09-14 14:02:18.484: CTLT_SECS (HSMS Mode) Ver. 2.3.6 & CTLT_GEM Ver. 2.9.3 Start...Driver: NO_LICENCE
2023-09-14 14:02:19.295: CTLT_SECS (HSMS Mode) Ver. 2.3.6 & CTLT_GEM Ver. 2.9.3 Start...Driver: NO_LICENCE
2023-09-14 14:02:21.503: CTLT_SECS (HSMS Mode) Ver. 2.3.6 & CTLT_GEM Ver. 2.9.3 Start...Driver: NO_LICENCE
2023-09-14 14:02:27.589: Receive Select.req.
FF FF 00 00 00 01 21 04 B4 C8
2023-09-14 14:02:27.654: Send Select.rsp.
FF FF 00 00 00 02 21 04 B4 C8
2023-09-14 14:02:27.658: Send Data Message.
00 00 00 1E 00 00 81 0D 00 00
2023-09-14 14:02:27.658: Send S1F13(2117096).
00 00 81 0D 00 00 00 20 4D E8   01 02 41 07 54 72 69 6D 47 61
70 41 07 31 2E 30 2E 30 2E 30
S1F13 W /* Establish Communications Request */
<L[2]
  <A[7]"TrimGap"> /* Name = MDLN, Keyword = GEM_MDLN (GEM_MDLN) */
  <A[7]"1.0.0.0"> /* Name = SoftRev, Keyword = GEM_SOFTREV (GEM_SOFTREV) */
>
.
Program takes      0.001 seconds to log this message.
2023-09-14 14:02:27.761: Receive Data Message.
00 00 00 11 00 00 01 0E 00 00
2023-09-14 14:02:27.761: Receive S1F14(2117096).
00 00 01 0E 00 00 00 20 4D E8   01 02 21 01 00 01 00
S1F14  /* Establish Communications Request Acknowledge */
<L[2]
  <B[1] 0x00> /* Name = COMMACK */
  <L[0]
  >
>
.
Program takes      0 seconds to log this message.
2023-09-14 14:03:27.772: Receive Linktest.req.
FF FF 00 00 00 05 21 04 B4 C9
2023-09-14 14:03:27.772: Send Linktest.rsp.
FF FF 00 00 00 06 21 04 B4 C9
2023-09-14 14:03:33.673: Send Linktest.req.
FF FF 00 00 00 05 00 20 4D E9
2023-09-14 14:03:33.690: Receive Linktest.rsp.
FF FF 00 00 00 06 00 20 4D E9
2023-09-14 14:04:01.809: Receive Data Message.
00 00 00 12 00 00 82 0D 00 00
2023-09-14 14:04:01.809: Receive S2F13(553956554).
00 00 82 0D 00 00 21 04 B4 CA   01 01 B1 04 00 00 1B 5D
S2F13 W /* Equipment Constant Request */
<L[1]
  <U4[1] 7005> /* Name = ECID, Keyword = SoftWareVersion (7005) */
>
.
Program takes      0.001 seconds to log this message.
2023-09-14 14:04:01.814: Send Data Message.
00 00 00 0F 00 00 02 0E 00 00
2023-09-14 14:04:01.814: Send S2F14(553956554).
00 00 02 0E 00 00 21 04 B4 CA   01 01 A5 01 6E
S2F14  /* Equipment Constant Data */
<L[1]
  <U1[1] 110> /* Name = ECID, Keyword = SoftWareVersion (7005) */
>
.
Program takes      0 seconds to log this message.
2023-09-14 14:05:01.825: Receive Linktest.req.
FF FF 00 00 00 05 21 04 B4 CB
2023-09-14 14:05:01.825: Send Linktest.rsp.
FF FF 00 00 00 06 21 04 B4 CB
2023-09-14 14:05:07.401: Send Linktest.req.
FF FF 00 00 00 05 00 20 4D EA
2023-09-14 14:05:07.417: Receive Linktest.rsp.
FF FF 00 00 00 06 00 20 4D EA
2023-09-14 14:06:07.423: Receive Linktest.req.
FF FF 00 00 00 05 21 04 B4 CC
2023-09-14 14:06:07.423: Send Linktest.rsp.
FF FF 00 00 00 06 21 04 B4 CC
2023-09-14 14:06:13.690: Send Linktest.req.
FF FF 00 00 00 05 00 20 4D EB
2023-09-14 14:06:13.706: Receive Linktest.rsp.
FF FF 00 00 00 06 00 20 4D EB
2023-09-14 14:07:13.711: Receive Linktest.req.
FF FF 00 00 00 05 21 04 B4 CD
2023-09-14 14:07:13.711: Send Linktest.rsp.
FF FF 00 00 00 06 21 04 B4 CD
2023-09-14 14:07:19.579: Send Linktest.req.
FF FF 00 00 00 05 00 20 4D EC
2023-09-14 14:07:19.595: Receive Linktest.rsp.
FF FF 00 00 00 06 00 20 4D EC
2023-09-14 14:08:19.602: Receive Linktest.req.
FF FF 00 00 00 05 21 04 B4 CE
2023-09-14 14:08:19.602: Send Linktest.rsp.
FF FF 00 00 00 06 21 04 B4 CE
2023-09-14 14:08:25.524: Send Linktest.req.
FF FF 00 00 00 05 00 20 4D ED
2023-09-14 14:08:25.540: Receive Linktest.rsp.
FF FF 00 00 00 06 00 20 4D ED
2023-09-14 14:09:25.541: Receive Linktest.req.
FF FF 00 00 00 05 21 04 B4 CF
2023-09-14 14:09:25.541: Send Linktest.rsp.
FF FF 00 00 00 06 21 04 B4 CF
2023-09-14 14:09:31.337: Send Linktest.req.
FF FF 00 00 00 05 00 20 4D EE
2023-09-14 14:09:31.353: Receive Linktest.rsp.
FF FF 00 00 00 06 00 20 4D EE
2023-09-14 14:10:31.357: Receive Linktest.req.
FF FF 00 00 00 05 21 04 B4 D0
2023-09-14 14:10:31.357: Send Linktest.rsp.
FF FF 00 00 00 06 21 04 B4 D0
2023-09-14 14:10:36.890: Send Linktest.req.
FF FF 00 00 00 05 00 20 4D EF
2023-09-14 14:10:36.905: Receive Linktest.rsp.
FF FF 00 00 00 06 00 20 4D EF
2023-09-14 14:11:36.908: Receive Linktest.req.
FF FF 00 00 00 05 21 04 B4 D1
2023-09-14 14:11:36.908: Send Linktest.rsp.
FF FF 00 00 00 06 21 04 B4 D1
2023-09-14 14:11:42.296: Send Linktest.req.
FF FF 00 00 00 05 00 20 4D F0
2023-09-14 14:11:42.312: Receive Linktest.rsp.
FF FF 00 00 00 06 00 20 4D F0
2023-09-14 14:12:42.323: Receive Linktest.req.
FF FF 00 00 00 05 21 04 B4 D2
2023-09-14 14:12:42.324: Send Linktest.rsp.
FF FF 00 00 00 06 21 04 B4 D2
2023-09-14 14:12:47.229: Send Linktest.req.
FF FF 00 00 00 05 00 20 4D F1
2023-09-14 14:12:47.244: Receive Linktest.rsp.
FF FF 00 00 00 06 00 20 4D F1
2023-09-14 14:13:47.251: Receive Linktest.req.
FF FF 00 00 00 05 21 04 B4 D3
2023-09-14 14:13:47.251: Send Linktest.rsp.
FF FF 00 00 00 06 21 04 B4 D3
2023-09-14 14:13:52.454: Send Linktest.req.
FF FF 00 00 00 05 00 20 4D F2
2023-09-14 14:13:52.469: Receive Linktest.rsp.
FF FF 00 00 00 06 00 20 4D F2
2023-09-14 14:14:52.480: Receive Linktest.req.
FF FF 00 00 00 05 21 04 B4 D4
2023-09-14 14:14:52.480: Send Linktest.rsp.
FF FF 00 00 00 06 21 04 B4 D4
2023-09-14 14:14:58.186: Send Linktest.req.
FF FF 00 00 00 05 00 20 4D F3
2023-09-14 14:14:58.202: Receive Linktest.rsp.
FF FF 00 00 00 06 00 20 4D F3
2023-09-14 14:15:58.209: Receive Linktest.req.
FF FF 00 00 00 05 21 04 B4 D5
2023-09-14 14:15:58.209: Send Linktest.rsp.
FF FF 00 00 00 06 21 04 B4 D5
2023-09-14 14:16:04.104: Send Linktest.req.
FF FF 00 00 00 05 00 20 4D F4
2023-09-14 14:16:04.119: Receive Linktest.rsp.
FF FF 00 00 00 06 00 20 4D F4
2023-09-14 14:17:04.134: Receive Linktest.req.
FF FF 00 00 00 05 21 04 B4 D6
2023-09-14 14:17:04.134: Send Linktest.rsp.
FF FF 00 00 00 06 21 04 B4 D6
2023-09-14 14:17:09.958: Send Linktest.req.
FF FF 00 00 00 05 00 20 4D F5
2023-09-14 14:17:09.974: Receive Linktest.rsp.
FF FF 00 00 00 06 00 20 4D F5
2023-09-14 14:18:09.981: Receive Linktest.req.
FF FF 00 00 00 05 21 04 B4 D7
2023-09-14 14:18:09.981: Send Linktest.rsp.
FF FF 00 00 00 06 21 04 B4 D7
2023-09-14 14:18:16.041: Send Linktest.req.
FF FF 00 00 00 05 00 20 4D F6
2023-09-14 14:18:16.057: Receive Linktest.rsp.
FF FF 00 00 00 06 00 20 4D F6
2023-09-14 14:19:16.062: Receive Linktest.req.
FF FF 00 00 00 05 21 04 B4 D8
2023-09-14 14:19:16.062: Send Linktest.rsp.
FF FF 00 00 00 06 21 04 B4 D8
2023-09-14 14:19:22.296: Send Linktest.req.
FF FF 00 00 00 05 00 20 4D F7
2023-09-14 14:19:22.311: Receive Linktest.rsp.
FF FF 00 00 00 06 00 20 4D F7
2023-09-14 14:20:22.322: Receive Linktest.req.
FF FF 00 00 00 05 21 04 B4 D9
2023-09-14 14:20:22.322: Send Linktest.rsp.
FF FF 00 00 00 06 21 04 B4 D9
2023-09-14 14:20:28.225: Send Linktest.req.
FF FF 00 00 00 05 00 20 4D F8
2023-09-14 14:20:28.241: Receive Linktest.rsp.
FF FF 00 00 00 06 00 20 4D F8
2023-09-14 14:21:28.253: Receive Linktest.req.
FF FF 00 00 00 05 21 04 B4 DA
2023-09-14 14:21:28.253: Send Linktest.rsp.
FF FF 00 00 00 06 21 04 B4 DA
2023-09-14 14:21:34.254: Send Linktest.req.
FF FF 00 00 00 05 00 20 4D F9
2023-09-14 14:21:34.269: Receive Linktest.rsp.
FF FF 00 00 00 06 00 20 4D F9
2023-09-14 14:22:34.282: Receive Linktest.req.
FF FF 00 00 00 05 21 04 B4 DB
2023-09-14 14:22:34.282: Send Linktest.rsp.
FF FF 00 00 00 06 21 04 B4 DB
2023-09-14 14:22:40.174: Send Linktest.req.
FF FF 00 00 00 05 00 20 4D FA
2023-09-14 14:22:40.190: Receive Linktest.rsp.
FF FF 00 00 00 06 00 20 4D FA
2023-09-14 14:23:40.203: Receive Linktest.req.
FF FF 00 00 00 05 21 04 B4 DC
2023-09-14 14:23:40.203: Send Linktest.rsp.
FF FF 00 00 00 06 21 04 B4 DC
2023-09-14 14:23:45.972: Send Linktest.req.
FF FF 00 00 00 05 00 20 4D FB
2023-09-14 14:23:45.988: Receive Linktest.rsp.
FF FF 00 00 00 06 00 20 4D FB
2023-09-14 14:24:45.992: Receive Linktest.req.
FF FF 00 00 00 05 21 04 B4 DD
2023-09-14 14:24:45.992: Send Linktest.rsp.
FF FF 00 00 00 06 21 04 B4 DD
2023-09-14 14:24:51.916: Send Linktest.req.
FF FF 00 00 00 05 00 20 4D FC
2023-09-14 14:24:51.932: Receive Linktest.rsp.
FF FF 00 00 00 06 00 20 4D FC
2023-09-14 14:25:51.940: Receive Linktest.req.
FF FF 00 00 00 05 21 04 B4 DE
2023-09-14 14:25:51.940: Send Linktest.rsp.
FF FF 00 00 00 06 21 04 B4 DE
2023-09-14 14:25:57.948: Send Linktest.req.
FF FF 00 00 00 05 00 20 4D FD
2023-09-14 14:25:57.963: Receive Linktest.rsp.
FF FF 00 00 00 06 00 20 4D FD
2023-09-14 14:26:57.972: Receive Linktest.req.
FF FF 00 00 00 05 21 04 B4 DF
2023-09-14 14:26:57.972: Send Linktest.rsp.
FF FF 00 00 00 06 21 04 B4 DF
2023-09-14 14:27:03.748: Send Linktest.req.
FF FF 00 00 00 05 00 20 4D FE
2023-09-14 14:27:03.764: Receive Linktest.rsp.
FF FF 00 00 00 06 00 20 4D FE
2023-09-14 14:28:03.768: Receive Linktest.req.
FF FF 00 00 00 05 21 04 B4 E0
2023-09-14 14:28:04.088: Send Linktest.rsp.
FF FF 00 00 00 06 21 04 B4 E0
2023-09-14 14:28:09.170: Send Linktest.req.
FF FF 00 00 00 05 00 20 4D FF
2023-09-14 14:28:09.186: Receive Linktest.rsp.
FF FF 00 00 00 06 00 20 4D FF
2023-09-14 14:29:09.187: Receive Linktest.req.
FF FF 00 00 00 05 21 04 B4 E1
2023-09-14 14:29:09.187: Send Linktest.rsp.
FF FF 00 00 00 06 21 04 B4 E1
2023-09-14 14:29:14.883: Send Linktest.req.
FF FF 00 00 00 05 00 20 4E 00
2023-09-14 14:29:14.898: Receive Linktest.rsp.
FF FF 00 00 00 06 00 20 4E 00
2023-09-14 14:30:14.899: Receive Linktest.req.
FF FF 00 00 00 05 21 04 B4 E2
2023-09-14 14:30:14.899: Send Linktest.rsp.
FF FF 00 00 00 06 21 04 B4 E2
2023-09-14 14:30:20.786: Send Linktest.req.
FF FF 00 00 00 05 00 20 4E 01
2023-09-14 14:30:20.801: Receive Linktest.rsp.
FF FF 00 00 00 06 00 20 4E 01
2023-09-14 14:31:20.811: Receive Linktest.req.
FF FF 00 00 00 05 21 04 B4 E3
2023-09-14 14:31:20.811: Send Linktest.rsp.
FF FF 00 00 00 06 21 04 B4 E3
2023-09-14 14:31:26.798: Send Linktest.req.
FF FF 00 00 00 05 00 20 4E 02
2023-09-14 14:31:26.814: Receive Linktest.rsp.
FF FF 00 00 00 06 00 20 4E 02
2023-09-14 14:32:26.816: Receive Linktest.req.
FF FF 00 00 00 05 21 04 B4 E4
2023-09-14 14:32:26.816: Send Linktest.rsp.
FF FF 00 00 00 06 21 04 B4 E4
2023-09-14 14:32:32.668: Send Linktest.req.
FF FF 00 00 00 05 00 20 4E 03
2023-09-14 14:32:32.670: Receive Linktest.rsp.
FF FF 00 00 00 06 00 20 4E 03
2023-09-14 14:33:32.681: Receive Linktest.req.
FF FF 00 00 00 05 21 04 B4 E5
2023-09-14 14:33:32.681: Send Linktest.rsp.
FF FF 00 00 00 06 21 04 B4 E5
2023-09-14 14:33:38.312: Send Linktest.req.
FF FF 00 00 00 05 00 20 4E 04
2023-09-14 14:33:38.328: Receive Linktest.rsp.
FF FF 00 00 00 06 00 20 4E 04
2023-09-14 14:34:38.336: Receive Linktest.req.
FF FF 00 00 00 05 21 04 B4 E6
2023-09-14 14:34:38.336: Send Linktest.rsp.
FF FF 00 00 00 06 21 04 B4 E6
2023-09-14 14:34:44.128: Send Linktest.req.
FF FF 00 00 00 05 00 20 4E 05
2023-09-14 14:34:44.142: Receive Linktest.rsp.
FF FF 00 00 00 06 00 20 4E 05
2023-09-14 14:35:44.154: Receive Linktest.req.
FF FF 00 00 00 05 21 04 B4 E7
2023-09-14 14:35:44.154: Send Linktest.rsp.
FF FF 00 00 00 06 21 04 B4 E7
2023-09-14 14:35:49.808: Send Linktest.req.
FF FF 00 00 00 05 00 20 4E 06
2023-09-14 14:35:49.811: Receive Linktest.rsp.
FF FF 00 00 00 06 00 20 4E 06
2023-09-14 14:36:49.809: Receive Linktest.req.
FF FF 00 00 00 05 21 04 B4 E8
2023-09-14 14:36:49.809: Send Linktest.rsp.
FF FF 00 00 00 06 21 04 B4 E8
2023-09-14 14:36:55.329: Send Linktest.req.
FF FF 00 00 00 05 00 20 4E 07
2023-09-14 14:36:55.345: Receive Linktest.rsp.
FF FF 00 00 00 06 00 20 4E 07
2023-09-14 14:37:55.360: Receive Linktest.req.
FF FF 00 00 00 05 21 04 B4 E9
2023-09-14 14:37:55.360: Send Linktest.rsp.
FF FF 00 00 00 06 21 04 B4 E9
2023-09-14 14:38:01.065: Send Linktest.req.
FF FF 00 00 00 05 00 20 4E 08
2023-09-14 14:38:01.081: Receive Linktest.rsp.
FF FF 00 00 00 06 00 20 4E 08
2023-09-14 14:39:01.094: Receive Linktest.req.
FF FF 00 00 00 05 21 04 B4 EA
2023-09-14 14:39:01.094: Send Linktest.rsp.
FF FF 00 00 00 06 21 04 B4 EA
2023-09-14 14:39:06.995: Send Linktest.req.
FF FF 00 00 00 05 00 20 4E 09
2023-09-14 14:39:07.011: Receive Linktest.rsp.
FF FF 00 00 00 06 00 20 4E 09
2023-09-14 14:40:07.016: Receive Linktest.req.
FF FF 00 00 00 05 21 04 B4 EB
2023-09-14 14:40:07.016: Send Linktest.rsp.
FF FF 00 00 00 06 21 04 B4 EB
2023-09-14 14:40:12.895: Send Linktest.req.
FF FF 00 00 00 05 00 20 4E 0A
2023-09-14 14:40:12.911: Receive Linktest.rsp.
FF FF 00 00 00 06 00 20 4E 0A
2023-09-14 14:41:12.923: Receive Linktest.req.
FF FF 00 00 00 05 21 04 B4 EC
2023-09-14 14:41:12.923: Send Linktest.rsp.
FF FF 00 00 00 06 21 04 B4 EC
2023-09-14 14:41:18.665: Send Linktest.req.
FF FF 00 00 00 05 00 20 4E 0B
2023-09-14 14:41:18.681: Receive Linktest.rsp.
FF FF 00 00 00 06 00 20 4E 0B
2023-09-14 14:42:18.691: Receive Linktest.req.
FF FF 00 00 00 05 21 04 B4 ED
2023-09-14 14:42:18.691: Send Linktest.rsp.
FF FF 00 00 00 06 21 04 B4 ED
2023-09-14 14:42:24.612: Send Linktest.req.
FF FF 00 00 00 05 00 20 4E 0C
2023-09-14 14:42:24.627: Receive Linktest.rsp.
FF FF 00 00 00 06 00 20 4E 0C
2023-09-14 14:43:24.628: Receive Linktest.req.
FF FF 00 00 00 05 21 04 B4 EE
2023-09-14 14:43:24.628: Send Linktest.rsp.
FF FF 00 00 00 06 21 04 B4 EE
2023-09-14 14:43:30.500: Send Linktest.req.
FF FF 00 00 00 05 00 20 4E 0D
2023-09-14 14:43:30.516: Receive Linktest.rsp.
FF FF 00 00 00 06 00 20 4E 0D
2023-09-14 14:44:30.527: Receive Linktest.req.
FF FF 00 00 00 05 21 04 B4 EF
2023-09-14 14:44:30.527: Send Linktest.rsp.
FF FF 00 00 00 06 21 04 B4 EF
2023-09-14 14:44:36.013: Send Linktest.req.
FF FF 00 00 00 05 00 20 4E 0E
2023-09-14 14:44:36.029: Receive Linktest.rsp.
FF FF 00 00 00 06 00 20 4E 0E
2023-09-14 14:45:36.036: Receive Linktest.req.
FF FF 00 00 00 05 21 04 B4 F0
2023-09-14 14:45:36.036: Send Linktest.rsp.
FF FF 00 00 00 06 21 04 B4 F0
2023-09-14 14:45:41.593: Send Linktest.req.
FF FF 00 00 00 05 00 20 4E 0F
2023-09-14 14:45:41.609: Receive Linktest.rsp.
FF FF 00 00 00 06 00 20 4E 0F
2023-09-14 14:46:41.622: Receive Linktest.req.
FF FF 00 00 00 05 21 04 B4 F1
2023-09-14 14:46:41.622: Send Linktest.rsp.
FF FF 00 00 00 06 21 04 B4 F1
2023-09-14 14:46:46.845: Send Linktest.req.
FF FF 00 00 00 05 00 20 4E 10
2023-09-14 14:46:46.861: Receive Linktest.rsp.
FF FF 00 00 00 06 00 20 4E 10
2023-09-14 14:47:46.864: Receive Linktest.req.
FF FF 00 00 00 05 21 04 B4 F2
2023-09-14 14:47:46.864: Send Linktest.rsp.
FF FF 00 00 00 06 21 04 B4 F2
2023-09-14 14:47:52.400: Send Linktest.req.
FF FF 00 00 00 05 00 20 4E 11
2023-09-14 14:47:52.415: Receive Linktest.rsp.
FF FF 00 00 00 06 00 20 4E 11
2023-09-14 14:48:52.423: Receive Linktest.req.
FF FF 00 00 00 05 21 04 B4 F3
2023-09-14 14:48:52.423: Send Linktest.rsp.
FF FF 00 00 00 06 21 04 B4 F3
2023-09-14 14:48:57.705: Send Linktest.req.
FF FF 00 00 00 05 00 20 4E 12
2023-09-14 14:48:57.721: Receive Linktest.rsp.
FF FF 00 00 00 06 00 20 4E 12
2023-09-14 14:49:57.726: Receive Linktest.req.
FF FF 00 00 00 05 21 04 B4 F4
2023-09-14 14:49:57.726: Send Linktest.rsp.
FF FF 00 00 00 06 21 04 B4 F4
2023-09-14 14:50:03.185: Send Linktest.req.
FF FF 00 00 00 05 00 20 4E 13
2023-09-14 14:50:03.199: Receive Linktest.rsp.
FF FF 00 00 00 06 00 20 4E 13
2023-09-14 14:51:03.205: Receive Linktest.req.
FF FF 00 00 00 05 21 04 B4 F5
2023-09-14 14:51:03.205: Send Linktest.rsp.
FF FF 00 00 00 06 21 04 B4 F5
2023-09-14 14:51:08.614: Send Linktest.req.
FF FF 00 00 00 05 00 20 4E 14
2023-09-14 14:51:08.614: Receive Linktest.rsp.
FF FF 00 00 00 06 00 20 4E 14
2023-09-14 14:52:08.618: Receive Linktest.req.
FF FF 00 00 00 05 21 04 B4 F6
2023-09-14 14:52:08.618: Send Linktest.rsp.
FF FF 00 00 00 06 21 04 B4 F6
2023-09-14 14:52:13.952: Send Linktest.req.
FF FF 00 00 00 05 00 20 4E 15
2023-09-14 14:52:13.968: Receive Linktest.rsp.
FF FF 00 00 00 06 00 20 4E 15
2023-09-14 14:53:13.972: Receive Linktest.req.
FF FF 00 00 00 05 21 04 B4 F7
2023-09-14 14:53:13.972: Send Linktest.rsp.
FF FF 00 00 00 06 21 04 B4 F7
2023-09-14 14:53:19.970: Send Linktest.req.
FF FF 00 00 00 05 00 20 4E 16
2023-09-14 14:53:19.986: Receive Linktest.rsp.
FF FF 00 00 00 06 00 20 4E 16
2023-09-14 14:54:19.997: Receive Linktest.req.
FF FF 00 00 00 05 21 04 B4 F8
2023-09-14 14:54:19.997: Send Linktest.rsp.
FF FF 00 00 00 06 21 04 B4 F8
2023-09-14 14:54:26.106: Send Linktest.req.
FF FF 00 00 00 05 00 20 4E 17
2023-09-14 14:54:26.122: Receive Linktest.rsp.
FF FF 00 00 00 06 00 20 4E 17
2023-09-14 14:55:26.131: Receive Linktest.req.
FF FF 00 00 00 05 21 04 B4 F9
2023-09-14 14:55:26.132: Send Linktest.rsp.
FF FF 00 00 00 06 21 04 B4 F9
2023-09-14 14:55:32.096: Send Linktest.req.
FF FF 00 00 00 05 00 20 4E 18
2023-09-14 14:55:32.112: Receive Linktest.rsp.
FF FF 00 00 00 06 00 20 4E 18
2023-09-14 14:56:32.117: Receive Linktest.req.
FF FF 00 00 00 05 21 04 B4 FA
2023-09-14 14:56:32.117: Send Linktest.rsp.
FF FF 00 00 00 06 21 04 B4 FA
2023-09-14 14:56:37.635: Send Linktest.req.
FF FF 00 00 00 05 00 20 4E 19
2023-09-14 14:56:37.651: Receive Linktest.rsp.
FF FF 00 00 00 06 00 20 4E 19
2023-09-14 14:57:37.652: Receive Linktest.req.
FF FF 00 00 00 05 21 04 B4 FB
2023-09-14 14:57:37.652: Send Linktest.rsp.
FF FF 00 00 00 06 21 04 B4 FB
2023-09-14 14:57:43.220: Send Linktest.req.
FF FF 00 00 00 05 00 20 4E 1A
2023-09-14 14:57:43.236: Receive Linktest.rsp.
FF FF 00 00 00 06 00 20 4E 1A
