//////////////////////////////////////////////////////////////////////////
2023-05-26 10:53:48.082: CTLT_SECS (HSMS Mode) Ver. 2.3.6 & CTLT_GEM Ver. 2.9.3 Start...Driver: NO_LICENCE
2023-05-26 10:53:49.983: Receive Select.req.
FF FF 00 00 00 01 01 41 CD 62
2023-05-26 10:53:50.087: Send Select.rsp.
FF FF 00 00 00 02 01 41 CD 62
2023-05-26 10:53:57.506: Send Data Message.
00 00 00 1E 00 00 81 0D 00 00
2023-05-26 10:53:57.506: Send S1F13(4282318).
00 00 81 0D 00 00 00 41 57 CE   01 02 41 07 54 72 69 6D 47 61
70 41 07 31 2E 30 2E 30 2E 30
S1F13 W /* Establish Communications Request */
<L[2]
  <A[7]"TrimGap"> /* Name = MDLN, Keyword = GEM_MDLN (GEM_MDLN) */
  <A[7]"1.0.0.0"> /* Name = SoftRev, Keyword = GEM_SOFTREV (GEM_SOFTREV) */
>
.
Program takes      0.142 seconds to log this message.
2023-05-26 10:53:57.650: Receive Data Message.
00 00 00 11 00 00 01 0E 00 00
2023-05-26 10:53:57.650: Receive S1F14(4282318).
00 00 01 0E 00 00 00 41 57 CE   01 02 21 01 00 01 00
S1F14  /* Establish Communications Request Acknowledge */
<L[2]
  <B[1] 0x00> /* Name = COMMACK */
  <L[0]
  >
>
.
Program takes      0 seconds to log this message.
2023-05-26 10:55:03.546: Send Linktest.req.
FF FF 00 00 00 05 00 41 57 CF
2023-05-26 10:55:03.550: Receive Linktest.rsp.
FF FF 00 00 00 06 00 41 57 CF
2023-05-26 10:56:09.590: Send Linktest.req.
FF FF 00 00 00 05 00 41 57 D0
2023-05-26 10:56:09.595: Receive Linktest.rsp.
FF FF 00 00 00 06 00 41 57 D0
2023-05-26 10:57:15.355: Send Linktest.req.
FF FF 00 00 00 05 00 41 57 D1
2023-05-26 10:57:15.358: Receive Linktest.rsp.
FF FF 00 00 00 06 00 41 57 D1
2023-05-26 10:58:21.102: Send Linktest.req.
FF FF 00 00 00 05 00 41 57 D2
2023-05-26 10:58:21.104: Receive Linktest.rsp.
FF FF 00 00 00 06 00 41 57 D2
2023-05-26 10:59:27.246: Send Linktest.req.
FF FF 00 00 00 05 00 41 57 D3
2023-05-26 10:59:27.248: Receive Linktest.rsp.
FF FF 00 00 00 06 00 41 57 D3
2023-05-26 11:00:33.310: Send Linktest.req.
FF FF 00 00 00 05 00 41 57 D4
2023-05-26 11:00:33.312: Receive Linktest.rsp.
FF FF 00 00 00 06 00 41 57 D4
2023-05-26 11:01:39.322: Send Linktest.req.
FF FF 00 00 00 05 00 41 57 D5
2023-05-26 11:01:39.324: Receive Linktest.rsp.
FF FF 00 00 00 06 00 41 57 D5
2023-05-26 11:02:44.965: Send Linktest.req.
FF FF 00 00 00 05 00 41 57 D6
2023-05-26 11:02:44.969: Receive Linktest.rsp.
FF FF 00 00 00 06 00 41 57 D6
2023-05-26 11:03:50.924: Send Linktest.req.
FF FF 00 00 00 05 00 41 57 D7
2023-05-26 11:03:50.926: Receive Linktest.rsp.
FF FF 00 00 00 06 00 41 57 D7
2023-05-26 11:04:56.706: Send Linktest.req.
FF FF 00 00 00 05 00 41 57 D8
2023-05-26 11:04:56.708: Receive Linktest.rsp.
FF FF 00 00 00 06 00 41 57 D8
2023-05-26 11:06:02.605: Send Linktest.req.
FF FF 00 00 00 05 00 41 57 D9
2023-05-26 11:06:02.607: Receive Linktest.rsp.
FF FF 00 00 00 06 00 41 57 D9
2023-05-26 11:07:08.463: Send Linktest.req.
FF FF 00 00 00 05 00 41 57 DA
2023-05-26 11:07:08.466: Receive Linktest.rsp.
FF FF 00 00 00 06 00 41 57 DA
2023-05-26 11:08:14.311: Send Linktest.req.
FF FF 00 00 00 05 00 41 57 DB
2023-05-26 11:08:14.314: Receive Linktest.rsp.
FF FF 00 00 00 06 00 41 57 DB
2023-05-26 11:09:20.181: Send Linktest.req.
FF FF 00 00 00 05 00 41 57 DC
2023-05-26 11:09:20.185: Receive Linktest.rsp.
FF FF 00 00 00 06 00 41 57 DC
2023-05-26 11:10:25.938: Send Linktest.req.
FF FF 00 00 00 05 00 41 57 DD
2023-05-26 11:10:25.940: Receive Linktest.rsp.
FF FF 00 00 00 06 00 41 57 DD
2023-05-26 11:11:31.738: Send Linktest.req.
FF FF 00 00 00 05 00 41 57 DE
2023-05-26 11:11:31.740: Receive Linktest.rsp.
FF FF 00 00 00 06 00 41 57 DE
2023-05-26 11:12:37.446: Send Linktest.req.
FF FF 00 00 00 05 00 41 57 DF
2023-05-26 11:12:37.448: Receive Linktest.rsp.
FF FF 00 00 00 06 00 41 57 DF
2023-05-26 11:13:43.262: Send Linktest.req.
FF FF 00 00 00 05 00 41 57 E0
2023-05-26 11:13:43.270: Receive Linktest.rsp.
FF FF 00 00 00 06 00 41 57 E0
2023-05-26 11:14:48.958: Send Linktest.req.
FF FF 00 00 00 05 00 41 57 E1
2023-05-26 11:14:48.962: Receive Linktest.rsp.
FF FF 00 00 00 06 00 41 57 E1
2023-05-26 11:15:54.560: Send Linktest.req.
FF FF 00 00 00 05 00 41 57 E2
2023-05-26 11:15:54.563: Receive Linktest.rsp.
FF FF 00 00 00 06 00 41 57 E2
2023-05-26 11:17:00.419: Send Linktest.req.
FF FF 00 00 00 05 00 41 57 E3
2023-05-26 11:17:00.421: Receive Linktest.rsp.
FF FF 00 00 00 06 00 41 57 E3
2023-05-26 11:18:06.225: Send Linktest.req.
FF FF 00 00 00 05 00 41 57 E4
2023-05-26 11:18:06.228: Receive Linktest.rsp.
FF FF 00 00 00 06 00 41 57 E4
2023-05-26 11:19:12.070: Send Linktest.req.
FF FF 00 00 00 05 00 41 57 E5
2023-05-26 11:19:12.072: Receive Linktest.rsp.
FF FF 00 00 00 06 00 41 57 E5
2023-05-26 11:20:17.803: Send Linktest.req.
FF FF 00 00 00 05 00 41 57 E6
2023-05-26 11:20:17.805: Receive Linktest.rsp.
FF FF 00 00 00 06 00 41 57 E6
2023-05-26 11:21:23.514: Send Linktest.req.
FF FF 00 00 00 05 00 41 57 E7
2023-05-26 11:21:23.517: Receive Linktest.rsp.
FF FF 00 00 00 06 00 41 57 E7
2023-05-26 11:22:29.511: Send Linktest.req.
FF FF 00 00 00 05 00 41 57 E8
2023-05-26 11:22:29.514: Receive Linktest.rsp.
FF FF 00 00 00 06 00 41 57 E8
2023-05-26 11:23:34.924: Send Linktest.req.
FF FF 00 00 00 05 00 41 57 E9
2023-05-26 11:23:34.927: Receive Linktest.rsp.
FF FF 00 00 00 06 00 41 57 E9
2023-05-26 11:24:40.447: Send Linktest.req.
FF FF 00 00 00 05 00 41 57 EA
2023-05-26 11:24:40.450: Receive Linktest.rsp.
FF FF 00 00 00 06 00 41 57 EA
2023-05-26 11:25:46.164: Send Linktest.req.
FF FF 00 00 00 05 00 41 57 EB
2023-05-26 11:25:46.166: Receive Linktest.rsp.
FF FF 00 00 00 06 00 41 57 EB
2023-05-26 11:26:51.989: Send Linktest.req.
FF FF 00 00 00 05 00 41 57 EC
2023-05-26 11:26:51.991: Receive Linktest.rsp.
FF FF 00 00 00 06 00 41 57 EC
2023-05-26 11:27:57.653: Send Linktest.req.
FF FF 00 00 00 05 00 41 57 ED
2023-05-26 11:27:57.655: Receive Linktest.rsp.
FF FF 00 00 00 06 00 41 57 ED
2023-05-26 11:29:03.232: Send Linktest.req.
FF FF 00 00 00 05 00 41 57 EE
2023-05-26 11:29:03.237: Receive Linktest.rsp.
FF FF 00 00 00 06 00 41 57 EE
2023-05-26 11:30:09.008: Send Linktest.req.
FF FF 00 00 00 05 00 41 57 EF
2023-05-26 11:30:09.014: Receive Linktest.rsp.
FF FF 00 00 00 06 00 41 57 EF
2023-05-26 11:31:14.761: Send Linktest.req.
FF FF 00 00 00 05 00 41 57 F0
2023-05-26 11:31:14.763: Receive Linktest.rsp.
FF FF 00 00 00 06 00 41 57 F0
2023-05-26 11:32:20.011: Send Linktest.req.
FF FF 00 00 00 05 00 41 57 F1
2023-05-26 11:32:20.018: Receive Linktest.rsp.
FF FF 00 00 00 06 00 41 57 F1
2023-05-26 11:33:25.481: Send Linktest.req.
FF FF 00 00 00 05 00 41 57 F2
2023-05-26 11:33:25.483: Receive Linktest.rsp.
FF FF 00 00 00 06 00 41 57 F2
2023-05-26 11:34:31.127: Send Linktest.req.
FF FF 00 00 00 05 00 41 57 F3
2023-05-26 11:34:31.131: Receive Linktest.rsp.
FF FF 00 00 00 06 00 41 57 F3
2023-05-26 11:35:36.667: Send Linktest.req.
FF FF 00 00 00 05 00 41 57 F4
2023-05-26 11:35:36.669: Receive Linktest.rsp.
FF FF 00 00 00 06 00 41 57 F4
2023-05-26 11:36:42.249: Send Linktest.req.
FF FF 00 00 00 05 00 41 57 F5
2023-05-26 11:36:42.252: Receive Linktest.rsp.
FF FF 00 00 00 06 00 41 57 F5
2023-05-26 11:36:46.666: Receive Data Message.
00 00 00 0C 00 00 01 02 00 00
2023-05-26 11:36:46.666: Receive S1F2(0).
00 00 01 02 00 00 00 00 00 00   01 00
S1F2  /* On Line Data */
<L[0]
>
.
Program takes      0 seconds to log this message.
2023-05-26 11:36:54.286: Receive Data Message.
00 00 00 0C 00 00 01 02 00 00
2023-05-26 11:36:54.286: Receive S1F2(0).
00 00 01 02 00 00 00 00 00 00   01 00
S1F2  /* On Line Data */
<L[0]
>
.
Program takes      0 seconds to log this message.
2023-05-26 11:37:00.730: Receive Data Message.
00 00 00 12 00 00 81 01 00 00
2023-05-26 11:37:00.730: Receive S1F1(4128461).
00 00 81 01 00 00 00 3E FE CD   01 01 B1 04 00 00 07 E5
S1F1 W /* Are You Online? */
<L[1]
  <U4[1] 2021>
>
.
Program takes      0 seconds to log this message.
2023-05-26 11:37:00.733: Send Data Message.
00 00 00 1E 00 00 01 02 00 00
2023-05-26 11:37:00.733: Send S1F2(4128461).
00 00 01 02 00 00 00 3E FE CD   01 02 41 07 54 72 69 6D 47 61
70 41 07 31 2E 30 2E 30 2E 30
S1F2  /* On Line Data */
<L[2]
  <A[7]"TrimGap"> /* Name = MDLN, Keyword = equipment model type */
  <A[7]"1.0.0.0"> /* Name = SOFTREV, Keyword = software revision */
>
.
Program takes      0 seconds to log this message.
2023-05-26 11:38:05.495: Send Linktest.req.
FF FF 00 00 00 05 00 41 57 F6
2023-05-26 11:38:05.498: Receive Linktest.rsp.
FF FF 00 00 00 06 00 41 57 F6
2023-05-26 11:39:11.183: Send Linktest.req.
FF FF 00 00 00 05 00 41 57 F7
2023-05-26 11:39:11.188: Receive Linktest.rsp.
FF FF 00 00 00 06 00 41 57 F7
2023-05-26 11:40:10.278: Receive Data Message.
00 00 00 12 00 00 81 01 00 00
2023-05-26 11:40:10.278: Receive S1F1(4128462).
00 00 81 01 00 00 00 3E FE CE   01 01 B1 04 00 00 07 E5
S1F1 W /* Are You Online? */
<L[1]
  <U4[1] 2021>
>
.
Program takes      0 seconds to log this message.
2023-05-26 11:40:10.283: Send Data Message.
00 00 00 1E 00 00 01 02 00 00
2023-05-26 11:40:10.283: Send S1F2(4128462).
00 00 01 02 00 00 00 3E FE CE   01 02 41 07 54 72 69 6D 47 61
70 41 07 31 2E 30 2E 30 2E 30
S1F2  /* On Line Data */
<L[2]
  <A[7]"TrimGap"> /* Name = MDLN, Keyword = equipment model type */
  <A[7]"1.0.0.0"> /* Name = SOFTREV, Keyword = software revision */
>
.
Program takes      0 seconds to log this message.
2023-05-26 11:40:11.201: Receive Data Message.
00 00 00 12 00 00 81 01 00 00
2023-05-26 11:40:11.201: Receive S1F1(4128463).
00 00 81 01 00 00 00 3E FE CF   01 01 B1 04 00 00 07 E5
S1F1 W /* Are You Online? */
<L[1]
  <U4[1] 2021>
>
.
Program takes      0 seconds to log this message.
2023-05-26 11:40:11.204: Send Data Message.
00 00 00 1E 00 00 01 02 00 00
2023-05-26 11:40:11.204: Send S1F2(4128463).
00 00 01 02 00 00 00 3E FE CF   01 02 41 07 54 72 69 6D 47 61
70 41 07 31 2E 30 2E 30 2E 30
S1F2  /* On Line Data */
<L[2]
  <A[7]"TrimGap"> /* Name = MDLN, Keyword = equipment model type */
  <A[7]"1.0.0.0"> /* Name = SOFTREV, Keyword = software revision */
>
.
Program takes      0 seconds to log this message.
2023-05-26 11:40:20.853: Receive Data Message.
00 00 00 0C 00 00 81 0D 00 00
2023-05-26 11:40:20.853: Receive S1F13(4128464).
00 00 81 0D 00 00 00 3E FE D0   01 00
S1F13 W /* Establish Communications Request */
<L[0]
>
.
Program takes      0 seconds to log this message.
2023-05-26 11:40:20.857: Send Data Message.
00 00 00 23 00 00 01 0E 00 00
2023-05-26 11:40:20.857: Send S1F14(4128464).
00 00 01 0E 00 00 00 3E FE D0   01 02 21 01 00 01 02 41 07 54
72 69 6D 47 61 70 41 07 31 2E   30 2E 30 2E 30
S1F14  /* Establish Communications Request Acknowledge */
<L[2]
  <B[1] 0x00> /* Name = COMMACK, Keyword = 0:ok | 1:denied */
  <L[2]
    <A[7]"TrimGap"> /* Name = MDLN, Keyword = equipment model type */
    <A[7]"1.0.0.0"> /* Name = SOFTREV, Keyword = software revision */
  >
>
.
Program takes      0 seconds to log this message.
2023-05-26 11:40:21.716: Receive Data Message.
00 00 00 0C 00 00 81 0D 00 00
2023-05-26 11:40:21.716: Receive S1F13(4128465).
00 00 81 0D 00 00 00 3E FE D1   01 00
S1F13 W /* Establish Communications Request */
<L[0]
>
.
Program takes      0 seconds to log this message.
2023-05-26 11:40:21.720: Send Data Message.
00 00 00 23 00 00 01 0E 00 00
2023-05-26 11:40:21.720: Send S1F14(4128465).
00 00 01 0E 00 00 00 3E FE D1   01 02 21 01 00 01 02 41 07 54
72 69 6D 47 61 70 41 07 31 2E   30 2E 30 2E 30
S1F14  /* Establish Communications Request Acknowledge */
<L[2]
  <B[1] 0x00> /* Name = COMMACK, Keyword = 0:ok | 1:denied */
  <L[2]
    <A[7]"TrimGap"> /* Name = MDLN, Keyword = equipment model type */
    <A[7]"1.0.0.0"> /* Name = SOFTREV, Keyword = software revision */
  >
>
.
Program takes      0 seconds to log this message.
2023-05-26 11:40:26.516: Receive Data Message.
00 00 00 0C 00 00 81 0D 00 00
2023-05-26 11:40:26.516: Receive S1F13(4128466).
00 00 81 0D 00 00 00 3E FE D2   01 00
S1F13 W /* Establish Communications Request */
<L[0]
>
.
Program takes      0 seconds to log this message.
2023-05-26 11:40:26.519: Send Data Message.
00 00 00 23 00 00 01 0E 00 00
2023-05-26 11:40:26.519: Send S1F14(4128466).
00 00 01 0E 00 00 00 3E FE D2   01 02 21 01 00 01 02 41 07 54
72 69 6D 47 61 70 41 07 31 2E   30 2E 30 2E 30
S1F14  /* Establish Communications Request Acknowledge */
<L[2]
  <B[1] 0x00> /* Name = COMMACK, Keyword = 0:ok | 1:denied */
  <L[2]
    <A[7]"TrimGap"> /* Name = MDLN, Keyword = equipment model type */
    <A[7]"1.0.0.0"> /* Name = SOFTREV, Keyword = software revision */
  >
>
.
Program takes      0 seconds to log this message.
2023-05-26 11:40:27.520: Receive Data Message.
00 00 00 0C 00 00 81 0D 00 00
2023-05-26 11:40:27.520: Receive S1F13(4128467).
00 00 81 0D 00 00 00 3E FE D3   01 00
S1F13 W /* Establish Communications Request */
<L[0]
>
.
Program takes      0 seconds to log this message.
2023-05-26 11:40:27.525: Send Data Message.
00 00 00 23 00 00 01 0E 00 00
2023-05-26 11:40:27.525: Send S1F14(4128467).
00 00 01 0E 00 00 00 3E FE D3   01 02 21 01 00 01 02 41 07 54
72 69 6D 47 61 70 41 07 31 2E   30 2E 30 2E 30
S1F14  /* Establish Communications Request Acknowledge */
<L[2]
  <B[1] 0x00> /* Name = COMMACK, Keyword = 0:ok | 1:denied */
  <L[2]
    <A[7]"TrimGap"> /* Name = MDLN, Keyword = equipment model type */
    <A[7]"1.0.0.0"> /* Name = SOFTREV, Keyword = software revision */
  >
>
.
Program takes      0 seconds to log this message.
2023-05-26 11:41:22.908: Receive Data Message.
00 00 00 0C 00 00 82 0D 00 00
2023-05-26 11:41:22.908: Receive S2F13(4128468).
00 00 82 0D 00 00 00 3E FE D4   01 00
S2F13 W /* Equipment Constant Request */
<L[0]
>
.
Program takes      0 seconds to log this message.
2023-05-26 11:41:22.923: Send Data Message.
00 00 00 52 00 00 02 0E 00 00
2023-05-26 11:41:22.923: Send S2F14(4128468).
00 00 02 0E 00 00 00 3E FE D4   01 14 A5 01 01 A5 01 02 A5 01
01 A5 01 01 A5 01 01 A9 02 00   05 A5 01 03 A5 01 03 A5 01 05
B1 04 00 00 27 10 A5 01 01 25   01 01 A5 01 01 A5 01 05 A5 01
05 B1 04 00 00 27 10 91 04 3F   6E 56 04 A5 01 32 A5 01 01 A5
01 6E
S2F14  /* Equipment Constant Data */
<L[20]
  <U1[1] 1> /* Name = ECID, Keyword = _GEM_INIT_COMM_STATE_ (7) */
  <U1[1] 2> /* Name = ECID, Keyword = _GEM_INIT_CONTROL_STATE_ (8) */
  <U1[1] 1> /* Name = ECID, Keyword = _GEM_WBIT_S5_ (21) */
  <U1[1] 1> /* Name = ECID, Keyword = _GEM_WBIT_S6_ (22) */
  <U1[1] 1> /* Name = ECID, Keyword = _GEM_WBIT_S10_ (23) */
  <U2[1] 5> /* Name = ECID, Keyword = _GEM_ESTAB_COMM_DELAY_ (44) */
  <U1[1] 3> /* Name = ECID, Keyword = _GEM_OFF_LINE_SUBSTATE_ (49) */
  <U1[1] 3> /* Name = ECID, Keyword = _GEM_ON_LINE_FAILED_ (50) */
  <U1[1] 5> /* Name = ECID, Keyword = _GEM_ON_LINE_SUBSTATE_ (51) */
  <U4[1] 10000> /* Name = ECID, Keyword = _GEM_MAX_SPOOL_TRANSMIT_ (52) */
  <U1[1] 1> /* Name = ECID, Keyword = _GEM_CONFIG_SPOOL_ (66) */
  <Boolean[1] 0x1> /* Name = ECID, Keyword = _GEM_OVER_WRITE_SPOOL_ (67) */
  <U1[1] 1> /* Name = ECID, Keyword = _GEM_TIME_FORMAT_ (68) */
  <U1[1] 5> /* Name = ECID, Keyword = _GEM_DATAID_FORMAT_ (71) */
  <U1[1] 5> /* Name = ECID, Keyword = _GEM_SAMPLN_FORMAT_ (75) */
  <U4[1] 10000> /* Name = ECID, Keyword = ChunkRotateDistance (7001) */
  <F4[1] 0.931> /* Name = ECID, Keyword = Cofficient (7002) */
  <U1[1] 50> /* Name = ECID, Keyword = RobotSpeed (7003) */
  <U1[1] 1> /* Name = ECID, Keyword = MotionRotate (7004) */
  <U1[1] 110> /* Name = ECID, Keyword = SoftWareVersion (7005) */
>
.
Program takes      0.001 seconds to log this message.
2023-05-26 11:41:28.173: Receive Data Message.
00 00 00 1E 00 00 82 0D 00 00
2023-05-26 11:41:28.173: Receive S2F13(4128469).
00 00 82 0D 00 00 00 3E FE D5   01 03 B1 04 00 00 03 E9 B1 04
00 00 03 EA B1 04 00 00 03 EB
S2F13 W /* Equipment Constant Request */
<L[3]
  <U4[1] 1001> /* Name = ECID, Keyword = CarrierIDReadFail (1001) */
  <U4[1] 1002> /* Name = ECID, Keyword = AccessModeAuto (1002) */
  <U4[1] 1003> /* Name = ECID, Keyword = AccessModeManu (1003) */
>
.
Program takes      0 seconds to log this message.
2023-05-26 11:41:28.177: Send Data Message.
00 00 00 12 00 00 02 0E 00 00
2023-05-26 11:41:28.177: Send S2F14(4128469).
00 00 02 0E 00 00 00 3E FE D5   01 03 01 00 01 00 01 00
S2F14  /* Equipment Constant Data */
<L[3]
  <L[0]
  >
  <L[0]
  >
  <L[0]
  >
>
.
Program takes      0 seconds to log this message.
2023-05-26 11:41:31.204: Receive Data Message.
00 00 00 0C 00 00 82 0D 00 00
2023-05-26 11:41:31.204: Receive S2F13(4128470).
00 00 82 0D 00 00 00 3E FE D6   01 00
S2F13 W /* Equipment Constant Request */
<L[0]
>
.
Program takes      0 seconds to log this message.
2023-05-26 11:41:31.207: Send Data Message.
00 00 00 52 00 00 02 0E 00 00
2023-05-26 11:41:31.207: Send S2F14(4128470).
00 00 02 0E 00 00 00 3E FE D6   01 14 A5 01 01 A5 01 02 A5 01
01 A5 01 01 A5 01 01 A9 02 00   05 A5 01 03 A5 01 03 A5 01 05
B1 04 00 00 27 10 A5 01 01 25   01 01 A5 01 01 A5 01 05 A5 01
05 B1 04 00 00 27 10 91 04 3F   6E 56 04 A5 01 32 A5 01 01 A5
01 6E
S2F14  /* Equipment Constant Data */
<L[20]
  <U1[1] 1> /* Name = ECID, Keyword = _GEM_INIT_COMM_STATE_ (7) */
  <U1[1] 2> /* Name = ECID, Keyword = _GEM_INIT_CONTROL_STATE_ (8) */
  <U1[1] 1> /* Name = ECID, Keyword = _GEM_WBIT_S5_ (21) */
  <U1[1] 1> /* Name = ECID, Keyword = _GEM_WBIT_S6_ (22) */
  <U1[1] 1> /* Name = ECID, Keyword = _GEM_WBIT_S10_ (23) */
  <U2[1] 5> /* Name = ECID, Keyword = _GEM_ESTAB_COMM_DELAY_ (44) */
  <U1[1] 3> /* Name = ECID, Keyword = _GEM_OFF_LINE_SUBSTATE_ (49) */
  <U1[1] 3> /* Name = ECID, Keyword = _GEM_ON_LINE_FAILED_ (50) */
  <U1[1] 5> /* Name = ECID, Keyword = _GEM_ON_LINE_SUBSTATE_ (51) */
  <U4[1] 10000> /* Name = ECID, Keyword = _GEM_MAX_SPOOL_TRANSMIT_ (52) */
  <U1[1] 1> /* Name = ECID, Keyword = _GEM_CONFIG_SPOOL_ (66) */
  <Boolean[1] 0x1> /* Name = ECID, Keyword = _GEM_OVER_WRITE_SPOOL_ (67) */
  <U1[1] 1> /* Name = ECID, Keyword = _GEM_TIME_FORMAT_ (68) */
  <U1[1] 5> /* Name = ECID, Keyword = _GEM_DATAID_FORMAT_ (71) */
  <U1[1] 5> /* Name = ECID, Keyword = _GEM_SAMPLN_FORMAT_ (75) */
  <U4[1] 10000> /* Name = ECID, Keyword = ChunkRotateDistance (7001) */
  <F4[1] 0.931> /* Name = ECID, Keyword = Cofficient (7002) */
  <U1[1] 50> /* Name = ECID, Keyword = RobotSpeed (7003) */
  <U1[1] 1> /* Name = ECID, Keyword = MotionRotate (7004) */
  <U1[1] 110> /* Name = ECID, Keyword = SoftWareVersion (7005) */
>
.
Program takes      0 seconds to log this message.
2023-05-26 11:42:03.558: Receive Data Message.
00 00 00 0C 00 00 82 1D 00 00
2023-05-26 11:42:03.558: Receive S2F29(4128471).
00 00 82 1D 00 00 00 3E FE D7   01 00
S2F29 W /* Equipment Constant Namelist Request */
<L[0]
>
.
Program takes      0 seconds to log this message.
2023-05-26 11:42:03.566: Send Data Message.
00 00 03 40 00 00 02 1E 00 00
2023-05-26 11:42:03.566: Send S2F30(4128471).
00 00 02 1E 00 00 00 3E FE D7   01 14 01 06 B1 04 00 00 00 07
41 15 5F 47 45 4D 5F 49 4E 49   54 5F 43 4F 4D 4D 5F 53 54 41
54 45 5F 41 01 30 41 01 31 41   01 31 41 00 01 06 B1 04 00 00
00 08 41 18 5F 47 45 4D 5F 49   4E 49 54 5F 43 4F 4E 54 52 4F
4C 5F 53 54 41 54 45 5F 41 01   31 41 01 32 41 01 32 41 00 01
06 B1 04 00 00 00 15 41 0D 5F   47 45 4D 5F 57 42 49 54 5F 53
35 5F 41 01 30 41 01 31 41 01   31 41 00 01 06 B1 04 00 00 00
16 41 0D 5F 47 45 4D 5F 57 42   49 54 5F 53 36 5F 41 01 30 41
01 31 41 01 31 41 00 01 06 B1   04 00 00 00 17 41 0E 5F 47 45
4D 5F 57 42 49 54 5F 53 31 30   5F 41 01 30 41 01 31 41 01 31
41 00 01 06 B1 04 00 00 00 2C   41 16 5F 47 45 4D 5F 45 53 54
41 42 5F 43 4F 4D 4D 5F 44 45   4C 41 59 5F 41 01 31 41 05 31
30 30 30 30 41 01 35 41 03 53   65 63 01 06 B1 04 00 00 00 31
41 17 5F 47 45 4D 5F 4F 46 46   5F 4C 49 4E 45 5F 53 55 42 53
54 41 54 45 5F 41 01 31 41 01   33 41 01 33 41 00 01 06 B1 04
00 00 00 32 41 14 5F 47 45 4D   5F 4F 4E 5F 4C 49 4E 45 5F 46
41 49 4C 45 44 5F 41 01 31 41   01 33 41 01 33 41 00 01 06 B1
04 00 00 00 33 41 16 5F 47 45   4D 5F 4F 4E 5F 4C 49 4E 45 5F
53 55 42 53 54 41 54 45 5F 41   01 34 41 01 35 41 01 35 41 00
01 06 B1 04 00 00 00 34 41 18   5F 47 45 4D 5F 4D 41 58 5F 53
50 4F 4F 4C 5F 54 52 41 4E 53   4D 49 54 5F 41 01 31 41 09 32
30 30 30 30 30 30 30 30 41 05   31 30 30 30 30 41 00 01 06 B1
04 00 00 00 42 41 12 5F 47 45   4D 5F 43 4F 4E 46 49 47 5F 53
50 4F 4F 4C 5F 41 01 30 41 01   31 41 01 31 41 00 01 06 B1 04
00 00 00 43 41 16 5F 47 45 4D   5F 4F 56 45 52 5F 57 52 49 54
45 5F 53 50 4F 4F 4C 5F 41 01   30 41 01 31 41 01 31 41 00 01
06 B1 04 00 00 00 44 41 11 5F   47 45 4D 5F 54 49 4D 45 5F 46
4F 52 4D 41 54 5F 41 01 30 41   01 33 41 01 31 41 00 01 06 B1
04 00 00 00 47 41 13 5F 47 45   4D 5F 44 41 54 41 49 44 5F 46
4F 52 4D 41 54 5F 41 01 31 41   01 36 41 01 35 41 00 01 06 B1
04 00 00 00 4B 41 13 5F 47 45   4D 5F 53 41 4D 50 4C 4E 5F 46
4F 52 4D 41 54 5F 41 01 31 41   01 36 41 01 35 41 00 01 06 B1
04 00 00 1B 59 41 13 43 68 75   6E 6B 52 6F 74 61 74 65 44 69
73 74 61 6E 63 65 41 01 31 41   05 35 30 30 30 30 41 05 31 30
30 30 30 41 05 70 75 6C 73 65   01 06 B1 04 00 00 1B 5A 41 0A
43 6F 66 66 69 63 69 65 6E 74   41 01 30 41 01 31 41 05 30 2E
39 33 31 41 00 01 06 B1 04 00   00 1B 5B 41 0A 52 6F 62 6F 74
53 70 65 65 64 41 01 31 41 03   31 30 30 41 02 35 30 41 00 01
06 B1 04 00 00 1B 5C 41 0C 4D   6F 74 69 6F 6E 52 6F 74 61 74
65 41 01 30 41 01 31 41 01 31   41 00 01 06 B1 04 00 00 1B 5D
41 0F 53 6F 66 74 57 61 72 65   56 65 72 73 69 6F 6E 41 01 31
41 03 32 30 30 41 03 31 31 30   41 00
S2F30  /* Equipment Constant Namelist */
<L[20]
  <L[6]
    <U4[1] 7> /* Name = ECID, Keyword = _GEM_INIT_COMM_STATE_ (7) */
    <A[21]"_GEM_INIT_COMM_STATE_"> /* Name = ECNAME */
    <A[1]"0"> /* Name = ECMIN */
    <A[1]"1"> /* Name = ECMAX */
    <A[1]"1"> /* Name = ECDEF */
    <A[0]""> /* Name = UNITS */
  >
  <L[6]
    <U4[1] 8> /* Name = ECID, Keyword = _GEM_INIT_CONTROL_STATE_ (8) */
    <A[24]"_GEM_INIT_CONTROL_STATE_"> /* Name = ECNAME */
    <A[1]"1"> /* Name = ECMIN */
    <A[1]"2"> /* Name = ECMAX */
    <A[1]"2"> /* Name = ECDEF */
    <A[0]""> /* Name = UNITS */
  >
  <L[6]
    <U4[1] 21> /* Name = ECID, Keyword = _GEM_WBIT_S5_ (21) */
    <A[13]"_GEM_WBIT_S5_"> /* Name = ECNAME */
    <A[1]"0"> /* Name = ECMIN */
    <A[1]"1"> /* Name = ECMAX */
    <A[1]"1"> /* Name = ECDEF */
    <A[0]""> /* Name = UNITS */
  >
  <L[6]
    <U4[1] 22> /* Name = ECID, Keyword = _GEM_WBIT_S6_ (22) */
    <A[13]"_GEM_WBIT_S6_"> /* Name = ECNAME */
    <A[1]"0"> /* Name = ECMIN */
    <A[1]"1"> /* Name = ECMAX */
    <A[1]"1"> /* Name = ECDEF */
    <A[0]""> /* Name = UNITS */
  >
  <L[6]
    <U4[1] 23> /* Name = ECID, Keyword = _GEM_WBIT_S10_ (23) */
    <A[14]"_GEM_WBIT_S10_"> /* Name = ECNAME */
    <A[1]"0"> /* Name = ECMIN */
    <A[1]"1"> /* Name = ECMAX */
    <A[1]"1"> /* Name = ECDEF */
    <A[0]""> /* Name = UNITS */
  >
  <L[6]
    <U4[1] 44> /* Name = ECID, Keyword = _GEM_ESTAB_COMM_DELAY_ (44) */
    <A[22]"_GEM_ESTAB_COMM_DELAY_"> /* Name = ECNAME */
    <A[1]"1"> /* Name = ECMIN */
    <A[5]"10000"> /* Name = ECMAX */
    <A[1]"5"> /* Name = ECDEF */
    <A[3]"Sec"> /* Name = UNITS */
  >
  <L[6]
    <U4[1] 49> /* Name = ECID, Keyword = _GEM_OFF_LINE_SUBSTATE_ (49) */
    <A[23]"_GEM_OFF_LINE_SUBSTATE_"> /* Name = ECNAME */
    <A[1]"1"> /* Name = ECMIN */
    <A[1]"3"> /* Name = ECMAX */
    <A[1]"3"> /* Name = ECDEF */
    <A[0]""> /* Name = UNITS */
  >
  <L[6]
    <U4[1] 50> /* Name = ECID, Keyword = _GEM_ON_LINE_FAILED_ (50) */
    <A[20]"_GEM_ON_LINE_FAILED_"> /* Name = ECNAME */
    <A[1]"1"> /* Name = ECMIN */
    <A[1]"3"> /* Name = ECMAX */
    <A[1]"3"> /* Name = ECDEF */
    <A[0]""> /* Name = UNITS */
  >
  <L[6]
    <U4[1] 51> /* Name = ECID, Keyword = _GEM_ON_LINE_SUBSTATE_ (51) */
    <A[22]"_GEM_ON_LINE_SUBSTATE_"> /* Name = ECNAME */
    <A[1]"4"> /* Name = ECMIN */
    <A[1]"5"> /* Name = ECMAX */
    <A[1]"5"> /* Name = ECDEF */
    <A[0]""> /* Name = UNITS */
  >
  <L[6]
    <U4[1] 52> /* Name = ECID, Keyword = _GEM_MAX_SPOOL_TRANSMIT_ (52) */
    <A[24]"_GEM_MAX_SPOOL_TRANSMIT_"> /* Name = ECNAME */
    <A[1]"1"> /* Name = ECMIN */
    <A[9]"200000000"> /* Name = ECMAX */
    <A[5]"10000"> /* Name = ECDEF */
    <A[0]""> /* Name = UNITS */
  >
  <L[6]
    <U4[1] 66> /* Name = ECID, Keyword = _GEM_CONFIG_SPOOL_ (66) */
    <A[18]"_GEM_CONFIG_SPOOL_"> /* Name = ECNAME */
    <A[1]"0"> /* Name = ECMIN */
    <A[1]"1"> /* Name = ECMAX */
    <A[1]"1"> /* Name = ECDEF */
    <A[0]""> /* Name = UNITS */
  >
  <L[6]
    <U4[1] 67> /* Name = ECID, Keyword = _GEM_OVER_WRITE_SPOOL_ (67) */
    <A[22]"_GEM_OVER_WRITE_SPOOL_"> /* Name = ECNAME */
    <A[1]"0"> /* Name = ECMIN */
    <A[1]"1"> /* Name = ECMAX */
    <A[1]"1"> /* Name = ECDEF */
    <A[0]""> /* Name = UNITS */
  >
  <L[6]
    <U4[1] 68> /* Name = ECID, Keyword = _GEM_TIME_FORMAT_ (68) */
    <A[17]"_GEM_TIME_FORMAT_"> /* Name = ECNAME */
    <A[1]"0"> /* Name = ECMIN */
    <A[1]"3"> /* Name = ECMAX */
    <A[1]"1"> /* Name = ECDEF */
    <A[0]""> /* Name = UNITS */
  >
  <L[6]
    <U4[1] 71> /* Name = ECID, Keyword = _GEM_DATAID_FORMAT_ (71) */
    <A[19]"_GEM_DATAID_FORMAT_"> /* Name = ECNAME */
    <A[1]"1"> /* Name = ECMIN */
    <A[1]"6"> /* Name = ECMAX */
    <A[1]"5"> /* Name = ECDEF */
    <A[0]""> /* Name = UNITS */
  >
  <L[6]
    <U4[1] 75> /* Name = ECID, Keyword = _GEM_SAMPLN_FORMAT_ (75) */
    <A[19]"_GEM_SAMPLN_FORMAT_"> /* Name = ECNAME */
    <A[1]"1"> /* Name = ECMIN */
    <A[1]"6"> /* Name = ECMAX */
    <A[1]"5"> /* Name = ECDEF */
    <A[0]""> /* Name = UNITS */
  >
  <L[6]
    <U4[1] 7001> /* Name = ECID, Keyword = ChunkRotateDistance (7001) */
    <A[19]"ChunkRotateDistance"> /* Name = ECNAME */
    <A[1]"1"> /* Name = ECMIN */
    <A[5]"50000"> /* Name = ECMAX */
    <A[5]"10000"> /* Name = ECDEF */
    <A[5]"pulse"> /* Name = UNITS */
  >
  <L[6]
    <U4[1] 7002> /* Name = ECID, Keyword = Cofficient (7002) */
    <A[10]"Cofficient"> /* Name = ECNAME */
    <A[1]"0"> /* Name = ECMIN */
    <A[1]"1"> /* Name = ECMAX */
    <A[5]"0.931"> /* Name = ECDEF */
    <A[0]""> /* Name = UNITS */
  >
  <L[6]
    <U4[1] 7003> /* Name = ECID, Keyword = RobotSpeed (7003) */
    <A[10]"RobotSpeed"> /* Name = ECNAME */
    <A[1]"1"> /* Name = ECMIN */
    <A[3]"100"> /* Name = ECMAX */
    <A[2]"50"> /* Name = ECDEF */
    <A[0]""> /* Name = UNITS */
  >
  <L[6]
    <U4[1] 7004> /* Name = ECID, Keyword = MotionRotate (7004) */
    <A[12]"MotionRotate"> /* Name = ECNAME */
    <A[1]"0"> /* Name = ECMIN */
    <A[1]"1"> /* Name = ECMAX */
    <A[1]"1"> /* Name = ECDEF */
    <A[0]""> /* Name = UNITS */
  >
  <L[6]
    <U4[1] 7005> /* Name = ECID, Keyword = SoftWareVersion (7005) */
    <A[15]"SoftWareVersion"> /* Name = ECNAME */
    <A[1]"1"> /* Name = ECMIN */
    <A[3]"200"> /* Name = ECMAX */
    <A[3]"110"> /* Name = ECDEF */
    <A[0]""> /* Name = UNITS */
  >
>
.
Program takes      0 seconds to log this message.
2023-05-26 11:42:25.781: Receive Data Message.
00 00 00 0C 00 00 81 0B 00 00
2023-05-26 11:42:25.781: Receive S1F11(4128472).
00 00 81 0B 00 00 00 3E FE D8   01 00
S1F11 W /* Status Variable Namelist Request */
<L[0]
>
.
Program takes      0 seconds to log this message.
2023-05-26 11:42:25.787: Send Data Message.
00 00 02 F5 00 00 01 0C 00 00
2023-05-26 11:42:25.787: Send S1F12(4128472).
00 00 01 0C 00 00 00 3E FE D8   01 18 01 03 B1 04 00 00 00 01
41 13 5F 4C 49 43 45 4E 53 45   5F 43 4F 44 45 5F 53 56 49 44
5F 41 00 01 03 B1 04 00 00 00   02 41 15 5F 4C 49 43 45 4E 53
45 5F 53 54 41 54 55 53 5F 53   56 49 44 5F 41 00 01 03 B1 04
00 00 00 03 41 0B 5F 47 45 4D   5F 43 4C 4F 43 4B 5F 41 00 01
03 B1 04 00 00 00 04 41 13 5F   47 45 4D 5F 43 4F 4E 54 52 4F
4C 5F 53 54 41 54 45 5F 41 00   01 03 B1 04 00 00 00 05 41 10
5F 47 45 4D 5F 4C 49 4E 4B 5F   53 54 41 54 45 5F 41 00 01 03
B1 04 00 00 00 06 41 0F 5F 47   45 4D 5F 43 4F 4D 4D 5F 4D 4F
44 45 5F 41 00 01 03 B1 04 00   00 00 0B 41 13 5F 47 45 4D 5F
50 52 45 56 49 4F 55 53 5F 43   45 49 44 5F 41 00 01 03 B1 04
00 00 00 0C 41 1B 5F 47 45 4D   5F 4F 46 46 5F 4C 49 4E 45 5F
53 55 42 5F 53 54 41 54 45 5F   53 56 5F 41 00 01 03 B1 04 00
00 00 0D 41 1C 5F 47 45 4D 5F   50 52 45 56 49 4F 55 53 5F 43
4F 4E 54 52 4F 4C 5F 53 54 41   54 45 5F 41 00 01 03 B1 04 00
00 00 0E 41 1C 5F 47 45 4D 5F   50 52 45 56 49 4F 55 53 5F 50
52 4F 43 45 53 53 5F 53 54 41   54 45 5F 41 00 01 03 B1 04 00
00 00 0F 41 13 5F 47 45 4D 5F   50 52 4F 43 45 53 53 5F 53 54
41 54 45 5F 41 00 01 03 B1 04   00 00 00 18 41 0A 5F 47 45 4D
5F 4D 44 4C 4E 5F 41 00 01 03   B1 04 00 00 00 19 41 0D 5F 47
45 4D 5F 53 4F 46 54 52 45 56   5F 41 00 01 03 B1 04 00 00 00
27 41 13 5F 47 45 4D 5F 41 4C   41 52 4D 5F 45 4E 41 42 4C 45
44 5F 41 00 01 03 B1 04 00 00   00 28 41 0F 5F 47 45 4D 5F 41
4C 41 52 4D 5F 53 45 54 5F 41   00 01 03 B1 04 00 00 00 29 41
13 5F 47 45 4D 5F 45 56 45 4E   54 5F 45 4E 41 42 4C 45 44 5F
41 00 01 03 B1 04 00 00 00 2A   41 12 5F 47 45 4D 5F 50 50 5F
45 58 45 43 5F 4E 41 4D 45 5F   41 00 01 03 B1 04 00 00 00 2B
41 0B 5F 50 50 5F 46 4F 52 4D   41 54 5F 41 00 01 03 B1 04 00
00 00 35 41 18 5F 47 45 4D 5F   53 50 4F 4F 4C 5F 43 4F 55 4E
54 5F 41 43 54 55 41 4C 5F 41   00 01 03 B1 04 00 00 00 36 41
17 5F 47 45 4D 5F 53 50 4F 4F   4C 5F 43 4F 55 4E 54 5F 54 4F
54 41 4C 5F 41 00 01 03 B1 04   00 00 00 37 41 15 5F 47 45 4D
5F 53 50 4F 4F 4C 5F 46 55 4C   4C 5F 54 49 4D 45 5F 41 00 01
03 B1 04 00 00 00 39 41 16 5F   47 45 4D 5F 53 50 4F 4F 4C 5F
53 54 41 52 54 5F 54 49 4D 45   5F 41 00 01 03 B1 04 00 00 00
3A 41 11 5F 47 45 4D 5F 53 50   4F 4F 4C 5F 53 54 41 54 45 5F
41 00 01 03 B1 04 00 00 00 50   41 17 5F 47 45 4D 5F 53 4F 46
54 57 41 52 45 5F 52 45 56 49   53 49 4F 4E 5F 41 00
S1F12  /* Status Variable Namelist Reply */
<L[24]
  <L[3]
    <U4[1] 1> /* Name = SVID, Keyword = _LICENSE_CODE_SVID_ (1) */
    <A[19]"_LICENSE_CODE_SVID_"> /* Name = SVNAME */
    <A[0]""> /* Name = UNITS */
  >
  <L[3]
    <U4[1] 2> /* Name = SVID, Keyword = _LICENSE_STATUS_SVID_ (2) */
    <A[21]"_LICENSE_STATUS_SVID_"> /* Name = SVNAME */
    <A[0]""> /* Name = UNITS */
  >
  <L[3]
    <U4[1] 3> /* Name = SVID, Keyword = _GEM_CLOCK_ (3) */
    <A[11]"_GEM_CLOCK_"> /* Name = SVNAME */
    <A[0]""> /* Name = UNITS */
  >
  <L[3]
    <U4[1] 4> /* Name = SVID, Keyword = _GEM_CONTROL_STATE_ (4) */
    <A[19]"_GEM_CONTROL_STATE_"> /* Name = SVNAME */
    <A[0]""> /* Name = UNITS */
  >
  <L[3]
    <U4[1] 5> /* Name = SVID, Keyword = _GEM_LINK_STATE_ (5) */
    <A[16]"_GEM_LINK_STATE_"> /* Name = SVNAME */
    <A[0]""> /* Name = UNITS */
  >
  <L[3]
    <U4[1] 6> /* Name = SVID, Keyword = _GEM_COMM_MODE_ (6) */
    <A[15]"_GEM_COMM_MODE_"> /* Name = SVNAME */
    <A[0]""> /* Name = UNITS */
  >
  <L[3]
    <U4[1] 11> /* Name = SVID, Keyword = _GEM_PREVIOUS_CEID_ (11) */
    <A[19]"_GEM_PREVIOUS_CEID_"> /* Name = SVNAME */
    <A[0]""> /* Name = UNITS */
  >
  <L[3]
    <U4[1] 12> /* Name = SVID, Keyword = _GEM_OFF_LINE_SUB_STATE_SV_ (12) */
    <A[27]"_GEM_OFF_LINE_SUB_STATE_SV_"> /* Name = SVNAME */
    <A[0]""> /* Name = UNITS */
  >
  <L[3]
    <U4[1] 13> /* Name = SVID, Keyword = _GEM_PREVIOUS_CONTROL_STATE_ (13) */
    <A[28]"_GEM_PREVIOUS_CONTROL_STATE_"> /* Name = SVNAME */
    <A[0]""> /* Name = UNITS */
  >
  <L[3]
    <U4[1] 14> /* Name = SVID, Keyword = _GEM_PREVIOUS_PROCESS_STATE_ (14) */
    <A[28]"_GEM_PREVIOUS_PROCESS_STATE_"> /* Name = SVNAME */
    <A[0]""> /* Name = UNITS */
  >
  <L[3]
    <U4[1] 15> /* Name = SVID, Keyword = _GEM_PROCESS_STATE_ (15) */
    <A[19]"_GEM_PROCESS_STATE_"> /* Name = SVNAME */
    <A[0]""> /* Name = UNITS */
  >
  <L[3]
    <U4[1] 24> /* Name = SVID, Keyword = _GEM_MDLN_ (24) */
    <A[10]"_GEM_MDLN_"> /* Name = SVNAME */
    <A[0]""> /* Name = UNITS */
  >
  <L[3]
    <U4[1] 25> /* Name = SVID, Keyword = _GEM_SOFTREV_ (25) */
    <A[13]"_GEM_SOFTREV_"> /* Name = SVNAME */
    <A[0]""> /* Name = UNITS */
  >
  <L[3]
    <U4[1] 39> /* Name = SVID, Keyword = _GEM_ALARM_ENABLED_ (39) */
    <A[19]"_GEM_ALARM_ENABLED_"> /* Name = SVNAME */
    <A[0]""> /* Name = UNITS */
  >
  <L[3]
    <U4[1] 40> /* Name = SVID, Keyword = _GEM_ALARM_SET_ (40) */
    <A[15]"_GEM_ALARM_SET_"> /* Name = SVNAME */
    <A[0]""> /* Name = UNITS */
  >
  <L[3]
    <U4[1] 41> /* Name = SVID, Keyword = _GEM_EVENT_ENABLED_ (41) */
    <A[19]"_GEM_EVENT_ENABLED_"> /* Name = SVNAME */
    <A[0]""> /* Name = UNITS */
  >
  <L[3]
    <U4[1] 42> /* Name = SVID, Keyword = _GEM_PP_EXEC_NAME_ (42) */
    <A[18]"_GEM_PP_EXEC_NAME_"> /* Name = SVNAME */
    <A[0]""> /* Name = UNITS */
  >
  <L[3]
    <U4[1] 43> /* Name = SVID, Keyword = _PP_FORMAT_ (43) */
    <A[11]"_PP_FORMAT_"> /* Name = SVNAME */
    <A[0]""> /* Name = UNITS */
  >
  <L[3]
    <U4[1] 53> /* Name = SVID, Keyword = _GEM_SPOOL_COUNT_ACTUAL_ (53) */
    <A[24]"_GEM_SPOOL_COUNT_ACTUAL_"> /* Name = SVNAME */
    <A[0]""> /* Name = UNITS */
  >
  <L[3]
    <U4[1] 54> /* Name = SVID, Keyword = _GEM_SPOOL_COUNT_TOTAL_ (54) */
    <A[23]"_GEM_SPOOL_COUNT_TOTAL_"> /* Name = SVNAME */
    <A[0]""> /* Name = UNITS */
  >
  <L[3]
    <U4[1] 55> /* Name = SVID, Keyword = _GEM_SPOOL_FULL_TIME_ (55) */
    <A[21]"_GEM_SPOOL_FULL_TIME_"> /* Name = SVNAME */
    <A[0]""> /* Name = UNITS */
  >
  <L[3]
    <U4[1] 57> /* Name = SVID, Keyword = _GEM_SPOOL_START_TIME_ (57) */
    <A[22]"_GEM_SPOOL_START_TIME_"> /* Name = SVNAME */
    <A[0]""> /* Name = UNITS */
  >
  <L[3]
    <U4[1] 58> /* Name = SVID, Keyword = _GEM_SPOOL_STATE_ (58) */
    <A[17]"_GEM_SPOOL_STATE_"> /* Name = SVNAME */
    <A[0]""> /* Name = UNITS */
  >
  <L[3]
    <U4[1] 80> /* Name = SVID, Keyword = _GEM_SOFTWARE_REVISION_ (80) */
    <A[23]"_GEM_SOFTWARE_REVISION_"> /* Name = SVNAME */
    <A[0]""> /* Name = UNITS */
  >
>
.
Program takes      0 seconds to log this message.
2023-05-26 11:43:30.539: Send Linktest.req.
FF FF 00 00 00 05 00 41 57 F8
2023-05-26 11:43:30.543: Receive Linktest.rsp.
FF FF 00 00 00 06 00 41 57 F8
2023-05-26 11:44:36.073: Send Linktest.req.
FF FF 00 00 00 05 00 41 57 F9
2023-05-26 11:44:36.077: Receive Linktest.rsp.
FF FF 00 00 00 06 00 41 57 F9
2023-05-26 11:45:41.619: Send Linktest.req.
FF FF 00 00 00 05 00 41 57 FA
2023-05-26 11:45:41.625: Receive Linktest.rsp.
FF FF 00 00 00 06 00 41 57 FA
2023-05-26 11:46:47.496: Send Linktest.req.
FF FF 00 00 00 05 00 41 57 FB
2023-05-26 11:46:47.499: Receive Linktest.rsp.
FF FF 00 00 00 06 00 41 57 FB
2023-05-26 11:47:53.361: Send Linktest.req.
FF FF 00 00 00 05 00 41 57 FC
2023-05-26 11:47:53.366: Receive Linktest.rsp.
FF FF 00 00 00 06 00 41 57 FC
2023-05-26 11:48:59.133: Send Linktest.req.
FF FF 00 00 00 05 00 41 57 FD
2023-05-26 11:48:59.137: Receive Linktest.rsp.
FF FF 00 00 00 06 00 41 57 FD
2023-05-26 11:50:05.094: Send Linktest.req.
FF FF 00 00 00 05 00 41 57 FE
2023-05-26 11:50:05.097: Receive Linktest.rsp.
FF FF 00 00 00 06 00 41 57 FE
2023-05-26 11:51:10.713: Send Linktest.req.
FF FF 00 00 00 05 00 41 57 FF
2023-05-26 11:51:10.716: Receive Linktest.rsp.
FF FF 00 00 00 06 00 41 57 FF
2023-05-26 11:52:16.355: Send Linktest.req.
FF FF 00 00 00 05 00 41 58 00
2023-05-26 11:52:16.358: Receive Linktest.rsp.
FF FF 00 00 00 06 00 41 58 00
[DebugLog] 11:52:27.110 ListenLoop() exception = 無法從傳輸連接讀取資料: 遠端主機已強制關閉一個現存的連線。。
2023-05-26 11:52:27.460: CTLT_SECS (HSMS Mode) Ver. 2.3.6 & CTLT_GEM Ver. 2.9.3 Start...Driver: NO_LICENCE
//////////////////////////////////////////////////////////////////////////
2023-05-26 13:47:41.438: CTLT_SECS (HSMS Mode) Ver. 2.3.6 & CTLT_GEM Ver. 2.9.3 Start...Driver: NO_LICENCE
2023-05-26 13:47:41.950: Receive Select.req.
FF FF 00 00 00 01 01 41 CD 62
2023-05-26 13:47:42.085: Send Select.rsp.
FF FF 00 00 00 02 01 41 CD 62
2023-05-26 13:47:49.586: Send Data Message.
00 00 00 1E 00 00 81 0D 00 00
2023-05-26 13:47:49.586: Send S1F13(2883805).
00 00 81 0D 00 00 00 2C 00 DD   01 02 41 07 54 72 69 6D 47 61
70 41 07 31 2E 30 2E 30 2E 30
S1F13 W /* Establish Communications Request */
<L[2]
  <A[7]"TrimGap"> /* Name = MDLN, Keyword = GEM_MDLN (GEM_MDLN) */
  <A[7]"1.0.0.0"> /* Name = SoftRev, Keyword = GEM_SOFTREV (GEM_SOFTREV) */
>
.
Program takes      0.324 seconds to log this message.
2023-05-26 13:47:49.915: Receive Data Message.
00 00 00 11 00 00 01 0E 00 00
2023-05-26 13:47:49.915: Receive S1F14(2883805).
00 00 01 0E 00 00 00 2C 00 DD   01 02 21 01 00 01 00
S1F14  /* Establish Communications Request Acknowledge */
<L[2]
  <B[1] 0x00> /* Name = COMMACK */
  <L[0]
  >
>
.
Program takes      0 seconds to log this message.
2023-05-26 13:47:59.704: Send Data Message.
00 00 00 1A 00 00 86 0B 00 00
2023-05-26 13:47:59.704: Send S6F11(2883806).
00 00 86 0B 00 00 00 2C 00 DE   01 03 B1 04 00 00 00 01 B1 04
00 00 00 16 01 00
S6F11 W /* Event Report Send */
<L[3]
  <U4[1] 1> /* Name = DATAID */
  <U4[1] 22> /* Name = CEID, Keyword = _GEM_WBIT_S6_ (22) */
  <L[0]
  >
>
.
Program takes      0.005 seconds to log this message.
2023-05-26 13:47:59.712: Receive Data Message.
00 00 00 0D 00 00 06 0C 00 00
2023-05-26 13:47:59.712: Receive S6F12(2883806).
00 00 06 0C 00 00 00 2C 00 DE   21 01 00
S6F12  /* Event Report Ack */
<B[1] 0x00> /* Name = ACKC6 */
.
Program takes      0 seconds to log this message.
2023-05-26 13:48:07.195: Receive Data Message.
00 00 00 0C 00 00 81 0D 00 00
2023-05-26 13:48:07.195: Receive S1F13(855511).
00 00 81 0D 00 00 00 0D 0D D7   01 00
S1F13 W /* Establish Communications Request */
<L[0]
>
.
Program takes      0 seconds to log this message.
2023-05-26 13:48:07.199: Send Data Message.
00 00 00 23 00 00 01 0E 00 00
2023-05-26 13:48:07.199: Send S1F14(855511).
00 00 01 0E 00 00 00 0D 0D D7   01 02 21 01 00 01 02 41 07 54
72 69 6D 47 61 70 41 07 31 2E   30 2E 30 2E 30
S1F14  /* Establish Communications Request Acknowledge */
<L[2]
  <B[1] 0x00> /* Name = COMMACK, Keyword = 0:ok | 1:denied */
  <L[2]
    <A[7]"TrimGap"> /* Name = MDLN, Keyword = equipment model type */
    <A[7]"1.0.0.0"> /* Name = SOFTREV, Keyword = software revision */
  >
>
.
Program takes      0 seconds to log this message.
2023-05-26 13:48:17.844: Receive Data Message.
00 00 00 0C 00 00 81 0D 00 00
2023-05-26 13:48:17.844: Receive S1F13(855512).
00 00 81 0D 00 00 00 0D 0D D8   01 00
S1F13 W /* Establish Communications Request */
<L[0]
>
.
Program takes      0 seconds to log this message.
2023-05-26 13:48:17.847: Send Data Message.
00 00 00 23 00 00 01 0E 00 00
2023-05-26 13:48:17.847: Send S1F14(855512).
00 00 01 0E 00 00 00 0D 0D D8   01 02 21 01 00 01 02 41 07 54
72 69 6D 47 61 70 41 07 31 2E   30 2E 30 2E 30
S1F14  /* Establish Communications Request Acknowledge */
<L[2]
  <B[1] 0x00> /* Name = COMMACK, Keyword = 0:ok | 1:denied */
  <L[2]
    <A[7]"TrimGap"> /* Name = MDLN, Keyword = equipment model type */
    <A[7]"1.0.0.0"> /* Name = SOFTREV, Keyword = software revision */
  >
>
.
Program takes      0 seconds to log this message.
2023-05-26 13:48:22.016: Send Data Message.
00 00 00 0A 00 00 81 01 00 00
2023-05-26 13:48:22.016: Send S1F1(2883807).
00 00 81 01 00 00 00 2C 00 DF
S1F1 W /* Are You Online? */
Program takes      0.004 seconds to log this message.
2023-05-26 13:48:22.025: Receive Data Message.
00 00 00 0C 00 00 01 02 00 00
2023-05-26 13:48:22.025: Receive S1F2(2883807).
00 00 01 02 00 00 00 2C 00 DF   01 00
S1F2  /* On Line Data */
<L[0]
>
.
Program takes      0 seconds to log this message.
2023-05-26 13:48:26.209: Send Data Message.
00 00 00 1A 00 00 86 0B 00 00
2023-05-26 13:48:26.209: Send S6F11(2883808).
00 00 86 0B 00 00 00 2C 00 E0   01 03 B1 04 00 00 00 03 B1 04
00 00 00 16 01 00
S6F11 W /* Event Report Send */
<L[3]
  <U4[1] 3> /* Name = DATAID */
  <U4[1] 22> /* Name = CEID, Keyword = _GEM_WBIT_S6_ (22) */
  <L[0]
  >
>
.
Program takes      0.001 seconds to log this message.
2023-05-26 13:48:26.403: Receive Data Message.
00 00 00 0D 00 00 06 0C 00 00
2023-05-26 13:48:26.403: Receive S6F12(2883808).
00 00 06 0C 00 00 00 2C 00 E0   21 01 00
S6F12  /* Event Report Ack */
<B[1] 0x00> /* Name = ACKC6 */
.
Program takes      0 seconds to log this message.
2023-05-26 13:48:30.979: Send Data Message.
00 00 00 0A 00 00 81 01 00 00
2023-05-26 13:48:30.979: Send S1F1(2883809).
00 00 81 01 00 00 00 2C 00 E1
S1F1 W /* Are You Online? */
Program takes      0.001 seconds to log this message.
2023-05-26 13:48:30.987: Receive Data Message.
00 00 00 0C 00 00 01 02 00 00
2023-05-26 13:48:30.987: Receive S1F2(2883809).
00 00 01 02 00 00 00 2C 00 E1   01 00
S1F2  /* On Line Data */
<L[0]
>
.
Program takes      0 seconds to log this message.
2023-05-26 13:48:36.581: Send Data Message.
00 00 00 1A 00 00 86 0B 00 00
2023-05-26 13:48:36.581: Send S6F11(2883810).
00 00 86 0B 00 00 00 2C 00 E2   01 03 B1 04 00 00 00 06 B1 04
00 00 00 16 01 00
S6F11 W /* Event Report Send */
<L[3]
  <U4[1] 6> /* Name = DATAID */
  <U4[1] 22> /* Name = CEID, Keyword = _GEM_WBIT_S6_ (22) */
  <L[0]
  >
>
.
Program takes      0.153 seconds to log this message.
2023-05-26 13:48:36.737: Receive Data Message.
00 00 00 0D 00 00 06 0C 00 00
2023-05-26 13:48:36.737: Receive S6F12(2883810).
00 00 06 0C 00 00 00 2C 00 E2   21 01 00
S6F12  /* Event Report Ack */
<B[1] 0x00> /* Name = ACKC6 */
.
Program takes      0 seconds to log this message.
2023-05-26 13:48:42.447: Send Data Message.
00 00 00 0A 00 00 81 01 00 00
2023-05-26 13:48:42.447: Send S1F1(2883811).
00 00 81 01 00 00 00 2C 00 E3
S1F1 W /* Are You Online? */
Program takes      0.19 seconds to log this message.
2023-05-26 13:48:42.640: Receive Data Message.
00 00 00 0C 00 00 01 02 00 00
2023-05-26 13:48:42.640: Receive S1F2(2883811).
00 00 01 02 00 00 00 2C 00 E3   01 00
S1F2  /* On Line Data */
<L[0]
>
.
Program takes      0 seconds to log this message.
2023-05-26 13:48:46.745: Send Data Message.
00 00 00 1A 00 00 86 0B 00 00
2023-05-26 13:48:46.745: Send S6F11(2883812).
00 00 86 0B 00 00 00 2C 00 E4   01 03 B1 04 00 00 00 08 B1 04
00 00 00 16 01 00
S6F11 W /* Event Report Send */
<L[3]
  <U4[1] 8> /* Name = DATAID */
  <U4[1] 22> /* Name = CEID, Keyword = _GEM_WBIT_S6_ (22) */
  <L[0]
  >
>
.
Program takes      0.001 seconds to log this message.
2023-05-26 13:48:46.939: Receive Data Message.
00 00 00 0D 00 00 06 0C 00 00
2023-05-26 13:48:46.939: Receive S6F12(2883812).
00 00 06 0C 00 00 00 2C 00 E4   21 01 00
S6F12  /* Event Report Ack */
<B[1] 0x00> /* Name = ACKC6 */
.
Program takes      0 seconds to log this message.
[DebugLog] 13:48:52.777 TcpClient Released!
2023-05-26 13:48:52.780: Send Separate.req.
FF FF 00 00 00 09 00 2C 00 E5
2023-05-26 13:48:53.038: CTLT_SECS (HSMS Mode) Ver. 2.3.6 & CTLT_GEM Ver. 2.9.3 Start...Driver: NO_LICENCE
2023-05-26 13:49:06.683: CTLT_SECS (HSMS Mode) Ver. 2.3.6 & CTLT_GEM Ver. 2.9.3 Start...Driver: NO_LICENCE
2023-05-26 13:49:08.918: Receive Select.req.
FF FF 00 00 00 01 01 41 CD 62
2023-05-26 13:49:08.966: Send Select.rsp.
FF FF 00 00 00 02 01 41 CD 62
2023-05-26 13:49:08.976: Send Data Message.
00 00 00 1E 00 00 81 0D 00 00
2023-05-26 13:49:08.976: Send S1F13(2883814).
00 00 81 0D 00 00 00 2C 00 E6   01 02 41 07 54 72 69 6D 47 61
70 41 07 31 2E 30 2E 30 2E 30
S1F13 W /* Establish Communications Request */
<L[2]
  <A[7]"TrimGap"> /* Name = MDLN, Keyword = GEM_MDLN (GEM_MDLN) */
  <A[7]"1.0.0.0"> /* Name = SoftRev, Keyword = GEM_SOFTREV (GEM_SOFTREV) */
>
.
Program takes      0.001 seconds to log this message.
2023-05-26 13:49:09.010: Receive Data Message.
00 00 00 11 00 00 01 0E 00 00
2023-05-26 13:49:09.010: Receive S1F14(2883814).
00 00 01 0E 00 00 00 2C 00 E6   01 02 21 01 00 01 00
S1F14  /* Establish Communications Request Acknowledge */
<L[2]
  <B[1] 0x00> /* Name = COMMACK */
  <L[0]
  >
>
.
Program takes      0 seconds to log this message.
2023-05-26 13:49:11.936: Send Data Message.
00 00 00 0A 00 00 81 01 00 00
2023-05-26 13:49:11.936: Send S1F1(2883815).
00 00 81 01 00 00 00 2C 00 E7
S1F1 W /* Are You Online? */
Program takes      0 seconds to log this message.
2023-05-26 13:49:11.965: Receive Data Message.
00 00 00 0C 00 00 01 02 00 00
2023-05-26 13:49:11.965: Receive S1F2(2883815).
00 00 01 02 00 00 00 2C 00 E7   01 00
S1F2  /* On Line Data */
<L[0]
>
.
Program takes      0 seconds to log this message.
2023-05-26 13:49:17.876: Send Data Message.
00 00 00 1A 00 00 86 0B 00 00
2023-05-26 13:49:17.876: Send S6F11(2883816).
00 00 86 0B 00 00 00 2C 00 E8   01 03 B1 04 00 00 00 0A B1 04
00 00 00 16 01 00
S6F11 W /* Event Report Send */
<L[3]
  <U4[1] 10> /* Name = DATAID */
  <U4[1] 22> /* Name = CEID, Keyword = _GEM_WBIT_S6_ (22) */
  <L[0]
  >
>
.
Program takes      0.159 seconds to log this message.
2023-05-26 13:49:18.039: Receive Data Message.
00 00 00 0D 00 00 06 0C 00 00
2023-05-26 13:49:18.039: Receive S6F12(2883816).
00 00 06 0C 00 00 00 2C 00 E8   21 01 00
S6F12  /* Event Report Ack */
<B[1] 0x00> /* Name = ACKC6 */
.
Program takes      0 seconds to log this message.
2023-05-26 13:49:24.597: Send Data Message.
00 00 00 0A 00 00 81 01 00 00
2023-05-26 13:49:24.597: Send S1F1(2883817).
00 00 81 01 00 00 00 2C 00 E9
S1F1 W /* Are You Online? */
Program takes      0.001 seconds to log this message.
2023-05-26 13:49:24.628: Receive Data Message.
00 00 00 0C 00 00 01 02 00 00
2023-05-26 13:49:24.628: Receive S1F2(2883817).
00 00 01 02 00 00 00 2C 00 E9   01 00
S1F2  /* On Line Data */
<L[0]
>
.
Program takes      0 seconds to log this message.
2023-05-26 13:49:28.550: Send Data Message.
00 00 00 1A 00 00 86 0B 00 00
2023-05-26 13:49:28.550: Send S6F11(2883818).
00 00 86 0B 00 00 00 2C 00 EA   01 03 B1 04 00 00 00 0C B1 04
00 00 00 16 01 00
S6F11 W /* Event Report Send */
<L[3]
  <U4[1] 12> /* Name = DATAID */
  <U4[1] 22> /* Name = CEID, Keyword = _GEM_WBIT_S6_ (22) */
  <L[0]
  >
>
.
Program takes      0.001 seconds to log this message.
2023-05-26 13:49:28.654: Receive Data Message.
00 00 00 0D 00 00 06 0C 00 00
2023-05-26 13:49:28.654: Receive S6F12(2883818).
00 00 06 0C 00 00 00 2C 00 EA   21 01 00
S6F12  /* Event Report Ack */
<B[1] 0x00> /* Name = ACKC6 */
.
Program takes      0 seconds to log this message.
2023-05-26 13:49:30.837: Send Data Message.
00 00 00 0A 00 00 81 01 00 00
2023-05-26 13:49:30.837: Send S1F1(2883819).
00 00 81 01 00 00 00 2C 00 EB
S1F1 W /* Are You Online? */
Program takes      0.001 seconds to log this message.
2023-05-26 13:49:30.901: Receive Data Message.
00 00 00 0C 00 00 01 02 00 00
2023-05-26 13:49:30.901: Receive S1F2(2883819).
00 00 01 02 00 00 00 2C 00 EB   01 00
S1F2  /* On Line Data */
<L[0]
>
.
Program takes      0 seconds to log this message.
2023-05-26 13:49:33.102: Send Data Message.
00 00 00 1A 00 00 86 0B 00 00
2023-05-26 13:49:33.102: Send S6F11(2883820).
00 00 86 0B 00 00 00 2C 00 EC   01 03 B1 04 00 00 00 0E B1 04
00 00 00 16 01 00
S6F11 W /* Event Report Send */
<L[3]
  <U4[1] 14> /* Name = DATAID */
  <U4[1] 22> /* Name = CEID, Keyword = _GEM_WBIT_S6_ (22) */
  <L[0]
  >
>
.
Program takes      0.001 seconds to log this message.
2023-05-26 13:49:33.232: Receive Data Message.
00 00 00 0D 00 00 06 0C 00 00
2023-05-26 13:49:33.232: Receive S6F12(2883820).
00 00 06 0C 00 00 00 2C 00 EC   21 01 00
S6F12  /* Event Report Ack */
<B[1] 0x00> /* Name = ACKC6 */
.
Program takes      0 seconds to log this message.
//////////////////////////////////////////////////////////////////////////
2023-05-26 13:51:42.181: CTLT_SECS (HSMS Mode) Ver. 2.3.6 & CTLT_GEM Ver. 2.9.3 Start...Driver: NO_LICENCE
2023-05-26 13:51:43.843: Receive Select.req.
FF FF 00 00 00 01 01 41 CD 62
2023-05-26 13:51:44.317: Send Select.rsp.
FF FF 00 00 00 02 01 41 CD 62
2023-05-26 13:51:50.237: Send Data Message.
00 00 00 1E 00 00 81 0D 00 00
2023-05-26 13:51:50.237: Send S1F13(1413795).
00 00 81 0D 00 00 00 15 92 A3   01 02 41 07 54 72 69 6D 47 61
70 41 07 31 2E 30 2E 30 2E 30
S1F13 W /* Establish Communications Request */
<L[2]
  <A[7]"TrimGap"> /* Name = MDLN, Keyword = GEM_MDLN (GEM_MDLN) */
  <A[7]"1.0.0.0"> /* Name = SoftRev, Keyword = GEM_SOFTREV (GEM_SOFTREV) */
>
.
Program takes      0.024 seconds to log this message.
2023-05-26 13:51:50.264: Receive Data Message.
00 00 00 11 00 00 01 0E 00 00
2023-05-26 13:51:50.264: Receive S1F14(1413795).
00 00 01 0E 00 00 00 15 92 A3   01 02 21 01 00 01 00
S1F14  /* Establish Communications Request Acknowledge */
<L[2]
  <B[1] 0x00> /* Name = COMMACK */
  <L[0]
  >
>
.
Program takes      0 seconds to log this message.
2023-05-26 13:52:55.851: Send Linktest.req.
FF FF 00 00 00 05 00 15 92 A4
2023-05-26 13:52:55.855: Receive Linktest.rsp.
FF FF 00 00 00 06 00 15 92 A4
//////////////////////////////////////////////////////////////////////////
2023-05-26 13:54:37.610: CTLT_SECS (HSMS Mode) Ver. 2.3.6 & CTLT_GEM Ver. 2.9.3 Start...Driver: NO_LICENCE
2023-05-26 13:54:37.841: Receive Select.req.
FF FF 00 00 00 01 01 41 CD 62
2023-05-26 13:54:37.945: Send Select.rsp.
FF FF 00 00 00 02 01 41 CD 62
2023-05-26 13:54:44.516: Send Data Message.
00 00 00 1E 00 00 81 0D 00 00
2023-05-26 13:54:44.516: Send S1F13(730136).
00 00 81 0D 00 00 00 0B 24 18   01 02 41 07 54 72 69 6D 47 61
70 41 07 31 2E 30 2E 30 2E 30
S1F13 W /* Establish Communications Request */
<L[2]
  <A[7]"TrimGap"> /* Name = MDLN, Keyword = GEM_MDLN (GEM_MDLN) */
  <A[7]"1.0.0.0"> /* Name = SoftRev, Keyword = GEM_SOFTREV (GEM_SOFTREV) */
>
.
Program takes      0.15 seconds to log this message.
2023-05-26 13:54:44.669: Receive Data Message.
00 00 00 11 00 00 01 0E 00 00
2023-05-26 13:54:44.669: Receive S1F14(730136).
00 00 01 0E 00 00 00 0B 24 18   01 02 21 01 00 01 00
S1F14  /* Establish Communications Request Acknowledge */
<L[2]
  <B[1] 0x00> /* Name = COMMACK */
  <L[0]
  >
>
.
Program takes      0 seconds to log this message.
2023-05-26 13:55:50.698: Send Linktest.req.
FF FF 00 00 00 05 00 0B 24 19
2023-05-26 13:55:50.701: Receive Linktest.rsp.
FF FF 00 00 00 06 00 0B 24 19
2023-05-26 13:56:56.536: Send Linktest.req.
FF FF 00 00 00 05 00 0B 24 1A
2023-05-26 13:56:56.539: Receive Linktest.rsp.
FF FF 00 00 00 06 00 0B 24 1A
2023-05-26 13:57:15.129: Send Data Message.
00 00 00 1A 00 00 86 0B 00 00
2023-05-26 13:57:15.129: Send S6F11(730139).
00 00 86 0B 00 00 00 0B 24 1B   01 03 B1 04 00 00 00 01 B1 04
00 00 00 16 01 00
S6F11 W /* Event Report Send */
<L[3]
  <U4[1] 1> /* Name = DATAID */
  <U4[1] 22> /* Name = CEID, Keyword = _GEM_WBIT_S6_ (22) */
  <L[0]
  >
>
.
Program takes      0.005 seconds to log this message.
2023-05-26 13:57:15.138: Receive Data Message.
00 00 00 0D 00 00 06 0C 00 00
2023-05-26 13:57:15.138: Receive S6F12(730139).
00 00 06 0C 00 00 00 0B 24 1B   21 01 00
S6F12  /* Event Report Ack */
<B[1] 0x00> /* Name = ACKC6 */
.
Program takes      0 seconds to log this message.
2023-05-26 13:57:28.756: Receive Data Message.
00 00 00 45 00 00 02 29 00 00
2023-05-26 13:57:28.756: Receive S2F41(0).
00 00 02 29 00 00 00 00 00 00   01 02 41 11 41 43 43 45 53 53
4D 4F 44 45 2D 43 48 41 4E 47   45 01 02 01 02 41 0B 4C 4F 41
44 50 4F 52 54 2D 49 44 41 01   31 01 02 41 0B 41 43 43 45 53
53 2D 4D 4F 44 45 41 01 30
S2F41  /* Host Command Send */
<L[2]
  <A[17]"ACCESSMODE-CHANGE"> /* Name = RCMD */
  <L[2]
    <L[2]
      <A[11]"LOADPORT-ID"> /* Name = CPNAME */
      <A[1]"1"> /* Name = CPVAL */
    >
    <L[2]
      <A[11]"ACCESS-MODE"> /* Name = CPNAME */
      <A[1]"0"> /* Name = CPVAL */
    >
  >
>
.
Program takes      0 seconds to log this message.
2023-05-26 13:57:28.760: Send Data Message.
00 00 00 16 00 00 02 00 00 00
2023-05-26 13:57:28.760: Send S2F0(0).
00 00 02 00 00 00 00 00 00 00   21 0A 00 00 02 29 00 00 00 00
00 00
S2F0  
<B[10] 0x00 0x00 0x02 0x29 0x00 0x00 0x00 0x00 0x00 0x00>
.
Program takes      0 seconds to log this message.
2023-05-26 13:58:07.052: Receive Data Message.
00 00 00 30 00 00 02 29 00 00
2023-05-26 13:58:07.052: Receive S2F41(0).
00 00 02 29 00 00 00 00 00 00   01 02 41 0E 41 43 43 45 53 53
4D 4F 44 45 2D 41 53 4B 01 01   01 02 41 0B 4C 4F 41 44 50 4F
52 54 2D 49 44 41 01 31
S2F41  /* Host Command Send */
<L[2]
  <A[14]"ACCESSMODE-ASK"> /* Name = RCMD */
  <L[1]
    <L[2]
      <A[11]"LOADPORT-ID"> /* Name = CPNAME */
      <A[1]"1"> /* Name = CPVAL */
    >
  >
>
.
Program takes      0 seconds to log this message.
2023-05-26 13:58:07.056: Send Data Message.
00 00 00 16 00 00 02 00 00 00
2023-05-26 13:58:07.056: Send S2F0(0).
00 00 02 00 00 00 00 00 00 00   21 0A 00 00 02 29 00 00 00 00
00 00
S2F0  
<B[10] 0x00 0x00 0x02 0x29 0x00 0x00 0x00 0x00 0x00 0x00>
.
Program takes      0 seconds to log this message.
2023-05-26 13:58:33.133: Send Data Message.
00 00 00 0A 00 00 81 01 00 00
2023-05-26 13:58:33.133: Send S1F1(730140).
00 00 81 01 00 00 00 0B 24 1C
S1F1 W /* Are You Online? */
Program takes      0.002 seconds to log this message.
2023-05-26 13:58:33.448: Receive Data Message.
00 00 00 0C 00 00 01 02 00 00
2023-05-26 13:58:33.448: Receive S1F2(730140).
00 00 01 02 00 00 00 0B 24 1C   01 00
S1F2  /* On Line Data */
<L[0]
>
.
Program takes      0 seconds to log this message.
2023-05-26 13:59:39.636: Send Linktest.req.
FF FF 00 00 00 05 00 0B 24 1D
2023-05-26 13:59:39.640: Receive Linktest.rsp.
FF FF 00 00 00 06 00 0B 24 1D
2023-05-26 14:00:45.512: Send Linktest.req.
FF FF 00 00 00 05 00 0B 24 1E
2023-05-26 14:00:45.515: Receive Linktest.rsp.
FF FF 00 00 00 06 00 0B 24 1E
2023-05-26 14:01:51.371: Send Linktest.req.
FF FF 00 00 00 05 00 0B 24 1F
2023-05-26 14:01:51.374: Receive Linktest.rsp.
FF FF 00 00 00 06 00 0B 24 1F
2023-05-26 14:02:57.072: Send Linktest.req.
FF FF 00 00 00 05 00 0B 24 20
2023-05-26 14:02:57.076: Receive Linktest.rsp.
FF FF 00 00 00 06 00 0B 24 20
2023-05-26 14:04:02.712: Send Linktest.req.
FF FF 00 00 00 05 00 0B 24 21
2023-05-26 14:04:02.716: Receive Linktest.rsp.
FF FF 00 00 00 06 00 0B 24 21
2023-05-26 14:04:19.632: Send Data Message.
00 00 00 1A 00 00 86 0B 00 00
2023-05-26 14:04:19.632: Send S6F11(730146).
00 00 86 0B 00 00 00 0B 24 22   01 03 B1 04 00 00 00 09 B1 04
00 00 00 16 01 00
S6F11 W /* Event Report Send */
<L[3]
  <U4[1] 9> /* Name = DATAID */
  <U4[1] 22> /* Name = CEID, Keyword = _GEM_WBIT_S6_ (22) */
  <L[0]
  >
>
.
Program takes      0.001 seconds to log this message.
2023-05-26 14:04:19.666: Receive Data Message.
00 00 00 0D 00 00 06 0C 00 00
2023-05-26 14:04:19.666: Receive S6F12(730146).
00 00 06 0C 00 00 00 0B 24 22   21 01 00
S6F12  /* Event Report Ack */
<B[1] 0x00> /* Name = ACKC6 */
.
Program takes      0 seconds to log this message.
2023-05-26 14:04:30.440: Send Data Message.
00 00 00 0A 00 00 81 01 00 00
2023-05-26 14:04:30.440: Send S1F1(730147).
00 00 81 01 00 00 00 0B 24 23
S1F1 W /* Are You Online? */
Program takes      0.001 seconds to log this message.
2023-05-26 14:04:30.664: Receive Data Message.
00 00 00 0C 00 00 01 02 00 00
2023-05-26 14:04:30.664: Receive S1F2(730147).
00 00 01 02 00 00 00 0B 24 23   01 00
S1F2  /* On Line Data */
<L[0]
>
.
Program takes      0 seconds to log this message.
2023-05-26 14:05:35.964: Send Linktest.req.
FF FF 00 00 00 05 00 0B 24 24
2023-05-26 14:05:35.968: Receive Linktest.rsp.
FF FF 00 00 00 06 00 0B 24 24
2023-05-26 14:05:40.785: Send Data Message.
00 00 00 1A 00 00 86 0B 00 00
2023-05-26 14:05:40.785: Send S6F11(730149).
00 00 86 0B 00 00 00 0B 24 25   01 03 B1 04 00 00 00 0B B1 04
00 00 00 16 01 00
S6F11 W /* Event Report Send */
<L[3]
  <U4[1] 11> /* Name = DATAID */
  <U4[1] 22> /* Name = CEID, Keyword = _GEM_WBIT_S6_ (22) */
  <L[0]
  >
>
.
Program takes      0.001 seconds to log this message.
2023-05-26 14:05:40.876: Receive Data Message.
00 00 00 0D 00 00 06 0C 00 00
2023-05-26 14:05:40.876: Receive S6F12(730149).
00 00 06 0C 00 00 00 0B 24 25   21 01 00
S6F12  /* Event Report Ack */
<B[1] 0x00> /* Name = ACKC6 */
.
Program takes      0 seconds to log this message.
2023-05-26 14:05:42.725: Send Data Message.
00 00 00 0A 00 00 81 01 00 00
2023-05-26 14:05:42.725: Send S1F1(730150).
00 00 81 01 00 00 00 0B 24 26
S1F1 W /* Are You Online? */
Program takes      0.001 seconds to log this message.
2023-05-26 14:05:42.733: Receive Data Message.
00 00 00 0C 00 00 01 02 00 00
2023-05-26 14:05:42.733: Receive S1F2(730150).
00 00 01 02 00 00 00 0B 24 26   01 00
S1F2  /* On Line Data */
<L[0]
>
.
Program takes      0 seconds to log this message.
2023-05-26 14:05:45.667: Send Data Message.
00 00 00 1A 00 00 86 0B 00 00
2023-05-26 14:05:45.667: Send S6F11(730151).
00 00 86 0B 00 00 00 0B 24 27   01 03 B1 04 00 00 00 0D B1 04
00 00 00 16 01 00
S6F11 W /* Event Report Send */
<L[3]
  <U4[1] 13> /* Name = DATAID */
  <U4[1] 22> /* Name = CEID, Keyword = _GEM_WBIT_S6_ (22) */
  <L[0]
  >
>
.
Program takes      0.001 seconds to log this message.
2023-05-26 14:05:45.828: Receive Data Message.
00 00 00 0D 00 00 06 0C 00 00
2023-05-26 14:05:45.828: Receive S6F12(730151).
00 00 06 0C 00 00 00 0B 24 27   21 01 00
S6F12  /* Event Report Ack */
<B[1] 0x00> /* Name = ACKC6 */
.
Program takes      0 seconds to log this message.
2023-05-26 14:06:51.512: Send Linktest.req.
FF FF 00 00 00 05 00 0B 24 28
2023-05-26 14:06:51.516: Receive Linktest.rsp.
FF FF 00 00 00 06 00 0B 24 28
2023-05-26 14:07:57.249: Send Linktest.req.
FF FF 00 00 00 05 00 0B 24 29
2023-05-26 14:07:57.259: Receive Linktest.rsp.
FF FF 00 00 00 06 00 0B 24 29
2023-05-26 14:09:03.226: Send Linktest.req.
FF FF 00 00 00 05 00 0B 24 2A
2023-05-26 14:09:03.232: Receive Linktest.rsp.
FF FF 00 00 00 06 00 0B 24 2A
2023-05-26 14:10:09.335: Send Linktest.req.
FF FF 00 00 00 05 00 0B 24 2B
2023-05-26 14:10:09.340: Receive Linktest.rsp.
FF FF 00 00 00 06 00 0B 24 2B
2023-05-26 14:11:15.323: Send Linktest.req.
FF FF 00 00 00 05 00 0B 24 2C
2023-05-26 14:11:15.326: Receive Linktest.rsp.
FF FF 00 00 00 06 00 0B 24 2C
2023-05-26 14:12:21.365: Send Linktest.req.
FF FF 00 00 00 05 00 0B 24 2D
2023-05-26 14:12:21.370: Receive Linktest.rsp.
FF FF 00 00 00 06 00 0B 24 2D
2023-05-26 14:13:27.403: Send Linktest.req.
FF FF 00 00 00 05 00 0B 24 2E
2023-05-26 14:13:27.406: Receive Linktest.rsp.
FF FF 00 00 00 06 00 0B 24 2E
2023-05-26 14:14:33.416: Send Linktest.req.
FF FF 00 00 00 05 00 0B 24 2F
2023-05-26 14:14:33.420: Receive Linktest.rsp.
FF FF 00 00 00 06 00 0B 24 2F
2023-05-26 14:15:39.547: Send Linktest.req.
FF FF 00 00 00 05 00 0B 24 30
2023-05-26 14:15:39.552: Receive Linktest.rsp.
FF FF 00 00 00 06 00 0B 24 30
2023-05-26 14:16:45.599: Send Linktest.req.
FF FF 00 00 00 05 00 0B 24 31
2023-05-26 14:16:45.602: Receive Linktest.rsp.
FF FF 00 00 00 06 00 0B 24 31
2023-05-26 14:17:51.584: Send Linktest.req.
FF FF 00 00 00 05 00 0B 24 32
2023-05-26 14:17:51.589: Receive Linktest.rsp.
FF FF 00 00 00 06 00 0B 24 32
2023-05-26 14:18:57.557: Send Linktest.req.
FF FF 00 00 00 05 00 0B 24 33
2023-05-26 14:18:57.561: Receive Linktest.rsp.
FF FF 00 00 00 06 00 0B 24 33
2023-05-26 14:20:03.644: Send Linktest.req.
FF FF 00 00 00 05 00 0B 24 34
2023-05-26 14:20:03.647: Receive Linktest.rsp.
FF FF 00 00 00 06 00 0B 24 34
2023-05-26 14:21:09.694: Send Linktest.req.
FF FF 00 00 00 05 00 0B 24 35
2023-05-26 14:21:09.698: Receive Linktest.rsp.
FF FF 00 00 00 06 00 0B 24 35
2023-05-26 14:22:15.704: Send Linktest.req.
FF FF 00 00 00 05 00 0B 24 36
2023-05-26 14:22:15.707: Receive Linktest.rsp.
FF FF 00 00 00 06 00 0B 24 36
2023-05-26 14:23:22.178: Send Linktest.req.
FF FF 00 00 00 05 00 0B 24 37
2023-05-26 14:23:22.182: Receive Linktest.rsp.
FF FF 00 00 00 06 00 0B 24 37
2023-05-26 14:24:28.161: Send Linktest.req.
FF FF 00 00 00 05 00 0B 24 38
2023-05-26 14:24:28.166: Receive Linktest.rsp.
FF FF 00 00 00 06 00 0B 24 38
2023-05-26 14:25:34.293: Send Linktest.req.
FF FF 00 00 00 05 00 0B 24 39
2023-05-26 14:25:34.296: Receive Linktest.rsp.
FF FF 00 00 00 06 00 0B 24 39
2023-05-26 14:26:40.312: Send Linktest.req.
FF FF 00 00 00 05 00 0B 24 3A
2023-05-26 14:26:40.315: Receive Linktest.rsp.
FF FF 00 00 00 06 00 0B 24 3A
2023-05-26 14:27:46.388: Send Linktest.req.
FF FF 00 00 00 05 00 0B 24 3B
2023-05-26 14:27:46.392: Receive Linktest.rsp.
FF FF 00 00 00 06 00 0B 24 3B
2023-05-26 14:28:52.480: Send Linktest.req.
FF FF 00 00 00 05 00 0B 24 3C
2023-05-26 14:28:52.484: Receive Linktest.rsp.
FF FF 00 00 00 06 00 0B 24 3C
2023-05-26 14:29:58.513: Send Linktest.req.
FF FF 00 00 00 05 00 0B 24 3D
2023-05-26 14:29:58.517: Receive Linktest.rsp.
FF FF 00 00 00 06 00 0B 24 3D
2023-05-26 14:31:04.447: Send Linktest.req.
FF FF 00 00 00 05 00 0B 24 3E
2023-05-26 14:31:04.452: Receive Linktest.rsp.
FF FF 00 00 00 06 00 0B 24 3E
2023-05-26 14:32:10.514: Send Linktest.req.
FF FF 00 00 00 05 00 0B 24 3F
2023-05-26 14:32:10.517: Receive Linktest.rsp.
FF FF 00 00 00 06 00 0B 24 3F
2023-05-26 14:33:16.559: Send Linktest.req.
FF FF 00 00 00 05 00 0B 24 40
2023-05-26 14:33:16.562: Receive Linktest.rsp.
FF FF 00 00 00 06 00 0B 24 40
2023-05-26 14:34:22.717: Send Linktest.req.
FF FF 00 00 00 05 00 0B 24 41
2023-05-26 14:34:22.720: Receive Linktest.rsp.
FF FF 00 00 00 06 00 0B 24 41
2023-05-26 14:35:28.824: Send Linktest.req.
FF FF 00 00 00 05 00 0B 24 42
2023-05-26 14:35:28.827: Receive Linktest.rsp.
FF FF 00 00 00 06 00 0B 24 42
2023-05-26 14:36:34.936: Send Linktest.req.
FF FF 00 00 00 05 00 0B 24 43
2023-05-26 14:36:34.939: Receive Linktest.rsp.
FF FF 00 00 00 06 00 0B 24 43
2023-05-26 14:37:40.984: Send Linktest.req.
FF FF 00 00 00 05 00 0B 24 44
2023-05-26 14:37:40.988: Receive Linktest.rsp.
FF FF 00 00 00 06 00 0B 24 44
2023-05-26 14:38:47.044: Send Linktest.req.
FF FF 00 00 00 05 00 0B 24 45
2023-05-26 14:38:47.047: Receive Linktest.rsp.
FF FF 00 00 00 06 00 0B 24 45
2023-05-26 14:39:53.099: Send Linktest.req.
FF FF 00 00 00 05 00 0B 24 46
2023-05-26 14:39:53.103: Receive Linktest.rsp.
FF FF 00 00 00 06 00 0B 24 46
2023-05-26 14:40:59.024: Send Linktest.req.
FF FF 00 00 00 05 00 0B 24 47
2023-05-26 14:40:59.027: Receive Linktest.rsp.
FF FF 00 00 00 06 00 0B 24 47
2023-05-26 14:42:05.217: Send Linktest.req.
FF FF 00 00 00 05 00 0B 24 48
2023-05-26 14:42:05.223: Receive Linktest.rsp.
FF FF 00 00 00 06 00 0B 24 48
2023-05-26 14:43:11.261: Send Linktest.req.
FF FF 00 00 00 05 00 0B 24 49
2023-05-26 14:43:11.265: Receive Linktest.rsp.
FF FF 00 00 00 06 00 0B 24 49
2023-05-26 14:44:17.308: Send Linktest.req.
FF FF 00 00 00 05 00 0B 24 4A
2023-05-26 14:44:17.312: Receive Linktest.rsp.
FF FF 00 00 00 06 00 0B 24 4A
2023-05-26 14:45:23.428: Send Linktest.req.
FF FF 00 00 00 05 00 0B 24 4B
2023-05-26 14:45:23.431: Receive Linktest.rsp.
FF FF 00 00 00 06 00 0B 24 4B
2023-05-26 14:46:29.608: Send Linktest.req.
FF FF 00 00 00 05 00 0B 24 4C
2023-05-26 14:46:29.611: Receive Linktest.rsp.
FF FF 00 00 00 06 00 0B 24 4C
2023-05-26 14:47:35.740: Send Linktest.req.
FF FF 00 00 00 05 00 0B 24 4D
2023-05-26 14:47:35.743: Receive Linktest.rsp.
FF FF 00 00 00 06 00 0B 24 4D
[DebugLog] 14:47:43.854 ListenLoop() exception = 無法從傳輸連接讀取資料: 遠端主機已強制關閉一個現存的連線。。
2023-05-26 14:47:44.630: CTLT_SECS (HSMS Mode) Ver. 2.3.6 & CTLT_GEM Ver. 2.9.3 Start...Driver: NO_LICENCE
2023-05-26 14:53:52.782: Receive Select.req.
FF FF 00 00 00 01 01 41 CD 62
2023-05-26 14:53:52.786: Send Select.rsp.
FF FF 00 00 00 02 01 41 CD 62
2023-05-26 14:53:52.880: Send Data Message.
00 00 00 1E 00 00 81 0D 00 00
2023-05-26 14:53:52.880: Send S1F13(730190).
00 00 81 0D 00 00 00 0B 24 4E   01 02 41 07 54 72 69 6D 47 61
70 41 07 31 2E 30 2E 30 2E 30
S1F13 W /* Establish Communications Request */
<L[2]
  <A[7]"TrimGap"> /* Name = MDLN, Keyword = GEM_MDLN (GEM_MDLN) */
  <A[7]"1.0.0.0"> /* Name = SoftRev, Keyword = GEM_SOFTREV (GEM_SOFTREV) */
>
.
Program takes      0.001 seconds to log this message.
2023-05-26 14:53:53.133: Receive Data Message.
00 00 00 11 00 00 01 0E 00 00
2023-05-26 14:53:53.133: Receive S1F14(730190).
00 00 01 0E 00 00 00 0B 24 4E   01 02 21 01 00 01 00
S1F14  /* Establish Communications Request Acknowledge */
<L[2]
  <B[1] 0x00> /* Name = COMMACK */
  <L[0]
  >
>
.
Program takes      0 seconds to log this message.
2023-05-26 14:54:21.710: Receive Data Message.
00 00 00 0C 00 00 81 0D 00 00
2023-05-26 14:54:21.710: Receive S1F13(1347671).
00 00 81 0D 00 00 00 14 90 57   01 00
S1F13 W /* Establish Communications Request */
<L[0]
>
.
Program takes      0 seconds to log this message.
2023-05-26 14:54:21.714: Send Data Message.
00 00 00 23 00 00 01 0E 00 00
2023-05-26 14:54:21.714: Send S1F14(1347671).
00 00 01 0E 00 00 00 14 90 57   01 02 21 01 00 01 02 41 07 54
72 69 6D 47 61 70 41 07 31 2E   30 2E 30 2E 30
S1F14  /* Establish Communications Request Acknowledge */
<L[2]
  <B[1] 0x00> /* Name = COMMACK, Keyword = 0:ok | 1:denied */
  <L[2]
    <A[7]"TrimGap"> /* Name = MDLN, Keyword = equipment model type */
    <A[7]"1.0.0.0"> /* Name = SOFTREV, Keyword = software revision */
  >
>
.
Program takes      0 seconds to log this message.
//////////////////////////////////////////////////////////////////////////
2023-05-26 14:59:03.434: CTLT_SECS (HSMS Mode) Ver. 2.3.6 & CTLT_GEM Ver. 2.9.3 Start...Driver: NO_LICENCE
2023-05-26 14:59:04.241: Receive Select.req.
FF FF 00 00 00 01 01 41 CD 62
2023-05-26 14:59:04.278: Send Select.rsp.
FF FF 00 00 00 02 01 41 CD 62
2023-05-26 14:59:11.457: Send Data Message.
00 00 00 1E 00 00 81 0D 00 00
2023-05-26 14:59:11.457: Send S1F13(6408330).
00 00 81 0D 00 00 00 61 C8 8A   01 02 41 07 54 72 69 6D 47 61
70 41 07 31 2E 30 2E 30 2E 30
S1F13 W /* Establish Communications Request */
<L[2]
  <A[7]"TrimGap"> /* Name = MDLN, Keyword = GEM_MDLN (GEM_MDLN) */
  <A[7]"1.0.0.0"> /* Name = SoftRev, Keyword = GEM_SOFTREV (GEM_SOFTREV) */
>
.
Program takes      0.022 seconds to log this message.
2023-05-26 14:59:11.476: Receive Data Message.
00 00 00 11 00 00 01 0E 00 00
2023-05-26 14:59:11.476: Receive S1F14(6408330).
00 00 01 0E 00 00 00 61 C8 8A   01 02 21 01 00 01 00
S1F14  /* Establish Communications Request Acknowledge */
<L[2]
  <B[1] 0x00> /* Name = COMMACK */
  <L[0]
  >
>
.
Program takes      0 seconds to log this message.
2023-05-26 14:59:32.205: Receive Data Message.
00 00 00 13 00 00 87 19 00 00
2023-05-26 14:59:32.205: Receive S7F25(1347672).
00 00 87 19 00 00 00 14 90 58   41 07 41 75 74 6F 52 75 6E
S7F25 W /* Formatted Process Program Request */
<A[7]"AutoRun"> /* Name = PPID, Keyword = process program ID */
.
Program takes      0 seconds to log this message.
2023-05-26 14:59:32.244: Send Data Message.
00 00 01 11 00 00 07 1A 00 00
2023-05-26 14:59:32.244: Send S7F26(1347672).
00 00 07 1A 00 00 00 14 90 58   01 04 41 07 41 75 74 6F 52 75
6E 41 07 54 72 69 6D 47 61 70   41 07 31 2E 30 2E 30 2E 30 01
01 01 02 A9 02 00 02 01 2C A5   01 08 A5 01 01 A5 01 01 A5 01
00 A5 01 01 A5 01 01 A5 01 01   A5 01 01 A5 01 01 A5 01 01 A5
01 01 A5 01 01 A5 01 01 A5 01   01 A5 01 01 A5 01 01 A5 01 01
A5 01 01 A5 01 01 A5 01 01 A5   01 01 A5 01 01 A5 01 01 A5 01
01 A5 01 01 A5 01 01 A5 01 01   A5 01 01 A5 01 01 A9 02 00 01
A9 02 00 2D A9 02 00 5A A9 02   00 87 A9 02 00 B4 A9 02 00 E1
A9 02 01 0E A9 02 01 3B 41 17   32 30 32 33 2F 33 2F 32 30 20
A4 55 A4 C8 20 30 31 3A 32 31   3A 34 31 41 17 32 30 32 33 2F
35 2F 31 36 20 A4 55 A4 C8 20   30 35 3A 30 35 3A 30 30 41 07
44 65 66 61 75 6C 74 41 23 44   3A 5C 46 54 47 4D 31 5C 50 61
72 61 6D 65 74 65 72 44 69 72   65 63 74 6F 72 79 5C 54 54 56
50 61 74 68 A5 01 01 41 01 31   A5 01 03
S7F26  /* Formatted Process Program Data */
<L[4]
  <A[7]"AutoRun"> /* Name = PPID, Keyword = process program ID */
  <A[7]"TrimGap"> /* Name = MDLN, Keyword = equipment model type */
  <A[7]"1.0.0.0"> /* Name = SOFTREV, Keyword = software revision */
  <L[1]
    <L[2]
      <U2[1] 2> /* Name = CCODE, Keyword = process operation command code */
      <L[44]
        <U1[1] 8> /* Name = fram.Recipe.Rotate_Count, Keyword = PPARM 1 def */
        <U1[1] 1> /* Name = fram.Recipe.Type, Keyword = PPARM 1 def */
        <U1[1] 1> /* Name = fram.Recipe.RepeatTimes, Keyword = PPARM 1 def */
        <U1[1] 0> /* Name = fram.Recipe.RepeatTimes_now, Keyword = PPARM 1 def */
        <U1[1] 1> /* Name = fram.Recipe.Slot1, Keyword = PPARM 1 def */
        <U1[1] 1> /* Name = fram.Recipe.Slot2, Keyword = PPARM 1 def */
        <U1[1] 1> /* Name = fram.Recipe.Slot3, Keyword = PPARM 1 def */
        <U1[1] 1> /* Name = fram.Recipe.Slot4, Keyword = PPARM 1 def */
        <U1[1] 1> /* Name = fram.Recipe.Slot5, Keyword = PPARM 1 def */
        <U1[1] 1> /* Name = fram.Recipe.Slot6, Keyword = PPARM 1 def */
        <U1[1] 1> /* Name = fram.Recipe.Slot7, Keyword = PPARM 1 def */
        <U1[1] 1> /* Name = fram.Recipe.Slot8, Keyword = PPARM 1 def */
        <U1[1] 1> /* Name = fram.Recipe.Slot9, Keyword = PPARM 1 def */
        <U1[1] 1> /* Name = fram.Recipe.Slot10, Keyword = PPARM 1 def */
        <U1[1] 1> /* Name = fram.Recipe.Slot11, Keyword = PPARM 1 def */
        <U1[1] 1> /* Name = fram.Recipe.Slot12, Keyword = PPARM 1 def */
        <U1[1] 1> /* Name = fram.Recipe.Slot13, Keyword = PPARM 1 def */
        <U1[1] 1> /* Name = fram.Recipe.Slot14, Keyword = PPARM 1 def */
        <U1[1] 1> /* Name = fram.Recipe.Slot15, Keyword = PPARM 1 def */
        <U1[1] 1> /* Name = fram.Recipe.Slot16, Keyword = PPARM 1 def */
        <U1[1] 1> /* Name = fram.Recipe.Slot17, Keyword = PPARM 1 def */
        <U1[1] 1> /* Name = fram.Recipe.Slot18, Keyword = PPARM 1 def */
        <U1[1] 1> /* Name = fram.Recipe.Slot19, Keyword = PPARM 1 def */
        <U1[1] 1> /* Name = fram.Recipe.Slot20, Keyword = PPARM 1 def */
        <U1[1] 1> /* Name = fram.Recipe.Slot21, Keyword = PPARM 1 def */
        <U1[1] 1> /* Name = fram.Recipe.Slot22, Keyword = PPARM 1 def */
        <U1[1] 1> /* Name = fram.Recipe.Slot23, Keyword = PPARM 1 def */
        <U1[1] 1> /* Name = fram.Recipe.Slot24, Keyword = PPARM 1 def */
        <U1[1] 1> /* Name = fram.Recipe.Slot25, Keyword = PPARM 1 def */
        <U2[1] 1> /* Name = fram.Recipe.Angle1, Keyword = PPARM 2 def */
        <U2[1] 45> /* Name = fram.Recipe.Angle2, Keyword = PPARM 2 def */
        <U2[1] 90> /* Name = fram.Recipe.Angle3, Keyword = PPARM 2 def */
        <U2[1] 135> /* Name = fram.Recipe.Angle4, Keyword = PPARM 2 def */
        <U2[1] 180> /* Name = fram.Recipe.Angle5, Keyword = PPARM 2 def */
        <U2[1] 225> /* Name = fram.Recipe.Angle6, Keyword = PPARM 2 def */
        <U2[1] 270> /* Name = fram.Recipe.Angle7, Keyword = PPARM 2 def */
        <U2[1] 315> /* Name = fram.Recipe.Angle8, Keyword = PPARM 2 def */
        <A[23]"2023/3/20 下午 01:21:41"> /* Name = fram.Recipe.CreateTime, Keyword = Recipe CreateTime */
        <A[23]"2023/5/16 下午 05:05:00"> /* Name = fram.Recipe.ReviseTime, Keyword = Recipe ReviseTime */
        <A[7]"Default"> /* Name = fram.Recipe.MotionPatternName, Keyword = Recipe MotionPatternNam */
        <A[35]"D:\FTGM1\ParameterDirectory\TTVPath"> /* Name = fram.Recipe.MotionPatternPath, Keyword = Recipe MotionPatternPat */
        <U1[1] 1> /* Name = fram.Recipe.SF3_ID, Keyword = PPARM 1 def */
        <A[1]"1"> /* Name = fram.Recipe.SF3_Name, Keyword = Recipe SF3_Name */
        <U1[1] 3> /* Name = fram.Recipe.OffsetType, Keyword = PPARM 1 def */
      >
    >
  >
>
.
Program takes      0 seconds to log this message.
2023-05-26 15:00:37.252: Send Linktest.req.
FF FF 00 00 00 05 00 61 C8 8B
2023-05-26 15:00:37.257: Receive Linktest.rsp.
FF FF 00 00 00 06 00 61 C8 8B
2023-05-26 15:01:42.722: Send Linktest.req.
FF FF 00 00 00 05 00 61 C8 8C
2023-05-26 15:01:42.725: Receive Linktest.rsp.
FF FF 00 00 00 06 00 61 C8 8C
2023-05-26 15:02:48.485: Send Linktest.req.
FF FF 00 00 00 05 00 61 C8 8D
2023-05-26 15:02:48.489: Receive Linktest.rsp.
FF FF 00 00 00 06 00 61 C8 8D
2023-05-26 15:03:54.243: Send Linktest.req.
FF FF 00 00 00 05 00 61 C8 8E
2023-05-26 15:03:54.246: Receive Linktest.rsp.
FF FF 00 00 00 06 00 61 C8 8E
2023-05-26 15:04:59.876: Send Linktest.req.
FF FF 00 00 00 05 00 61 C8 8F
2023-05-26 15:04:59.881: Receive Linktest.rsp.
FF FF 00 00 00 06 00 61 C8 8F
2023-05-26 15:06:05.713: Send Linktest.req.
FF FF 00 00 00 05 00 61 C8 90
2023-05-26 15:06:05.718: Receive Linktest.rsp.
FF FF 00 00 00 06 00 61 C8 90
2023-05-26 15:07:11.710: Send Linktest.req.
FF FF 00 00 00 05 00 61 C8 91
2023-05-26 15:07:11.714: Receive Linktest.rsp.
FF FF 00 00 00 06 00 61 C8 91
2023-05-26 15:08:17.496: Send Linktest.req.
FF FF 00 00 00 05 00 61 C8 92
2023-05-26 15:08:17.499: Receive Linktest.rsp.
FF FF 00 00 00 06 00 61 C8 92
2023-05-26 15:09:23.210: Send Linktest.req.
FF FF 00 00 00 05 00 61 C8 93
2023-05-26 15:09:23.213: Receive Linktest.rsp.
FF FF 00 00 00 06 00 61 C8 93
2023-05-26 15:10:28.994: Send Linktest.req.
FF FF 00 00 00 05 00 61 C8 94
2023-05-26 15:10:28.997: Receive Linktest.rsp.
FF FF 00 00 00 06 00 61 C8 94
2023-05-26 15:11:34.737: Send Linktest.req.
FF FF 00 00 00 05 00 61 C8 95
2023-05-26 15:11:34.740: Receive Linktest.rsp.
FF FF 00 00 00 06 00 61 C8 95
2023-05-26 15:12:40.387: Send Linktest.req.
FF FF 00 00 00 05 00 61 C8 96
2023-05-26 15:12:40.390: Receive Linktest.rsp.
FF FF 00 00 00 06 00 61 C8 96
2023-05-26 15:13:46.163: Send Linktest.req.
FF FF 00 00 00 05 00 61 C8 97
2023-05-26 15:13:46.167: Receive Linktest.rsp.
FF FF 00 00 00 06 00 61 C8 97
2023-05-26 15:14:51.899: Send Linktest.req.
FF FF 00 00 00 05 00 61 C8 98
2023-05-26 15:14:51.902: Receive Linktest.rsp.
FF FF 00 00 00 06 00 61 C8 98
2023-05-26 15:15:57.637: Send Linktest.req.
FF FF 00 00 00 05 00 61 C8 99
2023-05-26 15:15:57.640: Receive Linktest.rsp.
FF FF 00 00 00 06 00 61 C8 99
2023-05-26 15:17:03.523: Send Linktest.req.
FF FF 00 00 00 05 00 61 C8 9A
2023-05-26 15:17:03.528: Receive Linktest.rsp.
FF FF 00 00 00 06 00 61 C8 9A
2023-05-26 15:18:09.207: Send Linktest.req.
FF FF 00 00 00 05 00 61 C8 9B
2023-05-26 15:18:09.212: Receive Linktest.rsp.
FF FF 00 00 00 06 00 61 C8 9B
2023-05-26 15:19:15.100: Send Linktest.req.
FF FF 00 00 00 05 00 61 C8 9C
2023-05-26 15:19:15.102: Receive Linktest.rsp.
FF FF 00 00 00 06 00 61 C8 9C
2023-05-26 15:20:21.121: Send Linktest.req.
FF FF 00 00 00 05 00 61 C8 9D
2023-05-26 15:20:21.126: Receive Linktest.rsp.
FF FF 00 00 00 06 00 61 C8 9D
2023-05-26 15:21:26.980: Send Linktest.req.
FF FF 00 00 00 05 00 61 C8 9E
2023-05-26 15:21:26.983: Receive Linktest.rsp.
FF FF 00 00 00 06 00 61 C8 9E
2023-05-26 15:22:32.891: Send Linktest.req.
FF FF 00 00 00 05 00 61 C8 9F
2023-05-26 15:22:32.894: Receive Linktest.rsp.
FF FF 00 00 00 06 00 61 C8 9F
2023-05-26 15:23:38.820: Send Linktest.req.
FF FF 00 00 00 05 00 61 C8 A0
2023-05-26 15:23:38.824: Receive Linktest.rsp.
FF FF 00 00 00 06 00 61 C8 A0
2023-05-26 15:24:44.615: Send Linktest.req.
FF FF 00 00 00 05 00 61 C8 A1
2023-05-26 15:24:44.618: Receive Linktest.rsp.
FF FF 00 00 00 06 00 61 C8 A1
2023-05-26 15:25:50.520: Send Linktest.req.
FF FF 00 00 00 05 00 61 C8 A2
2023-05-26 15:25:50.523: Receive Linktest.rsp.
FF FF 00 00 00 06 00 61 C8 A2
2023-05-26 15:26:56.337: Send Linktest.req.
FF FF 00 00 00 05 00 61 C8 A3
2023-05-26 15:26:56.341: Receive Linktest.rsp.
FF FF 00 00 00 06 00 61 C8 A3
2023-05-26 15:28:02.108: Send Linktest.req.
FF FF 00 00 00 05 00 61 C8 A4
2023-05-26 15:28:02.111: Receive Linktest.rsp.
FF FF 00 00 00 06 00 61 C8 A4
2023-05-26 15:29:08.012: Send Linktest.req.
FF FF 00 00 00 05 00 61 C8 A5
2023-05-26 15:29:08.015: Receive Linktest.rsp.
FF FF 00 00 00 06 00 61 C8 A5
2023-05-26 15:30:13.725: Send Linktest.req.
FF FF 00 00 00 05 00 61 C8 A6
2023-05-26 15:30:13.730: Receive Linktest.rsp.
FF FF 00 00 00 06 00 61 C8 A6
2023-05-26 15:31:19.484: Send Linktest.req.
FF FF 00 00 00 05 00 61 C8 A7
2023-05-26 15:31:19.487: Receive Linktest.rsp.
FF FF 00 00 00 06 00 61 C8 A7
2023-05-26 15:32:25.314: Send Linktest.req.
FF FF 00 00 00 05 00 61 C8 A8
2023-05-26 15:32:25.317: Receive Linktest.rsp.
FF FF 00 00 00 06 00 61 C8 A8
2023-05-26 15:33:30.899: Send Linktest.req.
FF FF 00 00 00 05 00 61 C8 A9
2023-05-26 15:33:30.903: Receive Linktest.rsp.
FF FF 00 00 00 06 00 61 C8 A9
2023-05-26 15:34:36.581: Send Linktest.req.
FF FF 00 00 00 05 00 61 C8 AA
2023-05-26 15:34:36.585: Receive Linktest.rsp.
FF FF 00 00 00 06 00 61 C8 AA
2023-05-26 15:35:42.421: Send Linktest.req.
FF FF 00 00 00 05 00 61 C8 AB
2023-05-26 15:35:42.425: Receive Linktest.rsp.
FF FF 00 00 00 06 00 61 C8 AB
2023-05-26 15:36:48.114: Send Linktest.req.
FF FF 00 00 00 05 00 61 C8 AC
2023-05-26 15:36:48.117: Receive Linktest.rsp.
FF FF 00 00 00 06 00 61 C8 AC
2023-05-26 15:37:53.945: Send Linktest.req.
FF FF 00 00 00 05 00 61 C8 AD
2023-05-26 15:37:53.965: Receive Linktest.rsp.
FF FF 00 00 00 06 00 61 C8 AD
2023-05-26 15:38:59.964: Send Linktest.req.
FF FF 00 00 00 05 00 61 C8 AE
2023-05-26 15:38:59.967: Receive Linktest.rsp.
FF FF 00 00 00 06 00 61 C8 AE
2023-05-26 15:40:05.668: Send Linktest.req.
FF FF 00 00 00 05 00 61 C8 AF
2023-05-26 15:40:05.673: Receive Linktest.rsp.
FF FF 00 00 00 06 00 61 C8 AF
2023-05-26 15:41:11.322: Send Linktest.req.
FF FF 00 00 00 05 00 61 C8 B0
2023-05-26 15:41:11.328: Receive Linktest.rsp.
FF FF 00 00 00 06 00 61 C8 B0
2023-05-26 15:42:17.178: Send Linktest.req.
FF FF 00 00 00 05 00 61 C8 B1
2023-05-26 15:42:17.182: Receive Linktest.rsp.
FF FF 00 00 00 06 00 61 C8 B1
2023-05-26 15:43:22.994: Send Linktest.req.
FF FF 00 00 00 05 00 61 C8 B2
2023-05-26 15:43:22.998: Receive Linktest.rsp.
FF FF 00 00 00 06 00 61 C8 B2
2023-05-26 15:44:28.731: Send Linktest.req.
FF FF 00 00 00 05 00 61 C8 B3
2023-05-26 15:44:28.735: Receive Linktest.rsp.
FF FF 00 00 00 06 00 61 C8 B3
2023-05-26 15:45:34.668: Send Linktest.req.
FF FF 00 00 00 05 00 61 C8 B4
2023-05-26 15:45:34.671: Receive Linktest.rsp.
FF FF 00 00 00 06 00 61 C8 B4
2023-05-26 15:46:40.338: Send Linktest.req.
FF FF 00 00 00 05 00 61 C8 B5
2023-05-26 15:46:40.341: Receive Linktest.rsp.
FF FF 00 00 00 06 00 61 C8 B5
2023-05-26 15:47:46.277: Send Linktest.req.
FF FF 00 00 00 05 00 61 C8 B6
2023-05-26 15:47:46.280: Receive Linktest.rsp.
FF FF 00 00 00 06 00 61 C8 B6
2023-05-26 15:48:51.950: Send Linktest.req.
FF FF 00 00 00 05 00 61 C8 B7
2023-05-26 15:48:51.953: Receive Linktest.rsp.
FF FF 00 00 00 06 00 61 C8 B7
2023-05-26 15:49:57.607: Send Linktest.req.
FF FF 00 00 00 05 00 61 C8 B8
2023-05-26 15:49:57.612: Receive Linktest.rsp.
FF FF 00 00 00 06 00 61 C8 B8
//////////////////////////////////////////////////////////////////////////
2023-05-26 16:06:53.408: CTLT_SECS (HSMS Mode) Ver. 2.3.6 & CTLT_GEM Ver. 2.9.3 Start...Driver: NO_LICENCE
2023-05-26 16:07:32.429: Receive Select.req.
FF FF 00 00 00 01 01 41 CD 62
2023-05-26 16:07:32.593: Send Select.rsp.
FF FF 00 00 00 02 01 41 CD 62
2023-05-26 16:07:32.697: Send Data Message.
00 00 00 1E 00 00 81 0D 00 00
2023-05-26 16:07:32.697: Send S1F13(1886278).
00 00 81 0D 00 00 00 1C C8 46   01 02 41 07 54 72 69 6D 47 61
70 41 07 31 2E 30 2E 30 2E 30
S1F13 W /* Establish Communications Request */
<L[2]
  <A[7]"TrimGap"> /* Name = DATAID */
  <A[7]"1.0.0.0"> /* Name = CEID, Keyword = MeasureResultSend (6000) */
>
.
Program takes      0.21 seconds to log this message.
2023-05-26 16:07:32.908: Receive Data Message.
00 00 00 11 00 00 01 0E 00 00
2023-05-26 16:07:32.908: Receive S1F14(1886278).
00 00 01 0E 00 00 00 1C C8 46   01 02 21 01 00 01 00
S1F14  /* Establish Communications Request Acknowledge */
<L[2]
  <B[1] 0x00> /* Name = COMMACK */
  <L[0]
  >
>
.
Program takes      0 seconds to log this message.
2023-05-26 16:07:39.514: Send Data Message.
00 00 00 5B 00 00 86 0B 00 00
2023-05-26 16:07:39.514: Send S6F11(1886279).
00 00 86 0B 00 00 00 1C C8 47   01 03 B1 04 00 00 00 02 B1 04
00 00 17 70 01 01 01 02 B1 04   00 00 00 63 01 1B A5 01 00 41
00 41 00 41 00 41 00 41 00 41   00 41 00 41 00 41 00 41 00 41
00 41 00 41 00 41 00 41 00 41   00 41 00 41 00 41 00 41 00 41
00 41 00 41 00 41 00 41 00 41   00
S6F11 W /* Event Report Send */
<L[3]
  <U4[1] 2> /* Name = DATAID */
  <U4[1] 6000> /* Name = CEID, Keyword = MeasureResultSend (6000) */
  <L[1]
    <L[2]
      <U4[1] 99> /* Name = RPTID */
      <L[27]
        <U1[1] 0> /* Name = Value, Keyword = PortID (2001) */
        <A[0]""> /* Name = Value, Keyword = CarrierID (2000) */
        <A[0]""> /* Name = Value, Keyword = Slot1_Info (4001) */
        <A[0]""> /* Name = Value, Keyword = Slot2_Info (4002) */
        <A[0]""> /* Name = Value, Keyword = Slot3_Info (4003) */
        <A[0]""> /* Name = Value, Keyword = Slot4_Info (4004) */
        <A[0]""> /* Name = Value, Keyword = Slot5_Info (4005) */
        <A[0]""> /* Name = Value, Keyword = Slot6_Info (4006) */
        <A[0]""> /* Name = Value, Keyword = Slot7_Info (4007) */
        <A[0]""> /* Name = Value, Keyword = Slot8_Info (4008) */
        <A[0]""> /* Name = Value, Keyword = Slot9_Info (4009) */
        <A[0]""> /* Name = Value, Keyword = Slot10_Info (4010) */
        <A[0]""> /* Name = Value, Keyword = Slot11_Info (4011) */
        <A[0]""> /* Name = Value, Keyword = Slot12_Info (4012) */
        <A[0]""> /* Name = Value, Keyword = Slot13_Info (4013) */
        <A[0]""> /* Name = Value, Keyword = Slot14_Info (4014) */
        <A[0]""> /* Name = Value, Keyword = Slot15_Info (4015) */
        <A[0]""> /* Name = Value, Keyword = Slot16_Info (4016) */
        <A[0]""> /* Name = Value, Keyword = Slot17_Info (4017) */
        <A[0]""> /* Name = Value, Keyword = Slot18_Info (4018) */
        <A[0]""> /* Name = Value, Keyword = Slot19_Info (4019) */
        <A[0]""> /* Name = Value, Keyword = Slot20_Info (4020) */
        <A[0]""> /* Name = Value, Keyword = Slot21_Info (4021) */
        <A[0]""> /* Name = Value, Keyword = Slot22_Info (4022) */
        <A[0]""> /* Name = Value, Keyword = Slot23_Info (4023) */
        <A[0]""> /* Name = Value, Keyword = Slot24_Info (4024) */
        <A[0]""> /* Name = Value, Keyword = Slot25_Info (4025) */
      >
    >
  >
>
.
Program takes      0.119 seconds to log this message.
2023-05-26 16:07:39.636: Receive Data Message.
00 00 00 0D 00 00 06 0C 00 00
2023-05-26 16:07:39.636: Receive S6F12(1886279).
00 00 06 0C 00 00 00 1C C8 47   21 01 00
S6F12  /* Event Report Ack */
<B[1] 0x00> /* Name = ACKC6 */
.
Program takes      0 seconds to log this message.
//////////////////////////////////////////////////////////////////////////
2023-05-26 16:08:40.095: CTLT_SECS (HSMS Mode) Ver. 2.3.6 & CTLT_GEM Ver. 2.9.3 Start...Driver: NO_LICENCE
2023-05-26 16:08:40.523: Receive Select.req.
FF FF 00 00 00 01 01 41 CD 62
2023-05-26 16:08:40.745: Send Select.rsp.
FF FF 00 00 00 02 01 41 CD 62
2023-05-26 16:08:48.495: Send Data Message.
00 00 00 1E 00 00 81 0D 00 00
2023-05-26 16:08:48.495: Send S1F13(4148561).
00 00 81 0D 00 00 00 3F 4D 51   01 02 41 07 54 72 69 6D 47 61
70 41 07 31 2E 30 2E 30 2E 30
S1F13 W /* Establish Communications Request */
<L[2]
  <A[7]"TrimGap"> /* Name = MDLN, Keyword = GEM_MDLN (GEM_MDLN) */
  <A[7]"1.0.0.0"> /* Name = SoftRev, Keyword = GEM_SOFTREV (GEM_SOFTREV) */
>
.
Program takes      0.646 seconds to log this message.
2023-05-26 16:08:49.143: Receive Data Message.
00 00 00 11 00 00 01 0E 00 00
2023-05-26 16:08:49.143: Receive S1F14(4148561).
00 00 01 0E 00 00 00 3F 4D 51   01 02 21 01 00 01 00
S1F14  /* Establish Communications Request Acknowledge */
<L[2]
  <B[1] 0x00> /* Name = COMMACK */
  <L[0]
  >
>
.
Program takes      0 seconds to log this message.
2023-05-26 16:09:01.003: Send Data Message.
00 00 00 5B 00 00 86 0B 00 00
2023-05-26 16:09:01.003: Send S6F11(4148562).
00 00 86 0B 00 00 00 3F 4D 52   01 03 B1 04 00 00 00 01 B1 04
00 00 17 70 01 01 01 02 B1 04   00 00 00 63 01 34 A5 01 00 41
00 41 00 41 00 41 00 41 00 41   00 41 00 41 00 41 00 41 00 41
00 41 00 41 00 41 00 41 00 41   00 41 00 41 00 41 00 41 00 41
00 41 00 41 00 41 00 41 00 41   00
S6F11 W /* Event Report Send */
<L[3]
  <U4[1] 1> /* Name = DATAID */
  <U4[1] 6000> /* Name = CEID, Keyword = MeasureResultSend (6000) */
  <L[1]
    <L[2]
      <U4[1] 99> /* Name = RPTID */
      <L[52]
        <U1[1] 0> /* Name = Value, Keyword = PortID (2001) */
        <A[0]""> /* Name = Value, Keyword = CarrierID (2000) */
        <A[0]""> /* Name = Value, Keyword = Slot1_Info (4001) */
        <A[0]""> /* Name = Value, Keyword = Slot2_Info (4002) */
        <A[0]""> /* Name = Value, Keyword = Slot3_Info (4003) */
        <A[0]""> /* Name = Value, Keyword = Slot4_Info (4004) */
        <A[0]""> /* Name = Value, Keyword = Slot5_Info (4005) */
        <A[0]""> /* Name = Value, Keyword = Slot6_Info (4006) */
        <A[0]""> /* Name = Value, Keyword = Slot7_Info (4007) */
        <A[0]""> /* Name = Value, Keyword = Slot8_Info (4008) */
        <A[0]""> /* Name = Value, Keyword = Slot9_Info (4009) */
        <A[0]""> /* Name = Value, Keyword = Slot10_Info (4010) */
        <A[0]""> /* Name = Value, Keyword = Slot11_Info (4011) */
        <A[0]""> /* Name = Value, Keyword = Slot12_Info (4012) */
        <A[0]""> /* Name = Value, Keyword = Slot13_Info (4013) */
        <A[0]""> /* Name = Value, Keyword = Slot14_Info (4014) */
        <A[0]""> /* Name = Value, Keyword = Slot15_Info (4015) */
        <A[0]""> /* Name = Value, Keyword = Slot16_Info (4016) */
        <A[0]""> /* Name = Value, Keyword = Slot17_Info (4017) */
        <A[0]""> /* Name = Value, Keyword = Slot18_Info (4018) */
        <A[0]""> /* Name = Value, Keyword = Slot19_Info (4019) */
        <A[0]""> /* Name = Value, Keyword = Slot20_Info (4020) */
        <A[0]""> /* Name = Value, Keyword = Slot21_Info (4021) */
        <A[0]""> /* Name = Value, Keyword = Slot22_Info (4022) */
        <A[0]""> /* Name = Value, Keyword = Slot23_Info (4023) */
        <A[0]""> /* Name = Value, Keyword = Slot24_Info (4024) */
        <A[0]""> /* Name = Value, Keyword = Slot25_Info (4025) */
      >
    >
  >
>
.
Program takes      0.131 seconds to log this message.
2023-05-26 16:09:01.137: Receive Data Message.
00 00 00 0D 00 00 06 0C 00 00
2023-05-26 16:09:01.137: Receive S6F12(4148562).
00 00 06 0C 00 00 00 3F 4D 52   21 01 00
S6F12  /* Event Report Ack */
<B[1] 0x00> /* Name = ACKC6 */
.
Program takes      0 seconds to log this message.
//////////////////////////////////////////////////////////////////////////
2023-05-26 16:10:39.593: CTLT_SECS (HSMS Mode) Ver. 2.3.6 & CTLT_GEM Ver. 2.9.3 Start...Driver: NO_LICENCE
2023-05-26 16:10:40.391: Receive Select.req.
FF FF 00 00 00 01 01 41 CD 62
2023-05-26 16:10:40.745: Send Select.rsp.
FF FF 00 00 00 02 01 41 CD 62
2023-05-26 16:10:47.461: Send Data Message.
00 00 00 1E 00 00 81 0D 00 00
2023-05-26 16:10:47.461: Send S1F13(3271069).
00 00 81 0D 00 00 00 31 E9 9D   01 02 41 07 54 72 69 6D 47 61
70 41 07 31 2E 30 2E 30 2E 30
S1F13 W /* Establish Communications Request */
<L[2]
  <A[7]"TrimGap"> /* Name = MDLN, Keyword = GEM_MDLN (GEM_MDLN) */
  <A[7]"1.0.0.0"> /* Name = SoftRev, Keyword = GEM_SOFTREV (GEM_SOFTREV) */
>
.
Program takes      0.177 seconds to log this message.
2023-05-26 16:10:47.641: Receive Data Message.
00 00 00 11 00 00 01 0E 00 00
2023-05-26 16:10:47.641: Receive S1F14(3271069).
00 00 01 0E 00 00 00 31 E9 9D   01 02 21 01 00 01 00
S1F14  /* Establish Communications Request Acknowledge */
<L[2]
  <B[1] 0x00> /* Name = COMMACK */
  <L[0]
  >
>
.
Program takes      0 seconds to log this message.
//////////////////////////////////////////////////////////////////////////
2023-05-26 16:14:25.333: CTLT_SECS (HSMS Mode) Ver. 2.3.6 & CTLT_GEM Ver. 2.9.3 Start...Driver: NO_LICENCE
2023-05-26 16:14:26.421: Receive Select.req.
FF FF 00 00 00 01 01 41 CD 62
2023-05-26 16:14:26.588: Send Select.rsp.
FF FF 00 00 00 02 01 41 CD 62
2023-05-26 16:14:32.729: Send Data Message.
00 00 00 1E 00 00 81 0D 00 00
2023-05-26 16:14:32.729: Send S1F13(9704607).
00 00 81 0D 00 00 00 94 14 9F   01 02 41 07 54 72 69 6D 47 61
70 41 07 31 2E 30 2E 30 2E 30
S1F13 W /* Establish Communications Request */
<L[2]
  <A[7]"TrimGap"> /* Name = MDLN, Keyword = GEM_MDLN (GEM_MDLN) */
  <A[7]"1.0.0.0"> /* Name = SoftRev, Keyword = GEM_SOFTREV (GEM_SOFTREV) */
>
.
Program takes      0.122 seconds to log this message.
2023-05-26 16:14:32.853: Receive Data Message.
00 00 00 11 00 00 01 0E 00 00
2023-05-26 16:14:32.853: Receive S1F14(9704607).
00 00 01 0E 00 00 00 94 14 9F   01 02 21 01 00 01 00
S1F14  /* Establish Communications Request Acknowledge */
<L[2]
  <B[1] 0x00> /* Name = COMMACK */
  <L[0]
  >
>
.
Program takes      0 seconds to log this message.
2023-05-26 16:15:38.848: Send Linktest.req.
FF FF 00 00 00 05 00 94 14 A0
2023-05-26 16:15:38.852: Receive Linktest.rsp.
FF FF 00 00 00 06 00 94 14 A0
//////////////////////////////////////////////////////////////////////////
2023-05-26 16:17:38.900: CTLT_SECS (HSMS Mode) Ver. 2.3.6 & CTLT_GEM Ver. 2.9.3 Start...Driver: NO_LICENCE
2023-05-26 16:17:41.510: Receive Select.req.
FF FF 00 00 00 01 01 41 CD 62
2023-05-26 16:17:41.872: Send Select.rsp.
FF FF 00 00 00 02 01 41 CD 62
2023-05-26 16:17:47.490: Send Data Message.
00 00 00 1E 00 00 81 0D 00 00
2023-05-26 16:17:47.490: Send S1F13(5512245).
00 00 81 0D 00 00 00 54 1C 35   01 02 41 07 54 72 69 6D 47 61
70 41 07 31 2E 30 2E 30 2E 30
S1F13 W /* Establish Communications Request */
<L[2]
  <A[7]"TrimGap"> /* Name = MDLN, Keyword = GEM_MDLN (GEM_MDLN) */
  <A[7]"1.0.0.0"> /* Name = SoftRev, Keyword = GEM_SOFTREV (GEM_SOFTREV) */
>
.
Program takes      0.024 seconds to log this message.
2023-05-26 16:17:47.518: Receive Data Message.
00 00 00 11 00 00 01 0E 00 00
2023-05-26 16:17:47.518: Receive S1F14(5512245).
00 00 01 0E 00 00 00 54 1C 35   01 02 21 01 00 01 00
S1F14  /* Establish Communications Request Acknowledge */
<L[2]
  <B[1] 0x00> /* Name = COMMACK */
  <L[0]
  >
>
.
Program takes      0 seconds to log this message.
//////////////////////////////////////////////////////////////////////////
2023-05-26 16:47:41.267: CTLT_SECS (HSMS Mode) Ver. 2.3.6 & CTLT_GEM Ver. 2.9.3 Start...Driver: NO_LICENCE
2023-05-26 16:47:51.653: Receive Select.req.
FF FF 00 00 00 01 01 41 CD 62
2023-05-26 16:47:51.849: Send Select.rsp.
FF FF 00 00 00 02 01 41 CD 62
2023-05-26 16:47:51.912: Send Data Message.
00 00 00 1E 00 00 81 0D 00 00
2023-05-26 16:47:51.912: Send S1F13(5595515).
00 00 81 0D 00 00 00 55 61 7B   01 02 41 07 54 72 69 6D 47 61
70 41 07 31 2E 30 2E 30 2E 30
S1F13 W /* Establish Communications Request */
<L[2]
  <A[7]"TrimGap"> /* Name = MDLN, Keyword = GEM_MDLN (GEM_MDLN) */
  <A[7]"1.0.0.0"> /* Name = SoftRev, Keyword = GEM_SOFTREV (GEM_SOFTREV) */
>
.
Program takes      0.191 seconds to log this message.
2023-05-26 16:47:52.106: Receive Data Message.
00 00 00 11 00 00 01 0E 00 00
2023-05-26 16:47:52.106: Receive S1F14(5595515).
00 00 01 0E 00 00 00 55 61 7B   01 02 21 01 00 01 00
S1F14  /* Establish Communications Request Acknowledge */
<L[2]
  <B[1] 0x00> /* Name = COMMACK */
  <L[0]
  >
>
.
Program takes      0 seconds to log this message.
2023-05-26 16:48:08.144: Receive Data Message.
00 00 00 2B 00 00 02 29 00 00
2023-05-26 16:48:08.144: Receive S2F41(0).
00 00 02 29 00 00 00 00 00 00   01 02 41 09 4D 45 41 53 55 52
45 2D 4C 01 01 01 02 41 0B 4C   4F 41 44 50 4F 52 54 2D 49 44
41 01 31
S2F41  /* Host Command Send */
<L[2]
  <A[9]"MEASURE-L"> /* Name = RCMD */
  <L[1]
    <L[2]
      <A[11]"LOADPORT-ID"> /* Name = CPNAME */
      <A[1]"1"> /* Name = CPVAL */
    >
  >
>
.
Program takes      0 seconds to log this message.
2023-05-26 16:48:08.170: Send Data Message.
00 00 00 11 00 00 02 2A 00 00
2023-05-26 16:48:08.170: Send S2F42(0).
00 00 02 2A 00 00 00 00 00 00   01 02 21 01 00 01 00
S2F42  /* Host Command Acknowledge */
<L[2]
  <B[1] 0x00>
  <L[0]
  >
>
.
Program takes      0 seconds to log this message.
2023-05-26 16:56:45.398: Send Data Message.
00 00 00 29 00 00 86 0B 00 00
2023-05-26 16:56:45.398: Send S6F11(5595516).
00 00 86 0B 00 00 00 55 61 7C   01 03 B1 04 00 00 00 01 B1 04
00 00 17 6F 01 01 01 02 B1 04   00 00 00 58 01 02 A5 01 01 41
00
S6F11 W /* Event Report Send */
<L[3]
  <U4[1] 1> /* Name = DATAID */
  <U4[1] 5999> /* Name = CEID, Keyword = ProcessStart (5999) */
  <L[1]
    <L[2]
      <U4[1] 88> /* Name = RPTID */
      <L[2]
        <U1[1] 1> /* Name = Value, Keyword = PortID (2001) */
        <A[0]""> /* Name = Value, Keyword = CarrierID (2000) */
      >
    >
  >
>
.
Program takes      0.337 seconds to log this message.
2023-05-26 16:56:45.738: Receive Data Message.
00 00 00 0D 00 00 06 0C 00 00
2023-05-26 16:56:45.738: Receive S6F12(5595516).
00 00 06 0C 00 00 00 55 61 7C   21 01 00
S6F12  /* Event Report Ack */
<B[1] 0x00> /* Name = ACKC6 */
.
Program takes      0 seconds to log this message.
2023-05-26 16:57:09.265: Receive Data Message.
00 00 00 2B 00 00 02 29 00 00
2023-05-26 16:57:09.265: Receive S2F41(0).
00 00 02 29 00 00 00 00 00 00   01 02 41 09 4D 45 41 53 55 52
45 2D 4C 01 01 01 02 41 0B 4C   4F 41 44 50 4F 52 54 2D 49 44
41 01 32
S2F41  /* Host Command Send */
<L[2]
  <A[9]"MEASURE-L"> /* Name = RCMD */
  <L[1]
    <L[2]
      <A[11]"LOADPORT-ID"> /* Name = CPNAME */
      <A[1]"2"> /* Name = CPVAL */
    >
  >
>
.
Program takes      0 seconds to log this message.
2023-05-26 16:57:09.269: Send Data Message.
00 00 00 11 00 00 02 2A 00 00
2023-05-26 16:57:09.269: Send S2F42(0).
00 00 02 2A 00 00 00 00 00 00   01 02 21 01 00 01 00
S2F42  /* Host Command Acknowledge */
<L[2]
  <B[1] 0x00>
  <L[0]
  >
>
.
Program takes      0 seconds to log this message.
2023-05-26 16:57:16.925: Send Data Message.
00 00 00 1A 00 00 86 0B 00 00
2023-05-26 16:57:16.925: Send S6F11(5595517).
00 00 86 0B 00 00 00 55 61 7D   01 03 B1 04 00 00 00 02 B1 04
00 00 03 F6 01 00
S6F11 W /* Event Report Send */
<L[3]
  <U4[1] 2> /* Name = DATAID */
  <U4[1] 1014> /* Name = CEID, Keyword = MachineRunning (1014) */
  <L[0]
  >
>
.
Program takes      0.003 seconds to log this message.
2023-05-26 16:57:17.147: Receive Data Message.
00 00 00 0D 00 00 06 0C 00 00
2023-05-26 16:57:17.147: Receive S6F12(5595517).
00 00 06 0C 00 00 00 55 61 7D   21 01 00
S6F12  /* Event Report Ack */
<B[1] 0x00> /* Name = ACKC6 */
.
Program takes      0 seconds to log this message.
2023-05-26 16:58:39.446: Send Linktest.req.
FF FF 00 00 00 05 00 55 61 7E
2023-05-26 16:58:39.450: Receive Linktest.rsp.
FF FF 00 00 00 06 00 55 61 7E
2023-05-26 16:59:45.187: Send Linktest.req.
FF FF 00 00 00 05 00 55 61 7F
2023-05-26 16:59:45.191: Receive Linktest.rsp.
FF FF 00 00 00 06 00 55 61 7F
2023-05-26 17:00:51.078: Send Linktest.req.
FF FF 00 00 00 05 00 55 61 80
2023-05-26 17:00:51.083: Receive Linktest.rsp.
FF FF 00 00 00 06 00 55 61 80
2023-05-26 17:01:56.938: Send Linktest.req.
FF FF 00 00 00 05 00 55 61 81
2023-05-26 17:01:56.942: Receive Linktest.rsp.
FF FF 00 00 00 06 00 55 61 81
2023-05-26 17:03:02.797: Send Linktest.req.
FF FF 00 00 00 05 00 55 61 82
2023-05-26 17:03:02.805: Receive Linktest.rsp.
FF FF 00 00 00 06 00 55 61 82
2023-05-26 17:04:08.752: Send Linktest.req.
FF FF 00 00 00 05 00 55 61 83
2023-05-26 17:04:08.756: Receive Linktest.rsp.
FF FF 00 00 00 06 00 55 61 83
2023-05-26 17:05:14.598: Send Linktest.req.
FF FF 00 00 00 05 00 55 61 84
2023-05-26 17:05:14.603: Receive Linktest.rsp.
FF FF 00 00 00 06 00 55 61 84
