//////////////////////////////////////////////////////////////////////////
2022-12-21 11:04:04.826: CTLT_SECS (HSMS Mode) Ver. 2.3.6 & CTLT_GEM Ver. 2.9.3 Start...Driver: NO_LICENCE
2022-12-21 11:04:04.995: Receive Select.req.
FF FF 00 00 00 01 01 41 CD 62
2022-12-21 11:04:05.231: Send Select.rsp.
FF FF 00 00 00 02 01 41 CD 62
2022-12-21 11:04:05.260: Send Data Message.
00 00 00 1E 00 00 81 0D 00 00
2022-12-21 11:04:05.260: Send S1F13(4275040).
00 00 81 0D 00 00 00 41 3B 60   01 02 41 07 54 72 69 6D 47 61
70 41 07 31 2E 30 2E 30 2E 30
S1F13 W /* Establish Communications Request */
<L[2]
  <A[7]"TrimGap"> /* Name = MDLN, Keyword = GEM_MDLN (GEM_MDLN) */
  <A[7]"1.0.0.0"> /* Name = SoftRev, Keyword = GEM_SOFTREV (GEM_SOFTREV) */
>
.
Program takes      0.213 seconds to log this message.
2022-12-21 11:04:05.473: Receive Data Message.
00 00 00 11 00 00 01 0E 00 00
2022-12-21 11:04:05.473: Receive S1F14(4275040).
00 00 01 0E 00 00 00 41 3B 60   01 02 21 01 00 01 00
S1F14  /* Establish Communications Request Acknowledge */
<L[2]
  <B[1] 0x00> /* Name = COMMACK */
  <L[0]
  >
>
.
Program takes      0 seconds to log this message.
2022-12-21 11:04:16.685: Receive Data Message.
00 00 00 18 00 00 02 29 00 00
2022-12-21 11:04:16.685: Receive S2F41(0).
00 00 02 29 00 00 00 00 00 00   01 02 41 08 47 4F 2D 4C 4F 43
41 4C 01 00
S2F41  /* Host Command Send */
<L[2]
  <A[8]"GO-LOCAL"> /* Name = RCMD */
  <L[0]
  >
>
.
Program takes      0 seconds to log this message.
2022-12-21 11:04:16.705: Send Data Message.
00 00 00 11 00 00 02 2A 00 00
2022-12-21 11:04:16.705: Send S2F42(0).
00 00 02 2A 00 00 00 00 00 00   01 02 21 01 00 01 00
S2F42  /* Host Command Acknowledge */
<L[2]
  <B[1] 0x00>
  <L[0]
  >
>
.
Program takes      0 seconds to log this message.
2022-12-21 11:04:30.874: Receive Data Message.
00 00 00 19 00 00 02 29 00 00
2022-12-21 11:04:30.874: Receive S2F41(0).
00 00 02 29 00 00 00 00 00 00   01 02 41 09 47 4F 2D 52 45 4D
4F 54 45 01 00
S2F41  /* Host Command Send */
<L[2]
  <A[9]"GO-REMOTE"> /* Name = RCMD */
  <L[0]
  >
>
.
Program takes      0 seconds to log this message.
2022-12-21 11:04:30.876: Send Data Message.
00 00 00 11 00 00 02 2A 00 00
2022-12-21 11:04:30.876: Send S2F42(0).
00 00 02 2A 00 00 00 00 00 00   01 02 21 01 02 01 00
S2F42  /* Host Command Acknowledge */
<L[2]
  <B[1] 0x02>
  <L[0]
  >
>
.
Program takes      0 seconds to log this message.
2022-12-21 11:04:55.041: Receive Data Message.
00 00 00 19 00 00 02 29 00 00
2022-12-21 11:04:55.041: Receive S2F41(0).
00 00 02 29 00 00 00 00 00 00   01 02 41 09 47 4F 2D 52 45 4D
4F 54 45 01 00
S2F41  /* Host Command Send */
<L[2]
  <A[9]"GO-REMOTE"> /* Name = RCMD */
  <L[0]
  >
>
.
Program takes      0 seconds to log this message.
2022-12-21 11:04:55.042: Send Data Message.
00 00 00 11 00 00 02 2A 00 00
2022-12-21 11:04:55.042: Send S2F42(0).
00 00 02 2A 00 00 00 00 00 00   01 02 21 01 02 01 00
S2F42  /* Host Command Acknowledge */
<L[2]
  <B[1] 0x02>
  <L[0]
  >
>
.
Program takes      0 seconds to log this message.
//////////////////////////////////////////////////////////////////////////
2022-12-21 11:05:33.139: CTLT_SECS (HSMS Mode) Ver. 2.3.6 & CTLT_GEM Ver. 2.9.3 Start...Driver: NO_LICENCE
2022-12-21 11:05:33.642: Receive Select.req.
FF FF 00 00 00 01 01 41 CD 62
2022-12-21 11:05:33.747: Send Select.rsp.
FF FF 00 00 00 02 01 41 CD 62
2022-12-21 11:05:33.780: Send Data Message.
00 00 00 1E 00 00 81 0D 00 00
2022-12-21 11:05:33.780: Send S1F13(9837499).
00 00 81 0D 00 00 00 96 1B BB   01 02 41 07 54 72 69 6D 47 61
70 41 07 31 2E 30 2E 30 2E 30
S1F13 W /* Establish Communications Request */
<L[2]
  <A[7]"TrimGap"> /* Name = MDLN, Keyword = GEM_MDLN (GEM_MDLN) */
  <A[7]"1.0.0.0"> /* Name = SoftRev, Keyword = GEM_SOFTREV (GEM_SOFTREV) */
>
.
Program takes      0.242 seconds to log this message.
2022-12-21 11:05:34.022: Receive Data Message.
00 00 00 11 00 00 01 0E 00 00
2022-12-21 11:05:34.022: Receive S1F14(9837499).
00 00 01 0E 00 00 00 96 1B BB   01 02 21 01 00 01 00
S1F14  /* Establish Communications Request Acknowledge */
<L[2]
  <B[1] 0x00> /* Name = COMMACK */
  <L[0]
  >
>
.
Program takes      0 seconds to log this message.
2022-12-21 11:05:38.632: Receive Data Message.
00 00 00 18 00 00 02 29 00 00
2022-12-21 11:05:38.632: Receive S2F41(0).
00 00 02 29 00 00 00 00 00 00   01 02 41 08 47 4F 2D 4C 4F 43
41 4C 01 00
S2F41  /* Host Command Send */
<L[2]
  <A[8]"GO-LOCAL"> /* Name = RCMD */
  <L[0]
  >
>
.
Program takes      0 seconds to log this message.
2022-12-21 11:05:44.375: Send Data Message.
00 00 00 11 00 00 02 2A 00 00
2022-12-21 11:05:44.375: Send S2F42(0).
00 00 02 2A 00 00 00 00 00 00   01 02 21 01 00 01 00
S2F42  /* Host Command Acknowledge */
<L[2]
  <B[1] 0x00>
  <L[0]
  >
>
.
Program takes      0 seconds to log this message.
2022-12-21 11:05:52.542: Receive Data Message.
00 00 00 19 00 00 02 29 00 00
2022-12-21 11:05:52.542: Receive S2F41(0).
00 00 02 29 00 00 00 00 00 00   01 02 41 09 47 4F 2D 52 45 4D
4F 54 45 01 00
S2F41  /* Host Command Send */
<L[2]
  <A[9]"GO-REMOTE"> /* Name = RCMD */
  <L[0]
  >
>
.
Program takes      0 seconds to log this message.
2022-12-21 11:05:52.544: Send Data Message.
00 00 00 11 00 00 02 2A 00 00
2022-12-21 11:05:52.544: Send S2F42(0).
00 00 02 2A 00 00 00 00 00 00   01 02 21 01 02 01 00
S2F42  /* Host Command Acknowledge */
<L[2]
  <B[1] 0x02>
  <L[0]
  >
>
.
Program takes      0 seconds to log this message.
2022-12-21 11:06:00.254: Receive Data Message.
00 00 00 19 00 00 02 29 00 00
2022-12-21 11:06:00.254: Receive S2F41(0).
00 00 02 29 00 00 00 00 00 00   01 02 41 09 47 4F 2D 52 45 4D
4F 54 45 01 00
S2F41  /* Host Command Send */
<L[2]
  <A[9]"GO-REMOTE"> /* Name = RCMD */
  <L[0]
  >
>
.
Program takes      0 seconds to log this message.
2022-12-21 11:06:00.255: Send Data Message.
00 00 00 11 00 00 02 2A 00 00
2022-12-21 11:06:00.255: Send S2F42(0).
00 00 02 2A 00 00 00 00 00 00   01 02 21 01 02 01 00
S2F42  /* Host Command Acknowledge */
<L[2]
  <B[1] 0x02>
  <L[0]
  >
>
.
Program takes      0 seconds to log this message.
2022-12-21 11:06:01.850: Receive Data Message.
00 00 00 19 00 00 02 29 00 00
2022-12-21 11:06:01.850: Receive S2F41(0).
00 00 02 29 00 00 00 00 00 00   01 02 41 09 47 4F 2D 52 45 4D
4F 54 45 01 00
S2F41  /* Host Command Send */
<L[2]
  <A[9]"GO-REMOTE"> /* Name = RCMD */
  <L[0]
  >
>
.
Program takes      0 seconds to log this message.
2022-12-21 11:06:01.852: Send Data Message.
00 00 00 11 00 00 02 2A 00 00
2022-12-21 11:06:01.852: Send S2F42(0).
00 00 02 2A 00 00 00 00 00 00   01 02 21 01 02 01 00
S2F42  /* Host Command Acknowledge */
<L[2]
  <B[1] 0x02>
  <L[0]
  >
>
.
Program takes      0 seconds to log this message.
2022-12-21 11:06:07.753: Receive Data Message.
00 00 00 18 00 00 02 29 00 00
2022-12-21 11:06:07.753: Receive S2F41(0).
00 00 02 29 00 00 00 00 00 00   01 02 41 08 47 4F 2D 4C 4F 43
41 4C 01 00
S2F41  /* Host Command Send */
<L[2]
  <A[8]"GO-LOCAL"> /* Name = RCMD */
  <L[0]
  >
>
.
Program takes      0 seconds to log this message.
2022-12-21 11:06:09.706: Send Data Message.
00 00 00 11 00 00 02 2A 00 00
2022-12-21 11:06:09.706: Send S2F42(0).
00 00 02 2A 00 00 00 00 00 00   01 02 21 01 00 01 00
S2F42  /* Host Command Acknowledge */
<L[2]
  <B[1] 0x00>
  <L[0]
  >
>
.
Program takes      0 seconds to log this message.
2022-12-21 11:06:50.084: Receive Data Message.
00 00 00 18 00 00 02 29 00 00
2022-12-21 11:06:50.084: Receive S2F41(0).
00 00 02 29 00 00 00 00 00 00   01 02 41 08 47 4F 2D 4C 4F 43
41 4C 01 00
S2F41  /* Host Command Send */
<L[2]
  <A[8]"GO-LOCAL"> /* Name = RCMD */
  <L[0]
  >
>
.
Program takes      0 seconds to log this message.
2022-12-21 11:07:48.529: Send Data Message.
00 00 00 11 00 00 02 2A 00 00
2022-12-21 11:07:48.529: Send S2F42(0).
00 00 02 2A 00 00 00 00 00 00   01 02 21 01 02 01 00
S2F42  /* Host Command Acknowledge */
<L[2]
  <B[1] 0x02>
  <L[0]
  >
>
.
Program takes      0 seconds to log this message.
2022-12-21 11:07:55.649: Receive Data Message.
00 00 00 19 00 00 02 29 00 00
2022-12-21 11:07:55.649: Receive S2F41(0).
00 00 02 29 00 00 00 00 00 00   01 02 41 09 47 4F 2D 52 45 4D
4F 54 45 01 00
S2F41  /* Host Command Send */
<L[2]
  <A[9]"GO-REMOTE"> /* Name = RCMD */
  <L[0]
  >
>
.
Program takes      0 seconds to log this message.
2022-12-21 11:07:59.687: Send Data Message.
00 00 00 11 00 00 02 2A 00 00
2022-12-21 11:07:59.687: Send S2F42(0).
00 00 02 2A 00 00 00 00 00 00   01 02 21 01 00 01 00
S2F42  /* Host Command Acknowledge */
<L[2]
  <B[1] 0x00>
  <L[0]
  >
>
.
Program takes      0 seconds to log this message.
2022-12-21 11:08:07.349: Receive Data Message.
00 00 00 18 00 00 02 29 00 00
2022-12-21 11:08:07.349: Receive S2F41(0).
00 00 02 29 00 00 00 00 00 00   01 02 41 08 47 4F 2D 4C 4F 43
41 4C 01 00
S2F41  /* Host Command Send */
<L[2]
  <A[8]"GO-LOCAL"> /* Name = RCMD */
  <L[0]
  >
>
.
Program takes      0 seconds to log this message.
2022-12-21 11:08:07.354: Send Data Message.
00 00 00 11 00 00 02 2A 00 00
2022-12-21 11:08:07.354: Send S2F42(0).
00 00 02 2A 00 00 00 00 00 00   01 02 21 01 00 01 00
S2F42  /* Host Command Acknowledge */
<L[2]
  <B[1] 0x00>
  <L[0]
  >
>
.
Program takes      0 seconds to log this message.
2022-12-21 11:08:11.287: Receive Data Message.
00 00 00 19 00 00 02 29 00 00
2022-12-21 11:08:11.287: Receive S2F41(0).
00 00 02 29 00 00 00 00 00 00   01 02 41 09 47 4F 2D 52 45 4D
4F 54 45 01 00
S2F41  /* Host Command Send */
<L[2]
  <A[9]"GO-REMOTE"> /* Name = RCMD */
  <L[0]
  >
>
.
Program takes      0 seconds to log this message.
2022-12-21 11:08:11.289: Send Data Message.
00 00 00 11 00 00 02 2A 00 00
2022-12-21 11:08:11.289: Send S2F42(0).
00 00 02 2A 00 00 00 00 00 00   01 02 21 01 00 01 00
S2F42  /* Host Command Acknowledge */
<L[2]
  <B[1] 0x00>
  <L[0]
  >
>
.
Program takes      0 seconds to log this message.
2022-12-21 11:09:15.717: Send Linktest.req.
FF FF 00 00 00 05 00 96 1B BC
2022-12-21 11:09:15.717: Receive Linktest.rsp.
FF FF 00 00 00 06 00 96 1B BC
2022-12-21 11:10:01.297: Receive Data Message.
00 00 00 18 00 00 02 29 00 00
2022-12-21 11:10:01.297: Receive S2F41(0).
00 00 02 29 00 00 00 00 00 00   01 02 41 08 47 4F 2D 4C 4F 43
41 4C 01 00
S2F41  /* Host Command Send */
<L[2]
  <A[8]"GO-LOCAL"> /* Name = RCMD */
  <L[0]
  >
>
.
Program takes      0 seconds to log this message.
2022-12-21 11:10:01.299: Send Data Message.
00 00 00 11 00 00 02 2A 00 00
2022-12-21 11:10:01.299: Send S2F42(0).
00 00 02 2A 00 00 00 00 00 00   01 02 21 01 00 01 00
S2F42  /* Host Command Acknowledge */
<L[2]
  <B[1] 0x00>
  <L[0]
  >
>
.
Program takes      0 seconds to log this message.
2022-12-21 11:10:22.753:  Receive Separate.req.
FF FF 00 00 00 09 00 17 E8 3C
2022-12-21 11:10:22.753: Remote Client Disconnected!
2022-12-21 11:10:23.312: CTLT_SECS (HSMS Mode) Ver. 2.3.6 & CTLT_GEM Ver. 2.9.3 Start...Driver: NO_LICENCE
