//////////////////////////////////////////////////////////////////////////
2023-05-19 11:01:53.622: CTLT_SECS (HSMS Mode) Ver. 2.3.6 & CTLT_GEM Ver. 2.9.3 Start...Driver: NO_LICENCE
//////////////////////////////////////////////////////////////////////////
2023-05-19 11:07:46.379: CTLT_SECS (HSMS Mode) Ver. 2.3.6 & CTLT_GEM Ver. 2.9.3 Start...Driver: NO_LICENCE
//////////////////////////////////////////////////////////////////////////
2023-05-19 11:23:39.398: CTLT_SECS (HSMS Mode) Ver. 2.3.6 & CTLT_GEM Ver. 2.9.3 Start...Driver: NO_LICENCE
//////////////////////////////////////////////////////////////////////////
2023-05-19 11:26:05.352: CTLT_SECS (HSMS Mode) Ver. 2.3.6 & CTLT_GEM Ver. 2.9.3 Start...Driver: NO_LICENCE
//////////////////////////////////////////////////////////////////////////
2023-05-19 14:01:59.867: CTLT_SECS (HSMS Mode) Ver. 2.3.6 & CTLT_GEM Ver. 2.9.3 Start...Driver: NO_LICENCE
2023-05-19 14:05:18.226: Receive Select.req.
FF FF 00 00 00 01 01 41 CD 62
2023-05-19 14:05:18.304: Send Select.rsp.
FF FF 00 00 00 02 01 41 CD 62
2023-05-19 14:05:18.460: Send Data Message.
00 00 00 1E 00 00 81 0D 00 00
2023-05-19 14:05:18.460: Send S1F13(1288130).
00 00 81 0D 00 00 00 13 A7 C2   01 02 41 07 54 72 69 6D 47 61
70 41 07 31 2E 30 2E 30 2E 30
S1F13 W /* Establish Communications Request */
<L[2]
  <A[7]"TrimGap"> /* Name = MDLN, Keyword = GEM_MDLN (GEM_MDLN) */
  <A[7]"1.0.0.0"> /* Name = SoftRev, Keyword = GEM_SOFTREV (GEM_SOFTREV) */
>
.
Program takes      0.027 seconds to log this message.
2023-05-19 14:05:18.491: Receive Data Message.
00 00 00 11 00 00 01 0E 00 00
2023-05-19 14:05:18.491: Receive S1F14(1288130).
00 00 01 0E 00 00 00 13 A7 C2   01 02 21 01 00 01 00
S1F14  /* Establish Communications Request Acknowledge */
<L[2]
  <B[1] 0x00> /* Name = COMMACK */
  <L[0]
  >
>
.
Program takes      0 seconds to log this message.
2023-05-19 14:05:25.294: Receive Data Message.
00 00 00 0A 00 00 87 13 00 00
2023-05-19 14:05:25.294: Receive S7F19(7805071).
00 00 87 13 00 00 00 77 18 8F
S7F19 W /* Current Process Program Dir Request */
Program takes      0 seconds to log this message.
2023-05-19 14:05:25.299: Send Data Message.
00 00 00 7E 00 00 07 14 00 00
2023-05-19 14:05:25.299: Send S7F20(7805071).
00 00 07 14 00 00 00 77 18 8F   01 09 41 13 41 4F 49 5F 52 65
63 69 70 65 5F 33 35 33 35 5F   33 78 36 41 17 41 4F 49 5F 52
65 63 69 70 65 5F 33 35 33 35   5F 33 78 36 5F 74 72 79 41 07
41 75 74 6F 52 75 6E 41 05 64   73 66 46 64 41 0C 66 66 66 66
66 66 66 66 66 66 66 66 41 09   67 67 67 67 67 67 67 67 67 41
09 67 76 64 66 73 66 61 73 64   41 07 6E 6A 69 6B 66 67 64 41
05 53 49 37 37 35
S7F20  /* Current Process Program Data */
<L[9]
  <A[19]"AOI_Recipe_3535_3x6"> /* Name = PPID */
  <A[23]"AOI_Recipe_3535_3x6_try"> /* Name = PPID */
  <A[7]"AutoRun"> /* Name = PPID */
  <A[5]"dsfFd"> /* Name = PPID */
  <A[12]"ffffffffffff"> /* Name = PPID */
  <A[9]"ggggggggg"> /* Name = PPID */
  <A[9]"gvdfsfasd"> /* Name = PPID */
  <A[7]"njikfgd"> /* Name = PPID */
  <A[5]"SI775"> /* Name = PPID */
>
.
Program takes      0 seconds to log this message.
2023-05-19 14:05:44.918: Receive Data Message.
00 00 00 13 00 00 87 19 00 00
2023-05-19 14:05:44.918: Receive S7F25(7805072).
00 00 87 19 00 00 00 77 18 90   41 07 41 75 74 6F 52 75 6E
S7F25 W /* Formatted Process Program Request */
<A[7]"AutoRun"> /* Name = PPID, Keyword = process program ID */
.
Program takes      0 seconds to log this message.
2023-05-19 14:05:44.953: Send Data Message.
00 00 01 11 00 00 07 1A 00 00
2023-05-19 14:05:44.953: Send S7F26(7805072).
00 00 07 1A 00 00 00 77 18 90   01 04 41 07 41 75 74 6F 52 75
6E 41 07 54 72 69 6D 47 61 70   41 07 31 2E 30 2E 30 2E 30 01
01 01 02 A9 02 00 02 01 2C A5   01 08 A5 01 01 A5 01 01 A5 01
00 A5 01 01 A5 01 01 A5 01 01   A5 01 01 A5 01 01 A5 01 01 A5
01 01 A5 01 01 A5 01 01 A5 01   01 A5 01 01 A5 01 01 A5 01 01
A5 01 01 A5 01 01 A5 01 01 A5   01 01 A5 01 01 A5 01 01 A5 01
01 A5 01 01 A5 01 01 A5 01 01   A5 01 01 A5 01 01 A9 02 00 01
A9 02 00 2D A9 02 00 5A A9 02   00 87 A9 02 00 B4 A9 02 00 E1
A9 02 01 0E A9 02 01 3B 41 17   32 30 32 33 2F 33 2F 32 30 20
A4 55 A4 C8 20 30 31 3A 32 31   3A 34 31 41 17 32 30 32 33 2F
35 2F 31 36 20 A4 55 A4 C8 20   30 35 3A 30 35 3A 30 30 41 07
44 65 66 61 75 6C 74 41 23 44   3A 5C 46 54 47 4D 31 5C 50 61
72 61 6D 65 74 65 72 44 69 72   65 63 74 6F 72 79 5C 54 54 56
50 61 74 68 A5 01 01 A5 01 01   A5 01 03
S7F26  /* Formatted Process Program Data */
<L[4]
  <A[7]"AutoRun"> /* Name = PPID, Keyword = process program ID */
  <A[7]"TrimGap"> /* Name = MDLN, Keyword = equipment model type */
  <A[7]"1.0.0.0"> /* Name = SOFTREV, Keyword = software revision */
  <L[1]
    <L[2]
      <U2[1] 2> /* Name = CCODE, Keyword = process operation command code */
      <L[44]
        <U1[1] 8> /* Name = fram.Recipe.Rotate_Count, Keyword = PPARM 1 def */
        <U1[1] 1> /* Name = fram.Recipe.Type, Keyword = PPARM 1 def */
        <U1[1] 1> /* Name = fram.Recipe.RepeatTimes, Keyword = PPARM 1 def */
        <U1[1] 0> /* Name = fram.Recipe.RepeatTimes_now, Keyword = PPARM 1 def */
        <U1[1] 1> /* Name = fram.Recipe.Slot1, Keyword = PPARM 1 def */
        <U1[1] 1> /* Name = fram.Recipe.Slot2, Keyword = PPARM 1 def */
        <U1[1] 1> /* Name = fram.Recipe.Slot3, Keyword = PPARM 1 def */
        <U1[1] 1> /* Name = fram.Recipe.Slot4, Keyword = PPARM 1 def */
        <U1[1] 1> /* Name = fram.Recipe.Slot5, Keyword = PPARM 1 def */
        <U1[1] 1> /* Name = fram.Recipe.Slot6, Keyword = PPARM 1 def */
        <U1[1] 1> /* Name = fram.Recipe.Slot7, Keyword = PPARM 1 def */
        <U1[1] 1> /* Name = fram.Recipe.Slot8, Keyword = PPARM 1 def */
        <U1[1] 1> /* Name = fram.Recipe.Slot9, Keyword = PPARM 1 def */
        <U1[1] 1> /* Name = fram.Recipe.Slot10, Keyword = PPARM 1 def */
        <U1[1] 1> /* Name = fram.Recipe.Slot11, Keyword = PPARM 1 def */
        <U1[1] 1> /* Name = fram.Recipe.Slot12, Keyword = PPARM 1 def */
        <U1[1] 1> /* Name = fram.Recipe.Slot13, Keyword = PPARM 1 def */
        <U1[1] 1> /* Name = fram.Recipe.Slot14, Keyword = PPARM 1 def */
        <U1[1] 1> /* Name = fram.Recipe.Slot15, Keyword = PPARM 1 def */
        <U1[1] 1> /* Name = fram.Recipe.Slot16, Keyword = PPARM 1 def */
        <U1[1] 1> /* Name = fram.Recipe.Slot17, Keyword = PPARM 1 def */
        <U1[1] 1> /* Name = fram.Recipe.Slot18, Keyword = PPARM 1 def */
        <U1[1] 1> /* Name = fram.Recipe.Slot19, Keyword = PPARM 1 def */
        <U1[1] 1> /* Name = fram.Recipe.Slot20, Keyword = PPARM 1 def */
        <U1[1] 1> /* Name = fram.Recipe.Slot21, Keyword = PPARM 1 def */
        <U1[1] 1> /* Name = fram.Recipe.Slot22, Keyword = PPARM 1 def */
        <U1[1] 1> /* Name = fram.Recipe.Slot23, Keyword = PPARM 1 def */
        <U1[1] 1> /* Name = fram.Recipe.Slot24, Keyword = PPARM 1 def */
        <U1[1] 1> /* Name = fram.Recipe.Slot25, Keyword = PPARM 1 def */
        <U2[1] 1> /* Name = fram.Recipe.Angle1, Keyword = PPARM 2 def */
        <U2[1] 45> /* Name = fram.Recipe.Angle2, Keyword = PPARM 2 def */
        <U2[1] 90> /* Name = fram.Recipe.Angle3, Keyword = PPARM 2 def */
        <U2[1] 135> /* Name = fram.Recipe.Angle4, Keyword = PPARM 2 def */
        <U2[1] 180> /* Name = fram.Recipe.Angle5, Keyword = PPARM 2 def */
        <U2[1] 225> /* Name = fram.Recipe.Angle6, Keyword = PPARM 2 def */
        <U2[1] 270> /* Name = fram.Recipe.Angle7, Keyword = PPARM 2 def */
        <U2[1] 315> /* Name = fram.Recipe.Angle8, Keyword = PPARM 2 def */
        <A[23]"2023/3/20 下午 01:21:41"> /* Name = fram.Recipe.CreateTime, Keyword = Recipe CreateTime */
        <A[23]"2023/5/16 下午 05:05:00"> /* Name = fram.Recipe.ReviseTime, Keyword = Recipe ReviseTime */
        <A[7]"Default"> /* Name = fram.Recipe.MotionPatternName, Keyword = Recipe MotionPatternNam */
        <A[35]"D:\FTGM1\ParameterDirectory\TTVPath"> /* Name = fram.Recipe.MotionPatternPath, Keyword = Recipe MotionPatternPat */
        <U1[1] 1> /* Name = fram.Recipe.SF3_ID, Keyword = PPARM 1 def */
        <U1[1] 1> /* Name = fram.Recipe.SF3_Name, Keyword = PPARM 1 def */
        <U1[1] 3> /* Name = fram.Recipe.OffsetType, Keyword = PPARM 1 def */
      >
    >
  >
>
.
Program takes      0 seconds to log this message.
2023-05-19 14:06:50.465: Send Linktest.req.
FF FF 00 00 00 05 00 13 A7 C3
2023-05-19 14:06:50.469: Receive Linktest.rsp.
FF FF 00 00 00 06 00 13 A7 C3
//////////////////////////////////////////////////////////////////////////
2023-05-19 14:11:52.506: CTLT_SECS (HSMS Mode) Ver. 2.3.6 & CTLT_GEM Ver. 2.9.3 Start...Driver: NO_LICENCE
2023-05-19 14:11:54.437: Receive Select.req.
FF FF 00 00 00 01 01 41 CD 62
2023-05-19 14:11:54.476: Send Select.rsp.
FF FF 00 00 00 02 01 41 CD 62
2023-05-19 14:11:58.538: Send Data Message.
00 00 00 1E 00 00 81 0D 00 00
2023-05-19 14:11:58.538: Send S1F13(9606261).
00 00 81 0D 00 00 00 92 94 75   01 02 41 07 54 72 69 6D 47 61
70 41 07 31 2E 30 2E 30 2E 30
S1F13 W /* Establish Communications Request */
<L[2]
  <A[7]"TrimGap"> /* Name = MDLN, Keyword = GEM_MDLN (GEM_MDLN) */
  <A[7]"1.0.0.0"> /* Name = SoftRev, Keyword = GEM_SOFTREV (GEM_SOFTREV) */
>
.
Program takes      0.272 seconds to log this message.
2023-05-19 14:11:58.812: Receive Data Message.
00 00 00 11 00 00 01 0E 00 00
2023-05-19 14:11:58.812: Receive S1F14(9606261).
00 00 01 0E 00 00 00 92 94 75   01 02 21 01 00 01 00
S1F14  /* Establish Communications Request Acknowledge */
<L[2]
  <B[1] 0x00> /* Name = COMMACK */
  <L[0]
  >
>
.
Program takes      0 seconds to log this message.
2023-05-19 14:12:11.866: Receive Data Message.
00 00 00 0A 00 00 87 13 00 00
2023-05-19 14:12:11.866: Receive S7F19(8438045).
00 00 87 13 00 00 00 80 C1 1D
S7F19 W /* Current Process Program Dir Request */
Program takes      0 seconds to log this message.
2023-05-19 14:12:11.871: Send Data Message.
00 00 00 7E 00 00 07 14 00 00
2023-05-19 14:12:11.871: Send S7F20(8438045).
00 00 07 14 00 00 00 80 C1 1D   01 09 41 13 41 4F 49 5F 52 65
63 69 70 65 5F 33 35 33 35 5F   33 78 36 41 17 41 4F 49 5F 52
65 63 69 70 65 5F 33 35 33 35   5F 33 78 36 5F 74 72 79 41 07
41 75 74 6F 52 75 6E 41 05 64   73 66 46 64 41 0C 66 66 66 66
66 66 66 66 66 66 66 66 41 09   67 67 67 67 67 67 67 67 67 41
09 67 76 64 66 73 66 61 73 64   41 07 6E 6A 69 6B 66 67 64 41
05 53 49 37 37 35
S7F20  /* Current Process Program Data */
<L[9]
  <A[19]"AOI_Recipe_3535_3x6"> /* Name = PPID */
  <A[23]"AOI_Recipe_3535_3x6_try"> /* Name = PPID */
  <A[7]"AutoRun"> /* Name = PPID */
  <A[5]"dsfFd"> /* Name = PPID */
  <A[12]"ffffffffffff"> /* Name = PPID */
  <A[9]"ggggggggg"> /* Name = PPID */
  <A[9]"gvdfsfasd"> /* Name = PPID */
  <A[7]"njikfgd"> /* Name = PPID */
  <A[5]"SI775"> /* Name = PPID */
>
.
Program takes      0 seconds to log this message.
2023-05-19 14:12:17.595: Receive Data Message.
00 00 00 13 00 00 87 19 00 00
2023-05-19 14:12:17.595: Receive S7F25(8438046).
00 00 87 19 00 00 00 80 C1 1E   41 07 41 75 74 6F 52 75 6E
S7F25 W /* Formatted Process Program Request */
<A[7]"AutoRun"> /* Name = PPID, Keyword = process program ID */
.
Program takes      0 seconds to log this message.
2023-05-19 14:12:17.626: Send Data Message.
00 00 01 11 00 00 07 1A 00 00
2023-05-19 14:12:17.626: Send S7F26(8438046).
00 00 07 1A 00 00 00 80 C1 1E   01 04 41 07 41 75 74 6F 52 75
6E 41 07 54 72 69 6D 47 61 70   41 07 31 2E 30 2E 30 2E 30 01
01 01 02 A9 02 00 02 01 2C A5   01 08 A5 01 01 A5 01 01 A5 01
00 A5 01 01 A5 01 01 A5 01 01   A5 01 01 A5 01 01 A5 01 01 A5
01 01 A5 01 01 A5 01 01 A5 01   01 A5 01 01 A5 01 01 A5 01 01
A5 01 01 A5 01 01 A5 01 01 A5   01 01 A5 01 01 A5 01 01 A5 01
01 A5 01 01 A5 01 01 A5 01 01   A5 01 01 A5 01 01 A9 02 00 01
A9 02 00 2D A9 02 00 5A A9 02   00 87 A9 02 00 B4 A9 02 00 E1
A9 02 01 0E A9 02 01 3B 41 17   32 30 32 33 2F 33 2F 32 30 20
A4 55 A4 C8 20 30 31 3A 32 31   3A 34 31 41 17 32 30 32 33 2F
35 2F 31 36 20 A4 55 A4 C8 20   30 35 3A 30 35 3A 30 30 41 07
44 65 66 61 75 6C 74 41 23 44   3A 5C 46 54 47 4D 31 5C 50 61
72 61 6D 65 74 65 72 44 69 72   65 63 74 6F 72 79 5C 54 54 56
50 61 74 68 A5 01 01 41 01 31   A5 01 03
S7F26  /* Formatted Process Program Data */
<L[4]
  <A[7]"AutoRun"> /* Name = PPID, Keyword = process program ID */
  <A[7]"TrimGap"> /* Name = MDLN, Keyword = equipment model type */
  <A[7]"1.0.0.0"> /* Name = SOFTREV, Keyword = software revision */
  <L[1]
    <L[2]
      <U2[1] 2> /* Name = CCODE, Keyword = process operation command code */
      <L[44]
        <U1[1] 8> /* Name = fram.Recipe.Rotate_Count, Keyword = PPARM 1 def */
        <U1[1] 1> /* Name = fram.Recipe.Type, Keyword = PPARM 1 def */
        <U1[1] 1> /* Name = fram.Recipe.RepeatTimes, Keyword = PPARM 1 def */
        <U1[1] 0> /* Name = fram.Recipe.RepeatTimes_now, Keyword = PPARM 1 def */
        <U1[1] 1> /* Name = fram.Recipe.Slot1, Keyword = PPARM 1 def */
        <U1[1] 1> /* Name = fram.Recipe.Slot2, Keyword = PPARM 1 def */
        <U1[1] 1> /* Name = fram.Recipe.Slot3, Keyword = PPARM 1 def */
        <U1[1] 1> /* Name = fram.Recipe.Slot4, Keyword = PPARM 1 def */
        <U1[1] 1> /* Name = fram.Recipe.Slot5, Keyword = PPARM 1 def */
        <U1[1] 1> /* Name = fram.Recipe.Slot6, Keyword = PPARM 1 def */
        <U1[1] 1> /* Name = fram.Recipe.Slot7, Keyword = PPARM 1 def */
        <U1[1] 1> /* Name = fram.Recipe.Slot8, Keyword = PPARM 1 def */
        <U1[1] 1> /* Name = fram.Recipe.Slot9, Keyword = PPARM 1 def */
        <U1[1] 1> /* Name = fram.Recipe.Slot10, Keyword = PPARM 1 def */
        <U1[1] 1> /* Name = fram.Recipe.Slot11, Keyword = PPARM 1 def */
        <U1[1] 1> /* Name = fram.Recipe.Slot12, Keyword = PPARM 1 def */
        <U1[1] 1> /* Name = fram.Recipe.Slot13, Keyword = PPARM 1 def */
        <U1[1] 1> /* Name = fram.Recipe.Slot14, Keyword = PPARM 1 def */
        <U1[1] 1> /* Name = fram.Recipe.Slot15, Keyword = PPARM 1 def */
        <U1[1] 1> /* Name = fram.Recipe.Slot16, Keyword = PPARM 1 def */
        <U1[1] 1> /* Name = fram.Recipe.Slot17, Keyword = PPARM 1 def */
        <U1[1] 1> /* Name = fram.Recipe.Slot18, Keyword = PPARM 1 def */
        <U1[1] 1> /* Name = fram.Recipe.Slot19, Keyword = PPARM 1 def */
        <U1[1] 1> /* Name = fram.Recipe.Slot20, Keyword = PPARM 1 def */
        <U1[1] 1> /* Name = fram.Recipe.Slot21, Keyword = PPARM 1 def */
        <U1[1] 1> /* Name = fram.Recipe.Slot22, Keyword = PPARM 1 def */
        <U1[1] 1> /* Name = fram.Recipe.Slot23, Keyword = PPARM 1 def */
        <U1[1] 1> /* Name = fram.Recipe.Slot24, Keyword = PPARM 1 def */
        <U1[1] 1> /* Name = fram.Recipe.Slot25, Keyword = PPARM 1 def */
        <U2[1] 1> /* Name = fram.Recipe.Angle1, Keyword = PPARM 2 def */
        <U2[1] 45> /* Name = fram.Recipe.Angle2, Keyword = PPARM 2 def */
        <U2[1] 90> /* Name = fram.Recipe.Angle3, Keyword = PPARM 2 def */
        <U2[1] 135> /* Name = fram.Recipe.Angle4, Keyword = PPARM 2 def */
        <U2[1] 180> /* Name = fram.Recipe.Angle5, Keyword = PPARM 2 def */
        <U2[1] 225> /* Name = fram.Recipe.Angle6, Keyword = PPARM 2 def */
        <U2[1] 270> /* Name = fram.Recipe.Angle7, Keyword = PPARM 2 def */
        <U2[1] 315> /* Name = fram.Recipe.Angle8, Keyword = PPARM 2 def */
        <A[23]"2023/3/20 下午 01:21:41"> /* Name = fram.Recipe.CreateTime, Keyword = Recipe CreateTime */
        <A[23]"2023/5/16 下午 05:05:00"> /* Name = fram.Recipe.ReviseTime, Keyword = Recipe ReviseTime */
        <A[7]"Default"> /* Name = fram.Recipe.MotionPatternName, Keyword = Recipe MotionPatternNam */
        <A[35]"D:\FTGM1\ParameterDirectory\TTVPath"> /* Name = fram.Recipe.MotionPatternPath, Keyword = Recipe MotionPatternPat */
        <U1[1] 1> /* Name = fram.Recipe.SF3_ID, Keyword = PPARM 1 def */
        <A[1]"1"> /* Name = fram.Recipe.SF3_Name, Keyword = Recipe SF3_Name */
        <U1[1] 3> /* Name = fram.Recipe.OffsetType, Keyword = PPARM 1 def */
      >
    >
  >
>
.
Program takes      0.228 seconds to log this message.
//////////////////////////////////////////////////////////////////////////
2023-05-19 14:31:34.577: CTLT_SECS (HSMS Mode) Ver. 2.3.6 & CTLT_GEM Ver. 2.9.3 Start...Driver: NO_LICENCE
2023-05-19 14:31:35.410: Receive Select.req.
FF FF 00 00 00 01 01 41 CD 62
2023-05-19 14:31:35.477: Send Select.rsp.
FF FF 00 00 00 02 01 41 CD 62
2023-05-19 14:31:41.339: Send Data Message.
00 00 00 1E 00 00 81 0D 00 00
2023-05-19 14:31:41.339: Send S1F13(7692029).
00 00 81 0D 00 00 00 75 5E FD   01 02 41 07 54 72 69 6D 47 61
70 41 07 31 2E 30 2E 30 2E 30
S1F13 W /* Establish Communications Request */
<L[2]
  <A[7]"TrimGap"> /* Name = MDLN, Keyword = GEM_MDLN (GEM_MDLN) */
  <A[7]"1.0.0.0"> /* Name = SoftRev, Keyword = GEM_SOFTREV (GEM_SOFTREV) */
>
.
Program takes      0.12 seconds to log this message.
2023-05-19 14:31:41.462: Receive Data Message.
00 00 00 11 00 00 01 0E 00 00
2023-05-19 14:31:41.462: Receive S1F14(7692029).
00 00 01 0E 00 00 00 75 5E FD   01 02 21 01 00 01 00
S1F14  /* Establish Communications Request Acknowledge */
<L[2]
  <B[1] 0x00> /* Name = COMMACK */
  <L[0]
  >
>
.
Program takes      0 seconds to log this message.
2023-05-19 14:31:58.472: Receive Data Message.
00 00 00 0A 00 00 87 13 00 00
2023-05-19 14:31:58.472: Receive S7F19(8438047).
00 00 87 13 00 00 00 80 C1 1F
S7F19 W /* Current Process Program Dir Request */
Program takes      0 seconds to log this message.
2023-05-19 14:31:58.476: Send Data Message.
00 00 00 7E 00 00 07 14 00 00
2023-05-19 14:31:58.476: Send S7F20(8438047).
00 00 07 14 00 00 00 80 C1 1F   01 09 41 13 41 4F 49 5F 52 65
63 69 70 65 5F 33 35 33 35 5F   33 78 36 41 17 41 4F 49 5F 52
65 63 69 70 65 5F 33 35 33 35   5F 33 78 36 5F 74 72 79 41 07
41 75 74 6F 52 75 6E 41 05 64   73 66 46 64 41 0C 66 66 66 66
66 66 66 66 66 66 66 66 41 09   67 67 67 67 67 67 67 67 67 41
09 67 76 64 66 73 66 61 73 64   41 07 6E 6A 69 6B 66 67 64 41
05 53 49 37 37 35
S7F20  /* Current Process Program Data */
<L[9]
  <A[19]"AOI_Recipe_3535_3x6"> /* Name = PPID */
  <A[23]"AOI_Recipe_3535_3x6_try"> /* Name = PPID */
  <A[7]"AutoRun"> /* Name = PPID */
  <A[5]"dsfFd"> /* Name = PPID */
  <A[12]"ffffffffffff"> /* Name = PPID */
  <A[9]"ggggggggg"> /* Name = PPID */
  <A[9]"gvdfsfasd"> /* Name = PPID */
  <A[7]"njikfgd"> /* Name = PPID */
  <A[5]"SI775"> /* Name = PPID */
>
.
Program takes      0 seconds to log this message.
2023-05-19 14:32:01.188: Receive Data Message.
00 00 00 13 00 00 87 19 00 00
2023-05-19 14:32:01.188: Receive S7F25(8438048).
00 00 87 19 00 00 00 80 C1 20   41 07 41 75 74 6F 52 75 6E
S7F25 W /* Formatted Process Program Request */
<A[7]"AutoRun"> /* Name = PPID, Keyword = process program ID */
.
Program takes      0 seconds to log this message.
2023-05-19 14:32:01.221: Send Data Message.
00 00 01 11 00 00 07 1A 00 00
2023-05-19 14:32:01.221: Send S7F26(8438048).
00 00 07 1A 00 00 00 80 C1 20   01 04 41 07 41 75 74 6F 52 75
6E 41 07 54 72 69 6D 47 61 70   41 07 31 2E 30 2E 30 2E 30 01
01 01 02 A9 02 00 02 01 2C A5   01 08 A5 01 01 A5 01 01 A5 01
00 A5 01 01 A5 01 01 A5 01 01   A5 01 01 A5 01 01 A5 01 01 A5
01 01 A5 01 01 A5 01 01 A5 01   01 A5 01 01 A5 01 01 A5 01 01
A5 01 01 A5 01 01 A5 01 01 A5   01 01 A5 01 01 A5 01 01 A5 01
01 A5 01 01 A5 01 01 A5 01 01   A5 01 01 A5 01 01 A9 02 00 01
A9 02 00 2D A9 02 00 5A A9 02   00 87 A9 02 00 B4 A9 02 00 E1
A9 02 01 0E A9 02 01 3B 41 17   32 30 32 33 2F 33 2F 32 30 20
A4 55 A4 C8 20 30 31 3A 32 31   3A 34 31 41 17 32 30 32 33 2F
35 2F 31 36 20 A4 55 A4 C8 20   30 35 3A 30 35 3A 30 30 41 07
44 65 66 61 75 6C 74 41 23 44   3A 5C 46 54 47 4D 31 5C 50 61
72 61 6D 65 74 65 72 44 69 72   65 63 74 6F 72 79 5C 54 54 56
50 61 74 68 A5 01 01 41 01 31   A5 01 03
S7F26  /* Formatted Process Program Data */
<L[4]
  <A[7]"AutoRun"> /* Name = PPID, Keyword = process program ID */
  <A[7]"TrimGap"> /* Name = MDLN, Keyword = equipment model type */
  <A[7]"1.0.0.0"> /* Name = SOFTREV, Keyword = software revision */
  <L[1]
    <L[2]
      <U2[1] 2> /* Name = CCODE, Keyword = process operation command code */
      <L[44]
        <U1[1] 8> /* Name = fram.Recipe.Rotate_Count, Keyword = PPARM 1 def */
        <U1[1] 1> /* Name = fram.Recipe.Type, Keyword = PPARM 1 def */
        <U1[1] 1> /* Name = fram.Recipe.RepeatTimes, Keyword = PPARM 1 def */
        <U1[1] 0> /* Name = fram.Recipe.RepeatTimes_now, Keyword = PPARM 1 def */
        <U1[1] 1> /* Name = fram.Recipe.Slot1, Keyword = PPARM 1 def */
        <U1[1] 1> /* Name = fram.Recipe.Slot2, Keyword = PPARM 1 def */
        <U1[1] 1> /* Name = fram.Recipe.Slot3, Keyword = PPARM 1 def */
        <U1[1] 1> /* Name = fram.Recipe.Slot4, Keyword = PPARM 1 def */
        <U1[1] 1> /* Name = fram.Recipe.Slot5, Keyword = PPARM 1 def */
        <U1[1] 1> /* Name = fram.Recipe.Slot6, Keyword = PPARM 1 def */
        <U1[1] 1> /* Name = fram.Recipe.Slot7, Keyword = PPARM 1 def */
        <U1[1] 1> /* Name = fram.Recipe.Slot8, Keyword = PPARM 1 def */
        <U1[1] 1> /* Name = fram.Recipe.Slot9, Keyword = PPARM 1 def */
        <U1[1] 1> /* Name = fram.Recipe.Slot10, Keyword = PPARM 1 def */
        <U1[1] 1> /* Name = fram.Recipe.Slot11, Keyword = PPARM 1 def */
        <U1[1] 1> /* Name = fram.Recipe.Slot12, Keyword = PPARM 1 def */
        <U1[1] 1> /* Name = fram.Recipe.Slot13, Keyword = PPARM 1 def */
        <U1[1] 1> /* Name = fram.Recipe.Slot14, Keyword = PPARM 1 def */
        <U1[1] 1> /* Name = fram.Recipe.Slot15, Keyword = PPARM 1 def */
        <U1[1] 1> /* Name = fram.Recipe.Slot16, Keyword = PPARM 1 def */
        <U1[1] 1> /* Name = fram.Recipe.Slot17, Keyword = PPARM 1 def */
        <U1[1] 1> /* Name = fram.Recipe.Slot18, Keyword = PPARM 1 def */
        <U1[1] 1> /* Name = fram.Recipe.Slot19, Keyword = PPARM 1 def */
        <U1[1] 1> /* Name = fram.Recipe.Slot20, Keyword = PPARM 1 def */
        <U1[1] 1> /* Name = fram.Recipe.Slot21, Keyword = PPARM 1 def */
        <U1[1] 1> /* Name = fram.Recipe.Slot22, Keyword = PPARM 1 def */
        <U1[1] 1> /* Name = fram.Recipe.Slot23, Keyword = PPARM 1 def */
        <U1[1] 1> /* Name = fram.Recipe.Slot24, Keyword = PPARM 1 def */
        <U1[1] 1> /* Name = fram.Recipe.Slot25, Keyword = PPARM 1 def */
        <U2[1] 1> /* Name = fram.Recipe.Angle1, Keyword = PPARM 2 def */
        <U2[1] 45> /* Name = fram.Recipe.Angle2, Keyword = PPARM 2 def */
        <U2[1] 90> /* Name = fram.Recipe.Angle3, Keyword = PPARM 2 def */
        <U2[1] 135> /* Name = fram.Recipe.Angle4, Keyword = PPARM 2 def */
        <U2[1] 180> /* Name = fram.Recipe.Angle5, Keyword = PPARM 2 def */
        <U2[1] 225> /* Name = fram.Recipe.Angle6, Keyword = PPARM 2 def */
        <U2[1] 270> /* Name = fram.Recipe.Angle7, Keyword = PPARM 2 def */
        <U2[1] 315> /* Name = fram.Recipe.Angle8, Keyword = PPARM 2 def */
        <A[23]"2023/3/20 下午 01:21:41"> /* Name = fram.Recipe.CreateTime, Keyword = Recipe CreateTime */
        <A[23]"2023/5/16 下午 05:05:00"> /* Name = fram.Recipe.ReviseTime, Keyword = Recipe ReviseTime */
        <A[7]"Default"> /* Name = fram.Recipe.MotionPatternName, Keyword = Recipe MotionPatternNam */
        <A[35]"D:\FTGM1\ParameterDirectory\TTVPath"> /* Name = fram.Recipe.MotionPatternPath, Keyword = Recipe MotionPatternPat */
        <U1[1] 1> /* Name = fram.Recipe.SF3_ID, Keyword = PPARM 1 def */
        <A[1]"1"> /* Name = fram.Recipe.SF3_Name, Keyword = Recipe SF3_Name */
        <U1[1] 3> /* Name = fram.Recipe.OffsetType, Keyword = PPARM 1 def */
      >
    >
  >
>
.
Program takes      0 seconds to log this message.
//////////////////////////////////////////////////////////////////////////
2023-05-19 14:33:26.571: CTLT_SECS (HSMS Mode) Ver. 2.3.6 & CTLT_GEM Ver. 2.9.3 Start...Driver: NO_LICENCE
2023-05-19 14:33:27.279: Receive Select.req.
FF FF 00 00 00 01 01 41 CD 62
2023-05-19 14:33:27.474: Send Select.rsp.
FF FF 00 00 00 02 01 41 CD 62
2023-05-19 14:33:34.627: Send Data Message.
00 00 00 1E 00 00 81 0D 00 00
2023-05-19 14:33:34.627: Send S1F13(982761).
00 00 81 0D 00 00 00 0E FE E9   01 02 41 07 54 72 69 6D 47 61
70 41 07 31 2E 30 2E 30 2E 30
S1F13 W /* Establish Communications Request */
<L[2]
  <A[7]"TrimGap"> /* Name = MDLN, Keyword = GEM_MDLN (GEM_MDLN) */
  <A[7]"1.0.0.0"> /* Name = SoftRev, Keyword = GEM_SOFTREV (GEM_SOFTREV) */
>
.
Program takes      0.366 seconds to log this message.
2023-05-19 14:33:34.996: Receive Data Message.
00 00 00 11 00 00 01 0E 00 00
2023-05-19 14:33:34.996: Receive S1F14(982761).
00 00 01 0E 00 00 00 0E FE E9   01 02 21 01 00 01 00
S1F14  /* Establish Communications Request Acknowledge */
<L[2]
  <B[1] 0x00> /* Name = COMMACK */
  <L[0]
  >
>
.
Program takes      0 seconds to log this message.
2023-05-19 14:33:47.299: Receive Data Message.
00 00 00 0A 00 00 87 13 00 00
2023-05-19 14:33:47.299: Receive S7F19(8438049).
00 00 87 13 00 00 00 80 C1 21
S7F19 W /* Current Process Program Dir Request */
Program takes      0 seconds to log this message.
2023-05-19 14:33:47.304: Send Data Message.
00 00 00 7E 00 00 07 14 00 00
2023-05-19 14:33:47.304: Send S7F20(8438049).
00 00 07 14 00 00 00 80 C1 21   01 09 41 13 41 4F 49 5F 52 65
63 69 70 65 5F 33 35 33 35 5F   33 78 36 41 17 41 4F 49 5F 52
65 63 69 70 65 5F 33 35 33 35   5F 33 78 36 5F 74 72 79 41 07
41 75 74 6F 52 75 6E 41 05 64   73 66 46 64 41 0C 66 66 66 66
66 66 66 66 66 66 66 66 41 09   67 67 67 67 67 67 67 67 67 41
09 67 76 64 66 73 66 61 73 64   41 07 6E 6A 69 6B 66 67 64 41
05 53 49 37 37 35
S7F20  /* Current Process Program Data */
<L[9]
  <A[19]"AOI_Recipe_3535_3x6"> /* Name = PPID */
  <A[23]"AOI_Recipe_3535_3x6_try"> /* Name = PPID */
  <A[7]"AutoRun"> /* Name = PPID */
  <A[5]"dsfFd"> /* Name = PPID */
  <A[12]"ffffffffffff"> /* Name = PPID */
  <A[9]"ggggggggg"> /* Name = PPID */
  <A[9]"gvdfsfasd"> /* Name = PPID */
  <A[7]"njikfgd"> /* Name = PPID */
  <A[5]"SI775"> /* Name = PPID */
>
.
Program takes      0 seconds to log this message.
2023-05-19 14:34:02.464: Receive Data Message.
00 00 00 15 00 00 87 19 00 00
2023-05-19 14:34:02.464: Receive S7F25(8438050).
00 00 87 19 00 00 00 80 C1 22   41 09 67 67 67 67 67 67 67 67
67
S7F25 W /* Formatted Process Program Request */
<A[9]"ggggggggg"> /* Name = PPID, Keyword = process program ID */
.
Program takes      0 seconds to log this message.
2023-05-19 14:34:02.500: Send Data Message.
00 00 01 12 00 00 07 1A 00 00
2023-05-19 14:34:02.500: Send S7F26(8438050).
00 00 07 1A 00 00 00 80 C1 22   01 04 41 09 67 67 67 67 67 67
67 67 67 41 07 54 72 69 6D 47   61 70 41 07 31 2E 30 2E 30 2E
30 01 01 01 02 A9 02 00 02 01   2C A5 01 08 A5 01 00 A5 01 01
A5 01 00 A5 01 01 A5 01 01 A5   01 01 A5 01 01 A5 01 01 A5 01
01 A5 01 01 A5 01 01 A5 01 01   A5 01 01 A5 01 01 A5 01 01 A5
01 01 A5 01 01 A5 01 01 A5 01   01 A5 01 01 A5 01 01 A5 01 01
A5 01 01 A5 01 01 A5 01 01 A5   01 01 A5 01 01 A5 01 01 A9 02
00 01 A9 02 00 2D A9 02 00 5A   A9 02 00 87 A9 02 00 B4 A9 02
00 E1 A9 02 01 0E A9 02 01 3B   41 17 32 30 32 33 2F 33 2F 32
30 20 A4 55 A4 C8 20 30 31 3A   32 31 3A 34 33 41 16 32 30 32
33 2F 35 2F 32 20 A4 57 A4 C8   20 30 39 3A 32 37 3A 30 39 41
07 44 65 66 61 75 6C 74 41 23   44 3A 5C 46 54 47 4D 31 5C 50
61 72 61 6D 65 74 65 72 44 69   72 65 63 74 6F 72 79 5C 54 54
56 50 61 74 68 A5 01 01 41 01   31 A5 01 00
S7F26  /* Formatted Process Program Data */
<L[4]
  <A[9]"ggggggggg"> /* Name = PPID, Keyword = process program ID */
  <A[7]"TrimGap"> /* Name = MDLN, Keyword = equipment model type */
  <A[7]"1.0.0.0"> /* Name = SOFTREV, Keyword = software revision */
  <L[1]
    <L[2]
      <U2[1] 2> /* Name = CCODE, Keyword = process operation command code */
      <L[44]
        <U1[1] 8> /* Name = fram.Recipe.Rotate_Count, Keyword = PPARM 1 def */
        <U1[1] 0> /* Name = fram.Recipe.Type, Keyword = PPARM 1 def */
        <U1[1] 1> /* Name = fram.Recipe.RepeatTimes, Keyword = PPARM 1 def */
        <U1[1] 0> /* Name = fram.Recipe.RepeatTimes_now, Keyword = PPARM 1 def */
        <U1[1] 1> /* Name = fram.Recipe.Slot1, Keyword = PPARM 1 def */
        <U1[1] 1> /* Name = fram.Recipe.Slot2, Keyword = PPARM 1 def */
        <U1[1] 1> /* Name = fram.Recipe.Slot3, Keyword = PPARM 1 def */
        <U1[1] 1> /* Name = fram.Recipe.Slot4, Keyword = PPARM 1 def */
        <U1[1] 1> /* Name = fram.Recipe.Slot5, Keyword = PPARM 1 def */
        <U1[1] 1> /* Name = fram.Recipe.Slot6, Keyword = PPARM 1 def */
        <U1[1] 1> /* Name = fram.Recipe.Slot7, Keyword = PPARM 1 def */
        <U1[1] 1> /* Name = fram.Recipe.Slot8, Keyword = PPARM 1 def */
        <U1[1] 1> /* Name = fram.Recipe.Slot9, Keyword = PPARM 1 def */
        <U1[1] 1> /* Name = fram.Recipe.Slot10, Keyword = PPARM 1 def */
        <U1[1] 1> /* Name = fram.Recipe.Slot11, Keyword = PPARM 1 def */
        <U1[1] 1> /* Name = fram.Recipe.Slot12, Keyword = PPARM 1 def */
        <U1[1] 1> /* Name = fram.Recipe.Slot13, Keyword = PPARM 1 def */
        <U1[1] 1> /* Name = fram.Recipe.Slot14, Keyword = PPARM 1 def */
        <U1[1] 1> /* Name = fram.Recipe.Slot15, Keyword = PPARM 1 def */
        <U1[1] 1> /* Name = fram.Recipe.Slot16, Keyword = PPARM 1 def */
        <U1[1] 1> /* Name = fram.Recipe.Slot17, Keyword = PPARM 1 def */
        <U1[1] 1> /* Name = fram.Recipe.Slot18, Keyword = PPARM 1 def */
        <U1[1] 1> /* Name = fram.Recipe.Slot19, Keyword = PPARM 1 def */
        <U1[1] 1> /* Name = fram.Recipe.Slot20, Keyword = PPARM 1 def */
        <U1[1] 1> /* Name = fram.Recipe.Slot21, Keyword = PPARM 1 def */
        <U1[1] 1> /* Name = fram.Recipe.Slot22, Keyword = PPARM 1 def */
        <U1[1] 1> /* Name = fram.Recipe.Slot23, Keyword = PPARM 1 def */
        <U1[1] 1> /* Name = fram.Recipe.Slot24, Keyword = PPARM 1 def */
        <U1[1] 1> /* Name = fram.Recipe.Slot25, Keyword = PPARM 1 def */
        <U2[1] 1> /* Name = fram.Recipe.Angle1, Keyword = PPARM 2 def */
        <U2[1] 45> /* Name = fram.Recipe.Angle2, Keyword = PPARM 2 def */
        <U2[1] 90> /* Name = fram.Recipe.Angle3, Keyword = PPARM 2 def */
        <U2[1] 135> /* Name = fram.Recipe.Angle4, Keyword = PPARM 2 def */
        <U2[1] 180> /* Name = fram.Recipe.Angle5, Keyword = PPARM 2 def */
        <U2[1] 225> /* Name = fram.Recipe.Angle6, Keyword = PPARM 2 def */
        <U2[1] 270> /* Name = fram.Recipe.Angle7, Keyword = PPARM 2 def */
        <U2[1] 315> /* Name = fram.Recipe.Angle8, Keyword = PPARM 2 def */
        <A[23]"2023/3/20 下午 01:21:43"> /* Name = fram.Recipe.CreateTime, Keyword = Recipe CreateTime */
        <A[22]"2023/5/2 上午 09:27:09"> /* Name = fram.Recipe.ReviseTime, Keyword = Recipe ReviseTime */
        <A[7]"Default"> /* Name = fram.Recipe.MotionPatternName, Keyword = Recipe MotionPatternNam */
        <A[35]"D:\FTGM1\ParameterDirectory\TTVPath"> /* Name = fram.Recipe.MotionPatternPath, Keyword = Recipe MotionPatternPat */
        <U1[1] 1> /* Name = fram.Recipe.SF3_ID, Keyword = PPARM 1 def */
        <A[1]"1"> /* Name = fram.Recipe.SF3_Name, Keyword = Recipe SF3_Name */
        <U1[1] 0> /* Name = fram.Recipe.OffsetType, Keyword = PPARM 1 def */
      >
    >
  >
>
.
Program takes      0 seconds to log this message.
[DebugLog] 14:34:24.007 TcpClient Released!
2023-05-19 14:34:24.011: Send Separate.req.
FF FF 00 00 00 09 00 0E FE EA
2023-05-19 14:34:24.798: CTLT_SECS (HSMS Mode) Ver. 2.3.6 & CTLT_GEM Ver. 2.9.3 Start...Driver: NO_LICENCE
2023-05-19 14:34:25.461: CTLT_SECS (HSMS Mode) Ver. 2.3.6 & CTLT_GEM Ver. 2.9.3 Start...Driver: NO_LICENCE
2023-05-19 14:34:26.981: Receive Select.req.
FF FF 00 00 00 01 01 41 CD 62
2023-05-19 14:34:27.105: Send Select.rsp.
FF FF 00 00 00 02 01 41 CD 62
2023-05-19 14:34:27.111: Send Data Message.
00 00 00 1E 00 00 81 0D 00 00
2023-05-19 14:34:27.111: Send S1F13(982763).
00 00 81 0D 00 00 00 0E FE EB   01 02 41 07 54 72 69 6D 47 61
70 41 07 31 2E 30 2E 30 2E 30
S1F13 W /* Establish Communications Request */
<L[2]
  <A[7]"TrimGap"> /* Name = DATAID */
  <A[7]"1.0.0.0"> /* Name = CEID, Keyword = _GEM_WBIT_S6_ (22) */
>
.
Program takes      0.024 seconds to log this message.
2023-05-19 14:34:27.150: Receive Data Message.
00 00 00 11 00 00 01 0E 00 00
2023-05-19 14:34:27.150: Receive S1F14(982763).
00 00 01 0E 00 00 00 0E FE EB   01 02 21 01 00 01 00
S1F14  /* Establish Communications Request Acknowledge */
<L[2]
  <B[1] 0x00> /* Name = COMMACK */
  <L[0]
  >
>
.
Program takes      0 seconds to log this message.
2023-05-19 14:34:28.361: Send Data Message.
00 00 00 0A 00 00 81 01 00 00
2023-05-19 14:34:28.361: Send S1F1(982764).
00 00 81 01 00 00 00 0E FE EC
S1F1 W /* Are You Online? */
Program takes      0 seconds to log this message.
2023-05-19 14:34:28.864: Receive Data Message.
00 00 00 0C 00 00 01 02 00 00
2023-05-19 14:34:28.864: Receive S1F2(982764).
00 00 01 02 00 00 00 0E FE EC   01 00
S1F2  /* On Line Data */
<L[0]
>
.
Program takes      0 seconds to log this message.
2023-05-19 14:34:30.367: Send Data Message.
00 00 00 30 00 00 86 0B 00 00
2023-05-19 14:34:30.367: Send S6F11(982765).
00 00 86 0B 00 00 00 0E FE ED   01 03 B1 04 00 00 00 04 B1 04
00 00 00 14 01 01 01 02 B1 04   00 00 1B 5B 01 03 B1 04 00 00
00 07 41 01 31 41 01 30
S6F11 W /* Event Report Send */
<L[3]
  <U4[1] 4> /* Name = DATAID */
  <U4[1] 20> /* Name = CEID */
  <L[1]
    <L[2]
      <U4[1] 7003> /* Name = RPTID */
      <L[3]
        <U4[1] 7> /* Name = Value, Keyword = _GEM_ECID_CHANGED_ (46) */
        <A[1]"1"> /* Name = Value, Keyword = _GEM_EC_VALUE_CHANGED_ (47) */
        <A[1]"0"> /* Name = Value, Keyword = _GEM_PREVIOUS_EC_VALUE_ (48) */
      >
    >
  >
>
.
Program takes      0.162 seconds to log this message.
2023-05-19 14:34:30.372: Receive Data Message.
00 00 00 0D 00 00 06 0C 00 00
2023-05-19 14:34:30.372: Receive S6F12(982765).
00 00 06 0C 00 00 00 0E FE ED   21 01 00
S6F12  /* Event Report Ack */
<B[1] 0x00> /* Name = ACKC6 */
.
Program takes      0 seconds to log this message.
[DebugLog] 14:34:30.514 TcpClient Released!
2023-05-19 14:34:30.517: Send Separate.req.
FF FF 00 00 00 09 00 0E FE EE
2023-05-19 14:34:30.818: CTLT_SECS (HSMS Mode) Ver. 2.3.6 & CTLT_GEM Ver. 2.9.3 Start...Driver: NO_LICENCE
2023-05-19 14:34:37.735: CTLT_SECS (HSMS Mode) Ver. 2.3.6 & CTLT_GEM Ver. 2.9.3 Start...Driver: NO_LICENCE
2023-05-19 14:34:38.372: Receive Select.req.
FF FF 00 00 00 01 01 41 CD 62
2023-05-19 14:34:38.528: Send Select.rsp.
FF FF 00 00 00 02 01 41 CD 62
2023-05-19 14:34:38.534: Send Data Message.
00 00 00 1E 00 00 81 0D 00 00
2023-05-19 14:34:38.534: Send S1F13(982767).
00 00 81 0D 00 00 00 0E FE EF   01 02 41 07 54 72 69 6D 47 61
70 41 07 31 2E 30 2E 30 2E 30
S1F13 W /* Establish Communications Request */
<L[2]
  <A[7]"TrimGap"> /* Name = MDLN, Keyword = GEM_MDLN (GEM_MDLN) */
  <A[7]"1.0.0.0"> /* Name = SoftRev, Keyword = GEM_SOFTREV (GEM_SOFTREV) */
>
.
Program takes      0 seconds to log this message.
2023-05-19 14:34:38.997: Receive Data Message.
00 00 00 11 00 00 01 0E 00 00
2023-05-19 14:34:38.997: Receive S1F14(982767).
00 00 01 0E 00 00 00 0E FE EF   01 02 21 01 00 01 00
S1F14  /* Establish Communications Request Acknowledge */
<L[2]
  <B[1] 0x00> /* Name = COMMACK */
  <L[0]
  >
>
.
Program takes      0 seconds to log this message.
2023-05-19 14:34:40.515: Send Data Message.
00 00 00 0A 00 00 81 01 00 00
2023-05-19 14:34:40.515: Send S1F1(982768).
00 00 81 01 00 00 00 0E FE F0
S1F1 W /* Are You Online? */
Program takes      0 seconds to log this message.
2023-05-19 14:34:40.524: Receive Data Message.
00 00 00 0C 00 00 01 02 00 00
2023-05-19 14:34:40.524: Receive S1F2(982768).
00 00 01 02 00 00 00 0E FE F0   01 00
S1F2  /* On Line Data */
<L[0]
>
.
Program takes      0 seconds to log this message.
2023-05-19 14:34:46.642: Send Data Message.
00 00 00 1A 00 00 86 0B 00 00
2023-05-19 14:34:46.642: Send S6F11(982769).
00 00 86 0B 00 00 00 0E FE F1   01 03 B1 04 00 00 00 09 B1 04
00 00 00 16 01 00
S6F11 W /* Event Report Send */
<L[3]
  <U4[1] 9> /* Name = DATAID */
  <U4[1] 22> /* Name = CEID, Keyword = _GEM_WBIT_S6_ (22) */
  <L[0]
  >
>
.
Program takes      0 seconds to log this message.
2023-05-19 14:34:46.649: Receive Data Message.
00 00 00 0D 00 00 06 0C 00 00
2023-05-19 14:34:46.649: Receive S6F12(982769).
00 00 06 0C 00 00 00 0E FE F1   21 01 00
S6F12  /* Event Report Ack */
<B[1] 0x00> /* Name = ACKC6 */
.
Program takes      0 seconds to log this message.
2023-05-19 14:34:51.060: Send Data Message.
00 00 00 0A 00 00 81 01 00 00
2023-05-19 14:34:51.060: Send S1F1(982770).
00 00 81 01 00 00 00 0E FE F2
S1F1 W /* Are You Online? */
Program takes      0 seconds to log this message.
2023-05-19 14:34:51.094: Receive Data Message.
00 00 00 0C 00 00 01 02 00 00
2023-05-19 14:34:51.094: Receive S1F2(982770).
00 00 01 02 00 00 00 0E FE F2   01 00
S1F2  /* On Line Data */
<L[0]
>
.
Program takes      0 seconds to log this message.
2023-05-19 14:35:10.416: Send Data Message.
00 00 00 1A 00 00 86 0B 00 00
2023-05-19 14:35:10.416: Send S6F11(982771).
00 00 86 0B 00 00 00 0E FE F3   01 03 B1 04 00 00 00 0D B1 04
00 00 00 16 01 00
S6F11 W /* Event Report Send */
<L[3]
  <U4[1] 13> /* Name = DATAID */
  <U4[1] 22> /* Name = CEID, Keyword = _GEM_WBIT_S6_ (22) */
  <L[0]
  >
>
.
Program takes      0 seconds to log this message.
2023-05-19 14:35:10.485: Receive Data Message.
00 00 00 0D 00 00 06 0C 00 00
2023-05-19 14:35:10.485: Receive S6F12(982771).
00 00 06 0C 00 00 00 0E FE F3   21 01 00
S6F12  /* Event Report Ack */
<B[1] 0x00> /* Name = ACKC6 */
.
Program takes      0 seconds to log this message.
2023-05-19 14:35:14.654: Send Data Message.
00 00 00 0A 00 00 81 01 00 00
2023-05-19 14:35:14.654: Send S1F1(982772).
00 00 81 01 00 00 00 0E FE F4
S1F1 W /* Are You Online? */
Program takes      0 seconds to log this message.
2023-05-19 14:35:14.721: Receive Data Message.
00 00 00 0C 00 00 01 02 00 00
2023-05-19 14:35:14.721: Receive S1F2(982772).
00 00 01 02 00 00 00 0E FE F4   01 00
S1F2  /* On Line Data */
<L[0]
>
.
Program takes      0 seconds to log this message.
2023-05-19 14:35:26.242: Send Data Message.
00 00 00 1A 00 00 86 0B 00 00
2023-05-19 14:35:26.242: Send S6F11(982773).
00 00 86 0B 00 00 00 0E FE F5   01 03 B1 04 00 00 00 11 B1 04
00 00 00 16 01 00
S6F11 W /* Event Report Send */
<L[3]
  <U4[1] 17> /* Name = DATAID */
  <U4[1] 22> /* Name = CEID, Keyword = _GEM_WBIT_S6_ (22) */
  <L[0]
  >
>
.
Program takes      0 seconds to log this message.
2023-05-19 14:35:26.254: Receive Data Message.
00 00 00 0D 00 00 06 0C 00 00
2023-05-19 14:35:26.254: Receive S6F12(982773).
00 00 06 0C 00 00 00 0E FE F5   21 01 00
S6F12  /* Event Report Ack */
<B[1] 0x00> /* Name = ACKC6 */
.
Program takes      0 seconds to log this message.
2023-05-19 14:35:30.524: Send Data Message.
00 00 00 0A 00 00 81 01 00 00
2023-05-19 14:35:30.524: Send S1F1(982774).
00 00 81 01 00 00 00 0E FE F6
S1F1 W /* Are You Online? */
Program takes      0 seconds to log this message.
2023-05-19 14:35:30.765: Receive Data Message.
00 00 00 0C 00 00 01 02 00 00
2023-05-19 14:35:30.765: Receive S1F2(982774).
00 00 01 02 00 00 00 0E FE F6   01 00
S1F2  /* On Line Data */
<L[0]
>
.
Program takes      0 seconds to log this message.
[DebugLog] 14:35:35.624 TcpClient Released!
2023-05-19 14:35:35.628: Send Separate.req.
FF FF 00 00 00 09 00 0E FE F7
2023-05-19 14:35:38.208: CTLT_SECS (HSMS Mode) Ver. 2.3.6 & CTLT_GEM Ver. 2.9.3 Start...Driver: NO_LICENCE
2023-05-19 14:35:40.962: Receive Select.req.
FF FF 00 00 00 01 01 41 CD 62
2023-05-19 14:35:40.971: Send Select.rsp.
FF FF 00 00 00 02 01 41 CD 62
2023-05-19 14:35:41.197: Send Data Message.
00 00 00 1E 00 00 81 0D 00 00
2023-05-19 14:35:41.197: Send S1F13(982776).
00 00 81 0D 00 00 00 0E FE F8   01 02 41 07 54 72 69 6D 47 61
70 41 07 31 2E 30 2E 30 2E 30
S1F13 W /* Establish Communications Request */
<L[2]
  <A[7]"TrimGap"> /* Name = DATAID */
  <A[7]"1.0.0.0"> /* Name = CEID */
>
.
Program takes      0 seconds to log this message.
[DebugLog] 14:35:41.910 Useless client rejected
[DebugLog] 14:35:41.969 Useless client rejected
[DebugLog] 14:35:42.042 Useless client rejected
[DebugLog] 14:35:42.140 Useless client rejected
[DebugLog] 14:35:42.392 Useless client rejected
[DebugLog] 14:35:42.421 ListenLoop() exception = 無法從傳輸連接讀取資料: 遠端主機已強制關閉一個現存的連線。。
[DebugLog] 14:35:42.427 Useless client rejected
2023-05-19 14:35:42.529: CTLT_SECS (HSMS Mode) Ver. 2.3.6 & CTLT_GEM Ver. 2.9.3 Start...Driver: NO_LICENCE
[DebugLog] 14:35:46.100 Disconnect already!
[DebugLog] 14:35:46.419 AcceptThread() exception:中止操作被 WSACancelBlockingCall 呼叫打斷。
2023-05-19 14:35:47.890: CTLT_SECS (HSMS Mode) Ver. 2.3.6 & CTLT_GEM Ver. 2.9.3 Start...Driver: NO_LICENCE
2023-05-19 14:35:48.329: Receive Select.req.
FF FF 00 00 00 01 01 41 CD 62
2023-05-19 14:35:48.427: Send Select.rsp.
FF FF 00 00 00 02 01 41 CD 62
2023-05-19 14:35:48.649: Send Data Message.
00 00 00 1E 00 00 81 0D 00 00
2023-05-19 14:35:48.649: Send S1F13(982777).
00 00 81 0D 00 00 00 0E FE F9   01 02 41 07 54 72 69 6D 47 61
70 41 07 31 2E 30 2E 30 2E 30
S1F13 W /* Establish Communications Request */
<L[2]
  <A[7]"TrimGap"> /* Name = MDLN, Keyword = GEM_MDLN (GEM_MDLN) */
  <A[7]"1.0.0.0"> /* Name = SoftRev, Keyword = GEM_SOFTREV (GEM_SOFTREV) */
>
.
Program takes      0 seconds to log this message.
[DebugLog] 14:35:52.207 Useless client rejected
[DebugLog] 14:35:52.945 ListenLoop() exception = 無法從傳輸連接讀取資料: 遠端主機已強制關閉一個現存的連線。。
2023-05-19 14:35:53.332: CTLT_SECS (HSMS Mode) Ver. 2.3.6 & CTLT_GEM Ver. 2.9.3 Start...Driver: NO_LICENCE
2023-05-19 14:35:53.722: Receive Select.req.
FF FF 00 00 00 01 01 41 CD 62
2023-05-19 14:35:53.726: Send Select.rsp.
FF FF 00 00 00 02 01 41 CD 62
2023-05-19 14:35:53.910: Send Data Message.
00 00 00 1E 00 00 81 0D 00 00
2023-05-19 14:35:53.910: Send S1F13(982778).
00 00 81 0D 00 00 00 0E FE FA   01 02 41 07 54 72 69 6D 47 61
70 41 07 31 2E 30 2E 30 2E 30
S1F13 W /* Establish Communications Request */
<L[2]
  <A[7]"TrimGap"> /* Name = MDLN, Keyword = GEM_MDLN (GEM_MDLN) */
  <A[7]"1.0.0.0"> /* Name = SoftRev, Keyword = GEM_SOFTREV (GEM_SOFTREV) */
>
.
Program takes      0 seconds to log this message.
2023-05-19 14:35:54.125: Receive Data Message.
00 00 00 11 00 00 01 0E 00 00
2023-05-19 14:35:54.125: Receive S1F14(982778).
00 00 01 0E 00 00 00 0E FE FA   01 02 21 01 00 01 00
S1F14  /* Establish Communications Request Acknowledge */
<L[2]
  <B[1] 0x00> /* Name = COMMACK */
  <L[0]
  >
>
.
Program takes      0 seconds to log this message.
2023-05-19 14:36:15.854:  Receive Separate.req.
FF FF 00 00 00 09 00 80 C1 23
2023-05-19 14:36:15.854: Remote Client Disconnected!
[DebugLog] 14:36:16.789 ListenLoop() exception = 無法從傳輸連接讀取資料: 遠端主機已強制關閉一個現存的連線。。
