//////////////////////////////////////////////////////////////////////////
2023-09-12 16:52:14.966: CTLT_SECS (HSMS Mode) Ver. 2.3.6 & CTLT_GEM Ver. 2.9.3 Start...Driver: NO_LICENCE
2023-09-12 16:52:17.404: Receive Select.req.
FF FF 00 00 00 01 0B 75 C5 DB
2023-09-12 16:52:17.413: Send Select.rsp.
FF FF 00 00 00 02 0B 75 C5 DB
2023-09-12 16:52:21.913: Send Data Message.
00 00 00 1E 00 00 81 0D 00 00
2023-09-12 16:52:21.913: Send S1F13(3338506).
00 00 81 0D 00 00 00 32 F1 0A   01 02 41 07 54 72 69 6D 47 61
70 41 07 31 2E 30 2E 30 2E 30
S1F13 W /* Establish Communications Request */
<L[2]
  <A[7]"TrimGap"> /* Name = MDLN, Keyword = GEM_MDLN (GEM_MDLN) */
  <A[7]"1.0.0.0"> /* Name = SoftRev, Keyword = GEM_SOFTREV (GEM_SOFTREV) */
>
.
Program takes      0.084 seconds to log this message.
2023-09-12 16:52:22.046: Receive Data Message.
00 00 00 11 00 00 01 0E 00 00
2023-09-12 16:52:22.046: Receive S1F14(3338506).
00 00 01 0E 00 00 00 32 F1 0A   01 02 21 01 00 01 00
S1F14  /* Establish Communications Request Acknowledge */
<L[2]
  <B[1] 0x00> /* Name = COMMACK */
  <L[0]
  >
>
.
Program takes      0.007 seconds to log this message.
2023-09-12 16:53:22.041: Receive Linktest.req.
FF FF 00 00 00 05 0B 75 C5 DC
2023-09-12 16:53:22.041: Send Linktest.rsp.
FF FF 00 00 00 06 0B 75 C5 DC
2023-09-12 16:53:27.817: Send Linktest.req.
FF FF 00 00 00 05 00 32 F1 0B
2023-09-12 16:53:27.833: Receive Linktest.rsp.
FF FF 00 00 00 06 00 32 F1 0B
2023-09-12 16:54:24.434: Receive Data Message.
00 00 00 49 00 00 02 29 00 00
2023-09-12 16:54:24.434: Receive S2F41(192267741).
00 00 02 29 00 00 0B 75 C5 DD   01 02 41 0B 52 45 4C 45 41 53
45 2D 4C 26 43 01 02 01 02 41   0B 4C 4F 41 44 50 4F 52 54 2D
49 44 41 01 31 01 02 41 0A 43   41 52 52 49 45 52 2D 49 44 41
0C 43 41 52 52 49 45 52 2D 54   45 53 54
S2F41  /* Host Command Send */
<L[2]
  <A[11]"RELEASE-L&C"> /* Name = RCMD */
  <L[2]
    <L[2]
      <A[11]"LOADPORT-ID"> /* Name = CPNAME */
      <A[1]"1"> /* Name = CPVAL */
    >
    <L[2]
      <A[10]"CARRIER-ID"> /* Name = CPNAME */
      <A[12]"CARRIER-TEST"> /* Name = CPVAL */
    >
  >
>
.
Program takes      0 seconds to log this message.
2023-09-12 16:54:32.813: Send Data Message.
00 00 00 11 00 00 02 2A 00 00
2023-09-12 16:54:32.813: Send S2F42(192267741).
00 00 02 2A 00 00 0B 75 C5 DD   01 02 21 01 00 01 00
S2F42  /* Host Command Acknowledge */
<L[2]
  <B[1] 0x00>
  <L[0]
  >
>
.
Program takes      0 seconds to log this message.
2023-09-12 16:54:32.849: Receive Data Message.
00 00 00 0A 00 00 00 03 00 07
2023-09-12 16:54:32.849: Receive S0F3(192267741).
00 00 00 03 00 07 0B 75 C5 DD
S0F3  
Program takes      0 seconds to log this message.
//////////////////////////////////////////////////////////////////////////
2023-09-12 16:57:37.288: CTLT_SECS (HSMS Mode) Ver. 2.3.6 & CTLT_GEM Ver. 2.9.3 Start...Driver: NO_LICENCE
2023-09-12 16:57:43.585: Receive Select.req.
FF FF 00 00 00 01 45 42 E7 E7
2023-09-12 16:57:43.656: Send Select.rsp.
FF FF 00 00 00 02 45 42 E7 E7
2023-09-12 16:57:44.265: Send Data Message.
00 00 00 1E 00 00 81 0D 00 00
2023-09-12 16:57:44.265: Send S1F13(9777242).
00 00 81 0D 00 00 00 95 30 5A   01 02 41 07 54 72 69 6D 47 61
70 41 07 31 2E 30 2E 30 2E 30
S1F13 W /* Establish Communications Request */
<L[2]
  <A[7]"TrimGap"> /* Name = MDLN, Keyword = GEM_MDLN (GEM_MDLN) */
  <A[7]"1.0.0.0"> /* Name = SoftRev, Keyword = GEM_SOFTREV (GEM_SOFTREV) */
>
.
Program takes      0.083 seconds to log this message.
2023-09-12 16:57:44.346: Receive Data Message.
00 00 00 11 00 00 01 0E 00 00
2023-09-12 16:57:44.346: Receive S1F14(9777242).
00 00 01 0E 00 00 00 95 30 5A   01 02 21 01 00 01 00
S1F14  /* Establish Communications Request Acknowledge */
<L[2]
  <B[1] 0x00> /* Name = COMMACK */
  <L[0]
  >
>
.
Program takes      0 seconds to log this message.
2023-09-12 16:58:44.278: Receive Linktest.req.
FF FF 00 00 00 05 45 42 E7 E8
2023-09-12 16:58:44.278: Send Linktest.rsp.
FF FF 00 00 00 06 45 42 E7 E8
2023-09-12 16:58:50.253: Send Linktest.req.
FF FF 00 00 00 05 00 95 30 5B
2023-09-12 16:58:50.269: Receive Linktest.rsp.
FF FF 00 00 00 06 00 95 30 5B
2023-09-12 16:59:15.764: Receive Data Message.
00 00 00 57 00 00 82 29 00 00
2023-09-12 16:59:15.764: Receive S2F41(1162012649).
00 00 82 29 00 00 45 42 E7 E9   01 02 41 05 53 54 41 52 54 01
01 01 02 41 00 41 3C 46 6F 72   6D 61 74 3A 20 31 30 20 20 31
31 20 20 32 30 20 20 32 31 20   20 33 28 29 20 20 35 28 29 20
20 20 20 20 20 20 20 20 20 20   20 20 20 20 20 20 20 20 20 20
20 20 20 20 20 20 20
S2F41 W /* Host Command Send */
<L[2]
  <A[5]"START"> /* Name = RCMD */
  <L[1]
    <L[2]
      <A[0]""> /* Name = CPNAME */
      <A[60]"Format: 10  11  20  21  3()  5()                            "> /* Name = CPVAL */
    >
  >
>
.
Program takes      0 seconds to log this message.
2023-09-12 16:59:57.846: Receive Data Message.
00 00 00 57 00 00 82 29 00 00
2023-09-12 16:59:57.846: Receive S2F41(1162012650).
00 00 82 29 00 00 45 42 E7 EA   01 02 41 05 53 54 41 52 54 01
01 01 02 41 00 41 3C 46 6F 72   6D 61 74 3A 20 31 30 20 20 31
31 20 20 32 30 20 20 32 31 20   20 33 28 29 20 20 35 28 29 20
20 20 20 20 20 20 20 20 20 20   20 20 20 20 20 20 20 20 20 20
20 20 20 20 20 20 20
S2F41 W /* Host Command Send */
<L[2]
  <A[5]"START"> /* Name = RCMD */
  <L[1]
    <L[2]
      <A[0]""> /* Name = CPNAME */
      <A[60]"Format: 10  11  20  21  3()  5()                            "> /* Name = CPVAL */
    >
  >
>
.
Program takes      0 seconds to log this message.
2023-09-12 16:59:57.846:  Receive Separate.req.
FF FF 00 00 00 09 45 42 E7 EB
2023-09-12 16:59:57.846: Remote Client Disconnected!
[DebugLog] 16:59:57.969 Useless client rejected
2023-09-12 17:00:02.577: CTLT_SECS (HSMS Mode) Ver. 2.3.6 & CTLT_GEM Ver. 2.9.3 Start...Driver: NO_LICENCE
2023-09-12 17:00:02.587: Receive Select.req.
FF FF 00 00 00 01 6E 0F 22 4B
2023-09-12 17:00:02.588: Send Select.rsp.
FF FF 00 00 00 02 6E 0F 22 4B
2023-09-12 17:00:02.624: Send Data Message.
00 00 00 1E 00 00 81 0D 00 00
2023-09-12 17:00:02.624: Send S1F13(9777244).
00 00 81 0D 00 00 00 95 30 5C   01 02 41 07 54 72 69 6D 47 61
70 41 07 31 2E 30 2E 30 2E 30
S1F13 W /* Establish Communications Request */
<L[2]
  <A[7]"TrimGap"> /* Name = MDLN, Keyword = GEM_MDLN (GEM_MDLN) */
  <A[7]"1.0.0.0"> /* Name = SoftRev, Keyword = GEM_SOFTREV (GEM_SOFTREV) */
>
.
Program takes      0.336 seconds to log this message.
2023-09-12 17:00:02.960: Receive Data Message.
00 00 00 11 00 00 01 0E 00 00
2023-09-12 17:00:02.960: Receive S1F14(9777244).
00 00 01 0E 00 00 00 95 30 5C   01 02 21 01 00 01 00
S1F14  /* Establish Communications Request Acknowledge */
<L[2]
  <B[1] 0x00> /* Name = COMMACK */
  <L[0]
  >
>
.
Program takes      0 seconds to log this message.
2023-09-12 17:01:02.645: Receive Linktest.req.
FF FF 00 00 00 05 6E 0F 22 4C
2023-09-12 17:01:02.645: Send Linktest.rsp.
FF FF 00 00 00 06 6E 0F 22 4C
2023-09-12 17:01:08.695: Send Linktest.req.
FF FF 00 00 00 05 00 95 30 5D
2023-09-12 17:01:08.710: Receive Linktest.rsp.
FF FF 00 00 00 06 00 95 30 5D
2023-09-12 17:02:08.715: Receive Linktest.req.
FF FF 00 00 00 05 6E 0F 22 4D
2023-09-12 17:02:08.715: Send Linktest.rsp.
FF FF 00 00 00 06 6E 0F 22 4D
2023-09-12 17:02:14.717: Send Linktest.req.
FF FF 00 00 00 05 00 95 30 5E
2023-09-12 17:02:14.733: Receive Linktest.rsp.
FF FF 00 00 00 06 00 95 30 5E
2023-09-12 17:03:14.747: Receive Linktest.req.
FF FF 00 00 00 05 6E 0F 22 4E
2023-09-12 17:03:14.747: Send Linktest.rsp.
FF FF 00 00 00 06 6E 0F 22 4E
2023-09-12 17:03:20.667: Send Linktest.req.
FF FF 00 00 00 05 00 95 30 5F
2023-09-12 17:03:20.683: Receive Linktest.rsp.
FF FF 00 00 00 06 00 95 30 5F
2023-09-12 17:04:20.694: Receive Linktest.req.
FF FF 00 00 00 05 6E 0F 22 4F
2023-09-12 17:04:20.694: Send Linktest.rsp.
FF FF 00 00 00 06 6E 0F 22 4F
2023-09-12 17:04:26.498: Send Linktest.req.
FF FF 00 00 00 05 00 95 30 60
2023-09-12 17:04:26.514: Receive Linktest.rsp.
FF FF 00 00 00 06 00 95 30 60
2023-09-12 17:05:26.515: Receive Linktest.req.
FF FF 00 00 00 05 6E 0F 22 50
2023-09-12 17:05:26.515: Send Linktest.rsp.
FF FF 00 00 00 06 6E 0F 22 50
2023-09-12 17:05:32.294: Send Linktest.req.
FF FF 00 00 00 05 00 95 30 61
2023-09-12 17:05:32.310: Receive Linktest.rsp.
FF FF 00 00 00 06 00 95 30 61
2023-09-12 17:05:57.325: Receive Data Message.
00 00 00 18 00 00 02 29 00 00
2023-09-12 17:05:57.325: Receive S2F41(1846485585).
00 00 02 29 00 00 6E 0F 22 51   01 02 41 04 53 54 4F 50 01 02
41 00 41 00
S2F41  /* Host Command Send */
<L[2]
  <A[4]"STOP"> /* Name = RCMD */
  <L[2]
    <A[0]"">
    <A[0]"">
  >
>
.
Program takes      0 seconds to log this message.
2023-09-12 17:06:00.596: Send Data Message.
00 00 00 11 00 00 02 2A 00 00
2023-09-12 17:06:00.596: Send S2F42(1846485585).
00 00 02 2A 00 00 6E 0F 22 51   01 02 21 01 00 01 00
S2F42  /* Host Command Acknowledge */
<L[2]
  <B[1] 0x00>
  <L[0]
  >
>
.
Program takes      0 seconds to log this message.
2023-09-12 17:06:00.597: Receive Data Message.
00 00 00 0A 00 00 00 03 00 07
2023-09-12 17:06:00.597: Receive S0F3(1846485585).
00 00 00 03 00 07 6E 0F 22 51
S0F3  
Program takes      0 seconds to log this message.
//////////////////////////////////////////////////////////////////////////
2023-09-12 17:07:42.337: CTLT_SECS (HSMS Mode) Ver. 2.3.6 & CTLT_GEM Ver. 2.9.3 Start...Driver: NO_LICENCE
2023-09-12 17:07:42.784: Receive Select.req.
FF FF 00 00 00 01 6E 0F 22 52
2023-09-12 17:07:42.854: Send Select.rsp.
FF FF 00 00 00 02 6E 0F 22 52
2023-09-12 17:07:49.778: Send Data Message.
00 00 00 1E 00 00 81 0D 00 00
2023-09-12 17:07:49.778: Send S1F13(3276751).
00 00 81 0D 00 00 00 31 FF CF   01 02 41 07 54 72 69 6D 47 61
70 41 07 31 2E 30 2E 30 2E 30
S1F13 W /* Establish Communications Request */
<L[2]
  <A[7]"TrimGap"> /* Name = MDLN, Keyword = GEM_MDLN (GEM_MDLN) */
  <A[7]"1.0.0.0"> /* Name = SoftRev, Keyword = GEM_SOFTREV (GEM_SOFTREV) */
>
.
Program takes      0.032 seconds to log this message.
2023-09-12 17:07:49.808: Receive Data Message.
00 00 00 11 00 00 01 0E 00 00
2023-09-12 17:07:49.808: Receive S1F14(3276751).
00 00 01 0E 00 00 00 31 FF CF   01 02 21 01 00 01 00
S1F14  /* Establish Communications Request Acknowledge */
<L[2]
  <B[1] 0x00> /* Name = COMMACK */
  <L[0]
  >
>
.
Program takes      0 seconds to log this message.
2023-09-12 17:08:49.791: Receive Linktest.req.
FF FF 00 00 00 05 6E 0F 22 53
2023-09-12 17:08:49.791: Send Linktest.rsp.
FF FF 00 00 00 06 6E 0F 22 53
//////////////////////////////////////////////////////////////////////////
2023-09-12 17:10:21.583: CTLT_SECS (HSMS Mode) Ver. 2.3.6 & CTLT_GEM Ver. 2.9.3 Start...Driver: NO_LICENCE
2023-09-12 17:10:22.841: Receive Select.req.
FF FF 00 00 00 01 6E 0F 22 54
2023-09-12 17:10:22.942: Send Select.rsp.
FF FF 00 00 00 02 6E 0F 22 54
2023-09-12 17:10:28.677: Send Data Message.
00 00 00 1E 00 00 81 0D 00 00
2023-09-12 17:10:28.677: Send S1F13(114956).
00 00 81 0D 00 00 00 01 C1 0C   01 02 41 07 54 72 69 6D 47 61
70 41 07 31 2E 30 2E 30 2E 30
S1F13 W /* Establish Communications Request */
<L[2]
  <A[7]"TrimGap"> /* Name = MDLN, Keyword = GEM_MDLN (GEM_MDLN) */
  <A[7]"1.0.0.0"> /* Name = SoftRev, Keyword = GEM_SOFTREV (GEM_SOFTREV) */
>
.
Program takes      0.215 seconds to log this message.
2023-09-12 17:10:28.890: Receive Data Message.
00 00 00 11 00 00 01 0E 00 00
2023-09-12 17:10:28.890: Receive S1F14(114956).
00 00 01 0E 00 00 00 01 C1 0C   01 02 21 01 00 01 00
S1F14  /* Establish Communications Request Acknowledge */
<L[2]
  <B[1] 0x00> /* Name = COMMACK */
  <L[0]
  >
>
.
Program takes      0 seconds to log this message.
2023-09-12 17:11:28.685: Receive Linktest.req.
FF FF 00 00 00 05 6E 0F 22 55
2023-09-12 17:11:28.685: Send Linktest.rsp.
FF FF 00 00 00 06 6E 0F 22 55
2023-09-12 17:11:34.480: Send Linktest.req.
FF FF 00 00 00 05 00 01 C1 0D
2023-09-12 17:11:34.496: Receive Linktest.rsp.
FF FF 00 00 00 06 00 01 C1 0D
2023-09-12 17:11:56.526: Receive Data Message.
00 00 00 54 00 00 02 29 00 00
2023-09-12 17:11:56.526: Receive S2F41(1846485590).
00 00 02 29 00 00 6E 0F 22 56   01 02 41 04 53 54 4F 50 01 02
41 00 41 3C 46 6F 72 6D 61 74   3A 20 31 30 20 20 31 31 20 20
32 30 20 20 32 31 20 20 33 28   29 20 20 35 28 29 20 20 20 20
20 20 20 20 20 20 20 20 20 20   20 20 20 20 20 20 20 20 20 20
20 20 20 20
S2F41  /* Host Command Send */
<L[2]
  <A[4]"STOP"> /* Name = RCMD */
  <L[2]
    <A[0]"">
    <A[60]"Format: 10  11  20  21  3()  5()                            ">
  >
>
.
Program takes      0 seconds to log this message.
2023-09-12 17:11:59.719: Send Data Message.
00 00 00 11 00 00 02 2A 00 00
2023-09-12 17:11:59.719: Send S2F42(1846485590).
00 00 02 2A 00 00 6E 0F 22 56   01 02 21 01 00 01 00
S2F42  /* Host Command Acknowledge */
<L[2]
  <B[1] 0x00>
  <L[0]
  >
>
.
Program takes      0 seconds to log this message.
2023-09-12 17:11:59.734: Receive Data Message.
00 00 00 0A 00 00 00 03 00 07
2023-09-12 17:11:59.734: Receive S0F3(1846485590).
00 00 00 03 00 07 6E 0F 22 56
S0F3  
Program takes      0 seconds to log this message.
//////////////////////////////////////////////////////////////////////////
2023-09-12 17:14:32.755: CTLT_SECS (HSMS Mode) Ver. 2.3.6 & CTLT_GEM Ver. 2.9.3 Start...Driver: NO_LICENCE
2023-09-12 17:14:38.882: Receive Select.req.
FF FF 00 00 00 01 6E 0F 22 57
2023-09-12 17:14:39.390: Send Select.rsp.
FF FF 00 00 00 02 6E 0F 22 57
2023-09-12 17:14:39.441: Send Data Message.
00 00 00 1E 00 00 81 0D 00 00
2023-09-12 17:14:39.441: Send S1F13(7795274).
00 00 81 0D 00 00 00 76 F2 4A   01 02 41 07 54 72 69 6D 47 61
70 41 07 31 2E 30 2E 30 2E 30
S1F13 W /* Establish Communications Request */
<L[2]
  <A[7]"TrimGap"> /* Name = MDLN, Keyword = GEM_MDLN (GEM_MDLN) */
  <A[7]"1.0.0.0"> /* Name = SoftRev, Keyword = GEM_SOFTREV (GEM_SOFTREV) */
>
.
Program takes      0.024 seconds to log this message.
2023-09-12 17:14:39.464: Receive Data Message.
00 00 00 11 00 00 01 0E 00 00
2023-09-12 17:14:39.464: Receive S1F14(7795274).
00 00 01 0E 00 00 00 76 F2 4A   01 02 21 01 00 01 00
S1F14  /* Establish Communications Request Acknowledge */
<L[2]
  <B[1] 0x00> /* Name = COMMACK */
  <L[0]
  >
>
.
Program takes      0 seconds to log this message.
2023-09-12 17:15:39.457: Receive Linktest.req.
FF FF 00 00 00 05 6E 0F 22 58
2023-09-12 17:15:39.457: Send Linktest.rsp.
FF FF 00 00 00 06 6E 0F 22 58
2023-09-12 17:15:45.197: Send Linktest.req.
FF FF 00 00 00 05 00 76 F2 4B
2023-09-12 17:15:45.213: Receive Linktest.rsp.
FF FF 00 00 00 06 00 76 F2 4B
2023-09-12 17:16:45.227: Receive Linktest.req.
FF FF 00 00 00 05 6E 0F 22 59
2023-09-12 17:16:45.227: Send Linktest.rsp.
FF FF 00 00 00 06 6E 0F 22 59
2023-09-12 17:16:51.112: Send Linktest.req.
FF FF 00 00 00 05 00 76 F2 4C
2023-09-12 17:16:51.128: Receive Linktest.rsp.
FF FF 00 00 00 06 00 76 F2 4C
2023-09-12 17:17:00.791: Receive Data Message.
00 00 00 57 00 00 82 29 00 00
2023-09-12 17:17:00.791: Receive S2F41(1846485594).
00 00 82 29 00 00 6E 0F 22 5A   01 02 41 05 53 54 41 52 54 01
01 01 02 41 00 41 3C 46 6F 72   6D 61 74 3A 20 31 30 20 20 31
31 20 20 32 30 20 20 32 31 20   20 33 28 29 20 20 35 28 29 20
20 20 20 20 20 20 20 20 20 20   20 20 20 20 20 20 20 20 20 20
20 20 20 20 20 20 20
S2F41 W /* Host Command Send */
<L[2]
  <A[5]"START"> /* Name = RCMD */
  <L[1]
    <L[2]
      <A[0]""> /* Name = CPNAME */
      <A[60]"Format: 10  11  20  21  3()  5()                            "> /* Name = CPVAL */
    >
  >
>
.
Program takes      0 seconds to log this message.
2023-09-12 17:17:05.331: Send Data Message.
00 00 00 11 00 00 02 2A 00 00
2023-09-12 17:17:05.331: Send S2F42(1846485594).
00 00 02 2A 00 00 6E 0F 22 5A   01 02 21 01 00 01 00
S2F42  /* Host Command Acknowledge */
<L[2]
  <B[1] 0x00>
  <L[0]
  >
>
.
Program takes      0 seconds to log this message.
2023-09-12 17:17:13.667: Receive Data Message.
00 00 00 54 00 00 02 29 00 00
2023-09-12 17:17:13.667: Receive S2F41(1846485595).
00 00 02 29 00 00 6E 0F 22 5B   01 02 41 04 53 54 4F 50 01 02
41 00 41 3C 46 6F 72 6D 61 74   3A 20 31 30 20 20 31 31 20 20
32 30 20 20 32 31 20 20 33 28   29 20 20 35 28 29 20 20 20 20
20 20 20 20 20 20 20 20 20 20   20 20 20 20 20 20 20 20 20 20
20 20 20 20
S2F41  /* Host Command Send */
<L[2]
  <A[4]"STOP"> /* Name = RCMD */
  <L[2]
    <A[0]"">
    <A[60]"Format: 10  11  20  21  3()  5()                            ">
  >
>
.
Program takes      0 seconds to log this message.
2023-09-12 17:17:15.538: Send Data Message.
00 00 00 11 00 00 02 2A 00 00
2023-09-12 17:17:15.538: Send S2F42(1846485595).
00 00 02 2A 00 00 6E 0F 22 5B   01 02 21 01 00 01 00
S2F42  /* Host Command Acknowledge */
<L[2]
  <B[1] 0x00>
  <L[0]
  >
>
.
Program takes      0 seconds to log this message.
2023-09-12 17:17:15.553: Receive Data Message.
00 00 00 0A 00 00 00 03 00 07
2023-09-12 17:17:15.553: Receive S0F3(1846485595).
00 00 00 03 00 07 6E 0F 22 5B
S0F3  
Program takes      0 seconds to log this message.
//////////////////////////////////////////////////////////////////////////
2023-09-12 17:19:15.222: CTLT_SECS (HSMS Mode) Ver. 2.3.6 & CTLT_GEM Ver. 2.9.3 Start...Driver: NO_LICENCE
2023-09-12 17:19:17.087: Receive Select.req.
FF FF 00 00 00 01 6E 0F 22 5C
2023-09-12 17:19:17.186: Send Select.rsp.
FF FF 00 00 00 02 6E 0F 22 5C
2023-09-12 17:19:21.971: Send Data Message.
00 00 00 1E 00 00 81 0D 00 00
2023-09-12 17:19:21.971: Send S1F13(2895909).
00 00 81 0D 00 00 00 2C 30 25   01 02 41 07 54 72 69 6D 47 61
70 41 07 31 2E 30 2E 30 2E 30
S1F13 W /* Establish Communications Request */
<L[2]
  <A[7]"TrimGap"> /* Name = MDLN, Keyword = GEM_MDLN (GEM_MDLN) */
  <A[7]"1.0.0.0"> /* Name = SoftRev, Keyword = GEM_SOFTREV (GEM_SOFTREV) */
>
.
Program takes      0.213 seconds to log this message.
2023-09-12 17:19:22.183: Receive Data Message.
00 00 00 11 00 00 01 0E 00 00
2023-09-12 17:19:22.183: Receive S1F14(2895909).
00 00 01 0E 00 00 00 2C 30 25   01 02 21 01 00 01 00
S1F14  /* Establish Communications Request Acknowledge */
<L[2]
  <B[1] 0x00> /* Name = COMMACK */
  <L[0]
  >
>
.
Program takes      0 seconds to log this message.
2023-09-12 17:19:32.297: Receive Data Message.
00 00 00 54 00 00 02 29 00 00
2023-09-12 17:19:32.297: Receive S2F41(1846485597).
00 00 02 29 00 00 6E 0F 22 5D   01 02 41 04 53 54 4F 50 01 02
41 00 41 3C 46 6F 72 6D 61 74   3A 20 31 30 20 20 31 31 20 20
32 30 20 20 32 31 20 20 33 28   29 20 20 35 28 29 20 20 20 20
20 20 20 20 20 20 20 20 20 20   20 20 20 20 20 20 20 20 20 20
20 20 20 20
S2F41  /* Host Command Send */
<L[2]
  <A[4]"STOP"> /* Name = RCMD */
  <L[2]
    <A[0]"">
    <A[60]"Format: 10  11  20  21  3()  5()                            ">
  >
>
.
Program takes      0 seconds to log this message.
2023-09-12 17:22:17.853: Receive Linktest.req.
FF FF 00 00 00 05 6E 0F 22 5E
2023-09-12 17:22:17.854: Send Linktest.rsp.
FF FF 00 00 00 06 6E 0F 22 5E
2023-09-12 17:23:21.638: Receive Linktest.req.
FF FF 00 00 00 05 6E 0F 22 5F
2023-09-12 17:23:21.639: Send Linktest.rsp.
FF FF 00 00 00 06 6E 0F 22 5F
2023-09-12 17:23:21.639: Receive Data Message.
00 00 00 0A FF FF 06 03 00 07
2023-09-12 17:23:21.639: Receive S6F3(1846485598).
FF FF 06 03 00 07 6E 0F 22 5E
S6F3  
Program takes      0 seconds to log this message.
2023-09-12 17:23:21.639: Receive Linktest.req.
FF FF 00 00 00 05 6E 0F 22 60
2023-09-12 17:23:21.639: Send Linktest.rsp.
FF FF 00 00 00 06 6E 0F 22 60
2023-09-12 17:23:21.652: Send Data Message.
00 00 00 11 00 00 02 2A 00 00
2023-09-12 17:23:21.652: Send S2F42(1846485597).
00 00 02 2A 00 00 6E 0F 22 5D   01 02 21 01 00 01 00
S2F42  /* Host Command Acknowledge */
<L[2]
  <B[1] 0x00>
  <L[0]
  >
>
.
Program takes      0 seconds to log this message.
//////////////////////////////////////////////////////////////////////////
2023-09-12 17:31:31.634: CTLT_SECS (HSMS Mode) Ver. 2.3.6 & CTLT_GEM Ver. 2.9.3 Start...Driver: NO_LICENCE
2023-09-12 17:31:34.144: Receive Select.req.
FF FF 00 00 00 01 6E 0F 22 67
2023-09-12 17:31:34.171: Send Select.rsp.
FF FF 00 00 00 02 6E 0F 22 67
2023-09-12 17:31:38.529: Send Data Message.
00 00 00 1E 00 00 81 0D 00 00
2023-09-12 17:31:38.529: Send S1F13(6033023).
00 00 81 0D 00 00 00 5C 0E 7F   01 02 41 07 54 72 69 6D 47 61
70 41 07 31 2E 30 2E 30 2E 30
S1F13 W /* Establish Communications Request */
<L[2]
  <A[7]"TrimGap"> /* Name = MDLN, Keyword = GEM_MDLN (GEM_MDLN) */
  <A[7]"1.0.0.0"> /* Name = SoftRev, Keyword = GEM_SOFTREV (GEM_SOFTREV) */
>
.
Program takes      0.209 seconds to log this message.
2023-09-12 17:31:38.738: Receive Data Message.
00 00 00 11 00 00 01 0E 00 00
2023-09-12 17:31:38.738: Receive S1F14(6033023).
00 00 01 0E 00 00 00 5C 0E 7F   01 02 21 01 00 01 00
S1F14  /* Establish Communications Request Acknowledge */
<L[2]
  <B[1] 0x00> /* Name = COMMACK */
  <L[0]
  >
>
.
Program takes      0 seconds to log this message.
2023-09-12 17:32:38.553: Receive Linktest.req.
FF FF 00 00 00 05 6E 0F 22 68
2023-09-12 17:32:38.553: Send Linktest.rsp.
FF FF 00 00 00 06 6E 0F 22 68
2023-09-12 17:32:44.090: Send Linktest.req.
FF FF 00 00 00 05 00 5C 0E 80
2023-09-12 17:32:44.106: Receive Linktest.rsp.
FF FF 00 00 00 06 00 5C 0E 80
2023-09-12 17:33:22.071: Receive Data Message.
00 00 00 57 00 00 82 29 00 00
2023-09-12 17:33:22.071: Receive S2F41(1846485609).
00 00 82 29 00 00 6E 0F 22 69   01 02 41 05 53 54 41 52 54 01
01 01 02 41 00 41 3C 46 6F 72   6D 61 74 3A 20 31 30 20 20 31
31 20 20 32 30 20 20 32 31 20   20 33 28 29 20 20 35 28 29 20
20 20 20 20 20 20 20 20 20 20   20 20 20 20 20 20 20 20 20 20
20 20 20 20 20 20 20
S2F41 W /* Host Command Send */
<L[2]
  <A[5]"START"> /* Name = RCMD */
  <L[1]
    <L[2]
      <A[0]""> /* Name = CPNAME */
      <A[60]"Format: 10  11  20  21  3()  5()                            "> /* Name = CPVAL */
    >
  >
>
.
Program takes      0 seconds to log this message.
2023-09-12 17:33:50.290: Send Data Message.
00 00 00 11 00 00 02 2A 00 00
2023-09-12 17:33:50.290: Send S2F42(1846485609).
00 00 02 2A 00 00 6E 0F 22 69   01 02 21 01 00 01 00
S2F42  /* Host Command Acknowledge */
<L[2]
  <B[1] 0x00>
  <L[0]
  >
>
.
Program takes      0 seconds to log this message.
2023-09-12 17:33:56.255: Receive Data Message.
00 00 00 54 00 00 02 29 00 00
2023-09-12 17:33:56.255: Receive S2F41(1846485610).
00 00 02 29 00 00 6E 0F 22 6A   01 02 41 04 53 54 4F 50 01 02
41 00 41 3C 46 6F 72 6D 61 74   3A 20 31 30 20 20 31 31 20 20
32 30 20 20 32 31 20 20 33 28   29 20 20 35 28 29 20 20 20 20
20 20 20 20 20 20 20 20 20 20   20 20 20 20 20 20 20 20 20 20
20 20 20 20
S2F41  /* Host Command Send */
<L[2]
  <A[4]"STOP"> /* Name = RCMD */
  <L[2]
    <A[0]"">
    <A[60]"Format: 10  11  20  21  3()  5()                            ">
  >
>
.
Program takes      0 seconds to log this message.
2023-09-12 17:34:09.672: Send Data Message.
00 00 00 11 00 00 02 2A 00 00
2023-09-12 17:34:09.672: Send S2F42(1846485610).
00 00 02 2A 00 00 6E 0F 22 6A   01 02 21 01 00 01 00
S2F42  /* Host Command Acknowledge */
<L[2]
  <B[1] 0x00>
  <L[0]
  >
>
.
Program takes      0 seconds to log this message.
2023-09-12 17:34:09.688: Receive Data Message.
00 00 00 0A 00 00 00 03 00 07
2023-09-12 17:34:09.688: Receive S0F3(1846485610).
00 00 00 03 00 07 6E 0F 22 6A
S0F3  
Program takes      0 seconds to log this message.
