//////////////////////////////////////////////////////////////////////////
2023-09-08 09:13:10.359: CTLT_SECS (HSMS Mode) Ver. 2.3.6 & CTLT_GEM Ver. 2.9.3 Start...Driver: NO_LICENCE
2023-09-08 09:13:11.028: Receive Select.req.
FF FF 00 00 00 01 01 41 CD 62
2023-09-08 09:13:11.192: Send Select.rsp.
FF FF 00 00 00 02 01 41 CD 62
2023-09-08 09:13:17.508: Send Data Message.
00 00 00 1E 00 00 81 0D 00 00
2023-09-08 09:13:17.508: Send S1F13(3554124).
00 00 81 0D 00 00 00 36 3B 4C   01 02 41 07 54 72 69 6D 47 61
70 41 07 31 2E 30 2E 30 2E 30
S1F13 W /* Establish Communications Request */
<L[2]
  <A[7]"TrimGap"> /* Name = MDLN, Keyword = GEM_MDLN (GEM_MDLN) */
  <A[7]"1.0.0.0"> /* Name = SoftRev, Keyword = GEM_SOFTREV (GEM_SOFTREV) */
>
.
Program takes      0.051 seconds to log this message.
2023-09-08 09:13:17.558: Receive Data Message.
00 00 00 11 00 00 01 0E 00 00
2023-09-08 09:13:17.558: Receive S1F14(3554124).
00 00 01 0E 00 00 00 36 3B 4C   01 02 21 01 00 01 00
S1F14  /* Establish Communications Request Acknowledge */
<L[2]
  <B[1] 0x00> /* Name = COMMACK */
  <L[0]
  >
>
.
Program takes      0 seconds to log this message.
2023-09-08 09:14:23.716: Send Linktest.req.
FF FF 00 00 00 05 00 36 3B 4D
2023-09-08 09:14:23.716: Receive Linktest.rsp.
FF FF 00 00 00 06 00 36 3B 4D
2023-09-08 09:15:30.269: Send Linktest.req.
FF FF 00 00 00 05 00 36 3B 4E
2023-09-08 09:15:30.271: Receive Linktest.rsp.
FF FF 00 00 00 06 00 36 3B 4E
//////////////////////////////////////////////////////////////////////////
2023-09-08 09:17:11.292: CTLT_SECS (HSMS Mode) Ver. 2.3.6 & CTLT_GEM Ver. 2.9.3 Start...Driver: NO_LICENCE
2023-09-08 09:17:12.077: Receive Select.req.
FF FF 00 00 00 01 01 41 CD 62
2023-09-08 09:17:12.247: Send Select.rsp.
FF FF 00 00 00 02 01 41 CD 62
2023-09-08 09:17:18.766: Send Data Message.
00 00 00 1E 00 00 81 0D 00 00
2023-09-08 09:17:18.766: Send S1F13(8004912).
00 00 81 0D 00 00 00 7A 25 30   01 02 41 07 54 72 69 6D 47 61
70 41 07 31 2E 30 2E 30 2E 30
S1F13 W /* Establish Communications Request */
<L[2]
  <A[7]"TrimGap"> /* Name = MDLN, Keyword = GEM_MDLN (GEM_MDLN) */
  <A[7]"1.0.0.0"> /* Name = SoftRev, Keyword = GEM_SOFTREV (GEM_SOFTREV) */
>
.
Program takes      0.391 seconds to log this message.
2023-09-08 09:17:19.156: Receive Data Message.
00 00 00 11 00 00 01 0E 00 00
2023-09-08 09:17:19.156: Receive S1F14(8004912).
00 00 01 0E 00 00 00 7A 25 30   01 02 21 01 00 01 00
S1F14  /* Establish Communications Request Acknowledge */
<L[2]
  <B[1] 0x00> /* Name = COMMACK */
  <L[0]
  >
>
.
Program takes      0 seconds to log this message.
2023-09-08 09:18:24.498: Send Linktest.req.
FF FF 00 00 00 05 00 7A 25 31
2023-09-08 09:18:24.499: Receive Linktest.rsp.
FF FF 00 00 00 06 00 7A 25 31
2023-09-08 09:18:50.209: Receive Data Message.
00 00 00 49 00 00 02 29 00 00
2023-09-08 09:18:50.209: Receive S2F41(0).
00 00 02 29 00 00 00 00 00 00   01 02 41 0B 53 4C 4F 54 4D 41
50 2D 4C 26 43 01 02 01 02 41   0B 4C 4F 41 44 50 4F 52 54 2D
49 44 41 01 31 01 02 41 0A 43   41 52 52 49 45 52 2D 49 44 41
0C 43 41 52 52 49 45 52 2D 54   45 53 54
S2F41  /* Host Command Send */
<L[2]
  <A[11]"SLOTMAP-L&C"> /* Name = RCMD */
  <L[2]
    <L[2]
      <A[11]"LOADPORT-ID"> /* Name = CPNAME */
      <A[1]"1"> /* Name = CPVAL */
    >
    <L[2]
      <A[10]"CARRIER-ID"> /* Name = CPNAME */
      <A[12]"CARRIER-TEST"> /* Name = CPVAL */
    >
  >
>
.
Program takes      0 seconds to log this message.
2023-09-08 09:18:50.236: Send Data Message.
00 00 00 11 00 00 02 2A 00 00
2023-09-08 09:18:50.236: Send S2F42(0).
00 00 02 2A 00 00 00 00 00 00   01 02 21 01 00 01 00
S2F42  /* Host Command Acknowledge */
<L[2]
  <B[1] 0x00>
  <L[0]
  >
>
.
Program takes      0 seconds to log this message.
2023-09-08 09:18:50.424: Receive Data Message.
00 00 00 4A 00 00 02 29 00 00
2023-09-08 09:18:50.424: Receive S2F41(0).
00 00 02 29 00 00 00 00 00 00   01 02 41 0B 52 45 4C 45 41 53
45 2D 4C 26 43 01 02 01 02 41   0B 4C 4F 41 44 50 4F 52 54 2D
49 44 41 01 32 01 02 41 0A 43   41 52 52 49 45 52 2D 49 44 41
0D 43 41 52 52 49 45 52 2D 54   45 53 54 32
S2F41  /* Host Command Send */
<L[2]
  <A[11]"RELEASE-L&C"> /* Name = RCMD */
  <L[2]
    <L[2]
      <A[11]"LOADPORT-ID"> /* Name = CPNAME */
      <A[1]"2"> /* Name = CPVAL */
    >
    <L[2]
      <A[10]"CARRIER-ID"> /* Name = CPNAME */
      <A[13]"CARRIER-TEST2"> /* Name = CPVAL */
    >
  >
>
.
Program takes      0 seconds to log this message.
2023-09-08 09:18:50.424: Send Data Message.
00 00 00 11 00 00 02 2A 00 00
2023-09-08 09:18:50.424: Send S2F42(0).
00 00 02 2A 00 00 00 00 00 00   01 02 21 01 00 01 00
S2F42  /* Host Command Acknowledge */
<L[2]
  <B[1] 0x00>
  <L[0]
  >
>
.
Program takes      0 seconds to log this message.
//////////////////////////////////////////////////////////////////////////
2023-09-08 11:35:50.797: CTLT_SECS (HSMS Mode) Ver. 2.3.6 & CTLT_GEM Ver. 2.9.3 Start...Driver: NO_LICENCE
2023-09-08 11:35:51.240: Receive Select.req.
FF FF 00 00 00 01 26 CA F2 C7
2023-09-08 11:35:51.301: Send Select.rsp.
FF FF 00 00 00 02 26 CA F2 C7
2023-09-08 11:35:58.280: Send Data Message.
00 00 00 1E 00 00 81 0D 00 00
2023-09-08 11:35:58.280: Send S1F13(8910004).
00 00 81 0D 00 00 00 87 F4 B4   01 02 41 07 54 72 69 6D 47 61
70 41 07 31 2E 30 2E 30 2E 30
S1F13 W /* Establish Communications Request */
<L[2]
  <A[7]"TrimGap"> /* Name = MDLN, Keyword = GEM_MDLN (GEM_MDLN) */
  <A[7]"1.0.0.0"> /* Name = SoftRev, Keyword = GEM_SOFTREV (GEM_SOFTREV) */
>
.
Program takes      0.083 seconds to log this message.
2023-09-08 11:35:58.496: Receive Data Message.
00 00 00 11 00 00 01 0E 00 00
2023-09-08 11:35:58.496: Receive S1F14(8910004).
00 00 01 0E 00 00 00 87 F4 B4   01 02 21 01 00 01 00
S1F14  /* Establish Communications Request Acknowledge */
<L[2]
  <B[1] 0x00> /* Name = COMMACK */
  <L[0]
  >
>
.
Program takes      0 seconds to log this message.
2023-09-08 11:36:58.500: Receive Linktest.req.
FF FF 00 00 00 05 26 CA F2 C8
2023-09-08 11:36:58.500: Send Linktest.rsp.
FF FF 00 00 00 06 26 CA F2 C8
2023-09-08 11:37:04.621: Send Linktest.req.
FF FF 00 00 00 05 00 87 F4 B5
2023-09-08 11:37:04.639: Receive Linktest.rsp.
FF FF 00 00 00 06 00 87 F4 B5
2023-09-08 11:38:04.647: Receive Linktest.req.
FF FF 00 00 00 05 26 CA F2 C9
2023-09-08 11:38:04.647: Send Linktest.rsp.
FF FF 00 00 00 06 26 CA F2 C9
2023-09-08 11:38:19.014: Receive Data Message.
00 00 00 49 00 00 02 29 00 00
2023-09-08 11:38:19.014: Receive S2F41(650834634).
00 00 02 29 00 00 26 CA F2 CA   01 02 41 0B 53 4C 4F 54 4D 41
50 2D 4C 26 43 01 02 01 02 41   0B 4C 4F 41 44 50 4F 52 54 2D
49 44 41 01 31 01 02 41 0A 43   41 52 52 49 45 52 2D 49 44 41
0C 43 41 52 52 49 45 52 2D 54   45 53 54
S2F41  /* Host Command Send */
<L[2]
  <A[11]"SLOTMAP-L&C"> /* Name = RCMD */
  <L[2]
    <L[2]
      <A[11]"LOADPORT-ID"> /* Name = CPNAME */
      <A[1]"1"> /* Name = CPVAL */
    >
    <L[2]
      <A[10]"CARRIER-ID"> /* Name = CPNAME */
      <A[12]"CARRIER-TEST"> /* Name = CPVAL */
    >
  >
>
.
Program takes      0 seconds to log this message.
2023-09-08 11:38:19.050: Send Data Message.
00 00 00 11 00 00 02 2A 00 00
2023-09-08 11:38:19.050: Send S2F42(650834634).
00 00 02 2A 00 00 26 CA F2 CA   01 02 21 01 00 01 00
S2F42  /* Host Command Acknowledge */
<L[2]
  <B[1] 0x00>
  <L[0]
  >
>
.
Program takes      0 seconds to log this message.
2023-09-08 11:38:19.078: Receive Data Message.
00 00 00 0A 00 00 00 03 00 07
2023-09-08 11:38:19.078: Receive S0F3(650834634).
00 00 00 03 00 07 26 CA F2 CA
S0F3  
Program takes      0 seconds to log this message.
2023-09-08 11:38:56.924: Send Data Message.
00 00 00 29 00 00 86 0B 00 00
2023-09-08 11:38:56.924: Send S6F11(8910006).
00 00 86 0B 00 00 00 87 F4 B6   01 03 B1 04 00 00 00 01 B1 04
00 00 00 65 01 01 01 02 B1 04   00 00 00 58 01 02 A5 01 01 41
00
S6F11 W /* Event Report Send */
<L[3]
  <U4[1] 1> /* Name = DATAID */
  <U4[1] 101> /* Name = CEID, Keyword = MaterialRemove (101) */
  <L[1]
    <L[2]
      <U4[1] 88> /* Name = RPTID */
      <L[2]
        <U1[1] 1> /* Name = Value, Keyword = PortID (2001) */
        <A[0]""> /* Name = Value, Keyword = CarrierID (2000) */
      >
    >
  >
>
.
Program takes      0.121 seconds to log this message.
2023-09-08 11:38:57.044: Receive Data Message.
00 00 00 0D 00 00 06 0C 00 00
2023-09-08 11:38:57.044: Receive S6F12(8910006).
00 00 06 0C 00 00 00 87 F4 B6   21 01 00
S6F12  /* Event Report Ack */
<B[1] 0x00> /* Name = ACKC6 */
.
Program takes      0 seconds to log this message.
//////////////////////////////////////////////////////////////////////////
2023-09-08 11:43:06.285: CTLT_SECS (HSMS Mode) Ver. 2.3.6 & CTLT_GEM Ver. 2.9.3 Start...Driver: NO_LICENCE
2023-09-08 11:43:10.929: Receive Select.req.
FF FF 00 00 00 01 26 CA F2 CB
2023-09-08 11:43:11.030: Send Select.rsp.
FF FF 00 00 00 02 26 CA F2 CB
2023-09-08 11:43:13.633: Send Data Message.
00 00 00 1E 00 00 81 0D 00 00
2023-09-08 11:43:13.633: Send S1F13(6028104).
00 00 81 0D 00 00 00 5B FB 48   01 02 41 07 54 72 69 6D 47 61
70 41 07 31 2E 30 2E 30 2E 30
S1F13 W /* Establish Communications Request */
<L[2]
  <A[7]"TrimGap"> /* Name = MDLN, Keyword = GEM_MDLN (GEM_MDLN) */
  <A[7]"1.0.0.0"> /* Name = SoftRev, Keyword = GEM_SOFTREV (GEM_SOFTREV) */
>
.
Program takes      0.05 seconds to log this message.
2023-09-08 11:43:13.680: Receive Data Message.
00 00 00 11 00 00 01 0E 00 00
2023-09-08 11:43:13.680: Receive S1F14(6028104).
00 00 01 0E 00 00 00 5B FB 48   01 02 21 01 00 01 00
S1F14  /* Establish Communications Request Acknowledge */
<L[2]
  <B[1] 0x00> /* Name = COMMACK */
  <L[0]
  >
>
.
Program takes      0 seconds to log this message.
2023-09-08 11:44:13.652: Receive Linktest.req.
FF FF 00 00 00 05 26 CA F2 CC
2023-09-08 11:44:13.652: Send Linktest.rsp.
FF FF 00 00 00 06 26 CA F2 CC
2023-09-08 11:44:19.162: Send Linktest.req.
FF FF 00 00 00 05 00 5B FB 49
2023-09-08 11:44:19.178: Receive Linktest.rsp.
FF FF 00 00 00 06 00 5B FB 49
2023-09-08 11:44:47.138: Receive Data Message.
00 00 00 49 00 00 02 29 00 00
2023-09-08 11:44:47.138: Receive S2F41(650834637).
00 00 02 29 00 00 26 CA F2 CD   01 02 41 0B 53 4C 4F 54 4D 41
50 2D 4C 26 43 01 02 01 02 41   0B 4C 4F 41 44 50 4F 52 54 2D
49 44 41 01 31 01 02 41 0A 43   41 52 52 49 45 52 2D 49 44 41
0C 43 41 52 52 49 45 52 2D 54   45 53 54
S2F41  /* Host Command Send */
<L[2]
  <A[11]"SLOTMAP-L&C"> /* Name = RCMD */
  <L[2]
    <L[2]
      <A[11]"LOADPORT-ID"> /* Name = CPNAME */
      <A[1]"1"> /* Name = CPVAL */
    >
    <L[2]
      <A[10]"CARRIER-ID"> /* Name = CPNAME */
      <A[12]"CARRIER-TEST"> /* Name = CPVAL */
    >
  >
>
.
Program takes      0 seconds to log this message.
2023-09-08 11:44:47.165: Send Data Message.
00 00 00 11 00 00 02 2A 00 00
2023-09-08 11:44:47.165: Send S2F42(650834637).
00 00 02 2A 00 00 26 CA F2 CD   01 02 21 01 00 01 00
S2F42  /* Host Command Acknowledge */
<L[2]
  <B[1] 0x00>
  <L[0]
  >
>
.
Program takes      0 seconds to log this message.
2023-09-08 11:44:47.168: Receive Data Message.
00 00 00 0A 00 00 00 03 00 07
2023-09-08 11:44:47.168: Receive S0F3(650834637).
00 00 00 03 00 07 26 CA F2 CD
S0F3  
Program takes      0 seconds to log this message.
2023-09-08 11:45:49.037: Receive Linktest.req.
FF FF 00 00 00 05 26 CA F2 CE
2023-09-08 11:45:49.038: Send Linktest.rsp.
FF FF 00 00 00 06 26 CA F2 CE
//////////////////////////////////////////////////////////////////////////
2023-09-08 11:49:50.347: CTLT_SECS (HSMS Mode) Ver. 2.3.6 & CTLT_GEM Ver. 2.9.3 Start...Driver: NO_LICENCE
2023-09-08 11:49:51.049: Receive Select.req.
FF FF 00 00 00 01 01 41 CD 62
2023-09-08 11:49:51.089: Send Select.rsp.
FF FF 00 00 00 02 01 41 CD 62
2023-09-08 11:49:57.115: Send Data Message.
00 00 00 1E 00 00 81 0D 00 00
2023-09-08 11:49:57.115: Send S1F13(4199934).
00 00 81 0D 00 00 00 40 15 FE   01 02 41 07 54 72 69 6D 47 61
70 41 07 31 2E 30 2E 30 2E 30
S1F13 W /* Establish Communications Request */
<L[2]
  <A[7]"TrimGap"> /* Name = MDLN, Keyword = GEM_MDLN (GEM_MDLN) */
  <A[7]"1.0.0.0"> /* Name = SoftRev, Keyword = GEM_SOFTREV (GEM_SOFTREV) */
>
.
Program takes      0.078 seconds to log this message.
2023-09-08 11:49:57.191: Receive Data Message.
00 00 00 11 00 00 01 0E 00 00
2023-09-08 11:49:57.191: Receive S1F14(4199934).
00 00 01 0E 00 00 00 40 15 FE   01 02 21 01 00 01 00
S1F14  /* Establish Communications Request Acknowledge */
<L[2]
  <B[1] 0x00> /* Name = COMMACK */
  <L[0]
  >
>
.
Program takes      0 seconds to log this message.
2023-09-08 11:51:03.035: Send Linktest.req.
FF FF 00 00 00 05 00 40 15 FF
2023-09-08 11:51:03.035: Receive Linktest.rsp.
FF FF 00 00 00 06 00 40 15 FF
2023-09-08 11:51:22.673: Receive Data Message.
00 00 00 49 00 00 02 29 00 00
2023-09-08 11:51:22.673: Receive S2F41(0).
00 00 02 29 00 00 00 00 00 00   01 02 41 0B 53 4C 4F 54 4D 41
50 2D 4C 26 43 01 02 01 02 41   0B 4C 4F 41 44 50 4F 52 54 2D
49 44 41 01 31 01 02 41 0A 43   41 52 52 49 45 52 2D 49 44 41
0C 43 41 52 52 49 45 52 2D 54   45 53 54
S2F41  /* Host Command Send */
<L[2]
  <A[11]"SLOTMAP-L&C"> /* Name = RCMD */
  <L[2]
    <L[2]
      <A[11]"LOADPORT-ID"> /* Name = CPNAME */
      <A[1]"1"> /* Name = CPVAL */
    >
    <L[2]
      <A[10]"CARRIER-ID"> /* Name = CPNAME */
      <A[12]"CARRIER-TEST"> /* Name = CPVAL */
    >
  >
>
.
Program takes      0 seconds to log this message.
2023-09-08 11:51:22.711: Send Data Message.
00 00 00 11 00 00 02 2A 00 00
2023-09-08 11:51:22.711: Send S2F42(0).
00 00 02 2A 00 00 00 00 00 00   01 02 21 01 00 01 00
S2F42  /* Host Command Acknowledge */
<L[2]
  <B[1] 0x00>
  <L[0]
  >
>
.
Program takes      0 seconds to log this message.
2023-09-08 11:51:22.891: Receive Data Message.
00 00 00 4A 00 00 02 29 00 00
2023-09-08 11:51:22.891: Receive S2F41(0).
00 00 02 29 00 00 00 00 00 00   01 02 41 0B 52 45 4C 45 41 53
45 2D 4C 26 43 01 02 01 02 41   0B 4C 4F 41 44 50 4F 52 54 2D
49 44 41 01 32 01 02 41 0A 43   41 52 52 49 45 52 2D 49 44 41
0D 43 41 52 52 49 45 52 2D 54   45 53 54 32
S2F41  /* Host Command Send */
<L[2]
  <A[11]"RELEASE-L&C"> /* Name = RCMD */
  <L[2]
    <L[2]
      <A[11]"LOADPORT-ID"> /* Name = CPNAME */
      <A[1]"2"> /* Name = CPVAL */
    >
    <L[2]
      <A[10]"CARRIER-ID"> /* Name = CPNAME */
      <A[13]"CARRIER-TEST2"> /* Name = CPVAL */
    >
  >
>
.
Program takes      0 seconds to log this message.
2023-09-08 11:51:22.892: Send Data Message.
00 00 00 11 00 00 02 2A 00 00
2023-09-08 11:51:22.892: Send S2F42(0).
00 00 02 2A 00 00 00 00 00 00   01 02 21 01 00 01 00
S2F42  /* Host Command Acknowledge */
<L[2]
  <B[1] 0x00>
  <L[0]
  >
>
.
Program takes      0 seconds to log this message.
//////////////////////////////////////////////////////////////////////////
2023-09-08 13:12:42.176: CTLT_SECS (HSMS Mode) Ver. 2.3.6 & CTLT_GEM Ver. 2.9.3 Start...Driver: NO_LICENCE
2023-09-08 13:12:42.649: Receive Select.req.
FF FF 00 00 00 01 3F FA 93 9C
2023-09-08 13:12:42.844: Send Select.rsp.
FF FF 00 00 00 02 3F FA 93 9C
2023-09-08 13:12:50.018: Send Data Message.
00 00 00 1E 00 00 81 0D 00 00
2023-09-08 13:12:50.018: Send S1F13(3154949).
00 00 81 0D 00 00 00 30 24 05   01 02 41 07 54 72 69 6D 47 61
70 41 07 31 2E 30 2E 30 2E 30
S1F13 W /* Establish Communications Request */
<L[2]
  <A[7]"TrimGap"> /* Name = MDLN, Keyword = GEM_MDLN (GEM_MDLN) */
  <A[7]"1.0.0.0"> /* Name = SoftRev, Keyword = GEM_SOFTREV (GEM_SOFTREV) */
>
.
Program takes      0.126 seconds to log this message.
2023-09-08 13:12:50.143: Receive Data Message.
00 00 00 11 00 00 01 0E 00 00
2023-09-08 13:12:50.143: Receive S1F14(3154949).
00 00 01 0E 00 00 00 30 24 05   01 02 21 01 00 01 00
S1F14  /* Establish Communications Request Acknowledge */
<L[2]
  <B[1] 0x00> /* Name = COMMACK */
  <L[0]
  >
>
.
Program takes      0 seconds to log this message.
2023-09-08 13:13:50.107: Receive Linktest.req.
FF FF 00 00 00 05 3F FA 93 9D
2023-09-08 13:13:50.107: Send Linktest.rsp.
FF FF 00 00 00 06 3F FA 93 9D
2023-09-08 13:13:55.466: Send Linktest.req.
FF FF 00 00 00 05 00 30 24 06
2023-09-08 13:13:55.483: Receive Linktest.rsp.
FF FF 00 00 00 06 00 30 24 06
2023-09-08 13:14:55.489: Receive Linktest.req.
FF FF 00 00 00 05 3F FA 93 9E
2023-09-08 13:14:55.489: Send Linktest.rsp.
FF FF 00 00 00 06 3F FA 93 9E
2023-09-08 13:15:02.180: Send Linktest.req.
FF FF 00 00 00 05 00 30 24 07
2023-09-08 13:15:02.196: Receive Linktest.rsp.
FF FF 00 00 00 06 00 30 24 07
2023-09-08 13:15:29.965: Receive Data Message.
00 00 00 49 00 00 02 29 00 00
2023-09-08 13:15:29.965: Receive S2F41(1073386399).
00 00 02 29 00 00 3F FA 93 9F   01 02 41 0B 53 4C 4F 54 4D 41
50 2D 4C 26 43 01 02 01 02 41   0B 4C 4F 41 44 50 4F 52 54 2D
49 44 41 01 31 01 02 41 0A 43   41 52 52 49 45 52 2D 49 44 41
0C 43 41 52 52 49 45 52 2D 54   45 53 54
S2F41  /* Host Command Send */
<L[2]
  <A[11]"SLOTMAP-L&C"> /* Name = RCMD */
  <L[2]
    <L[2]
      <A[11]"LOADPORT-ID"> /* Name = CPNAME */
      <A[1]"1"> /* Name = CPVAL */
    >
    <L[2]
      <A[10]"CARRIER-ID"> /* Name = CPNAME */
      <A[12]"CARRIER-TEST"> /* Name = CPVAL */
    >
  >
>
.
Program takes      0 seconds to log this message.
2023-09-08 13:15:29.992: Send Data Message.
00 00 00 11 00 00 02 2A 00 00
2023-09-08 13:15:29.992: Send S2F42(1073386399).
00 00 02 2A 00 00 3F FA 93 9F   01 02 21 01 00 01 00
S2F42  /* Host Command Acknowledge */
<L[2]
  <B[1] 0x00>
  <L[0]
  >
>
.
Program takes      0 seconds to log this message.
2023-09-08 13:15:30.020: Receive Data Message.
00 00 00 0A 00 00 00 03 00 07
2023-09-08 13:15:30.020: Receive S0F3(1073386399).
00 00 00 03 00 07 3F FA 93 9F
S0F3  
Program takes      0 seconds to log this message.
2023-09-08 13:27:52.489: Receive Linktest.req.
FF FF 00 00 00 05 3F FA 93 A0
2023-09-08 13:27:52.489: Send Linktest.rsp.
FF FF 00 00 00 06 3F FA 93 A0
2023-09-08 13:27:52.489: Receive Linktest.req.
FF FF 00 00 00 05 3F FA 93 A1
2023-09-08 13:27:52.490: Send Linktest.rsp.
FF FF 00 00 00 06 3F FA 93 A1
2023-09-08 13:27:52.490: Receive Linktest.req.
FF FF 00 00 00 05 3F FA 93 A2
2023-09-08 13:27:52.490: Send Linktest.rsp.
FF FF 00 00 00 06 3F FA 93 A2
2023-09-08 13:27:52.507: Receive Linktest.req.
FF FF 00 00 00 05 3F FA 93 A3
2023-09-08 13:27:52.507: Send Linktest.rsp.
FF FF 00 00 00 06 3F FA 93 A3
2023-09-08 13:27:52.554: Receive Linktest.req.
FF FF 00 00 00 05 3F FA 93 A4
2023-09-08 13:27:52.554: Send Linktest.rsp.
FF FF 00 00 00 06 3F FA 93 A4
2023-09-08 13:27:52.554: Receive Linktest.req.
FF FF 00 00 00 05 3F FA 93 A5
2023-09-08 13:27:52.555: Send Linktest.rsp.
FF FF 00 00 00 06 3F FA 93 A5
2023-09-08 13:27:52.555: Receive Linktest.req.
FF FF 00 00 00 05 3F FA 93 A6
2023-09-08 13:27:52.567: Send Linktest.rsp.
FF FF 00 00 00 06 3F FA 93 A6
2023-09-08 13:27:52.567: Receive Linktest.req.
FF FF 00 00 00 05 3F FA 93 A7
2023-09-08 13:27:52.567: Send Linktest.rsp.
FF FF 00 00 00 06 3F FA 93 A7
2023-09-08 13:27:52.982: Receive Linktest.req.
FF FF 00 00 00 05 3F FA 93 A8
2023-09-08 13:27:52.982: Send Linktest.rsp.
FF FF 00 00 00 06 3F FA 93 A8
2023-09-08 13:27:52.982: Receive Linktest.req.
FF FF 00 00 00 05 3F FA 93 A9
2023-09-08 13:27:52.983: Send Linktest.rsp.
FF FF 00 00 00 06 3F FA 93 A9
2023-09-08 13:27:52.983: Receive Linktest.req.
FF FF 00 00 00 05 3F FA 93 AA
2023-09-08 13:27:52.983: Send Linktest.rsp.
FF FF 00 00 00 06 3F FA 93 AA
2023-09-08 13:27:52.983: Receive Linktest.req.
FF FF 00 00 00 05 3F FA 93 AB
2023-09-08 13:27:52.983: Send Linktest.rsp.
FF FF 00 00 00 06 3F FA 93 AB
2023-09-08 13:27:53.019: Receive Data Message.
00 00 00 0A FF FF 06 03 00 07
2023-09-08 13:27:53.019: Receive S6F3(1073386400).
FF FF 06 03 00 07 3F FA 93 A0
S6F3  
Program takes      0 seconds to log this message.
2023-09-08 13:27:53.019: Receive Data Message.
00 00 00 0A FF FF 06 03 00 07
2023-09-08 13:27:53.019: Receive S6F3(1073386401).
FF FF 06 03 00 07 3F FA 93 A1
S6F3  
Program takes      0 seconds to log this message.
2023-09-08 13:27:53.020: Receive Data Message.
00 00 00 0A FF FF 06 03 00 07
2023-09-08 13:27:53.020: Receive S6F3(1073386402).
FF FF 06 03 00 07 3F FA 93 A2
S6F3  
Program takes      0 seconds to log this message.
2023-09-08 13:27:53.020: Receive Data Message.
00 00 00 0A FF FF 06 03 00 07
2023-09-08 13:27:53.020: Receive S6F3(1073386403).
FF FF 06 03 00 07 3F FA 93 A3
S6F3  
Program takes      0 seconds to log this message.
2023-09-08 13:27:53.021: Receive Data Message.
00 00 00 0A FF FF 06 03 00 07
2023-09-08 13:27:53.021: Receive S6F3(1073386404).
FF FF 06 03 00 07 3F FA 93 A4
S6F3  
Program takes      0 seconds to log this message.
2023-09-08 13:27:53.021: Receive Data Message.
00 00 00 0A FF FF 06 03 00 07
2023-09-08 13:27:53.021: Receive S6F3(1073386405).
FF FF 06 03 00 07 3F FA 93 A5
S6F3  
Program takes      0 seconds to log this message.
2023-09-08 13:27:53.021: Receive Data Message.
00 00 00 0A FF FF 06 03 00 07
2023-09-08 13:27:53.021: Receive S6F3(1073386406).
FF FF 06 03 00 07 3F FA 93 A6
S6F3  
Program takes      0 seconds to log this message.
2023-09-08 13:27:53.022: Receive Data Message.
00 00 00 0A FF FF 06 03 00 07
2023-09-08 13:27:53.022: Receive S6F3(1073386407).
FF FF 06 03 00 07 3F FA 93 A7
S6F3  
Program takes      0 seconds to log this message.
2023-09-08 13:27:53.022: Receive Data Message.
00 00 00 0A FF FF 06 03 00 07
2023-09-08 13:27:53.022: Receive S6F3(1073386408).
FF FF 06 03 00 07 3F FA 93 A8
S6F3  
Program takes      0 seconds to log this message.
2023-09-08 13:27:53.022: Receive Data Message.
00 00 00 0A FF FF 06 03 00 07
2023-09-08 13:27:53.022: Receive S6F3(1073386409).
FF FF 06 03 00 07 3F FA 93 A9
S6F3  
Program takes      0 seconds to log this message.
2023-09-08 13:27:53.022: Receive Data Message.
00 00 00 0A FF FF 06 03 00 07
2023-09-08 13:27:53.022: Receive S6F3(1073386410).
FF FF 06 03 00 07 3F FA 93 AA
S6F3  
Program takes      0 seconds to log this message.
2023-09-08 13:27:53.023: Receive Data Message.
00 00 00 0A FF FF 06 03 00 07
2023-09-08 13:27:53.023: Receive S6F3(1073386411).
FF FF 06 03 00 07 3F FA 93 AB
S6F3  
Program takes      0 seconds to log this message.
//////////////////////////////////////////////////////////////////////////
2023-09-08 13:41:48.964: CTLT_SECS (HSMS Mode) Ver. 2.3.6 & CTLT_GEM Ver. 2.9.3 Start...Driver: NO_LICENCE
2023-09-08 13:41:49.527: Receive Select.req.
FF FF 00 00 00 01 6C D2 6A 53
2023-09-08 13:41:49.569: Send Select.rsp.
FF FF 00 00 00 02 6C D2 6A 53
2023-09-08 13:41:56.310: Send Data Message.
00 00 00 1E 00 00 81 0D 00 00
2023-09-08 13:41:56.310: Send S1F13(1648947).
00 00 81 0D 00 00 00 19 29 33   01 02 41 07 54 72 69 6D 47 61
70 41 07 31 2E 30 2E 30 2E 30
S1F13 W /* Establish Communications Request */
<L[2]
  <A[7]"TrimGap"> /* Name = MDLN, Keyword = GEM_MDLN (GEM_MDLN) */
  <A[7]"1.0.0.0"> /* Name = SoftRev, Keyword = GEM_SOFTREV (GEM_SOFTREV) */
>
.
Program takes      0.031 seconds to log this message.
2023-09-08 13:41:56.445: Receive Data Message.
00 00 00 11 00 00 01 0E 00 00
2023-09-08 13:41:56.445: Receive S1F14(1648947).
00 00 01 0E 00 00 00 19 29 33   01 02 21 01 00 01 00
S1F14  /* Establish Communications Request Acknowledge */
<L[2]
  <B[1] 0x00> /* Name = COMMACK */
  <L[0]
  >
>
.
Program takes      0 seconds to log this message.
2023-09-08 13:42:56.454: Receive Linktest.req.
FF FF 00 00 00 05 6C D2 6A 54
2023-09-08 13:42:56.454: Send Linktest.rsp.
FF FF 00 00 00 06 6C D2 6A 54
2023-09-08 13:43:02.313: Send Linktest.req.
FF FF 00 00 00 05 00 19 29 34
2023-09-08 13:43:02.331: Receive Linktest.rsp.
FF FF 00 00 00 06 00 19 29 34
2023-09-08 13:44:02.345: Receive Linktest.req.
FF FF 00 00 00 05 6C D2 6A 55
2023-09-08 13:44:02.345: Send Linktest.rsp.
FF FF 00 00 00 06 6C D2 6A 55
2023-09-08 13:44:09.199: Send Linktest.req.
FF FF 00 00 00 05 00 19 29 35
2023-09-08 13:44:09.215: Receive Linktest.rsp.
FF FF 00 00 00 06 00 19 29 35
2023-09-08 13:44:26.968: Receive Data Message.
00 00 00 3F 00 00 82 29 00 00
2023-09-08 13:44:26.968: Receive S2F41(1825729110).
00 00 82 29 00 00 6C D2 6A 56   01 02 41 05 53 54 41 52 54 01
03 01 02 41 04 50 50 49 44 41   04 41 42 20 20 01 02 41 06 50
4F 52 54 49 44 B1 04 00 00 00   2B 01 02 41 04 53 4C 4F 54 69
02 00 15
S2F41 W /* Host Command Send */
<L[2]
  <A[5]"START"> /* Name = RCMD */
  <L[3]
    <L[2]
      <A[4]"PPID"> /* Name = CPNAME */
      <A[4]"AB  "> /* Name = CPVAL */
    >
    <L[2]
      <A[6]"PORTID"> /* Name = CPNAME */
      <U4[1] 43> /* Name = CPVAL */
    >
    <L[2]
      <A[4]"SLOT"> /* Name = CPNAME */
      <I2[1] 21> /* Name = CPVAL */
    >
  >
>
.
Program takes      0 seconds to log this message.
2023-09-08 13:44:26.997: Send Data Message.
00 00 00 11 00 00 02 2A 00 00
2023-09-08 13:44:26.997: Send S2F42(1825729110).
00 00 02 2A 00 00 6C D2 6A 56   01 02 21 01 00 01 00
S2F42  /* Host Command Acknowledge */
<L[2]
  <B[1] 0x00>
  <L[0]
  >
>
.
Program takes      0 seconds to log this message.
2023-09-08 13:45:27.007: Receive Linktest.req.
FF FF 00 00 00 05 6C D2 6A 57
2023-09-08 13:45:27.007: Send Linktest.rsp.
FF FF 00 00 00 06 6C D2 6A 57
2023-09-08 13:45:32.880: Send Linktest.req.
FF FF 00 00 00 05 00 19 29 36
2023-09-08 13:45:32.896: Receive Linktest.rsp.
FF FF 00 00 00 06 00 19 29 36
2023-09-08 13:46:32.902: Receive Linktest.req.
FF FF 00 00 00 05 6C D2 6A 58
2023-09-08 13:46:32.902: Send Linktest.rsp.
FF FF 00 00 00 06 6C D2 6A 58
2023-09-08 13:46:38.922: Send Linktest.req.
FF FF 00 00 00 05 00 19 29 37
2023-09-08 13:46:38.938: Receive Linktest.rsp.
FF FF 00 00 00 06 00 19 29 37
2023-09-08 13:47:21.547: Receive Data Message.
00 00 00 3F 00 00 82 29 00 00
2023-09-08 13:47:21.547: Receive S2F41(1825729113).
00 00 82 29 00 00 6C D2 6A 59   01 02 41 05 53 54 41 52 54 01
03 01 02 41 04 50 50 49 44 41   04 41 42 20 20 01 02 41 06 50
4F 52 54 49 44 B1 04 00 00 00   2B 01 02 41 04 53 4C 4F 54 69
02 00 15
S2F41 W /* Host Command Send */
<L[2]
  <A[5]"START"> /* Name = RCMD */
  <L[3]
    <L[2]
      <A[4]"PPID"> /* Name = CPNAME */
      <A[4]"AB  "> /* Name = CPVAL */
    >
    <L[2]
      <A[6]"PORTID"> /* Name = CPNAME */
      <U4[1] 43> /* Name = CPVAL */
    >
    <L[2]
      <A[4]"SLOT"> /* Name = CPNAME */
      <I2[1] 21> /* Name = CPVAL */
    >
  >
>
.
Program takes      0 seconds to log this message.
2023-09-08 13:47:29.345: Send Data Message.
00 00 00 11 00 00 02 2A 00 00
2023-09-08 13:47:29.345: Send S2F42(1825729113).
00 00 02 2A 00 00 6C D2 6A 59   01 02 21 01 00 01 00
S2F42  /* Host Command Acknowledge */
<L[2]
  <B[1] 0x00>
  <L[0]
  >
>
.
Program takes      0 seconds to log this message.
//////////////////////////////////////////////////////////////////////////
2023-09-08 14:11:49.421: CTLT_SECS (HSMS Mode) Ver. 2.3.6 & CTLT_GEM Ver. 2.9.3 Start...Driver: NO_LICENCE
2023-09-08 14:11:53.835: Receive Select.req.
FF FF 00 00 00 01 00 D3 7C 55
2023-09-08 14:11:53.940: Send Select.rsp.
FF FF 00 00 00 02 00 D3 7C 55
2023-09-08 14:11:56.497: Send Data Message.
00 00 00 1E 00 00 81 0D 00 00
2023-09-08 14:11:56.497: Send S1F13(6246999).
00 00 81 0D 00 00 00 5F 52 57   01 02 41 07 54 72 69 6D 47 61
70 41 07 31 2E 30 2E 30 2E 30
S1F13 W /* Establish Communications Request */
<L[2]
  <A[7]"TrimGap"> /* Name = MDLN, Keyword = GEM_MDLN (GEM_MDLN) */
  <A[7]"1.0.0.0"> /* Name = SoftRev, Keyword = GEM_SOFTREV (GEM_SOFTREV) */
>
.
Program takes      0.026 seconds to log this message.
2023-09-08 14:11:56.601: Receive Data Message.
00 00 00 11 00 00 01 0E 00 00
2023-09-08 14:11:56.601: Receive S1F14(6246999).
00 00 01 0E 00 00 00 5F 52 57   01 02 21 01 00 01 00
S1F14  /* Establish Communications Request Acknowledge */
<L[2]
  <B[1] 0x00> /* Name = COMMACK */
  <L[0]
  >
>
.
Program takes      0 seconds to log this message.
2023-09-08 14:12:56.607: Receive Linktest.req.
FF FF 00 00 00 05 00 D3 7C 56
2023-09-08 14:12:56.608: Send Linktest.rsp.
FF FF 00 00 00 06 00 D3 7C 56
2023-09-08 14:13:02.951: Send Linktest.req.
FF FF 00 00 00 05 00 5F 52 58
2023-09-08 14:13:02.967: Receive Linktest.rsp.
FF FF 00 00 00 06 00 5F 52 58
2023-09-08 14:13:22.640: Receive Data Message.
00 00 00 15 00 00 02 29 00 00
2023-09-08 14:13:22.640: Receive S2F41(13859927).
00 00 02 29 00 00 00 D3 7C 57   01 02 41 05 53 54 41 52 54 01
00
S2F41  /* Host Command Send */
<L[2]
  <A[5]"START"> /* Name = RCMD */
  <L[0]
  >
>
.
Program takes      0 seconds to log this message.
2023-09-08 14:13:25.924: Send Data Message.
00 00 00 11 00 00 02 2A 00 00
2023-09-08 14:13:25.924: Send S2F42(13859927).
00 00 02 2A 00 00 00 D3 7C 57   01 02 21 01 00 01 00
S2F42  /* Host Command Acknowledge */
<L[2]
  <B[1] 0x00>
  <L[0]
  >
>
.
Program takes      0 seconds to log this message.
2023-09-08 14:13:25.962: Receive Data Message.
00 00 00 0A 00 00 00 03 00 07
2023-09-08 14:13:25.962: Receive S0F3(13859927).
00 00 00 03 00 07 00 D3 7C 57
S0F3  
Program takes      0 seconds to log this message.
//////////////////////////////////////////////////////////////////////////
2023-09-08 14:22:08.881: CTLT_SECS (HSMS Mode) Ver. 2.3.6 & CTLT_GEM Ver. 2.9.3 Start...Driver: NO_LICENCE
2023-09-08 14:22:09.064: Receive Select.req.
FF FF 00 00 00 01 54 15 88 60
2023-09-08 14:22:09.165: Send Select.rsp.
FF FF 00 00 00 02 54 15 88 60
2023-09-08 14:22:15.295: Send Data Message.
00 00 00 1E 00 00 81 0D 00 00
2023-09-08 14:22:15.295: Send S1F13(4915298).
00 00 81 0D 00 00 00 4B 00 62   01 02 41 07 54 72 69 6D 47 61
70 41 07 31 2E 30 2E 30 2E 30
S1F13 W /* Establish Communications Request */
<L[2]
  <A[7]"TrimGap"> /* Name = MDLN, Keyword = GEM_MDLN (GEM_MDLN) */
  <A[7]"1.0.0.0"> /* Name = SoftRev, Keyword = GEM_SOFTREV (GEM_SOFTREV) */
>
.
Program takes      0.038 seconds to log this message.
2023-09-08 14:22:15.332: Receive Data Message.
00 00 00 11 00 00 01 0E 00 00
2023-09-08 14:22:15.332: Receive S1F14(4915298).
00 00 01 0E 00 00 00 4B 00 62   01 02 21 01 00 01 00
S1F14  /* Establish Communications Request Acknowledge */
<L[2]
  <B[1] 0x00> /* Name = COMMACK */
  <L[0]
  >
>
.
Program takes      0 seconds to log this message.
2023-09-08 14:23:15.324: Receive Linktest.req.
FF FF 00 00 00 05 54 15 88 61
2023-09-08 14:23:15.324: Send Linktest.rsp.
FF FF 00 00 00 06 54 15 88 61
2023-09-08 14:23:20.391: Send Linktest.req.
FF FF 00 00 00 05 00 4B 00 63
2023-09-08 14:23:20.407: Receive Linktest.rsp.
FF FF 00 00 00 06 00 4B 00 63
2023-09-08 14:24:20.417: Receive Linktest.req.
FF FF 00 00 00 05 54 15 88 62
2023-09-08 14:24:20.417: Send Linktest.rsp.
FF FF 00 00 00 06 54 15 88 62
2023-09-08 14:24:26.687: Send Linktest.req.
FF FF 00 00 00 05 00 4B 00 64
2023-09-08 14:24:26.703: Receive Linktest.rsp.
FF FF 00 00 00 06 00 4B 00 64
2023-09-08 14:25:26.715: Receive Linktest.req.
FF FF 00 00 00 05 54 15 88 63
2023-09-08 14:25:26.715: Send Linktest.rsp.
FF FF 00 00 00 06 54 15 88 63
2023-09-08 14:25:32.661: Send Linktest.req.
FF FF 00 00 00 05 00 4B 00 65
2023-09-08 14:25:32.677: Receive Linktest.rsp.
FF FF 00 00 00 06 00 4B 00 65
2023-09-08 14:26:32.685: Receive Linktest.req.
FF FF 00 00 00 05 54 15 88 64
2023-09-08 14:26:32.685: Send Linktest.rsp.
FF FF 00 00 00 06 54 15 88 64
2023-09-08 14:26:38.405: Send Linktest.req.
FF FF 00 00 00 05 00 4B 00 66
2023-09-08 14:26:38.421: Receive Linktest.rsp.
FF FF 00 00 00 06 00 4B 00 66
2023-09-08 14:27:44.110: Send Linktest.req.
FF FF 00 00 00 05 00 4B 00 67
[DebugLog] 14:27:44.562 ListenLoop() exception = 無法從傳輸連接讀取資料: 連線已被您主機上的軟體中止。。
2023-09-08 14:27:44.810: CTLT_SECS (HSMS Mode) Ver. 2.3.6 & CTLT_GEM Ver. 2.9.3 Start...Driver: NO_LICENCE
2023-09-08 14:28:51.744: Receive Select.req.
FF FF 00 00 00 01 6E 84 BF 33
2023-09-08 14:28:51.745: Send Select.rsp.
FF FF 00 00 00 02 6E 84 BF 33
2023-09-08 14:28:51.753: Send Data Message.
00 00 00 1E 00 00 81 0D 00 00
2023-09-08 14:28:51.753: Send S1F13(4915304).
00 00 81 0D 00 00 00 4B 00 68   01 02 41 07 54 72 69 6D 47 61
70 41 07 31 2E 30 2E 30 2E 30
S1F13 W /* Establish Communications Request */
<L[2]
  <A[7]"TrimGap"> /* Name = MDLN, Keyword = GEM_MDLN (GEM_MDLN) */
  <A[7]"1.0.0.0"> /* Name = SoftRev, Keyword = GEM_SOFTREV (GEM_SOFTREV) */
>
.
Program takes      0.001 seconds to log this message.
[DebugLog] 14:29:22.412 TcpClient Released!
2023-09-08 14:29:22.412: Send Separate.req.
FF FF 00 00 00 09 00 4B 00 69
[DebugLog] 14:29:22.613 ListenLoop() exception = 無法從傳輸連接讀取資料: 中止操作被 WSACancelBlockingCall 呼叫打斷。。
[DebugLog] 14:29:23.493 AcceptThread() exception:中止操作被 WSACancelBlockingCall 呼叫打斷。
2023-09-08 14:29:23.522: CTLT_SECS (HSMS Mode) Ver. 2.3.6 & CTLT_GEM Ver. 2.9.3 Start...Driver: NO_LICENCE
2023-09-08 14:29:24.614: CTLT_SECS (HSMS Mode) Ver. 2.3.6 & CTLT_GEM Ver. 2.9.3 Start...Driver: NO_LICENCE
2023-09-08 14:29:26.886: CTLT_SECS (HSMS Mode) Ver. 2.3.6 & CTLT_GEM Ver. 2.9.3 Start...Driver: NO_LICENCE
2023-09-08 14:29:32.587: Receive Select.req.
FF FF 00 00 00 01 6E 84 BF 34
2023-09-08 14:29:32.596: Send Select.rsp.
FF FF 00 00 00 02 6E 84 BF 34
2023-09-08 14:29:32.600: Send Data Message.
00 00 00 1E 00 00 81 0D 00 00
2023-09-08 14:29:32.600: Send S1F13(4915306).
00 00 81 0D 00 00 00 4B 00 6A   01 02 41 07 54 72 69 6D 47 61
70 41 07 31 2E 30 2E 30 2E 30
S1F13 W /* Establish Communications Request */
<L[2]
  <A[7]"TrimGap"> /* Name = MDLN, Keyword = GEM_MDLN (GEM_MDLN) */
  <A[7]"1.0.0.0"> /* Name = SoftRev, Keyword = GEM_SOFTREV (GEM_SOFTREV) */
>
.
Program takes      0.001 seconds to log this message.
2023-09-08 14:29:32.721: Receive Data Message.
00 00 00 11 00 00 01 0E 00 00
2023-09-08 14:29:32.721: Receive S1F14(4915306).
00 00 01 0E 00 00 00 4B 00 6A   01 02 21 01 00 01 00
S1F14  /* Establish Communications Request Acknowledge */
<L[2]
  <B[1] 0x00> /* Name = COMMACK */
  <L[0]
  >
>
.
Program takes      0 seconds to log this message.
2023-09-08 14:29:39.989: Receive Data Message.
00 00 00 52 00 00 82 29 00 00
2023-09-08 14:29:39.989: Receive S2F41(1854193461).
00 00 82 29 00 00 6E 84 BF 35   01 02 41 00 01 01 01 02 41 00
41 3C 46 6F 72 6D 61 74 3A 20   31 30 20 20 31 31 20 20 32 30
20 20 32 31 20 20 33 28 29 20   20 35 28 29 20 20 20 20 20 20
20 20 20 20 20 20 20 20 20 20   20 20 20 20 20 20 20 20 20 20
20 20
S2F41 W /* Host Command Send */
<L[2]
  <A[0]""> /* Name = RCMD */
  <L[1]
    <L[2]
      <A[0]""> /* Name = CPNAME */
      <A[60]"Format: 10  11  20  21  3()  5()                            "> /* Name = CPVAL */
    >
  >
>
.
Program takes      0 seconds to log this message.
2023-09-08 14:29:43.716: Send Data Message.
00 00 00 11 00 00 02 2A 00 00
2023-09-08 14:29:43.716: Send S2F42(1854193461).
00 00 02 2A 00 00 6E 84 BF 35   01 02 21 01 00 01 00
S2F42  /* Host Command Acknowledge */
<L[2]
  <B[1] 0x00>
  <L[0]
  >
>
.
Program takes      0 seconds to log this message.
2023-09-08 14:30:22.277: Receive Data Message.
00 00 00 57 00 00 82 29 00 00
2023-09-08 14:30:22.277: Receive S2F41(1854193462).
00 00 82 29 00 00 6E 84 BF 36   01 02 41 05 53 54 41 52 54 01
01 01 02 41 00 41 3C 46 6F 72   6D 61 74 3A 20 31 30 20 20 31
31 20 20 32 30 20 20 32 31 20   20 33 28 29 20 20 35 28 29 20
20 20 20 20 20 20 20 20 20 20   20 20 20 20 20 20 20 20 20 20
20 20 20 20 20 20 20
S2F41 W /* Host Command Send */
<L[2]
  <A[5]"START"> /* Name = RCMD */
  <L[1]
    <L[2]
      <A[0]""> /* Name = CPNAME */
      <A[60]"Format: 10  11  20  21  3()  5()                            "> /* Name = CPVAL */
    >
  >
>
.
Program takes      0 seconds to log this message.
2023-09-08 14:30:27.823: Send Data Message.
00 00 00 11 00 00 02 2A 00 00
2023-09-08 14:30:27.823: Send S2F42(1854193462).
00 00 02 2A 00 00 6E 84 BF 36   01 02 21 01 00 01 00
S2F42  /* Host Command Acknowledge */
<L[2]
  <B[1] 0x00>
  <L[0]
  >
>
.
Program takes      0 seconds to log this message.
2023-09-08 14:30:50.062:  Receive Separate.req.
FF FF 00 00 00 09 6E 84 BF 37
2023-09-08 14:30:50.062: Remote Client Disconnected!
2023-09-08 14:30:50.195: CTLT_SECS (HSMS Mode) Ver. 2.3.6 & CTLT_GEM Ver. 2.9.3 Start...Driver: NO_LICENCE
2023-09-08 14:31:08.576: Receive Select.req.
FF FF 00 00 00 01 5E 30 05 DD
2023-09-08 14:31:08.577: Send Select.rsp.
FF FF 00 00 00 02 5E 30 05 DD
2023-09-08 14:31:08.582: Send Data Message.
00 00 00 1E 00 00 81 0D 00 00
2023-09-08 14:31:08.582: Send S1F13(4915307).
00 00 81 0D 00 00 00 4B 00 6B   01 02 41 07 54 72 69 6D 47 61
70 41 07 31 2E 30 2E 30 2E 30
S1F13 W /* Establish Communications Request */
<L[2]
  <A[7]"TrimGap"> /* Name = MDLN, Keyword = GEM_MDLN (GEM_MDLN) */
  <A[7]"1.0.0.0"> /* Name = SoftRev, Keyword = GEM_SOFTREV (GEM_SOFTREV) */
>
.
Program takes      0.001 seconds to log this message.
2023-09-08 14:31:30.396: Receive Data Message.
00 00 00 57 00 00 82 29 00 00
2023-09-08 14:31:30.396: Receive S2F41(1580205534).
00 00 82 29 00 00 5E 30 05 DE   01 02 41 05 53 54 41 52 54 01
01 01 02 41 00 41 3C 46 6F 72   6D 61 74 3A 20 31 30 20 20 31
31 20 20 32 30 20 20 32 31 20   20 33 28 29 20 20 35 28 29 20
20 20 20 20 20 20 20 20 20 20   20 20 20 20 20 20 20 20 20 20
20 20 20 20 20 20 20
S2F41 W /* Host Command Send */
<L[2]
  <A[5]"START"> /* Name = RCMD */
  <L[1]
    <L[2]
      <A[0]""> /* Name = CPNAME */
      <A[60]"Format: 10  11  20  21  3()  5()                            "> /* Name = CPVAL */
    >
  >
>
.
Program takes      0 seconds to log this message.
2023-09-08 14:31:33.029: Send Data Message.
00 00 00 11 00 00 02 2A 00 00
2023-09-08 14:31:33.029: Send S2F42(1580205534).
00 00 02 2A 00 00 5E 30 05 DE   01 02 21 01 00 01 00
S2F42  /* Host Command Acknowledge */
<L[2]
  <B[1] 0x00>
  <L[0]
  >
>
.
Program takes      0 seconds to log this message.
[DebugLog] 14:32:00.856 Timeout = T3_reply
2023-09-08 14:32:01.153: Send Data Message.
00 00 00 16 00 00 09 09 00 00
2023-09-08 14:32:01.153: Send S9F9(4915308).
00 00 09 09 00 00 00 4B 00 6C   21 0A 00 00 09 09 00 00 00 4B
00 6B
S9F9  /* Transaction Timeout */
<B[10] 0x00 0x00 0x09 0x09 0x00 0x00 0x00 0x4B 0x00 0x6B>
.
Program takes      0 seconds to log this message.
2023-09-08 14:32:06.152: Send Data Message.
00 00 00 1E 00 00 81 0D 00 00
2023-09-08 14:32:06.152: Send S1F13(4915309).
00 00 81 0D 00 00 00 4B 00 6D   01 02 41 07 54 72 69 6D 47 61
70 41 07 31 2E 30 2E 30 2E 30
S1F13 W /* Establish Communications Request */
<L[2]
  <A[7]"TrimGap"> /* Name = MDLN, Keyword = GEM_MDLN (GEM_MDLN) */
  <A[7]"1.0.0.0"> /* Name = SoftRev, Keyword = GEM_SOFTREV (GEM_SOFTREV) */
>
.
Program takes      0 seconds to log this message.
2023-09-08 14:32:06.373: Receive Data Message.
00 00 00 11 00 00 01 0E 00 00
2023-09-08 14:32:06.373: Receive S1F14(4915309).
00 00 01 0E 00 00 00 4B 00 6D   01 02 21 01 00 01 00
S1F14  /* Establish Communications Request Acknowledge */
<L[2]
  <B[1] 0x00> /* Name = COMMACK */
  <L[0]
  >
>
.
Program takes      0 seconds to log this message.
2023-09-08 14:32:45.903:  Receive Separate.req.
FF FF 00 00 00 09 5E 30 05 DF
2023-09-08 14:32:45.903: Remote Client Disconnected!
2023-09-08 14:32:45.937: CTLT_SECS (HSMS Mode) Ver. 2.3.6 & CTLT_GEM Ver. 2.9.3 Start...Driver: NO_LICENCE
2023-09-08 14:34:41.297: Receive Select.req.
FF FF 00 00 00 01 1E B4 DF 40
2023-09-08 14:34:41.298: Send Select.rsp.
FF FF 00 00 00 02 1E B4 DF 40
2023-09-08 14:34:41.518: Send Data Message.
00 00 00 1E 00 00 81 0D 00 00
2023-09-08 14:34:41.518: Send S1F13(4915310).
00 00 81 0D 00 00 00 4B 00 6E   01 02 41 07 54 72 69 6D 47 61
70 41 07 31 2E 30 2E 30 2E 30
S1F13 W /* Establish Communications Request */
<L[2]
  <A[7]"TrimGap"> /* Name = MDLN, Keyword = GEM_MDLN (GEM_MDLN) */
  <A[7]"1.0.0.0"> /* Name = SoftRev, Keyword = GEM_SOFTREV (GEM_SOFTREV) */
>
.
Program takes      0.001 seconds to log this message.
2023-09-08 14:34:41.842: Receive Data Message.
00 00 00 11 00 00 01 0E 00 00
2023-09-08 14:34:41.842: Receive S1F14(4915310).
00 00 01 0E 00 00 00 4B 00 6E   01 02 21 01 00 01 00
S1F14  /* Establish Communications Request Acknowledge */
<L[2]
  <B[1] 0x00> /* Name = COMMACK */
  <L[0]
  >
>
.
Program takes      0 seconds to log this message.
2023-09-08 14:34:57.936: Receive Data Message.
00 00 00 15 00 00 02 29 00 00
2023-09-08 14:34:57.936: Receive S2F41(515170113).
00 00 02 29 00 00 1E B4 DF 41   01 02 41 05 53 54 41 52 54 01
00
S2F41  /* Host Command Send */
<L[2]
  <A[5]"START"> /* Name = RCMD */
  <L[0]
  >
>
.
Program takes      0 seconds to log this message.
2023-09-08 14:35:05.516: Send Data Message.
00 00 00 11 00 00 02 2A 00 00
2023-09-08 14:35:05.516: Send S2F42(515170113).
00 00 02 2A 00 00 1E B4 DF 41   01 02 21 01 00 01 00
S2F42  /* Host Command Acknowledge */
<L[2]
  <B[1] 0x00>
  <L[0]
  >
>
.
Program takes      0 seconds to log this message.
2023-09-08 14:35:05.543: Receive Data Message.
00 00 00 0A 00 00 00 03 00 07
2023-09-08 14:35:05.543: Receive S0F3(515170113).
00 00 00 03 00 07 1E B4 DF 41
S0F3  
Program takes      0 seconds to log this message.
