//////////////////////////////////////////////////////////////////////////
11:52:15.245: CTLT_SECS (HSMS Mode) Ver.2.0.4 Start...Driver: NO_LICENCE
11:52:23.460: Receive Select.req.
FF FF 00 00 00 01 14 DA BC CC
11:52:23.476: Send Select.rsp.
FF FF 00 00 00 02 14 DA BC CC
11:52:23.492: Send Data Message.
00 00 00 1C 00 01 81 0D 00 00
11:52:23.492: Send S1F13(8508291).
00 01 81 0D 00 00 00 81 D3 83   01 02 41 06 45 71 4D 44 4C 4E
41 06 53 6F 66 52 65 76
S1F13 W
<L[2]
  <A[6] "EqMDLN">
  <A[6] "SofRev">
>
.
Program takes      0 seconds to log this message.
11:52:23.562: Receive Data Message.
00 00 00 11 00 00 01 0E 00 00
11:52:23.562: Receive S1F14(8508291).
00 00 01 0E 00 00 00 81 D3 83   01 02 21 01 00 01 00
S1F14 
<L[2]
  <B[1] 0x0>
  <L[0]
  >
>
.
Program takes      0 seconds to log this message.
11:52:47.679: Receive Data Message.
00 00 00 42 00 00 81 03 00 00
11:52:47.679: Receive S1F3(349879502).
00 00 81 03 00 00 14 DA BC CE   01 09 B1 04 00 01 86 A1 B1 04
00 00 07 D2 B1 04 00 00 07 D3   B1 04 00 00 00 03 B1 04 00 00
07 D1 B1 04 00 00 07 D4 B1 04   00 00 00 27 B1 04 00 00 00 28
B1 04 00 00 00 29
S1F3 W
<L[9]
  <U4[1] 100001>
  <U4[1] 2002>
  <U4[1] 2003>
  <U4[1] 3>
  <U4[1] 2001>
  <U4[1] 2004>
  <U4[1] 39>
  <U4[1] 40>
  <U4[1] 41>
>
.
Program takes      0 seconds to log this message.
11:52:47.693: Send Data Message.
00 00 00 8F 00 01 01 04 00 00
11:52:47.693: Send S1F4(349879502).
00 01 01 04 00 00 14 DA BC CE   01 09 A5 01 00 41 00 91 04 00
00 00 00 41 10 32 30 31 38 30   34 31 37 31 31 35 32 34 37 34
36 25 01 00 21 01 00 01 04 B1   04 00 00 23 29 B1 04 00 00 23
2A B1 04 00 00 23 2B B1 04 00   0F 42 41 01 01 01 0B B1 04 00
00 00 03 B1 04 00 00 00 14 B1   04 00 00 00 15 B1 04 00 00 00
16 B1 04 00 00 00 17 B1 04 00   00 00 18 B1 04 00 00 00 19 B1
04 00 00 00 64 B1 04 00 00 00   65 B1 04 00 00 00 66 B1 04 00
00 00 67
S1F4 
<L[9]
  <U1[1] 0>
  <A[0] "">
  <F4[1] 0>
  <A[16] "2018041711524746">
  <Boolean[1] 0x0>
  <B[1] 0x0>
  <L[4]
    <U4[1] 9001>
    <U4[1] 9002>
    <U4[1] 9003>
    <U4[1] 1000001>
  >
  <L[1]
    <L[11]
      <U4[1] 3>
      <U4[1] 20>
      <U4[1] 21>
      <U4[1] 22>
      <U4[1] 23>
      <U4[1] 24>
      <U4[1] 25>
      <U4[1] 100>
      <U4[1] 101>
      <U4[1] 102>
      <U4[1] 103>
    >
  >
>
.
Program takes      0 seconds to log this message.
11:52:53.688: CTLT_SECS (HSMS Mode) Ver.2.0.4 Start...Driver: NO_LICENCE
