//////////////////////////////////////////////////////////////////////////
2018-07-30 16:53:06.766: CTLT_SECS (HSMS Mode) Ver.2.2.3 Start...Driver: NO_LICENCE
2018-07-30 16:53:12.115: Receive Select.req.
FF FF 00 00 00 01 01 A1 AE DD
2018-07-30 16:53:12.138: Send Select.rsp.
FF FF 00 00 00 02 01 A1 AE DD
2018-07-30 16:53:12.174: Send Data Message.
00 00 00 1C 00 01 81 0D 00 00
2018-07-30 16:53:12.174: Send S1F13(1956290).
00 01 81 0D 00 00 00 1D D9 C2   01 02 41 06 45 71 4D 44 4C 4E
41 06 53 6F 66 52 65 76
S1F13 W /* Establish Communications Request */
<L[2]
  <A[6]"EqMDLN"> /* Name = MDLN, Keyword = GEM_MDLN (24) */
  <A[6]"SofRev"> /* Name = SoftRev, Keyword = GEM_SOFTREV (25) */
>
.
Program takes      0.015 seconds to log this message.
2018-07-30 16:53:12.226: Receive Data Message.
00 00 00 11 00 00 01 0E 00 00
2018-07-30 16:53:12.226: Receive S1F14(1956290).
00 00 01 0E 00 00 00 1D D9 C2   01 02 21 01 00 01 00
S1F14  /* Establish Communications Request Acknowledge */
<L[2]
  <B[1] 0x00> /* Name = COMMACK */
  <L[0]
  >
>
.
Program takes      0 seconds to log this message.
2018-07-30 16:53:14.380: Send Separate.req.
FF FF 00 00 00 09 00 1D D9 C3
