//////////////////////////////////////////////////////////////////////////
11:07:40.820: CTLT_SECS (HSMS Mode) Ver.2.0.4 Start...Driver: NO_LICENCE
//////////////////////////////////////////////////////////////////////////
11:08:53.707: CTLT_SECS (HSMS Mode) Ver.2.0.4 Start...Driver: CTLT_GEM_STANDARD
11:09:15.291: Receive Select.req.
FF FF 00 00 00 01 05 51 19 F4
11:09:15.302: Send Select.rsp.
FF FF 00 00 00 02 05 51 19 F4
11:09:15.327: Send Data Message.
00 00 00 1C 00 01 81 0D 00 00
11:09:15.327: Send S1F13(5138497).
00 01 81 0D 00 00 00 4E 68 41   01 02 41 06 45 71 4D 44 4C 4E
41 06 53 6F 66 52 65 76
S1F13 W
<L[2]
  <A[6] "EqMDLN">
  <A[6] "SofRev">
>
.
Program takes      0 seconds to log this message.
11:09:15.377: Receive Data Message.
00 00 00 11 00 00 01 0E 00 00
11:09:15.377: Receive S1F14(5138497).
00 00 01 0E 00 00 00 4E 68 41   01 02 21 01 00 01 00
S1F14 
<L[2]
  <B[1] 0x0>
  <L[0]
  >
>
.
Program takes      0 seconds to log this message.
11:09:22.034: Receive Separate.req.
FF FF 00 00 00 09 05 51 19 F6
11:09:22.034: Remote Client Disconnected!
11:09:22.306: CTLT_SECS (HSMS Mode) Ver.2.0.4 Start...Driver: CTLT_GEM_STANDARD
//////////////////////////////////////////////////////////////////////////
11:10:17.202: CTLT_SECS (HSMS Mode) Ver.2.0.4 Start...Driver: CTLT_GEM_STANDARD
11:10:21.446: Receive Select.req.
FF FF 00 00 00 01 05 52 1C 60
11:10:21.456: Send Select.rsp.
FF FF 00 00 00 02 05 52 1C 60
11:10:21.477: Send Data Message.
00 00 00 1C 00 01 81 0D 00 00
11:10:21.477: Send S1F13(6687794).
00 01 81 0D 00 00 00 66 0C 32   01 02 41 06 45 71 4D 44 4C 4E
41 06 53 6F 66 52 65 76
S1F13 W
<L[2]
  <A[6] "EqMDLN">
  <A[6] "SofRev">
>
.
Program takes      0 seconds to log this message.
11:10:21.497: Receive Data Message.
00 00 00 11 00 00 01 0E 00 00
11:10:21.497: Receive S1F14(6687794).
00 00 01 0E 00 00 00 66 0C 32   01 02 21 01 00 01 00
S1F14 
<L[2]
  <B[1] 0x0>
  <L[0]
  >
>
.
Program takes      0 seconds to log this message.
11:11:21.411: Receive Linktest.req.
FF FF 00 00 00 05 05 52 1C 62
11:11:21.421: Send Linktest.rsp.
FF FF 00 00 00 06 05 52 1C 62
11:11:21.477: Send Linktest.req.
FF FF 00 00 00 05 00 66 0C 33
11:11:21.487: Receive Linktest.rsp.
FF FF 00 00 00 06 00 66 0C 33
11:12:21.412: Receive Linktest.req.
FF FF 00 00 00 05 05 52 1C 63
11:12:21.422: Send Linktest.rsp.
FF FF 00 00 00 06 05 52 1C 63
11:12:21.505: Send Linktest.req.
FF FF 00 00 00 05 00 66 0C 34
11:12:21.517: Receive Linktest.rsp.
FF FF 00 00 00 06 00 66 0C 34
11:12:34.816: Receive Separate.req.
FF FF 00 00 00 09 05 52 1C 64
11:12:34.816: Remote Client Disconnected!
11:12:35.522: CTLT_SECS (HSMS Mode) Ver.2.0.4 Start...Driver: CTLT_GEM_STANDARD
//////////////////////////////////////////////////////////////////////////
11:13:09.577: CTLT_SECS (HSMS Mode) Ver.2.0.4 Start...Driver: CTLT_GEM_STANDARD
11:16:59.945: Receive Select.req.
FF FF 00 00 00 01 05 58 31 04
11:16:59.959: Send Select.rsp.
FF FF 00 00 00 02 05 58 31 04
11:16:59.981: Send Data Message.
00 00 00 1C 00 01 81 0D 00 00
11:16:59.981: Send S1F13(3419433).
00 01 81 0D 00 00 00 34 2D 29   01 02 41 06 45 71 4D 44 4C 4E
41 06 53 6F 66 52 65 76
S1F13 W
<L[2]
  <A[6] "EqMDLN">
  <A[6] "SofRev">
>
.
Program takes      0 seconds to log this message.
11:17:00.007: Receive Data Message.
00 00 00 11 00 00 01 0E 00 00
11:17:00.007: Receive S1F14(3419433).
00 00 01 0E 00 00 00 34 2D 29   01 02 21 01 00 01 00
S1F14 
<L[2]
  <B[1] 0x0>
  <L[0]
  >
>
.
Program takes      0 seconds to log this message.
11:17:02.229: Receive Separate.req.
FF FF 00 00 00 09 05 58 31 06
11:17:02.229: Remote Client Disconnected!
11:17:02.961: CTLT_SECS (HSMS Mode) Ver.2.0.4 Start...Driver: CTLT_GEM_STANDARD
//////////////////////////////////////////////////////////////////////////
11:23:18.322: CTLT_SECS (HSMS Mode) Ver.2.0.4 Start...Driver: CTLT_GEM_STANDARD
11:23:22.620: Receive Select.req.
FF FF 00 00 00 01 05 5E 07 D4
11:23:22.636: Send Select.rsp.
FF FF 00 00 00 02 05 5E 07 D4
11:23:22.658: Send Data Message.
00 00 00 1C 00 01 81 0D 00 00
11:23:22.658: Send S1F13(8075967).
00 01 81 0D 00 00 00 7B 3A BF   01 02 41 06 45 71 4D 44 4C 4E
41 06 53 6F 66 52 65 76
S1F13 W
<L[2]
  <A[6] "EqMDLN">
  <A[6] "SofRev">
>
.
Program takes      0 seconds to log this message.
11:23:22.679: Receive Data Message.
00 00 00 11 00 00 01 0E 00 00
11:23:22.679: Receive S1F14(8075967).
00 00 01 0E 00 00 00 7B 3A BF   01 02 21 01 00 01 00
S1F14 
<L[2]
  <B[1] 0x0>
  <L[0]
  >
>
.
Program takes      0 seconds to log this message.
11:23:25.978: Receive Separate.req.
FF FF 00 00 00 09 05 5E 07 D6
11:23:25.978: Remote Client Disconnected!
11:23:26.638: CTLT_SECS (HSMS Mode) Ver.2.0.4 Start...Driver: CTLT_GEM_STANDARD
//////////////////////////////////////////////////////////////////////////
11:23:48.096: CTLT_SECS (HSMS Mode) Ver.2.0.4 Start...Driver: CTLT_GEM_STANDARD
11:23:50.972: Receive Select.req.
FF FF 00 00 00 01 05 5E 76 9C
11:23:50.986: Send Select.rsp.
FF FF 00 00 00 02 05 5E 76 9C
11:23:51.009: Send Data Message.
00 00 00 1C 00 01 81 0D 00 00
11:23:51.009: Send S1F13(7480367).
00 01 81 0D 00 00 00 72 24 2F   01 02 41 06 45 71 4D 44 4C 4E
41 06 53 6F 66 52 65 76
S1F13 W
<L[2]
  <A[6] "EqMDLN">
  <A[6] "SofRev">
>
.
Program takes      0 seconds to log this message.
11:23:51.064: Receive Data Message.
00 00 00 11 00 00 01 0E 00 00
11:23:51.064: Receive S1F14(7480367).
00 00 01 0E 00 00 00 72 24 2F   01 02 21 01 00 01 00
S1F14 
<L[2]
  <B[1] 0x0>
  <L[0]
  >
>
.
Program takes      0 seconds to log this message.
11:23:52.553: Receive Separate.req.
FF FF 00 00 00 09 05 5E 76 9E
11:23:52.553: Remote Client Disconnected!
11:23:52.988: CTLT_SECS (HSMS Mode) Ver.2.0.4 Start...Driver: CTLT_GEM_STANDARD
//////////////////////////////////////////////////////////////////////////
11:24:13.374: CTLT_SECS (HSMS Mode) Ver.2.0.4 Start...Driver: CTLT_GEM_STANDARD
11:24:17.292: Receive Select.req.
FF FF 00 00 00 01 05 5E DD 64
11:24:17.315: Send Select.rsp.
FF FF 00 00 00 02 05 5E DD 64
11:24:17.340: Send Data Message.
00 00 00 1C 00 01 81 0D 00 00
11:24:17.340: Send S1F13(9490516).
00 01 81 0D 00 00 00 90 D0 54   01 02 41 06 45 71 4D 44 4C 4E
41 06 53 6F 66 52 65 76
S1F13 W
<L[2]
  <A[6] "EqMDLN">
  <A[6] "SofRev">
>
.
Program takes      0 seconds to log this message.
11:24:17.396: Receive Data Message.
00 00 00 11 00 00 01 0E 00 00
11:24:17.396: Receive S1F14(9490516).
00 00 01 0E 00 00 00 90 D0 54   01 02 21 01 00 01 00
S1F14 
<L[2]
  <B[1] 0x0>
  <L[0]
  >
>
.
Program takes      0 seconds to log this message.
11:24:23.585: Receive Separate.req.
FF FF 00 00 00 09 05 5E DD 66
11:24:23.585: Remote Client Disconnected!
11:24:24.318: CTLT_SECS (HSMS Mode) Ver.2.0.4 Start...Driver: CTLT_GEM_STANDARD
//////////////////////////////////////////////////////////////////////////
11:24:53.028: CTLT_SECS (HSMS Mode) Ver.2.0.4 Start...Driver: CTLT_GEM_STANDARD
11:24:58.598: Receive Select.req.
FF FF 00 00 00 01 05 5F 7E C5
11:24:58.615: Send Select.rsp.
FF FF 00 00 00 02 05 5F 7E C5
11:24:58.643: Send Data Message.
00 00 00 1C 00 01 81 0D 00 00
11:24:58.643: Send S1F13(1218592).
00 01 81 0D 00 00 00 12 98 20   01 02 41 06 45 71 4D 44 4C 4E
41 06 53 6F 66 52 65 76
S1F13 W
<L[2]
  <A[6] "EqMDLN">
  <A[6] "SofRev">
>
.
Program takes      0 seconds to log this message.
11:24:58.693: Receive Data Message.
00 00 00 11 00 00 01 0E 00 00
11:24:58.693: Receive S1F14(1218592).
00 00 01 0E 00 00 00 12 98 20   01 02 21 01 00 01 00
S1F14 
<L[2]
  <B[1] 0x0>
  <L[0]
  >
>
.
Program takes      0 seconds to log this message.
11:25:00.775: Send Separate.req.
FF FF 00 00 00 09 00 12 98 21
