//////////////////////////////////////////////////////////////////////////
2018-06-19 10:26:11.112: CTLT_SECS (HSMS Mode) Ver.2.2.3 Start...Driver: NO_LICENCE
2018-06-19 10:26:14.749: Receive Select.req.
FF FF 00 00 00 01 00 43 1E C7
2018-06-19 10:26:14.769: Send Select.rsp.
FF FF 00 00 00 02 00 43 1E C7
2018-06-19 10:26:14.794: Send Data Message.
00 00 00 1C 00 01 81 0D 00 00
2018-06-19 10:26:14.794: Send S1F13(5233791).
00 01 81 0D 00 00 00 4F DC 7F   01 02 41 06 45 71 4D 44 4C 4E
41 06 53 6F 66 52 65 76
S1F13 W /* Establish Communications Request */
<L[2]
  <A[6]"EqMDLN"> /* Name = MDLN, Keyword = GEM_MDLN (24) */
  <A[6]"SofRev"> /* Name = SoftRev, Keyword = GEM_SOFTREV (25) */
>
.
Program takes      0.031 seconds to log this message.
2018-06-19 10:26:14.921: Receive Data Message.
00 00 00 11 00 00 01 0E 00 00
2018-06-19 10:26:14.921: Receive S1F14(5233791).
00 00 01 0E 00 00 00 4F DC 7F   01 02 21 01 00 01 00
S1F14  /* Establish Communications Request Acknowledge */
<L[2]
  <B[1] 0x00> /* Name = COMMACK */
  <L[0]
  >
>
.
Program takes      0.002 seconds to log this message.
2018-06-19 10:27:14.668: Receive Linktest.req.
FF FF 00 00 00 05 00 43 1E C9
2018-06-19 10:27:14.713: Send Linktest.rsp.
FF FF 00 00 00 06 00 43 1E C9
2018-06-19 10:27:14.773: Send Linktest.req.
FF FF 00 00 00 05 00 4F DC 80
2018-06-19 10:27:14.808: Receive Linktest.rsp.
FF FF 00 00 00 06 00 4F DC 80
2018-06-19 10:28:14.672: Receive Linktest.req.
FF FF 00 00 00 05 00 43 1E CA
2018-06-19 10:28:14.711: Send Linktest.rsp.
FF FF 00 00 00 06 00 43 1E CA
2018-06-19 10:28:14.810: Send Linktest.req.
FF FF 00 00 00 05 00 4F DC 81
2018-06-19 10:28:14.822: Receive Linktest.rsp.
FF FF 00 00 00 06 00 4F DC 81
2018-06-19 10:29:14.668: Receive Linktest.req.
FF FF 00 00 00 05 00 43 1E CB
2018-06-19 10:29:14.702: Send Linktest.rsp.
FF FF 00 00 00 06 00 43 1E CB
2018-06-19 10:29:14.826: Send Linktest.req.
FF FF 00 00 00 05 00 4F DC 82
2018-06-19 10:29:14.880: Receive Linktest.rsp.
FF FF 00 00 00 06 00 4F DC 82
2018-06-19 10:30:14.668: Receive Linktest.req.
FF FF 00 00 00 05 00 43 1E CC
2018-06-19 10:30:14.681: Send Linktest.rsp.
FF FF 00 00 00 06 00 43 1E CC
2018-06-19 10:30:14.884: Send Linktest.req.
FF FF 00 00 00 05 00 4F DC 83
2018-06-19 10:30:14.922: Receive Linktest.rsp.
FF FF 00 00 00 06 00 4F DC 83
2018-06-19 10:31:14.668: Receive Linktest.req.
FF FF 00 00 00 05 00 43 1E CD
2018-06-19 10:31:14.803: Send Linktest.rsp.
FF FF 00 00 00 06 00 43 1E CD
2018-06-19 10:31:14.925: Send Linktest.req.
FF FF 00 00 00 05 00 4F DC 84
2018-06-19 10:31:14.946: Receive Linktest.rsp.
FF FF 00 00 00 06 00 4F DC 84
2018-06-19 10:32:14.668: Receive Linktest.req.
FF FF 00 00 00 05 00 43 1E CE
2018-06-19 10:32:14.718: Send Linktest.rsp.
FF FF 00 00 00 06 00 43 1E CE
2018-06-19 10:32:14.964: Send Linktest.req.
FF FF 00 00 00 05 00 4F DC 85
2018-06-19 10:32:14.977: Receive Linktest.rsp.
FF FF 00 00 00 06 00 4F DC 85
2018-06-19 10:33:14.667: Receive Linktest.req.
FF FF 00 00 00 05 00 43 1E CF
2018-06-19 10:33:14.716: Send Linktest.rsp.
FF FF 00 00 00 06 00 43 1E CF
2018-06-19 10:33:14.979: Send Linktest.req.
FF FF 00 00 00 05 00 4F DC 86
2018-06-19 10:33:15.014: Receive Linktest.rsp.
FF FF 00 00 00 06 00 4F DC 86
2018-06-19 10:34:14.668: Receive Linktest.req.
FF FF 00 00 00 05 00 43 1E D0
2018-06-19 10:34:14.718: Send Linktest.rsp.
FF FF 00 00 00 06 00 43 1E D0
2018-06-19 10:34:15.019: Send Linktest.req.
FF FF 00 00 00 05 00 4F DC 87
2018-06-19 10:34:15.046: Receive Linktest.rsp.
FF FF 00 00 00 06 00 4F DC 87
2018-06-19 10:35:14.668: Receive Linktest.req.
FF FF 00 00 00 05 00 43 1E D1
2018-06-19 10:35:14.721: Send Linktest.rsp.
FF FF 00 00 00 06 00 43 1E D1
2018-06-19 10:35:15.060: Send Linktest.req.
FF FF 00 00 00 05 00 4F DC 88
2018-06-19 10:35:15.200: Receive Linktest.rsp.
FF FF 00 00 00 06 00 4F DC 88
2018-06-19 10:36:14.669: Receive Linktest.req.
FF FF 00 00 00 05 00 43 1E D2
2018-06-19 10:36:14.688: Send Linktest.rsp.
FF FF 00 00 00 06 00 43 1E D2
2018-06-19 10:36:15.204: Send Linktest.req.
FF FF 00 00 00 05 00 4F DC 89
2018-06-19 10:36:15.232: Receive Linktest.rsp.
FF FF 00 00 00 06 00 4F DC 89
2018-06-19 10:37:14.668: Receive Linktest.req.
FF FF 00 00 00 05 00 43 1E D3
2018-06-19 10:37:14.685: Send Linktest.rsp.
FF FF 00 00 00 06 00 43 1E D3
2018-06-19 10:37:15.234: Send Linktest.req.
FF FF 00 00 00 05 00 4F DC 8A
2018-06-19 10:37:15.265: Receive Linktest.rsp.
FF FF 00 00 00 06 00 4F DC 8A
2018-06-19 10:38:14.668: Receive Linktest.req.
FF FF 00 00 00 05 00 43 1E D4
2018-06-19 10:38:14.686: Send Linktest.rsp.
FF FF 00 00 00 06 00 43 1E D4
2018-06-19 10:38:15.272: Send Linktest.req.
FF FF 00 00 00 05 00 4F DC 8B
2018-06-19 10:38:15.319: Receive Linktest.rsp.
FF FF 00 00 00 06 00 4F DC 8B
2018-06-19 10:39:14.668: Receive Linktest.req.
FF FF 00 00 00 05 00 43 1E D5
2018-06-19 10:39:14.715: Send Linktest.rsp.
FF FF 00 00 00 06 00 43 1E D5
2018-06-19 10:39:15.322: Send Linktest.req.
FF FF 00 00 00 05 00 4F DC 8C
2018-06-19 10:39:15.345: Receive Linktest.rsp.
FF FF 00 00 00 06 00 4F DC 8C
2018-06-19 10:40:14.667: Receive Linktest.req.
FF FF 00 00 00 05 00 43 1E D6
2018-06-19 10:40:14.681: Send Linktest.rsp.
FF FF 00 00 00 06 00 43 1E D6
2018-06-19 10:40:15.350: Send Linktest.req.
FF FF 00 00 00 05 00 4F DC 8D
2018-06-19 10:40:15.375: Receive Linktest.rsp.
FF FF 00 00 00 06 00 4F DC 8D
2018-06-19 10:41:14.668: Receive Linktest.req.
FF FF 00 00 00 05 00 43 1E D7
2018-06-19 10:41:14.695: Send Linktest.rsp.
FF FF 00 00 00 06 00 43 1E D7
2018-06-19 10:41:15.377: Send Linktest.req.
FF FF 00 00 00 05 00 4F DC 8E
2018-06-19 10:41:15.419: Receive Linktest.rsp.
FF FF 00 00 00 06 00 4F DC 8E
2018-06-19 10:42:14.668: Receive Linktest.req.
FF FF 00 00 00 05 00 43 1E D8
2018-06-19 10:42:14.793: Send Linktest.rsp.
FF FF 00 00 00 06 00 43 1E D8
2018-06-19 10:42:15.421: Send Linktest.req.
FF FF 00 00 00 05 00 4F DC 8F
2018-06-19 10:42:15.470: Receive Linktest.rsp.
FF FF 00 00 00 06 00 4F DC 8F
2018-06-19 10:43:14.668: Receive Linktest.req.
FF FF 00 00 00 05 00 43 1E D9
2018-06-19 10:43:14.705: Send Linktest.rsp.
FF FF 00 00 00 06 00 43 1E D9
2018-06-19 10:43:15.482: Send Linktest.req.
FF FF 00 00 00 05 00 4F DC 90
2018-06-19 10:43:15.515: Receive Linktest.rsp.
FF FF 00 00 00 06 00 4F DC 90
2018-06-19 10:44:14.668: Receive Linktest.req.
FF FF 00 00 00 05 00 43 1E DA
2018-06-19 10:44:14.696: Send Linktest.rsp.
FF FF 00 00 00 06 00 43 1E DA
2018-06-19 10:44:15.523: Send Linktest.req.
FF FF 00 00 00 05 00 4F DC 91
2018-06-19 10:44:15.550: Receive Linktest.rsp.
FF FF 00 00 00 06 00 4F DC 91
2018-06-19 10:45:14.668: Receive Linktest.req.
FF FF 00 00 00 05 00 43 1E DB
2018-06-19 10:45:14.709: Send Linktest.rsp.
FF FF 00 00 00 06 00 43 1E DB
2018-06-19 10:45:15.558: Send Linktest.req.
FF FF 00 00 00 05 00 4F DC 92
2018-06-19 10:45:15.595: Receive Linktest.rsp.
FF FF 00 00 00 06 00 4F DC 92
2018-06-19 10:46:14.668: Receive Linktest.req.
FF FF 00 00 00 05 00 43 1E DC
2018-06-19 10:46:14.682: Send Linktest.rsp.
FF FF 00 00 00 06 00 43 1E DC
2018-06-19 10:46:15.599: Send Linktest.req.
FF FF 00 00 00 05 00 4F DC 93
2018-06-19 10:46:15.652: Receive Linktest.rsp.
FF FF 00 00 00 06 00 4F DC 93
2018-06-19 10:47:14.668: Receive Linktest.req.
FF FF 00 00 00 05 00 43 1E DD
2018-06-19 10:47:14.683: Send Linktest.rsp.
FF FF 00 00 00 06 00 43 1E DD
2018-06-19 10:47:15.655: Send Linktest.req.
FF FF 00 00 00 05 00 4F DC 94
2018-06-19 10:47:15.671: Receive Linktest.rsp.
FF FF 00 00 00 06 00 4F DC 94
2018-06-19 10:48:14.668: Receive Linktest.req.
FF FF 00 00 00 05 00 43 1E DE
2018-06-19 10:48:14.683: Send Linktest.rsp.
FF FF 00 00 00 06 00 43 1E DE
2018-06-19 10:48:15.674: Send Linktest.req.
FF FF 00 00 00 05 00 4F DC 95
2018-06-19 10:48:15.711: Receive Linktest.rsp.
FF FF 00 00 00 06 00 4F DC 95
2018-06-19 10:49:14.668: Receive Linktest.req.
FF FF 00 00 00 05 00 43 1E DF
2018-06-19 10:49:14.682: Send Linktest.rsp.
FF FF 00 00 00 06 00 43 1E DF
2018-06-19 10:49:15.713: Send Linktest.req.
FF FF 00 00 00 05 00 4F DC 96
2018-06-19 10:49:15.734: Receive Linktest.rsp.
FF FF 00 00 00 06 00 4F DC 96
2018-06-19 10:50:14.668: Receive Linktest.req.
FF FF 00 00 00 05 00 43 1E E0
2018-06-19 10:50:14.684: Send Linktest.rsp.
FF FF 00 00 00 06 00 43 1E E0
2018-06-19 10:50:15.739: Send Linktest.req.
FF FF 00 00 00 05 00 4F DC 97
2018-06-19 10:50:15.767: Receive Linktest.rsp.
FF FF 00 00 00 06 00 4F DC 97
2018-06-19 10:51:14.668: Receive Linktest.req.
FF FF 00 00 00 05 00 43 1E E1
2018-06-19 10:51:14.692: Send Linktest.rsp.
FF FF 00 00 00 06 00 43 1E E1
2018-06-19 10:51:15.769: Send Linktest.req.
FF FF 00 00 00 05 00 4F DC 98
2018-06-19 10:51:15.792: Receive Linktest.rsp.
FF FF 00 00 00 06 00 4F DC 98
2018-06-19 10:52:14.668: Receive Linktest.req.
FF FF 00 00 00 05 00 43 1E E2
2018-06-19 10:52:14.683: Send Linktest.rsp.
FF FF 00 00 00 06 00 43 1E E2
2018-06-19 10:52:15.796: Send Linktest.req.
FF FF 00 00 00 05 00 4F DC 99
2018-06-19 10:52:15.823: Receive Linktest.rsp.
FF FF 00 00 00 06 00 4F DC 99
2018-06-19 10:53:14.668: Receive Linktest.req.
FF FF 00 00 00 05 00 43 1E E3
2018-06-19 10:53:14.716: Send Linktest.rsp.
FF FF 00 00 00 06 00 43 1E E3
2018-06-19 10:53:15.827: Send Linktest.req.
FF FF 00 00 00 05 00 4F DC 9A
2018-06-19 10:53:15.864: Receive Linktest.rsp.
FF FF 00 00 00 06 00 4F DC 9A
2018-06-19 10:54:14.668: Receive Linktest.req.
FF FF 00 00 00 05 00 43 1E E4
2018-06-19 10:54:14.698: Send Linktest.rsp.
FF FF 00 00 00 06 00 43 1E E4
2018-06-19 10:54:15.877: Send Linktest.req.
FF FF 00 00 00 05 00 4F DC 9B
2018-06-19 10:54:15.914: Receive Linktest.rsp.
FF FF 00 00 00 06 00 4F DC 9B
2018-06-19 10:55:14.668: Receive Linktest.req.
FF FF 00 00 00 05 00 43 1E E5
2018-06-19 10:55:14.719: Send Linktest.rsp.
FF FF 00 00 00 06 00 43 1E E5
2018-06-19 10:55:15.920: Send Linktest.req.
FF FF 00 00 00 05 00 4F DC 9C
2018-06-19 10:55:15.970: Receive Linktest.rsp.
FF FF 00 00 00 06 00 4F DC 9C
2018-06-19 10:56:14.668: Receive Linktest.req.
FF FF 00 00 00 05 00 43 1E E6
2018-06-19 10:56:14.686: Send Linktest.rsp.
FF FF 00 00 00 06 00 43 1E E6
2018-06-19 10:56:15.973: Send Linktest.req.
FF FF 00 00 00 05 00 4F DC 9D
2018-06-19 10:56:16.049: Receive Linktest.rsp.
FF FF 00 00 00 06 00 4F DC 9D
2018-06-19 10:57:14.668: Receive Linktest.req.
FF FF 00 00 00 05 00 43 1E E7
2018-06-19 10:57:14.687: Send Linktest.rsp.
FF FF 00 00 00 06 00 43 1E E7
2018-06-19 10:57:16.059: Send Linktest.req.
FF FF 00 00 00 05 00 4F DC 9E
2018-06-19 10:57:16.114: Receive Linktest.rsp.
FF FF 00 00 00 06 00 4F DC 9E
2018-06-19 10:58:14.668: Receive Linktest.req.
FF FF 00 00 00 05 00 43 1E E8
2018-06-19 10:58:14.690: Send Linktest.rsp.
FF FF 00 00 00 06 00 43 1E E8
2018-06-19 10:58:16.098: Send Linktest.req.
FF FF 00 00 00 05 00 4F DC 9F
2018-06-19 10:58:16.132: Receive Linktest.rsp.
FF FF 00 00 00 06 00 4F DC 9F
2018-06-19 10:59:14.668: Receive Linktest.req.
FF FF 00 00 00 05 00 43 1E E9
2018-06-19 10:59:14.713: Send Linktest.rsp.
FF FF 00 00 00 06 00 43 1E E9
2018-06-19 10:59:16.136: Send Linktest.req.
FF FF 00 00 00 05 00 4F DC A0
2018-06-19 10:59:16.170: Receive Linktest.rsp.
FF FF 00 00 00 06 00 4F DC A0
2018-06-19 11:00:14.668: Receive Linktest.req.
FF FF 00 00 00 05 00 43 1E EA
2018-06-19 11:00:14.690: Send Linktest.rsp.
FF FF 00 00 00 06 00 43 1E EA
2018-06-19 11:00:16.223: Send Linktest.req.
FF FF 00 00 00 05 00 4F DC A1
2018-06-19 11:00:16.291: Receive Linktest.rsp.
FF FF 00 00 00 06 00 4F DC A1
2018-06-19 11:01:14.668: Receive Linktest.req.
FF FF 00 00 00 05 00 43 1E EB
2018-06-19 11:01:14.688: Send Linktest.rsp.
FF FF 00 00 00 06 00 43 1E EB
2018-06-19 11:01:16.328: Send Linktest.req.
FF FF 00 00 00 05 00 4F DC A2
2018-06-19 11:01:16.364: Receive Linktest.rsp.
FF FF 00 00 00 06 00 4F DC A2
2018-06-19 11:02:14.668: Receive Linktest.req.
FF FF 00 00 00 05 00 43 1E EC
2018-06-19 11:02:14.688: Send Linktest.rsp.
FF FF 00 00 00 06 00 43 1E EC
2018-06-19 11:02:16.368: Send Linktest.req.
FF FF 00 00 00 05 00 4F DC A3
2018-06-19 11:02:16.408: Receive Linktest.rsp.
FF FF 00 00 00 06 00 4F DC A3
2018-06-19 11:03:14.668: Receive Linktest.req.
FF FF 00 00 00 05 00 43 1E ED
2018-06-19 11:03:14.684: Send Linktest.rsp.
FF FF 00 00 00 06 00 43 1E ED
2018-06-19 11:03:16.460: Send Linktest.req.
FF FF 00 00 00 05 00 4F DC A4
2018-06-19 11:03:16.490: Receive Linktest.rsp.
FF FF 00 00 00 06 00 4F DC A4
2018-06-19 11:04:14.668: Receive Linktest.req.
FF FF 00 00 00 05 00 43 1E EE
2018-06-19 11:04:14.719: Send Linktest.rsp.
FF FF 00 00 00 06 00 43 1E EE
2018-06-19 11:04:16.506: Send Linktest.req.
FF FF 00 00 00 05 00 4F DC A5
2018-06-19 11:04:16.537: Receive Linktest.rsp.
FF FF 00 00 00 06 00 4F DC A5
2018-06-19 11:05:14.668: Receive Linktest.req.
FF FF 00 00 00 05 00 43 1E EF
2018-06-19 11:05:14.713: Send Linktest.rsp.
FF FF 00 00 00 06 00 43 1E EF
2018-06-19 11:05:16.537: Send Linktest.req.
FF FF 00 00 00 05 00 4F DC A6
2018-06-19 11:05:16.560: Receive Linktest.rsp.
FF FF 00 00 00 06 00 4F DC A6
2018-06-19 11:06:14.669: Receive Linktest.req.
FF FF 00 00 00 05 00 43 1E F0
2018-06-19 11:06:14.724: Send Linktest.rsp.
FF FF 00 00 00 06 00 43 1E F0
2018-06-19 11:06:16.619: Send Linktest.req.
FF FF 00 00 00 05 00 4F DC A7
2018-06-19 11:06:16.646: Receive Linktest.rsp.
FF FF 00 00 00 06 00 4F DC A7
2018-06-19 11:07:14.668: Receive Linktest.req.
FF FF 00 00 00 05 00 43 1E F1
2018-06-19 11:07:14.700: Send Linktest.rsp.
FF FF 00 00 00 06 00 43 1E F1
2018-06-19 11:07:16.665: Send Linktest.req.
FF FF 00 00 00 05 00 4F DC A8
2018-06-19 11:07:16.713: Receive Linktest.rsp.
FF FF 00 00 00 06 00 4F DC A8
2018-06-19 11:08:14.669: Receive Linktest.req.
FF FF 00 00 00 05 00 43 1E F2
2018-06-19 11:08:14.723: Send Linktest.rsp.
FF FF 00 00 00 06 00 43 1E F2
2018-06-19 11:08:16.752: Send Linktest.req.
FF FF 00 00 00 05 00 4F DC A9
2018-06-19 11:08:16.799: Receive Linktest.rsp.
FF FF 00 00 00 06 00 4F DC A9
2018-06-19 11:09:14.668: Receive Linktest.req.
FF FF 00 00 00 05 00 43 1E F3
2018-06-19 11:09:14.701: Send Linktest.rsp.
FF FF 00 00 00 06 00 43 1E F3
2018-06-19 11:09:16.805: Send Linktest.req.
FF FF 00 00 00 05 00 4F DC AA
2018-06-19 11:09:16.850: Receive Linktest.rsp.
FF FF 00 00 00 06 00 4F DC AA
2018-06-19 11:10:14.668: Receive Linktest.req.
FF FF 00 00 00 05 00 43 1E F4
2018-06-19 11:10:14.685: Send Linktest.rsp.
FF FF 00 00 00 06 00 43 1E F4
2018-06-19 11:10:16.853: Send Linktest.req.
FF FF 00 00 00 05 00 4F DC AB
2018-06-19 11:10:16.890: Receive Linktest.rsp.
FF FF 00 00 00 06 00 4F DC AB
2018-06-19 11:11:14.671: Receive Linktest.req.
FF FF 00 00 00 05 00 43 1E F5
2018-06-19 11:11:14.712: Send Linktest.rsp.
FF FF 00 00 00 06 00 43 1E F5
2018-06-19 11:11:16.896: Send Linktest.req.
FF FF 00 00 00 05 00 4F DC AC
2018-06-19 11:11:16.973: Receive Linktest.rsp.
FF FF 00 00 00 06 00 4F DC AC
2018-06-19 11:12:14.668: Receive Linktest.req.
FF FF 00 00 00 05 00 43 1E F6
2018-06-19 11:12:14.710: Send Linktest.rsp.
FF FF 00 00 00 06 00 43 1E F6
2018-06-19 11:12:16.971: Send Linktest.req.
FF FF 00 00 00 05 00 4F DC AD
2018-06-19 11:12:17.008: Receive Linktest.rsp.
FF FF 00 00 00 06 00 4F DC AD
2018-06-19 11:13:14.668: Receive Linktest.req.
FF FF 00 00 00 05 00 43 1E F7
2018-06-19 11:13:14.689: Send Linktest.rsp.
FF FF 00 00 00 06 00 43 1E F7
2018-06-19 11:13:17.023: Send Linktest.req.
FF FF 00 00 00 05 00 4F DC AE
2018-06-19 11:13:17.068: Receive Linktest.rsp.
FF FF 00 00 00 06 00 4F DC AE
2018-06-19 11:14:14.668: Receive Linktest.req.
FF FF 00 00 00 05 00 43 1E F8
2018-06-19 11:14:14.703: Send Linktest.rsp.
FF FF 00 00 00 06 00 43 1E F8
2018-06-19 11:14:17.117: Send Linktest.req.
FF FF 00 00 00 05 00 4F DC AF
2018-06-19 11:14:17.174: Receive Linktest.rsp.
FF FF 00 00 00 06 00 4F DC AF
2018-06-19 11:15:14.668: Receive Linktest.req.
FF FF 00 00 00 05 00 43 1E F9
2018-06-19 11:15:14.705: Send Linktest.rsp.
FF FF 00 00 00 06 00 43 1E F9
2018-06-19 11:15:17.196: Send Linktest.req.
FF FF 00 00 00 05 00 4F DC B0
2018-06-19 11:15:17.253: Receive Linktest.rsp.
FF FF 00 00 00 06 00 4F DC B0
2018-06-19 11:16:14.668: Receive Linktest.req.
FF FF 00 00 00 05 00 43 1E FA
2018-06-19 11:16:14.719: Send Linktest.rsp.
FF FF 00 00 00 06 00 43 1E FA
2018-06-19 11:16:17.267: Send Linktest.req.
FF FF 00 00 00 05 00 4F DC B1
2018-06-19 11:16:17.324: Receive Linktest.rsp.
FF FF 00 00 00 06 00 4F DC B1
2018-06-19 11:17:14.667: Receive Linktest.req.
FF FF 00 00 00 05 00 43 1E FB
2018-06-19 11:17:14.710: Send Linktest.rsp.
FF FF 00 00 00 06 00 43 1E FB
2018-06-19 11:17:17.329: Send Linktest.req.
FF FF 00 00 00 05 00 4F DC B2
2018-06-19 11:17:17.365: Receive Linktest.rsp.
FF FF 00 00 00 06 00 4F DC B2
2018-06-19 11:18:14.668: Receive Linktest.req.
FF FF 00 00 00 05 00 43 1E FC
2018-06-19 11:18:14.763: Send Linktest.rsp.
FF FF 00 00 00 06 00 43 1E FC
2018-06-19 11:18:17.395: Send Linktest.req.
FF FF 00 00 00 05 00 4F DC B3
2018-06-19 11:18:17.445: Receive Linktest.rsp.
FF FF 00 00 00 06 00 4F DC B3
2018-06-19 11:19:14.668: Receive Linktest.req.
FF FF 00 00 00 05 00 43 1E FD
2018-06-19 11:19:14.721: Send Linktest.rsp.
FF FF 00 00 00 06 00 43 1E FD
2018-06-19 11:19:17.448: Send Linktest.req.
FF FF 00 00 00 05 00 4F DC B4
2018-06-19 11:19:17.512: Receive Linktest.rsp.
FF FF 00 00 00 06 00 4F DC B4
2018-06-19 11:20:14.668: Receive Linktest.req.
FF FF 00 00 00 05 00 43 1E FE
2018-06-19 11:20:14.693: Send Linktest.rsp.
FF FF 00 00 00 06 00 43 1E FE
2018-06-19 11:20:17.527: Send Linktest.req.
FF FF 00 00 00 05 00 4F DC B5
2018-06-19 11:20:17.573: Receive Linktest.rsp.
FF FF 00 00 00 06 00 4F DC B5
2018-06-19 11:21:14.668: Receive Linktest.req.
FF FF 00 00 00 05 00 43 1E FF
2018-06-19 11:21:14.723: Send Linktest.rsp.
FF FF 00 00 00 06 00 43 1E FF
2018-06-19 11:21:17.595: Send Linktest.req.
FF FF 00 00 00 05 00 4F DC B6
2018-06-19 11:21:17.633: Receive Linktest.rsp.
FF FF 00 00 00 06 00 4F DC B6
2018-06-19 11:22:14.668: Receive Linktest.req.
FF FF 00 00 00 05 00 43 1F 00
2018-06-19 11:22:14.700: Send Linktest.rsp.
FF FF 00 00 00 06 00 43 1F 00
2018-06-19 11:22:17.638: Send Linktest.req.
FF FF 00 00 00 05 00 4F DC B7
2018-06-19 11:22:17.684: Receive Linktest.rsp.
FF FF 00 00 00 06 00 4F DC B7
2018-06-19 11:23:14.668: Receive Linktest.req.
FF FF 00 00 00 05 00 43 1F 01
2018-06-19 11:23:14.717: Send Linktest.rsp.
FF FF 00 00 00 06 00 43 1F 01
2018-06-19 11:23:17.691: Send Linktest.req.
FF FF 00 00 00 05 00 4F DC B8
2018-06-19 11:23:17.719: Receive Linktest.rsp.
FF FF 00 00 00 06 00 4F DC B8
2018-06-19 11:24:14.667: Receive Linktest.req.
FF FF 00 00 00 05 00 43 1F 02
2018-06-19 11:24:14.684: Send Linktest.rsp.
FF FF 00 00 00 06 00 43 1F 02
2018-06-19 11:24:17.741: Send Linktest.req.
FF FF 00 00 00 05 00 4F DC B9
2018-06-19 11:24:17.767: Receive Linktest.rsp.
FF FF 00 00 00 06 00 4F DC B9
2018-06-19 11:25:14.668: Receive Linktest.req.
FF FF 00 00 00 05 00 43 1F 03
2018-06-19 11:25:14.714: Send Linktest.rsp.
FF FF 00 00 00 06 00 43 1F 03
2018-06-19 11:25:17.775: Send Linktest.req.
FF FF 00 00 00 05 00 4F DC BA
2018-06-19 11:25:17.822: Receive Linktest.rsp.
FF FF 00 00 00 06 00 4F DC BA
2018-06-19 11:26:14.668: Receive Linktest.req.
FF FF 00 00 00 05 00 43 1F 04
2018-06-19 11:26:14.690: Send Linktest.rsp.
FF FF 00 00 00 06 00 43 1F 04
2018-06-19 11:26:17.833: Send Linktest.req.
FF FF 00 00 00 05 00 4F DC BB
2018-06-19 11:26:17.890: Receive Linktest.rsp.
FF FF 00 00 00 06 00 4F DC BB
2018-06-19 11:27:14.668: Receive Linktest.req.
FF FF 00 00 00 05 00 43 1F 05
2018-06-19 11:27:14.698: Send Linktest.rsp.
FF FF 00 00 00 06 00 43 1F 05
2018-06-19 11:27:17.961: Send Linktest.req.
FF FF 00 00 00 05 00 4F DC BC
2018-06-19 11:27:18.012: Receive Linktest.rsp.
FF FF 00 00 00 06 00 4F DC BC
//////////////////////////////////////////////////////////////////////////
2018-06-19 11:27:57.660: CTLT_SECS (HSMS Mode) Ver.2.2.3 Start...Driver: NO_LICENCE
2018-06-19 11:28:03.179: Receive Select.req.
FF FF 00 00 00 01 00 7B B4 DF
2018-06-19 11:28:03.228: Send Select.rsp.
FF FF 00 00 00 02 00 7B B4 DF
2018-06-19 11:28:03.264: Send Data Message.
00 00 00 1C 00 01 81 0D 00 00
2018-06-19 11:28:03.264: Send S1F13(1340098).
00 01 81 0D 00 00 00 14 72 C2   01 02 41 06 45 71 4D 44 4C 4E
41 06 53 6F 66 52 65 76
S1F13 W /* Establish Communications Request */
<L[2]
  <A[6]"EqMDLN"> /* Name = MDLN, Keyword = GEM_MDLN (24) */
  <A[6]"SofRev"> /* Name = SoftRev, Keyword = GEM_SOFTREV (25) */
>
.
Program takes      0.02 seconds to log this message.
2018-06-19 11:28:03.356: Receive Data Message.
00 00 00 11 00 00 01 0E 00 00
2018-06-19 11:28:03.356: Receive S1F14(1340098).
00 00 01 0E 00 00 00 14 72 C2   01 02 21 01 00 01 00
S1F14  /* Establish Communications Request Acknowledge */
<L[2]
  <B[1] 0x00> /* Name = COMMACK */
  <L[0]
  >
>
.
Program takes      0 seconds to log this message.
2018-06-19 11:29:03.101: Receive Linktest.req.
FF FF 00 00 00 05 00 7B B4 E1
2018-06-19 11:29:03.141: Send Linktest.rsp.
FF FF 00 00 00 06 00 7B B4 E1
2018-06-19 11:29:03.231: Send Linktest.req.
FF FF 00 00 00 05 00 14 72 C3
2018-06-19 11:29:03.270: Receive Linktest.rsp.
FF FF 00 00 00 06 00 14 72 C3
2018-06-19 11:30:03.101: Receive Linktest.req.
FF FF 00 00 00 05 00 7B B4 E2
2018-06-19 11:30:03.140: Send Linktest.rsp.
FF FF 00 00 00 06 00 7B B4 E2
2018-06-19 11:30:03.275: Send Linktest.req.
FF FF 00 00 00 05 00 14 72 C4
2018-06-19 11:30:03.314: Receive Linktest.rsp.
FF FF 00 00 00 06 00 14 72 C4
2018-06-19 11:31:03.101: Receive Linktest.req.
FF FF 00 00 00 05 00 7B B4 E3
2018-06-19 11:31:03.142: Send Linktest.rsp.
FF FF 00 00 00 06 00 7B B4 E3
2018-06-19 11:31:03.318: Send Linktest.req.
FF FF 00 00 00 05 00 14 72 C5
2018-06-19 11:31:03.352: Receive Linktest.rsp.
FF FF 00 00 00 06 00 14 72 C5
2018-06-19 11:32:03.103: Receive Linktest.req.
FF FF 00 00 00 05 00 7B B4 E4
2018-06-19 11:32:03.140: Send Linktest.rsp.
FF FF 00 00 00 06 00 7B B4 E4
2018-06-19 11:32:03.360: Send Linktest.req.
FF FF 00 00 00 05 00 14 72 C6
2018-06-19 11:32:03.402: Receive Linktest.rsp.
FF FF 00 00 00 06 00 14 72 C6
2018-06-19 11:33:03.101: Receive Linktest.req.
FF FF 00 00 00 05 00 7B B4 E5
2018-06-19 11:33:03.137: Send Linktest.rsp.
FF FF 00 00 00 06 00 7B B4 E5
2018-06-19 11:33:03.407: Send Linktest.req.
FF FF 00 00 00 05 00 14 72 C7
2018-06-19 11:33:03.469: Receive Linktest.rsp.
FF FF 00 00 00 06 00 14 72 C7
2018-06-19 11:34:03.101: Receive Linktest.req.
FF FF 00 00 00 05 00 7B B4 E6
2018-06-19 11:34:03.152: Send Linktest.rsp.
FF FF 00 00 00 06 00 7B B4 E6
2018-06-19 11:34:03.472: Send Linktest.req.
FF FF 00 00 00 05 00 14 72 C8
2018-06-19 11:34:03.505: Receive Linktest.rsp.
FF FF 00 00 00 06 00 14 72 C8
2018-06-19 11:35:03.101: Receive Linktest.req.
FF FF 00 00 00 05 00 7B B4 E7
2018-06-19 11:35:03.141: Send Linktest.rsp.
FF FF 00 00 00 06 00 7B B4 E7
2018-06-19 11:35:03.508: Send Linktest.req.
FF FF 00 00 00 05 00 14 72 C9
2018-06-19 11:35:03.569: Receive Linktest.rsp.
FF FF 00 00 00 06 00 14 72 C9
2018-06-19 11:36:03.101: Receive Linktest.req.
FF FF 00 00 00 05 00 7B B4 E8
2018-06-19 11:36:03.149: Send Linktest.rsp.
FF FF 00 00 00 06 00 7B B4 E8
2018-06-19 11:36:03.572: Send Linktest.req.
FF FF 00 00 00 05 00 14 72 CA
2018-06-19 11:36:03.611: Receive Linktest.rsp.
FF FF 00 00 00 06 00 14 72 CA
2018-06-19 11:37:03.101: Receive Linktest.req.
FF FF 00 00 00 05 00 7B B4 E9
2018-06-19 11:37:03.123: Send Linktest.rsp.
FF FF 00 00 00 06 00 7B B4 E9
2018-06-19 11:37:03.614: Send Linktest.req.
FF FF 00 00 00 05 00 14 72 CB
2018-06-19 11:37:03.655: Receive Linktest.rsp.
FF FF 00 00 00 06 00 14 72 CB
2018-06-19 11:38:03.101: Receive Linktest.req.
FF FF 00 00 00 05 00 7B B4 EA
2018-06-19 11:38:03.242: Send Linktest.rsp.
FF FF 00 00 00 06 00 7B B4 EA
2018-06-19 11:38:03.661: Send Linktest.req.
FF FF 00 00 00 05 00 14 72 CC
2018-06-19 11:38:03.705: Receive Linktest.rsp.
FF FF 00 00 00 06 00 14 72 CC
2018-06-19 11:39:03.101: Receive Linktest.req.
FF FF 00 00 00 05 00 7B B4 EB
2018-06-19 11:39:03.131: Send Linktest.rsp.
FF FF 00 00 00 06 00 7B B4 EB
2018-06-19 11:39:03.708: Send Linktest.req.
FF FF 00 00 00 05 00 14 72 CD
2018-06-19 11:39:03.754: Receive Linktest.rsp.
FF FF 00 00 00 06 00 14 72 CD
2018-06-19 11:40:03.101: Receive Linktest.req.
FF FF 00 00 00 05 00 7B B4 EC
2018-06-19 11:40:03.159: Send Linktest.rsp.
FF FF 00 00 00 06 00 7B B4 EC
2018-06-19 11:40:03.755: Send Linktest.req.
FF FF 00 00 00 05 00 14 72 CE
2018-06-19 11:40:03.803: Receive Linktest.rsp.
FF FF 00 00 00 06 00 14 72 CE
2018-06-19 11:41:03.101: Receive Linktest.req.
FF FF 00 00 00 05 00 7B B4 ED
2018-06-19 11:41:03.143: Send Linktest.rsp.
FF FF 00 00 00 06 00 7B B4 ED
2018-06-19 11:41:03.806: Send Linktest.req.
FF FF 00 00 00 05 00 14 72 CF
2018-06-19 11:41:03.859: Receive Linktest.rsp.
FF FF 00 00 00 06 00 14 72 CF
2018-06-19 11:42:03.101: Receive Linktest.req.
FF FF 00 00 00 05 00 7B B4 EE
2018-06-19 11:42:03.149: Send Linktest.rsp.
FF FF 00 00 00 06 00 7B B4 EE
2018-06-19 11:42:03.866: Send Linktest.req.
FF FF 00 00 00 05 00 14 72 D0
2018-06-19 11:42:03.916: Receive Linktest.rsp.
FF FF 00 00 00 06 00 14 72 D0
2018-06-19 11:43:03.101: Receive Linktest.req.
FF FF 00 00 00 05 00 7B B4 EF
2018-06-19 11:43:03.138: Send Linktest.rsp.
FF FF 00 00 00 06 00 7B B4 EF
2018-06-19 11:43:03.918: Send Linktest.req.
FF FF 00 00 00 05 00 14 72 D1
2018-06-19 11:43:03.959: Receive Linktest.rsp.
FF FF 00 00 00 06 00 14 72 D1
2018-06-19 11:44:03.101: Receive Linktest.req.
FF FF 00 00 00 05 00 7B B4 F0
2018-06-19 11:44:03.148: Send Linktest.rsp.
FF FF 00 00 00 06 00 7B B4 F0
2018-06-19 11:44:03.970: Send Linktest.req.
FF FF 00 00 00 05 00 14 72 D2
2018-06-19 11:44:04.014: Receive Linktest.rsp.
FF FF 00 00 00 06 00 14 72 D2
2018-06-19 11:45:03.101: Receive Linktest.req.
FF FF 00 00 00 05 00 7B B4 F1
2018-06-19 11:45:03.143: Send Linktest.rsp.
FF FF 00 00 00 06 00 7B B4 F1
2018-06-19 11:45:04.017: Send Linktest.req.
FF FF 00 00 00 05 00 14 72 D3
2018-06-19 11:45:04.067: Receive Linktest.rsp.
FF FF 00 00 00 06 00 14 72 D3
2018-06-19 11:46:03.101: Receive Linktest.req.
FF FF 00 00 00 05 00 7B B4 F2
2018-06-19 11:46:03.120: Send Linktest.rsp.
FF FF 00 00 00 06 00 7B B4 F2
2018-06-19 11:46:04.077: Send Linktest.req.
FF FF 00 00 00 05 00 14 72 D4
2018-06-19 11:46:04.126: Receive Linktest.rsp.
FF FF 00 00 00 06 00 14 72 D4
2018-06-19 11:47:03.101: Receive Linktest.req.
FF FF 00 00 00 05 00 7B B4 F3
2018-06-19 11:47:03.145: Send Linktest.rsp.
FF FF 00 00 00 06 00 7B B4 F3
2018-06-19 11:47:04.132: Send Linktest.req.
FF FF 00 00 00 05 00 14 72 D5
2018-06-19 11:47:04.181: Receive Linktest.rsp.
FF FF 00 00 00 06 00 14 72 D5
2018-06-19 11:48:03.101: Receive Linktest.req.
FF FF 00 00 00 05 00 7B B4 F4
2018-06-19 11:48:03.182: Send Linktest.rsp.
FF FF 00 00 00 06 00 7B B4 F4
2018-06-19 11:48:04.184: Send Linktest.req.
FF FF 00 00 00 05 00 14 72 D6
2018-06-19 11:48:04.256: Receive Linktest.rsp.
FF FF 00 00 00 06 00 14 72 D6
2018-06-19 11:49:03.101: Receive Linktest.req.
FF FF 00 00 00 05 00 7B B4 F5
2018-06-19 11:49:03.156: Send Linktest.rsp.
FF FF 00 00 00 06 00 7B B4 F5
2018-06-19 11:49:04.269: Send Linktest.req.
FF FF 00 00 00 05 00 14 72 D7
2018-06-19 11:49:04.320: Receive Linktest.rsp.
FF FF 00 00 00 06 00 14 72 D7
2018-06-19 11:50:03.101: Receive Linktest.req.
FF FF 00 00 00 05 00 7B B4 F6
2018-06-19 11:50:03.169: Send Linktest.rsp.
FF FF 00 00 00 06 00 7B B4 F6
2018-06-19 11:50:04.333: Send Linktest.req.
FF FF 00 00 00 05 00 14 72 D8
2018-06-19 11:50:04.370: Receive Linktest.rsp.
FF FF 00 00 00 06 00 14 72 D8
2018-06-19 11:51:03.101: Receive Linktest.req.
FF FF 00 00 00 05 00 7B B4 F7
2018-06-19 11:51:03.154: Send Linktest.rsp.
FF FF 00 00 00 06 00 7B B4 F7
2018-06-19 11:51:04.378: Send Linktest.req.
FF FF 00 00 00 05 00 14 72 D9
2018-06-19 11:51:04.442: Receive Linktest.rsp.
FF FF 00 00 00 06 00 14 72 D9
2018-06-19 11:52:03.101: Receive Linktest.req.
FF FF 00 00 00 05 00 7B B4 F8
2018-06-19 11:52:03.146: Send Linktest.rsp.
FF FF 00 00 00 06 00 7B B4 F8
2018-06-19 11:52:04.445: Send Linktest.req.
FF FF 00 00 00 05 00 14 72 DA
2018-06-19 11:52:04.466: Receive Linktest.rsp.
FF FF 00 00 00 06 00 14 72 DA
2018-06-19 11:53:03.101: Receive Linktest.req.
FF FF 00 00 00 05 00 7B B4 F9
2018-06-19 11:53:03.143: Send Linktest.rsp.
FF FF 00 00 00 06 00 7B B4 F9
2018-06-19 11:53:04.470: Send Linktest.req.
FF FF 00 00 00 05 00 14 72 DB
2018-06-19 11:53:04.490: Receive Linktest.rsp.
FF FF 00 00 00 06 00 14 72 DB
2018-06-19 11:54:03.101: Receive Linktest.req.
FF FF 00 00 00 05 00 7B B4 FA
2018-06-19 11:54:03.144: Send Linktest.rsp.
FF FF 00 00 00 06 00 7B B4 FA
2018-06-19 11:54:04.503: Send Linktest.req.
FF FF 00 00 00 05 00 14 72 DC
2018-06-19 11:54:04.548: Receive Linktest.rsp.
FF FF 00 00 00 06 00 14 72 DC
2018-06-19 11:55:03.101: Receive Linktest.req.
FF FF 00 00 00 05 00 7B B4 FB
2018-06-19 11:55:03.241: Send Linktest.rsp.
FF FF 00 00 00 06 00 7B B4 FB
2018-06-19 11:55:04.551: Send Linktest.req.
FF FF 00 00 00 05 00 14 72 DD
2018-06-19 11:55:04.595: Receive Linktest.rsp.
FF FF 00 00 00 06 00 14 72 DD
2018-06-19 11:56:03.101: Receive Linktest.req.
FF FF 00 00 00 05 00 7B B4 FC
2018-06-19 11:56:03.241: Send Linktest.rsp.
FF FF 00 00 00 06 00 7B B4 FC
2018-06-19 11:56:04.597: Send Linktest.req.
FF FF 00 00 00 05 00 14 72 DE
2018-06-19 11:56:04.716: Receive Linktest.rsp.
FF FF 00 00 00 06 00 14 72 DE
2018-06-19 11:57:03.101: Receive Linktest.req.
FF FF 00 00 00 05 00 7B B4 FD
2018-06-19 11:57:03.127: Send Linktest.rsp.
FF FF 00 00 00 06 00 7B B4 FD
2018-06-19 11:57:04.717: Send Linktest.req.
FF FF 00 00 00 05 00 14 72 DF
2018-06-19 11:57:04.757: Receive Linktest.rsp.
FF FF 00 00 00 06 00 14 72 DF
2018-06-19 11:58:03.102: Receive Linktest.req.
FF FF 00 00 00 05 00 7B B4 FE
2018-06-19 11:58:03.229: Send Linktest.rsp.
FF FF 00 00 00 06 00 7B B4 FE
2018-06-19 11:58:04.765: Send Linktest.req.
FF FF 00 00 00 05 00 14 72 E0
2018-06-19 11:58:04.786: Receive Linktest.rsp.
FF FF 00 00 00 06 00 14 72 E0
2018-06-19 11:59:03.101: Receive Linktest.req.
FF FF 00 00 00 05 00 7B B4 FF
2018-06-19 11:59:03.145: Send Linktest.rsp.
FF FF 00 00 00 06 00 7B B4 FF
2018-06-19 11:59:04.798: Send Linktest.req.
FF FF 00 00 00 05 00 14 72 E1
2018-06-19 11:59:04.833: Receive Linktest.rsp.
FF FF 00 00 00 06 00 14 72 E1
2018-06-19 12:00:03.101: Receive Linktest.req.
FF FF 00 00 00 05 00 7B B5 00
2018-06-19 12:00:03.136: Send Linktest.rsp.
FF FF 00 00 00 06 00 7B B5 00
2018-06-19 12:00:04.845: Send Linktest.req.
FF FF 00 00 00 05 00 14 72 E2
2018-06-19 12:00:04.892: Receive Linktest.rsp.
FF FF 00 00 00 06 00 14 72 E2
2018-06-19 12:01:03.101: Receive Linktest.req.
FF FF 00 00 00 05 00 7B B5 01
2018-06-19 12:01:03.137: Send Linktest.rsp.
FF FF 00 00 00 06 00 7B B5 01
2018-06-19 12:01:04.945: Send Linktest.req.
FF FF 00 00 00 05 00 14 72 E3
2018-06-19 12:01:04.984: Receive Linktest.rsp.
FF FF 00 00 00 06 00 14 72 E3
2018-06-19 12:02:03.104: Receive Linktest.req.
FF FF 00 00 00 05 00 7B B5 02
2018-06-19 12:02:03.137: Send Linktest.rsp.
FF FF 00 00 00 06 00 7B B5 02
2018-06-19 12:02:04.993: Send Linktest.req.
FF FF 00 00 00 05 00 14 72 E4
2018-06-19 12:02:05.036: Receive Linktest.rsp.
FF FF 00 00 00 06 00 14 72 E4
2018-06-19 12:03:03.101: Receive Linktest.req.
FF FF 00 00 00 05 00 7B B5 03
2018-06-19 12:03:03.134: Send Linktest.rsp.
FF FF 00 00 00 06 00 7B B5 03
2018-06-19 12:03:05.080: Send Linktest.req.
FF FF 00 00 00 05 00 14 72 E5
2018-06-19 12:03:05.103: Receive Linktest.rsp.
FF FF 00 00 00 06 00 14 72 E5
2018-06-19 12:04:03.101: Receive Linktest.req.
FF FF 00 00 00 05 00 7B B5 04
2018-06-19 12:04:03.138: Send Linktest.rsp.
FF FF 00 00 00 06 00 7B B5 04
2018-06-19 12:04:05.110: Send Linktest.req.
FF FF 00 00 00 05 00 14 72 E6
2018-06-19 12:04:05.154: Receive Linktest.rsp.
FF FF 00 00 00 06 00 14 72 E6
2018-06-19 12:05:03.102: Receive Linktest.req.
FF FF 00 00 00 05 00 7B B5 05
2018-06-19 12:05:03.141: Send Linktest.rsp.
FF FF 00 00 00 06 00 7B B5 05
2018-06-19 12:05:05.191: Send Linktest.req.
FF FF 00 00 00 05 00 14 72 E7
2018-06-19 12:05:05.241: Receive Linktest.rsp.
FF FF 00 00 00 06 00 14 72 E7
2018-06-19 12:06:03.101: Receive Linktest.req.
FF FF 00 00 00 05 00 7B B5 06
2018-06-19 12:06:03.135: Send Linktest.rsp.
FF FF 00 00 00 06 00 7B B5 06
2018-06-19 12:06:05.260: Send Linktest.req.
FF FF 00 00 00 05 00 14 72 E8
2018-06-19 12:06:05.312: Receive Linktest.rsp.
FF FF 00 00 00 06 00 14 72 E8
2018-06-19 12:07:03.101: Receive Linktest.req.
FF FF 00 00 00 05 00 7B B5 07
2018-06-19 12:07:03.138: Send Linktest.rsp.
FF FF 00 00 00 06 00 7B B5 07
2018-06-19 12:07:05.326: Send Linktest.req.
FF FF 00 00 00 05 00 14 72 E9
2018-06-19 12:07:05.364: Receive Linktest.rsp.
FF FF 00 00 00 06 00 14 72 E9
2018-06-19 12:08:03.101: Receive Linktest.req.
FF FF 00 00 00 05 00 7B B5 08
2018-06-19 12:08:03.144: Send Linktest.rsp.
FF FF 00 00 00 06 00 7B B5 08
2018-06-19 12:08:05.420: Send Linktest.req.
FF FF 00 00 00 05 00 14 72 EA
2018-06-19 12:08:05.463: Receive Linktest.rsp.
FF FF 00 00 00 06 00 14 72 EA
2018-06-19 12:09:03.101: Receive Linktest.req.
FF FF 00 00 00 05 00 7B B5 09
2018-06-19 12:09:03.138: Send Linktest.rsp.
FF FF 00 00 00 06 00 7B B5 09
2018-06-19 12:09:05.467: Send Linktest.req.
FF FF 00 00 00 05 00 14 72 EB
2018-06-19 12:09:05.496: Receive Linktest.rsp.
FF FF 00 00 00 06 00 14 72 EB
2018-06-19 12:10:03.101: Receive Linktest.req.
FF FF 00 00 00 05 00 7B B5 0A
2018-06-19 12:10:03.135: Send Linktest.rsp.
FF FF 00 00 00 06 00 7B B5 0A
2018-06-19 12:10:05.545: Send Linktest.req.
FF FF 00 00 00 05 00 14 72 EC
2018-06-19 12:10:05.595: Receive Linktest.rsp.
FF FF 00 00 00 06 00 14 72 EC
2018-06-19 12:11:03.101: Receive Linktest.req.
FF FF 00 00 00 05 00 7B B5 0B
2018-06-19 12:11:03.148: Send Linktest.rsp.
FF FF 00 00 00 06 00 7B B5 0B
2018-06-19 12:11:05.601: Send Linktest.req.
FF FF 00 00 00 05 00 14 72 ED
2018-06-19 12:11:05.658: Receive Linktest.rsp.
FF FF 00 00 00 06 00 14 72 ED
2018-06-19 12:12:03.102: Receive Linktest.req.
FF FF 00 00 00 05 00 7B B5 0C
2018-06-19 12:12:03.145: Send Linktest.rsp.
FF FF 00 00 00 06 00 7B B5 0C
2018-06-19 12:12:05.665: Send Linktest.req.
FF FF 00 00 00 05 00 14 72 EE
2018-06-19 12:12:05.713: Receive Linktest.rsp.
FF FF 00 00 00 06 00 14 72 EE
2018-06-19 12:13:03.101: Receive Linktest.req.
FF FF 00 00 00 05 00 7B B5 0D
2018-06-19 12:13:03.145: Send Linktest.rsp.
FF FF 00 00 00 06 00 7B B5 0D
2018-06-19 12:13:05.741: Send Linktest.req.
FF FF 00 00 00 05 00 14 72 EF
2018-06-19 12:13:05.788: Receive Linktest.rsp.
FF FF 00 00 00 06 00 14 72 EF
2018-06-19 12:14:03.101: Receive Linktest.req.
FF FF 00 00 00 05 00 7B B5 0E
2018-06-19 12:14:03.135: Send Linktest.rsp.
FF FF 00 00 00 06 00 7B B5 0E
2018-06-19 12:14:05.807: Send Linktest.req.
FF FF 00 00 00 05 00 14 72 F0
2018-06-19 12:14:05.848: Receive Linktest.rsp.
FF FF 00 00 00 06 00 14 72 F0
2018-06-19 12:15:03.101: Receive Linktest.req.
FF FF 00 00 00 05 00 7B B5 0F
2018-06-19 12:15:03.160: Send Linktest.rsp.
FF FF 00 00 00 06 00 7B B5 0F
2018-06-19 12:15:05.853: Send Linktest.req.
FF FF 00 00 00 05 00 14 72 F1
2018-06-19 12:15:05.889: Receive Linktest.rsp.
FF FF 00 00 00 06 00 14 72 F1
2018-06-19 12:16:03.101: Receive Linktest.req.
FF FF 00 00 00 05 00 7B B5 10
2018-06-19 12:16:03.132: Send Linktest.rsp.
FF FF 00 00 00 06 00 7B B5 10
2018-06-19 12:16:05.895: Send Linktest.req.
FF FF 00 00 00 05 00 14 72 F2
2018-06-19 12:16:05.940: Receive Linktest.rsp.
FF FF 00 00 00 06 00 14 72 F2
2018-06-19 12:17:03.101: Receive Linktest.req.
FF FF 00 00 00 05 00 7B B5 11
2018-06-19 12:17:03.135: Send Linktest.rsp.
FF FF 00 00 00 06 00 7B B5 11
2018-06-19 12:17:05.952: Send Linktest.req.
FF FF 00 00 00 05 00 14 72 F3
2018-06-19 12:17:06.008: Receive Linktest.rsp.
FF FF 00 00 00 06 00 14 72 F3
2018-06-19 12:18:03.101: Receive Linktest.req.
FF FF 00 00 00 05 00 7B B5 12
2018-06-19 12:18:03.145: Send Linktest.rsp.
FF FF 00 00 00 06 00 7B B5 12
2018-06-19 12:18:06.020: Send Linktest.req.
FF FF 00 00 00 05 00 14 72 F4
2018-06-19 12:18:06.068: Receive Linktest.rsp.
FF FF 00 00 00 06 00 14 72 F4
2018-06-19 12:18:40.985: Send Separate.req.
FF FF 00 00 00 09 00 14 72 F5
//////////////////////////////////////////////////////////////////////////
2018-06-19 12:32:52.364: CTLT_SECS (HSMS Mode) Ver.2.2.3 Start...Driver: NO_LICENCE
2018-06-19 12:32:55.517: Receive Select.req.
FF FF 00 00 00 01 00 B7 19 5D
2018-06-19 12:32:55.552: Send Select.rsp.
FF FF 00 00 00 02 00 B7 19 5D
2018-06-19 12:32:55.587: Send Data Message.
00 00 00 1C 00 01 81 0D 00 00
2018-06-19 12:32:55.587: Send S1F13(7502489).
00 01 81 0D 00 00 00 72 7A 99   01 02 41 06 45 71 4D 44 4C 4E
41 06 53 6F 66 52 65 76
S1F13 W /* Establish Communications Request */
<L[2]
  <A[6]"EqMDLN"> /* Name = MDLN, Keyword = GEM_MDLN (24) */
  <A[6]"SofRev"> /* Name = SoftRev, Keyword = GEM_SOFTREV (25) */
>
.
Program takes      0.016 seconds to log this message.
2018-06-19 12:32:55.659: Receive Data Message.
00 00 00 11 00 00 01 0E 00 00
2018-06-19 12:32:55.659: Receive S1F14(7502489).
00 00 01 0E 00 00 00 72 7A 99   01 02 21 01 00 01 00
S1F14  /* Establish Communications Request Acknowledge */
<L[2]
  <B[1] 0x00> /* Name = COMMACK */
  <L[0]
  >
>
.
Program takes      0 seconds to log this message.
2018-06-19 12:33:17.178: Send Separate.req.
FF FF 00 00 00 09 00 72 7A 9A
//////////////////////////////////////////////////////////////////////////
2018-06-19 12:33:49.808: CTLT_SECS (HSMS Mode) Ver.2.2.3 Start...Driver: NO_LICENCE
2018-06-19 12:33:52.900: Receive Select.req.
FF FF 00 00 00 01 00 B7 F9 8E
2018-06-19 12:33:52.941: Send Select.rsp.
FF FF 00 00 00 02 00 B7 F9 8E
2018-06-19 12:33:52.983: Send Data Message.
00 00 00 1C 00 01 81 0D 00 00
2018-06-19 12:33:52.983: Send S1F13(5505277).
00 01 81 0D 00 00 00 54 00 FD   01 02 41 06 45 71 4D 44 4C 4E
41 06 53 6F 66 52 65 76
S1F13 W /* Establish Communications Request */
<L[2]
  <A[6]"EqMDLN"> /* Name = MDLN, Keyword = GEM_MDLN (24) */
  <A[6]"SofRev"> /* Name = SoftRev, Keyword = GEM_SOFTREV (25) */
>
.
Program takes      0.019 seconds to log this message.
2018-06-19 12:33:53.063: Receive Data Message.
00 00 00 11 00 00 01 0E 00 00
2018-06-19 12:33:53.063: Receive S1F14(5505277).
00 00 01 0E 00 00 00 54 00 FD   01 02 21 01 00 01 00
S1F14  /* Establish Communications Request Acknowledge */
<L[2]
  <B[1] 0x00> /* Name = COMMACK */
  <L[0]
  >
>
.
Program takes      0 seconds to log this message.
2018-06-19 12:34:52.856: Receive Linktest.req.
FF FF 00 00 00 05 00 B7 F9 90
2018-06-19 12:34:52.888: Send Linktest.rsp.
FF FF 00 00 00 06 00 B7 F9 90
2018-06-19 12:34:52.949: Send Linktest.req.
FF FF 00 00 00 05 00 54 00 FE
2018-06-19 12:34:52.970: Receive Linktest.rsp.
FF FF 00 00 00 06 00 54 00 FE
2018-06-19 12:35:52.856: Receive Linktest.req.
FF FF 00 00 00 05 00 B7 F9 91
2018-06-19 12:35:52.880: Send Linktest.rsp.
FF FF 00 00 00 06 00 B7 F9 91
2018-06-19 12:35:52.973: Send Linktest.req.
FF FF 00 00 00 05 00 54 00 FF
2018-06-19 12:35:53.029: Receive Linktest.rsp.
FF FF 00 00 00 06 00 54 00 FF
2018-06-19 12:36:52.856: Receive Linktest.req.
FF FF 00 00 00 05 00 B7 F9 92
2018-06-19 12:36:52.879: Send Linktest.rsp.
FF FF 00 00 00 06 00 B7 F9 92
2018-06-19 12:36:53.033: Send Linktest.req.
FF FF 00 00 00 05 00 54 01 00
2018-06-19 12:36:53.056: Receive Linktest.rsp.
FF FF 00 00 00 06 00 54 01 00
2018-06-19 12:37:52.856: Receive Linktest.req.
FF FF 00 00 00 05 00 B7 F9 93
2018-06-19 12:37:52.883: Send Linktest.rsp.
FF FF 00 00 00 06 00 B7 F9 93
2018-06-19 12:37:53.059: Send Linktest.req.
FF FF 00 00 00 05 00 54 01 01
2018-06-19 12:37:53.097: Receive Linktest.rsp.
FF FF 00 00 00 06 00 54 01 01
2018-06-19 12:38:52.856: Receive Linktest.req.
FF FF 00 00 00 05 00 B7 F9 94
2018-06-19 12:38:52.912: Send Linktest.rsp.
FF FF 00 00 00 06 00 B7 F9 94
2018-06-19 12:38:53.108: Send Linktest.req.
FF FF 00 00 00 05 00 54 01 02
2018-06-19 12:38:53.157: Receive Linktest.rsp.
FF FF 00 00 00 06 00 54 01 02
2018-06-19 12:39:52.856: Receive Linktest.req.
FF FF 00 00 00 05 00 B7 F9 95
2018-06-19 12:39:52.901: Send Linktest.rsp.
FF FF 00 00 00 06 00 B7 F9 95
2018-06-19 12:39:53.165: Send Linktest.req.
FF FF 00 00 00 05 00 54 01 03
2018-06-19 12:39:53.219: Receive Linktest.rsp.
FF FF 00 00 00 06 00 54 01 03
2018-06-19 12:40:52.870: Receive Linktest.req.
FF FF 00 00 00 05 00 B7 F9 96
2018-06-19 12:40:52.894: Send Linktest.rsp.
FF FF 00 00 00 06 00 B7 F9 96
2018-06-19 12:40:53.223: Send Linktest.req.
FF FF 00 00 00 05 00 54 01 04
2018-06-19 12:40:53.281: Receive Linktest.rsp.
FF FF 00 00 00 06 00 54 01 04
2018-06-19 12:41:52.856: Receive Linktest.req.
FF FF 00 00 00 05 00 B7 F9 97
2018-06-19 12:41:52.900: Send Linktest.rsp.
FF FF 00 00 00 06 00 B7 F9 97
2018-06-19 12:41:53.284: Send Linktest.req.
FF FF 00 00 00 05 00 54 01 05
2018-06-19 12:41:53.336: Receive Linktest.rsp.
FF FF 00 00 00 06 00 54 01 05
2018-06-19 12:42:46.563: Send Separate.req.
FF FF 00 00 00 09 00 54 01 06
