//////////////////////////////////////////////////////////////////////////
00:57:58.279: CTLT_SECS (HSMS Mode) Ver.2.0.4 Start...Driver: NO_LICENCE
00:59:06.494: Receive Select.req.
FF FF 00 00 00 01 00 F1 D8 C6
00:59:06.496: Send Select.rsp.
FF FF 00 00 00 02 00 F1 D8 C6
00:59:06.519: Send Data Message.
00 00 00 1C 00 01 81 0D 00 00
00:59:06.519: Send S1F13(7827904).
00 01 81 0D 00 00 00 77 71 C0   01 02 41 06 45 71 4D 44 4C 4E
41 06 53 6F 66 52 65 76
S1F13 W
<L[2]
  <A[6] "EqMDLN">
  <A[6] "SofRev">
>
.
Program takes      0 seconds to log this message.
00:59:06.528: Receive Data Message.
00 00 00 11 00 00 01 0E 00 00
00:59:06.528: Receive S1F14(7827904).
00 00 01 0E 00 00 00 77 71 C0   01 02 21 01 00 01 00
S1F14 
<L[2]
  <B[1] 0x0>
  <L[0]
  >
>
.
Program takes      0 seconds to log this message.
00:59:14.198: Receive Data Message.
00 00 00 1C 00 00 82 1F 00 00
00:59:14.198: Receive S2F31(15849672).
00 00 82 1F 00 00 00 F1 D8 C8   41 10 32 30 31 36 31 31 30 33
31 30 35 32 35 30 30 30
S2F31 W
<A[16] "2016110310525000">
.
Program takes      0 seconds to log this message.
18:52:50.000: Send Data Message.
00 00 00 0D 00 01 02 20 00 00
18:52:50.000: Send S2F32(15849672).
00 01 02 20 00 00 00 F1 D8 C8   21 01 00
S2F32 
<B[1] 0x0>
.
Program takes      0 seconds to log this message.
18:53:10.847: Receive Data Message.
00 00 00 1C 00 00 82 1F 00 00
18:53:10.847: Receive S2F31(15849673).
00 00 82 1F 00 00 00 F1 D8 C9   41 10 32 30 31 36 31 31 30 33
31 30 35 32 35 30 30 30
S2F31 W
<A[16] "2016110310525000">
.
Program takes      0 seconds to log this message.
18:52:50.001: Send Data Message.
00 00 00 0D 00 01 02 20 00 00
18:52:50.001: Send S2F32(15849673).
00 01 02 20 00 00 00 F1 D8 C9   21 01 00
S2F32 
<B[1] 0x0>
.
Program takes      0 seconds to log this message.
18:53:21.408: Receive Linktest.req.
FF FF 00 00 00 05 00 F1 D8 CA
18:53:21.408: Send Linktest.rsp.
FF FF 00 00 00 06 00 F1 D8 CA
18:53:49.454: Send Linktest.req.
FF FF 00 00 00 05 00 77 71 C1
18:53:49.455: Receive Linktest.rsp.
FF FF 00 00 00 06 00 77 71 C1
18:54:21.409: Receive Linktest.req.
FF FF 00 00 00 05 00 F1 D8 CB
18:54:21.410: Send Linktest.rsp.
FF FF 00 00 00 06 00 F1 D8 CB
18:54:25.367: Receive Data Message.
00 00 00 1C 00 00 82 1F 00 00
18:54:25.367: Receive S2F31(15849676).
00 00 82 1F 00 00 00 F1 D8 CC   41 10 32 30 31 36 31 31 30 33
31 30 35 32 35 30 30 30
S2F31 W
<A[16] "2016110310525000">
.
Program takes      0 seconds to log this message.
18:52:50.003: Send Data Message.
00 00 00 0D 00 01 02 20 00 00
18:52:50.003: Send S2F32(15849676).
00 01 02 20 00 00 00 F1 D8 CC   21 01 00
S2F32 
<B[1] 0x0>
.
Program takes      0 seconds to log this message.
18:53:20.581: Send Separate.req.
FF FF 00 00 00 09 00 77 71 C2
//////////////////////////////////////////////////////////////////////////
11:08:28.855: CTLT_SECS (HSMS Mode) Ver.2.0.4 Start...Driver: NO_LICENCE
11:08:31.803: Receive Select.req.
FF FF 00 00 00 01 01 02 F6 73
11:08:31.810: Send Select.rsp.
FF FF 00 00 00 02 01 02 F6 73
11:08:31.821: Send Data Message.
00 00 00 1C 00 01 81 0D 00 00
11:08:31.821: Send S1F13(178416).
00 01 81 0D 00 00 00 02 B8 F0   01 02 41 06 45 71 4D 44 4C 4E
41 06 53 6F 66 52 65 76
S1F13 W
<L[2]
  <A[6] "EqMDLN">
  <A[6] "SofRev">
>
.
Program takes      0 seconds to log this message.
11:08:31.874: Receive Data Message.
00 00 00 11 00 00 01 0E 00 00
11:08:31.874: Receive S1F14(178416).
00 00 01 0E 00 00 00 02 B8 F0   01 02 21 01 00 01 00
S1F14 
<L[2]
  <B[1] 0x0>
  <L[0]
  >
>
.
Program takes      0 seconds to log this message.
11:08:37.808: Receive Data Message.
00 00 00 18 00 00 82 1F 00 00
11:08:37.808: Receive S2F31(16971381).
00 00 82 1F 00 00 01 02 F6 75   41 0C 31 36 31 31 30 33 31 30
35 32 35 30
S2F31 W
<A[12] "161103105250">
.
Program takes      0 seconds to log this message.
18:52:50.001: Send Data Message.
00 00 00 0D 00 01 02 20 00 00
18:52:50.001: Send S2F32(16971381).
00 01 02 20 00 00 01 02 F6 75   21 01 00
S2F32 
<B[1] 0x0>
.
Program takes      0 seconds to log this message.
18:53:43.950: Receive Linktest.req.
FF FF 00 00 00 05 01 02 F6 76
18:53:43.950: Send Linktest.rsp.
FF FF 00 00 00 06 01 02 F6 76
18:53:49.005: Send Linktest.req.
FF FF 00 00 00 05 00 02 B8 F1
18:53:49.008: Receive Linktest.rsp.
FF FF 00 00 00 06 00 02 B8 F1
18:54:09.853: Receive Data Message.
00 00 00 1A 00 00 82 1F 00 00
18:54:09.853: Receive S2F31(16971383).
00 00 82 1F 00 00 01 02 F6 77   41 0E 32 30 31 36 31 31 30 33
31 30 35 32 35 30
S2F31 W
<A[14] "20161103105250">
.
Program takes      0 seconds to log this message.
18:52:50.001: Send Data Message.
00 00 00 0D 00 01 02 20 00 00
18:52:50.001: Send S2F32(16971383).
00 01 02 20 00 00 01 02 F6 77   21 01 00
S2F32 
<B[1] 0x0>
.
Program takes      0 seconds to log this message.
18:53:24.095: Receive Linktest.req.
FF FF 00 00 00 05 01 02 F6 78
18:53:24.095: Send Linktest.rsp.
FF FF 00 00 00 06 01 02 F6 78
18:53:49.155: Send Linktest.req.
FF FF 00 00 00 05 00 02 B8 F2
18:53:49.157: Receive Linktest.rsp.
FF FF 00 00 00 06 00 02 B8 F2
18:53:52.086: Receive Separate.req.
FF FF 00 00 00 09 01 02 F6 79
18:53:52.086: Remote Client Disconnected!
18:53:52.155: CTLT_SECS (HSMS Mode) Ver.2.0.4 Start...Driver: NO_LICENCE
18:53:55.244: Receive Select.req.
FF FF 00 00 00 01 01 05 44 C2
18:53:55.249: Send Select.rsp.
FF FF 00 00 00 02 01 05 44 C2
18:53:55.257: Send Data Message.
00 00 00 1C 00 01 81 0D 00 00
18:53:55.257: Send S1F13(178419).
00 01 81 0D 00 00 00 02 B8 F3   01 02 41 06 45 71 4D 44 4C 4E
41 06 53 6F 66 52 65 76
S1F13 W
<L[2]
  <A[6] "EqMDLN">
  <A[6] "SofRev">
>
.
Program takes      0 seconds to log this message.
18:53:55.305: Receive Data Message.
00 00 00 11 00 00 01 0E 00 00
18:53:55.305: Receive S1F14(178419).
00 00 01 0E 00 00 00 02 B8 F3   01 02 21 01 00 01 00
S1F14 
<L[2]
  <B[1] 0x0>
  <L[0]
  >
>
.
Program takes      0 seconds to log this message.
18:53:57.285: Receive Separate.req.
FF FF 00 00 00 09 01 05 44 C4
18:53:57.285: Remote Client Disconnected!
18:53:58.249: CTLT_SECS (HSMS Mode) Ver.2.0.4 Start...Driver: NO_LICENCE
