//////////////////////////////////////////////////////////////////////////
2018-06-20 11:53:54.785: CTLT_SECS (HSMS Mode) Ver.2.2.3 Start...Driver: NO_LICENCE
[DebugLog] 11:53:55.958 ActiveConnectThread() exception:無法連線，因為目標電腦拒絕連線。 127.0.0.1:5001
2018-06-20 11:53:59.855: CTLT_SECS (HSMS Mode) Ver.2.2.3 Start...Driver: NO_LICENCE
2018-06-20 11:54:00.859: Send Select.req.
FF FF 00 00 00 01 01 41 CD 62
2018-06-20 11:54:00.939: Receive Select.rsp.
FF FF 00 00 00 02 01 41 CD 62
2018-06-20 11:54:09.121: Send Separate.req.
FF FF 00 00 00 09 00 29 21 43
2018-06-20 11:54:10.996: CTLT_SECS (HSMS Mode) Ver.2.2.3 Start...Driver: NO_LICENCE
2018-06-20 11:54:11.008: Send Select.req.
FF FF 00 00 00 01 01 41 CD 62
2018-06-20 11:54:11.047: Receive Select.rsp.
FF FF 00 00 00 02 01 41 CD 62
2018-06-20 11:54:37.714: Send Separate.req.
FF FF 00 00 00 09 00 29 21 44
2018-06-20 11:54:38.552: CTLT_SECS (HSMS Mode) Ver.2.2.3 Start...Driver: NO_LICENCE
2018-06-20 11:54:38.564: Send Select.req.
FF FF 00 00 00 01 01 41 CD 62
2018-06-20 11:54:38.762: Receive Select.rsp.
FF FF 00 00 00 02 01 41 CD 62
2018-06-20 11:55:00.583:  Receive Linktest.req.
FF FF 00 00 00 05 00 0D CF 21
2018-06-20 11:55:00.592: Send Linktest.rsp.
FF FF 00 00 00 06 00 0D CF 21
2018-06-20 11:55:06.015: Send Separate.req.
FF FF 00 00 00 09 00 29 21 45
