//////////////////////////////////////////////////////////////////////////
2018-06-25 11:59:32.022: CTLT_SECS (HSMS Mode) Ver.2.2.3 Start...Driver: NO_LICENCE
2018-06-25 11:59:36.201: Receive Select.req.
FF FF 00 00 00 01 00 98 64 60
2018-06-25 11:59:36.221: Send Select.rsp.
FF FF 00 00 00 02 00 98 64 60
2018-06-25 11:59:36.282: Send Data Message.
00 00 00 1C 00 01 81 0D 00 00
2018-06-25 11:59:36.282: Send S1F13(5336868).
00 01 81 0D 00 00 00 51 6F 24   01 02 41 06 45 71 4D 44 4C 4E
41 06 53 6F 66 52 65 76
S1F13 W /* Establish Communications Request */
<L[2]
  <A[6]"EqMDLN"> /* Name = MDLN, Keyword = GEM_MDLN (24) */
  <A[6]"SofRev"> /* Name = SoftRev, Keyword = GEM_SOFTREV (25) */
>
.
Program takes      0.013 seconds to log this message.
2018-06-25 11:59:36.334: Receive Data Message.
00 00 00 11 00 00 01 0E 00 00
2018-06-25 11:59:36.334: Receive S1F14(5336868).
00 00 01 0E 00 00 00 51 6F 24   01 02 21 01 00 01 00
S1F14  /* Establish Communications Request Acknowledge */
<L[2]
  <B[1] 0x00> /* Name = COMMACK */
  <L[0]
  >
>
.
Program takes      0 seconds to log this message.
2018-06-25 12:00:06.565: Send Data Message.
00 00 00 8B 00 01 86 0B 00 00
2018-06-25 12:00:06.565: Send S6F11(5336869).
00 01 86 0B 00 00 00 51 6F 25   01 03 A9 02 00 01 B1 04 00 00
00 65 01 01 01 02 B1 04 00 00   1B 59 01 03 A5 01 05 41 64 54
65 73 74 4A 4F 42 30 30 30 5F   31 32 33 34 35 36 37 38 39 5F
31 32 33 34 35 36 37 38 39 5F   31 32 33 34 35 36 37 38 39 5F
31 32 33 34 35 36 37 38 39 5F   31 32 33 34 35 36 37 38 39 5F
31 32 33 34 35 36 37 38 39 5F   31 32 33 34 35 36 37 38 39 5F
31 32 33 34 35 36 37 38 39 5F   31 32 33 34 35 36 37 38 39
S6F11 W /* Event Report Send */
<L[3]
  <U2[1] 1> /* Name = DATAID */
  <U4[1] 101> /* Name = CEID, Keyword = EQP_EVENT_2 (101) */
  <L[1]
    <L[2]
      <U4[1] 7001> /* Name = RPTID */
      <L[3]
        <U1[1] 5> /* Name = Value, Keyword = SV_EQP_STSTUS (100001) */
        <A[100]"TestJOB000_123456789_123456789_123456789_123456789_123456789_123456789_123456789_123456789_123456789"> /* Name = Value, Keyword = SV_CONTROL_JOB_NAME (2002) */
      >
    >
  >
>
.
Program takes      0.005 seconds to log this message.
2018-06-25 12:00:06.739: Receive Data Message.
00 00 00 0D 00 00 06 0C 00 00
2018-06-25 12:00:06.739: Receive S6F12(5336869).
00 00 06 0C 00 00 00 51 6F 25   21 01 00
S6F12  /* Event Report Ack */
<B[1] 0x00> /* Name = ACKC6 */
.
Program takes      0 seconds to log this message.
2018-06-25 12:00:36.136: Receive Linktest.req.
FF FF 00 00 00 05 00 98 64 63
2018-06-25 12:00:36.170: Send Linktest.rsp.
FF FF 00 00 00 06 00 98 64 63
2018-06-25 12:01:06.225: Send Linktest.req.
FF FF 00 00 00 05 00 51 6F 26
2018-06-25 12:01:06.242: Receive Linktest.rsp.
FF FF 00 00 00 06 00 51 6F 26
2018-06-25 12:01:36.136: Receive Linktest.req.
FF FF 00 00 00 05 00 98 64 64
2018-06-25 12:01:36.177: Send Linktest.rsp.
FF FF 00 00 00 06 00 98 64 64
2018-06-25 12:02:06.246: Send Linktest.req.
FF FF 00 00 00 05 00 51 6F 27
2018-06-25 12:02:06.285: Receive Linktest.rsp.
FF FF 00 00 00 06 00 51 6F 27
2018-06-25 12:02:36.135: Receive Linktest.req.
FF FF 00 00 00 05 00 98 64 65
2018-06-25 12:02:36.176: Send Linktest.rsp.
FF FF 00 00 00 06 00 98 64 65
2018-06-25 12:03:06.290: Send Linktest.req.
FF FF 00 00 00 05 00 51 6F 28
2018-06-25 12:03:06.320: Receive Linktest.rsp.
FF FF 00 00 00 06 00 51 6F 28
2018-06-25 12:03:36.136: Receive Linktest.req.
FF FF 00 00 00 05 00 98 64 66
2018-06-25 12:03:36.163: Send Linktest.rsp.
FF FF 00 00 00 06 00 98 64 66
2018-06-25 12:04:06.326: Send Linktest.req.
FF FF 00 00 00 05 00 51 6F 29
2018-06-25 12:04:06.346: Receive Linktest.rsp.
FF FF 00 00 00 06 00 51 6F 29
2018-06-25 12:04:36.135: Receive Linktest.req.
FF FF 00 00 00 05 00 98 64 67
2018-06-25 12:04:36.155: Send Linktest.rsp.
FF FF 00 00 00 06 00 98 64 67
2018-06-25 12:05:06.350: Send Linktest.req.
FF FF 00 00 00 05 00 51 6F 2A
2018-06-25 12:05:06.385: Receive Linktest.rsp.
FF FF 00 00 00 06 00 51 6F 2A
2018-06-25 12:05:36.136: Receive Linktest.req.
FF FF 00 00 00 05 00 98 64 68
2018-06-25 12:05:36.164: Send Linktest.rsp.
FF FF 00 00 00 06 00 98 64 68
2018-06-25 12:06:06.388: Send Linktest.req.
FF FF 00 00 00 05 00 51 6F 2B
2018-06-25 12:06:06.426: Receive Linktest.rsp.
FF FF 00 00 00 06 00 51 6F 2B
2018-06-25 12:06:36.135: Receive Linktest.req.
FF FF 00 00 00 05 00 98 64 69
2018-06-25 12:06:36.155: Send Linktest.rsp.
FF FF 00 00 00 06 00 98 64 69
2018-06-25 12:07:06.430: Send Linktest.req.
FF FF 00 00 00 05 00 51 6F 2C
2018-06-25 12:07:06.464: Receive Linktest.rsp.
FF FF 00 00 00 06 00 51 6F 2C
2018-06-25 12:07:36.136: Receive Linktest.req.
FF FF 00 00 00 05 00 98 64 6A
2018-06-25 12:07:36.151: Send Linktest.rsp.
FF FF 00 00 00 06 00 98 64 6A
2018-06-25 12:08:06.467: Send Linktest.req.
FF FF 00 00 00 05 00 51 6F 2D
2018-06-25 12:08:06.486: Receive Linktest.rsp.
FF FF 00 00 00 06 00 51 6F 2D
2018-06-25 12:08:36.136: Receive Linktest.req.
FF FF 00 00 00 05 00 98 64 6B
2018-06-25 12:08:36.150: Send Linktest.rsp.
FF FF 00 00 00 06 00 98 64 6B
2018-06-25 12:09:06.501: Send Linktest.req.
FF FF 00 00 00 05 00 51 6F 2E
2018-06-25 12:09:06.535: Receive Linktest.rsp.
FF FF 00 00 00 06 00 51 6F 2E
2018-06-25 12:09:36.135: Receive Linktest.req.
FF FF 00 00 00 05 00 98 64 6C
2018-06-25 12:09:36.172: Send Linktest.rsp.
FF FF 00 00 00 06 00 98 64 6C
2018-06-25 12:10:06.538: Send Linktest.req.
FF FF 00 00 00 05 00 51 6F 2F
2018-06-25 12:10:06.575: Receive Linktest.rsp.
FF FF 00 00 00 06 00 51 6F 2F
2018-06-25 12:10:36.136: Receive Linktest.req.
FF FF 00 00 00 05 00 98 64 6D
2018-06-25 12:10:36.171: Send Linktest.rsp.
FF FF 00 00 00 06 00 98 64 6D
2018-06-25 12:11:06.580: Send Linktest.req.
FF FF 00 00 00 05 00 51 6F 30
2018-06-25 12:11:06.620: Receive Linktest.rsp.
FF FF 00 00 00 06 00 51 6F 30
2018-06-25 12:11:36.135: Receive Linktest.req.
FF FF 00 00 00 05 00 98 64 6E
2018-06-25 12:11:36.178: Send Linktest.rsp.
FF FF 00 00 00 06 00 98 64 6E
2018-06-25 12:12:06.617: Send Linktest.req.
FF FF 00 00 00 05 00 51 6F 31
2018-06-25 12:12:06.649: Receive Linktest.rsp.
FF FF 00 00 00 06 00 51 6F 31
2018-06-25 12:12:36.136: Receive Linktest.req.
FF FF 00 00 00 05 00 98 64 6F
2018-06-25 12:12:36.154: Send Linktest.rsp.
FF FF 00 00 00 06 00 98 64 6F
2018-06-25 12:13:06.662: Send Linktest.req.
FF FF 00 00 00 05 00 51 6F 32
2018-06-25 12:13:06.688: Receive Linktest.rsp.
FF FF 00 00 00 06 00 51 6F 32
2018-06-25 12:13:36.135: Receive Linktest.req.
FF FF 00 00 00 05 00 98 64 70
2018-06-25 12:13:36.169: Send Linktest.rsp.
FF FF 00 00 00 06 00 98 64 70
2018-06-25 12:14:06.692: Send Linktest.req.
FF FF 00 00 00 05 00 51 6F 33
2018-06-25 12:14:06.725: Receive Linktest.rsp.
FF FF 00 00 00 06 00 51 6F 33
2018-06-25 12:14:36.136: Receive Linktest.req.
FF FF 00 00 00 05 00 98 64 71
2018-06-25 12:14:36.151: Send Linktest.rsp.
FF FF 00 00 00 06 00 98 64 71
2018-06-25 12:15:06.729: Send Linktest.req.
FF FF 00 00 00 05 00 51 6F 34
2018-06-25 12:15:06.778: Receive Linktest.rsp.
FF FF 00 00 00 06 00 51 6F 34
2018-06-25 12:15:36.136: Receive Linktest.req.
FF FF 00 00 00 05 00 98 64 72
2018-06-25 12:15:36.170: Send Linktest.rsp.
FF FF 00 00 00 06 00 98 64 72
2018-06-25 12:16:06.788: Send Linktest.req.
FF FF 00 00 00 05 00 51 6F 35
2018-06-25 12:16:06.836: Receive Linktest.rsp.
FF FF 00 00 00 06 00 51 6F 35
2018-06-25 12:16:36.135: Receive Linktest.req.
FF FF 00 00 00 05 00 98 64 73
2018-06-25 12:16:36.169: Send Linktest.rsp.
FF FF 00 00 00 06 00 98 64 73
2018-06-25 12:17:06.843: Send Linktest.req.
FF FF 00 00 00 05 00 51 6F 36
2018-06-25 12:17:06.883: Receive Linktest.rsp.
FF FF 00 00 00 06 00 51 6F 36
2018-06-25 12:17:36.136: Receive Linktest.req.
FF FF 00 00 00 05 00 98 64 74
2018-06-25 12:17:36.156: Send Linktest.rsp.
FF FF 00 00 00 06 00 98 64 74
2018-06-25 12:18:06.890: Send Linktest.req.
FF FF 00 00 00 05 00 51 6F 37
2018-06-25 12:18:06.913: Receive Linktest.rsp.
FF FF 00 00 00 06 00 51 6F 37
2018-06-25 12:18:36.135: Receive Linktest.req.
FF FF 00 00 00 05 00 98 64 75
2018-06-25 12:18:36.149: Send Linktest.rsp.
FF FF 00 00 00 06 00 98 64 75
2018-06-25 12:19:06.915: Send Linktest.req.
FF FF 00 00 00 05 00 51 6F 38
2018-06-25 12:19:06.957: Receive Linktest.rsp.
FF FF 00 00 00 06 00 51 6F 38
2018-06-25 12:19:36.136: Receive Linktest.req.
FF FF 00 00 00 05 00 98 64 76
2018-06-25 12:19:36.153: Send Linktest.rsp.
FF FF 00 00 00 06 00 98 64 76
2018-06-25 12:20:06.959: Send Linktest.req.
FF FF 00 00 00 05 00 51 6F 39
2018-06-25 12:20:07.007: Receive Linktest.rsp.
FF FF 00 00 00 06 00 51 6F 39
2018-06-25 12:20:36.135: Receive Linktest.req.
FF FF 00 00 00 05 00 98 64 77
2018-06-25 12:20:36.171: Send Linktest.rsp.
FF FF 00 00 00 06 00 98 64 77
2018-06-25 12:21:07.019: Send Linktest.req.
FF FF 00 00 00 05 00 51 6F 3A
2018-06-25 12:21:07.058: Receive Linktest.rsp.
FF FF 00 00 00 06 00 51 6F 3A
2018-06-25 12:21:36.136: Receive Linktest.req.
FF FF 00 00 00 05 00 98 64 78
2018-06-25 12:21:36.174: Send Linktest.rsp.
FF FF 00 00 00 06 00 98 64 78
2018-06-25 12:22:07.063: Send Linktest.req.
FF FF 00 00 00 05 00 51 6F 3B
2018-06-25 12:22:07.105: Receive Linktest.rsp.
FF FF 00 00 00 06 00 51 6F 3B
2018-06-25 12:22:36.136: Receive Linktest.req.
FF FF 00 00 00 05 00 98 64 79
2018-06-25 12:22:36.155: Send Linktest.rsp.
FF FF 00 00 00 06 00 98 64 79
2018-06-25 12:23:07.118: Send Linktest.req.
FF FF 00 00 00 05 00 51 6F 3C
2018-06-25 12:23:07.165: Receive Linktest.rsp.
FF FF 00 00 00 06 00 51 6F 3C
2018-06-25 12:23:36.135: Receive Linktest.req.
FF FF 00 00 00 05 00 98 64 7A
2018-06-25 12:23:36.171: Send Linktest.rsp.
FF FF 00 00 00 06 00 98 64 7A
2018-06-25 12:24:07.173: Send Linktest.req.
FF FF 00 00 00 05 00 51 6F 3D
2018-06-25 12:24:07.221: Receive Linktest.rsp.
FF FF 00 00 00 06 00 51 6F 3D
2018-06-25 12:24:36.136: Receive Linktest.req.
FF FF 00 00 00 05 00 98 64 7B
2018-06-25 12:24:36.157: Send Linktest.rsp.
FF FF 00 00 00 06 00 98 64 7B
2018-06-25 12:25:07.225: Send Linktest.req.
FF FF 00 00 00 05 00 51 6F 3E
2018-06-25 12:25:07.247: Receive Linktest.rsp.
FF FF 00 00 00 06 00 51 6F 3E
2018-06-25 12:25:36.135: Receive Linktest.req.
FF FF 00 00 00 05 00 98 64 7C
2018-06-25 12:25:36.159: Send Linktest.rsp.
FF FF 00 00 00 06 00 98 64 7C
2018-06-25 12:26:07.251: Send Linktest.req.
FF FF 00 00 00 05 00 51 6F 3F
2018-06-25 12:26:07.392: Receive Linktest.rsp.
FF FF 00 00 00 06 00 51 6F 3F
2018-06-25 12:26:36.136: Receive Linktest.req.
FF FF 00 00 00 05 00 98 64 7D
2018-06-25 12:26:36.154: Send Linktest.rsp.
FF FF 00 00 00 06 00 98 64 7D
2018-06-25 12:27:07.396: Send Linktest.req.
FF FF 00 00 00 05 00 51 6F 40
2018-06-25 12:27:07.437: Receive Linktest.rsp.
FF FF 00 00 00 06 00 51 6F 40
2018-06-25 12:27:36.135: Receive Linktest.req.
FF FF 00 00 00 05 00 98 64 7E
2018-06-25 12:27:36.164: Send Linktest.rsp.
FF FF 00 00 00 06 00 98 64 7E
2018-06-25 12:28:07.442: Send Linktest.req.
FF FF 00 00 00 05 00 51 6F 41
2018-06-25 12:28:07.466: Receive Linktest.rsp.
FF FF 00 00 00 06 00 51 6F 41
2018-06-25 12:28:36.136: Receive Linktest.req.
FF FF 00 00 00 05 00 98 64 7F
2018-06-25 12:28:36.152: Send Linktest.rsp.
FF FF 00 00 00 06 00 98 64 7F
2018-06-25 12:29:07.469: Send Linktest.req.
FF FF 00 00 00 05 00 51 6F 42
2018-06-25 12:29:07.503: Receive Linktest.rsp.
FF FF 00 00 00 06 00 51 6F 42
2018-06-25 12:29:36.136: Receive Linktest.req.
FF FF 00 00 00 05 00 98 64 80
2018-06-25 12:29:36.154: Send Linktest.rsp.
FF FF 00 00 00 06 00 98 64 80
2018-06-25 12:30:07.507: Send Linktest.req.
FF FF 00 00 00 05 00 51 6F 43
2018-06-25 12:30:07.559: Receive Linktest.rsp.
FF FF 00 00 00 06 00 51 6F 43
2018-06-25 12:30:36.135: Receive Linktest.req.
FF FF 00 00 00 05 00 98 64 81
2018-06-25 12:30:36.152: Send Linktest.rsp.
FF FF 00 00 00 06 00 98 64 81
2018-06-25 12:31:07.573: Send Linktest.req.
FF FF 00 00 00 05 00 51 6F 44
2018-06-25 12:31:07.610: Receive Linktest.rsp.
FF FF 00 00 00 06 00 51 6F 44
2018-06-25 12:31:36.136: Receive Linktest.req.
FF FF 00 00 00 05 00 98 64 82
2018-06-25 12:31:36.151: Send Linktest.rsp.
FF FF 00 00 00 06 00 98 64 82
2018-06-25 12:32:07.622: Send Linktest.req.
FF FF 00 00 00 05 00 51 6F 45
2018-06-25 12:32:07.644: Receive Linktest.rsp.
FF FF 00 00 00 06 00 51 6F 45
2018-06-25 12:32:36.135: Receive Linktest.req.
FF FF 00 00 00 05 00 98 64 83
2018-06-25 12:32:36.156: Send Linktest.rsp.
FF FF 00 00 00 06 00 98 64 83
2018-06-25 12:33:07.664: Send Linktest.req.
FF FF 00 00 00 05 00 51 6F 46
2018-06-25 12:33:07.693: Receive Linktest.rsp.
FF FF 00 00 00 06 00 51 6F 46
2018-06-25 12:33:36.136: Receive Linktest.req.
FF FF 00 00 00 05 00 98 64 84
2018-06-25 12:33:36.167: Send Linktest.rsp.
FF FF 00 00 00 06 00 98 64 84
2018-06-25 12:34:07.731: Send Linktest.req.
FF FF 00 00 00 05 00 51 6F 47
2018-06-25 12:34:07.771: Receive Linktest.rsp.
FF FF 00 00 00 06 00 51 6F 47
2018-06-25 12:34:36.135: Receive Linktest.req.
FF FF 00 00 00 05 00 98 64 85
2018-06-25 12:34:36.170: Send Linktest.rsp.
FF FF 00 00 00 06 00 98 64 85
2018-06-25 12:35:07.802: Send Linktest.req.
FF FF 00 00 00 05 00 51 6F 48
2018-06-25 12:35:07.850: Receive Linktest.rsp.
FF FF 00 00 00 06 00 51 6F 48
2018-06-25 12:35:36.136: Receive Linktest.req.
FF FF 00 00 00 05 00 98 64 86
2018-06-25 12:35:36.176: Send Linktest.rsp.
FF FF 00 00 00 06 00 98 64 86
2018-06-25 12:36:07.858: Send Linktest.req.
FF FF 00 00 00 05 00 51 6F 49
2018-06-25 12:36:07.888: Receive Linktest.rsp.
FF FF 00 00 00 06 00 51 6F 49
2018-06-25 12:36:36.136: Receive Linktest.req.
FF FF 00 00 00 05 00 98 64 87
2018-06-25 12:36:36.171: Send Linktest.rsp.
FF FF 00 00 00 06 00 98 64 87
2018-06-25 12:37:07.903: Send Linktest.req.
FF FF 00 00 00 05 00 51 6F 4A
2018-06-25 12:37:07.930: Receive Linktest.rsp.
FF FF 00 00 00 06 00 51 6F 4A
2018-06-25 12:37:36.135: Receive Linktest.req.
FF FF 00 00 00 05 00 98 64 88
2018-06-25 12:37:36.166: Send Linktest.rsp.
FF FF 00 00 00 06 00 98 64 88
2018-06-25 12:38:07.938: Send Linktest.req.
FF FF 00 00 00 05 00 51 6F 4B
2018-06-25 12:38:07.965: Receive Linktest.rsp.
FF FF 00 00 00 06 00 51 6F 4B
2018-06-25 12:38:36.136: Receive Linktest.req.
FF FF 00 00 00 05 00 98 64 89
2018-06-25 12:38:36.153: Send Linktest.rsp.
FF FF 00 00 00 06 00 98 64 89
2018-06-25 12:39:07.977: Send Linktest.req.
FF FF 00 00 00 05 00 51 6F 4C
2018-06-25 12:39:08.003: Receive Linktest.rsp.
FF FF 00 00 00 06 00 51 6F 4C
2018-06-25 12:39:36.135: Receive Linktest.req.
FF FF 00 00 00 05 00 98 64 8A
2018-06-25 12:39:36.151: Send Linktest.rsp.
FF FF 00 00 00 06 00 98 64 8A
2018-06-25 12:40:08.006: Send Linktest.req.
FF FF 00 00 00 05 00 51 6F 4D
2018-06-25 12:40:08.028: Receive Linktest.rsp.
FF FF 00 00 00 06 00 51 6F 4D
2018-06-25 12:40:36.136: Receive Linktest.req.
FF FF 00 00 00 05 00 98 64 8B
2018-06-25 12:40:36.157: Send Linktest.rsp.
FF FF 00 00 00 06 00 98 64 8B
2018-06-25 12:41:08.036: Send Linktest.req.
FF FF 00 00 00 05 00 51 6F 4E
2018-06-25 12:41:08.066: Receive Linktest.rsp.
FF FF 00 00 00 06 00 51 6F 4E
2018-06-25 12:41:36.135: Receive Linktest.req.
FF FF 00 00 00 05 00 98 64 8C
2018-06-25 12:41:36.174: Send Linktest.rsp.
FF FF 00 00 00 06 00 98 64 8C
2018-06-25 12:42:08.076: Send Linktest.req.
FF FF 00 00 00 05 00 51 6F 4F
2018-06-25 12:42:08.136: Receive Linktest.rsp.
FF FF 00 00 00 06 00 51 6F 4F
2018-06-25 12:42:36.136: Receive Linktest.req.
FF FF 00 00 00 05 00 98 64 8D
2018-06-25 12:42:36.176: Send Linktest.rsp.
FF FF 00 00 00 06 00 98 64 8D
2018-06-25 12:43:08.141: Send Linktest.req.
FF FF 00 00 00 05 00 51 6F 50
2018-06-25 12:43:08.194: Receive Linktest.rsp.
FF FF 00 00 00 06 00 51 6F 50
2018-06-25 12:43:36.136: Receive Linktest.req.
FF FF 00 00 00 05 00 98 64 8E
2018-06-25 12:43:36.172: Send Linktest.rsp.
FF FF 00 00 00 06 00 98 64 8E
2018-06-25 12:44:08.200: Send Linktest.req.
FF FF 00 00 00 05 00 51 6F 51
2018-06-25 12:44:08.245: Receive Linktest.rsp.
FF FF 00 00 00 06 00 51 6F 51
2018-06-25 12:44:36.136: Receive Linktest.req.
FF FF 00 00 00 05 00 98 64 8F
2018-06-25 12:44:36.177: Send Linktest.rsp.
FF FF 00 00 00 06 00 98 64 8F
2018-06-25 12:45:08.257: Send Linktest.req.
FF FF 00 00 00 05 00 51 6F 52
2018-06-25 12:45:08.310: Receive Linktest.rsp.
FF FF 00 00 00 06 00 51 6F 52
2018-06-25 12:45:36.136: Receive Linktest.req.
FF FF 00 00 00 05 00 98 64 90
2018-06-25 12:45:36.404: Send Linktest.rsp.
FF FF 00 00 00 06 00 98 64 90
2018-06-25 12:46:08.330: Send Linktest.req.
FF FF 00 00 00 05 00 51 6F 53
2018-06-25 12:46:08.376: Receive Linktest.rsp.
FF FF 00 00 00 06 00 51 6F 53
2018-06-25 12:46:36.135: Receive Linktest.req.
FF FF 00 00 00 05 00 98 64 91
2018-06-25 12:46:36.225: Send Linktest.rsp.
FF FF 00 00 00 06 00 98 64 91
2018-06-25 12:47:08.380: Send Linktest.req.
FF FF 00 00 00 05 00 51 6F 54
2018-06-25 12:47:08.434: Receive Linktest.rsp.
FF FF 00 00 00 06 00 51 6F 54
2018-06-25 12:47:36.136: Receive Linktest.req.
FF FF 00 00 00 05 00 98 64 92
2018-06-25 12:47:36.178: Send Linktest.rsp.
FF FF 00 00 00 06 00 98 64 92
2018-06-25 12:48:08.439: Send Linktest.req.
FF FF 00 00 00 05 00 51 6F 55
2018-06-25 12:48:08.496: Receive Linktest.rsp.
FF FF 00 00 00 06 00 51 6F 55
2018-06-25 12:48:36.135: Receive Linktest.req.
FF FF 00 00 00 05 00 98 64 93
2018-06-25 12:48:36.176: Send Linktest.rsp.
FF FF 00 00 00 06 00 98 64 93
2018-06-25 12:49:08.500: Send Linktest.req.
FF FF 00 00 00 05 00 51 6F 56
2018-06-25 12:49:08.554: Receive Linktest.rsp.
FF FF 00 00 00 06 00 51 6F 56
2018-06-25 12:49:36.136: Receive Linktest.req.
FF FF 00 00 00 05 00 98 64 94
2018-06-25 12:49:36.176: Send Linktest.rsp.
FF FF 00 00 00 06 00 98 64 94
2018-06-25 12:50:08.558: Send Linktest.req.
FF FF 00 00 00 05 00 51 6F 57
2018-06-25 12:50:08.599: Receive Linktest.rsp.
FF FF 00 00 00 06 00 51 6F 57
2018-06-25 12:50:36.135: Receive Linktest.req.
FF FF 00 00 00 05 00 98 64 95
2018-06-25 12:50:36.176: Send Linktest.rsp.
FF FF 00 00 00 06 00 98 64 95
2018-06-25 12:51:08.602: Send Linktest.req.
FF FF 00 00 00 05 00 51 6F 58
2018-06-25 12:51:08.653: Receive Linktest.rsp.
FF FF 00 00 00 06 00 51 6F 58
2018-06-25 12:51:36.136: Receive Linktest.req.
FF FF 00 00 00 05 00 98 64 96
2018-06-25 12:51:36.181: Send Linktest.rsp.
FF FF 00 00 00 06 00 98 64 96
2018-06-25 12:52:08.662: Send Linktest.req.
FF FF 00 00 00 05 00 51 6F 59
2018-06-25 12:52:08.713: Receive Linktest.rsp.
FF FF 00 00 00 06 00 51 6F 59
2018-06-25 12:52:36.136: Receive Linktest.req.
FF FF 00 00 00 05 00 98 64 97
2018-06-25 12:52:36.177: Send Linktest.rsp.
FF FF 00 00 00 06 00 98 64 97
2018-06-25 12:53:08.717: Send Linktest.req.
FF FF 00 00 00 05 00 51 6F 5A
2018-06-25 12:53:08.771: Receive Linktest.rsp.
FF FF 00 00 00 06 00 51 6F 5A
2018-06-25 12:53:36.135: Receive Linktest.req.
FF FF 00 00 00 05 00 98 64 98
2018-06-25 12:53:36.177: Send Linktest.rsp.
FF FF 00 00 00 06 00 98 64 98
2018-06-25 12:54:08.774: Send Linktest.req.
FF FF 00 00 00 05 00 51 6F 5B
2018-06-25 12:54:08.839: Receive Linktest.rsp.
FF FF 00 00 00 06 00 51 6F 5B
2018-06-25 12:54:35.202: Send Data Message.
00 00 00 2B 00 01 8A 01 00 00
2018-06-25 12:54:35.202: Send S10F1(5336924).
00 01 8A 01 00 00 00 51 6F 5C   01 02 21 01 00 41 1A 48 69 20
21 20 54 68 69 73 20 69 73 20   45 71 70 27 73 20 4D 65 73 73
61 67 65
S10F1 W /* Terminal Request */
<L[2]
  <B[1] 0x00> /* Name = TID, Keyword = terminal ID */
  <A[26]"Hi ! This is Eqp's Message"> /* Name = TEXT, Keyword = line of text for display */
>
.
Program takes      0.002 seconds to log this message.
2018-06-25 12:54:35.266: Receive Data Message.
00 00 00 0D 00 00 0A 02 00 00
2018-06-25 12:54:35.266: Receive S10F2(5336924).
00 00 0A 02 00 00 00 51 6F 5C   21 01 00
S10F2  /* Terminal Request Acknowledge */
<B[1] 0x00>
.
Program takes      0 seconds to log this message.
2018-06-25 12:54:36.136: Receive Linktest.req.
FF FF 00 00 00 05 00 98 64 9A
2018-06-25 12:54:36.169: Send Linktest.rsp.
FF FF 00 00 00 06 00 98 64 9A
2018-06-25 12:55:34.853: Send Linktest.req.
FF FF 00 00 00 05 00 51 6F 5D
2018-06-25 12:55:34.905: Receive Linktest.rsp.
FF FF 00 00 00 06 00 51 6F 5D
2018-06-25 12:55:36.135: Receive Linktest.req.
FF FF 00 00 00 05 00 98 64 9B
2018-06-25 12:55:36.155: Send Linktest.rsp.
FF FF 00 00 00 06 00 98 64 9B
2018-06-25 12:56:34.917: Send Linktest.req.
FF FF 00 00 00 05 00 51 6F 5E
2018-06-25 12:56:34.957: Receive Linktest.rsp.
FF FF 00 00 00 06 00 51 6F 5E
2018-06-25 12:56:36.136: Receive Linktest.req.
FF FF 00 00 00 05 00 98 64 9C
2018-06-25 12:56:36.157: Send Linktest.rsp.
FF FF 00 00 00 06 00 98 64 9C
2018-06-25 12:57:34.960: Send Linktest.req.
FF FF 00 00 00 05 00 51 6F 5F
2018-06-25 12:57:35.006: Receive Linktest.rsp.
FF FF 00 00 00 06 00 51 6F 5F
2018-06-25 12:57:36.135: Receive Linktest.req.
FF FF 00 00 00 05 00 98 64 9D
2018-06-25 12:57:36.173: Send Linktest.rsp.
FF FF 00 00 00 06 00 98 64 9D
2018-06-25 12:58:35.009: Send Linktest.req.
FF FF 00 00 00 05 00 51 6F 60
2018-06-25 12:58:35.058: Receive Linktest.rsp.
FF FF 00 00 00 06 00 51 6F 60
2018-06-25 12:58:36.136: Receive Linktest.req.
FF FF 00 00 00 05 00 98 64 9E
2018-06-25 12:58:36.175: Send Linktest.rsp.
FF FF 00 00 00 06 00 98 64 9E
