//////////////////////////////////////////////////////////////////////////
2018-07-24 15:26:16.248: CTLT_SECS (HSMS Mode) Ver.2.2.3 Start...Driver: NO_LICENCE
//////////////////////////////////////////////////////////////////////////
2018-07-24 15:26:56.189: CTLT_SECS (HSMS Mode) Ver.2.2.3 Start...Driver: NO_LICENCE
2018-07-24 15:27:00.596: Receive Select.req.
FF FF 00 00 00 01 06 76 AC E3
2018-07-24 15:27:00.614: Send Select.rsp.
FF FF 00 00 00 02 06 76 AC E3
2018-07-24 15:27:00.645: Send Data Message.
00 00 00 1C 00 01 81 0D 00 00
2018-07-24 15:27:00.645: Send S1F13(2757079).
00 01 81 0D 00 00 00 2A 11 D7   01 02 41 06 45 71 4D 44 4C 4E
41 06 53 6F 66 52 65 76
S1F13 W /* Establish Communications Request */
<L[2]
  <A[6]"EqMDLN"> /* Name = MDLN, Keyword = GEM_MDLN (24) */
  <A[6]"SofRev"> /* Name = SoftRev, Keyword = GEM_SOFTREV (25) */
>
.
Program takes      0.016 seconds to log this message.
2018-07-24 15:27:00.673: Receive Data Message.
00 00 00 11 00 00 01 0E 00 00
2018-07-24 15:27:00.673: Receive S1F14(2757079).
00 00 01 0E 00 00 00 2A 11 D7   01 02 21 01 00 01 00
S1F14  /* Establish Communications Request Acknowledge */
<L[2]
  <B[1] 0x00> /* Name = COMMACK */
  <L[0]
  >
>
.
Program takes      0 seconds to log this message.
2018-07-24 15:27:20.775: Receive Data Message.
00 00 00 18 00 00 81 0B 00 00
2018-07-24 15:27:20.775: Receive S1F11(108440805).
00 00 81 0B 00 00 06 76 AC E5   01 02 B1 04 00 00 07 D2 B1 04
00 00 07 D3
S1F11 W /* Status Variable Namelist Request */
<L[2]
  <U4[1] 2002> /* Name = VID, Keyword = SV_CONTROL_JOB_NAME (2002) */
  <U4[1] 2003> /* Name = VID, Keyword = SV_INMP1_NOW_TEMP (2003) */
>
.
Program takes      0 seconds to log this message.
2018-07-24 15:27:20.797: Send Data Message.
00 00 00 4E 00 01 01 0C 00 00
2018-07-24 15:27:20.797: Send S1F12(108440805).
00 01 01 0C 00 00 06 76 AC E5   01 02 01 03 B1 04 00 00 07 D2
41 13 53 56 5F 43 4F 4E 54 52   4F 4C 5F 4A 4F 42 5F 4E 41 4D
45 41 00 01 03 B1 04 00 00 07   D3 41 11 53 56 5F 49 4E 4D 50
31 5F 4E 4F 57 5F 54 45 4D 50   41 06 44 65 67 72 65 65
S1F12  /* Status Variable Namelist Reply */
<L[2]
  <L[3]
    <U4[1] 2002> /* Name = SVID, Keyword = SV_CONTROL_JOB_NAME (2002) */
    <A[19]"SV_CONTROL_JOB_NAME"> /* Name = SVNAME */
    <A[0]""> /* Name = UNITS */
  >
  <L[3]
    <U4[1] 2003> /* Name = SVID, Keyword = SV_INMP1_NOW_TEMP (2003) */
    <A[17]"SV_INMP1_NOW_TEMP"> /* Name = SVNAME */
    <A[6]"Degree"> /* Name = UNITS */
  >
>
.
Program takes      0 seconds to log this message.
2018-07-24 15:28:00.554: Receive Linktest.req.
FF FF 00 00 00 05 06 76 AC E6
2018-07-24 15:28:00.566: Send Linktest.rsp.
FF FF 00 00 00 06 06 76 AC E6
2018-07-24 15:28:20.620: Send Linktest.req.
FF FF 00 00 00 05 00 2A 11 D8
2018-07-24 15:28:20.700: Receive Linktest.rsp.
FF FF 00 00 00 06 00 2A 11 D8
2018-07-24 15:29:00.555: Receive Linktest.req.
FF FF 00 00 00 05 06 76 AC E7
2018-07-24 15:29:00.624: Send Linktest.rsp.
FF FF 00 00 00 06 06 76 AC E7
2018-07-24 15:29:20.704: Send Linktest.req.
FF FF 00 00 00 05 00 2A 11 D9
2018-07-24 15:29:20.733: Receive Linktest.rsp.
FF FF 00 00 00 06 00 2A 11 D9
2018-07-24 15:30:00.554: Receive Linktest.req.
FF FF 00 00 00 05 06 76 AC E8
2018-07-24 15:30:00.591: Send Linktest.rsp.
FF FF 00 00 00 06 06 76 AC E8
2018-07-24 15:30:20.749: Send Linktest.req.
FF FF 00 00 00 05 00 2A 11 DA
2018-07-24 15:30:20.786: Receive Linktest.rsp.
FF FF 00 00 00 06 00 2A 11 DA
2018-07-24 15:31:00.555: Receive Linktest.req.
FF FF 00 00 00 05 06 76 AC E9
2018-07-24 15:31:00.593: Send Linktest.rsp.
FF FF 00 00 00 06 06 76 AC E9
2018-07-24 15:31:20.788: Send Linktest.req.
FF FF 00 00 00 05 00 2A 11 DB
2018-07-24 15:31:20.817: Receive Linktest.rsp.
FF FF 00 00 00 06 00 2A 11 DB
2018-07-24 15:32:00.554: Receive Linktest.req.
FF FF 00 00 00 05 06 76 AC EA
2018-07-24 15:32:00.597: Send Linktest.rsp.
FF FF 00 00 00 06 06 76 AC EA
2018-07-24 15:32:20.837: Send Linktest.req.
FF FF 00 00 00 05 00 2A 11 DC
2018-07-24 15:32:20.855: Receive Linktest.rsp.
FF FF 00 00 00 06 00 2A 11 DC
2018-07-24 15:33:00.556: Receive Linktest.req.
FF FF 00 00 00 05 06 76 AC EB
2018-07-24 15:33:00.581: Send Linktest.rsp.
FF FF 00 00 00 06 06 76 AC EB
2018-07-24 15:33:20.859: Send Linktest.req.
FF FF 00 00 00 05 00 2A 11 DD
2018-07-24 15:33:20.886: Receive Linktest.rsp.
FF FF 00 00 00 06 00 2A 11 DD
2018-07-24 15:34:00.554: Receive Linktest.req.
FF FF 00 00 00 05 06 76 AC EC
2018-07-24 15:34:00.594: Send Linktest.rsp.
FF FF 00 00 00 06 06 76 AC EC
2018-07-24 15:34:20.890: Send Linktest.req.
FF FF 00 00 00 05 00 2A 11 DE
2018-07-24 15:34:20.931: Receive Linktest.rsp.
FF FF 00 00 00 06 00 2A 11 DE
2018-07-24 15:35:00.554: Receive Linktest.req.
FF FF 00 00 00 05 06 76 AC ED
2018-07-24 15:35:00.587: Send Linktest.rsp.
FF FF 00 00 00 06 06 76 AC ED
2018-07-24 15:35:20.935: Send Linktest.req.
FF FF 00 00 00 05 00 2A 11 DF
2018-07-24 15:35:20.971: Receive Linktest.rsp.
FF FF 00 00 00 06 00 2A 11 DF
2018-07-24 15:36:00.555: Receive Linktest.req.
FF FF 00 00 00 05 06 76 AC EE
2018-07-24 15:36:00.591: Send Linktest.rsp.
FF FF 00 00 00 06 06 76 AC EE
2018-07-24 15:36:20.974: Send Linktest.req.
FF FF 00 00 00 05 00 2A 11 E0
2018-07-24 15:36:21.004: Receive Linktest.rsp.
FF FF 00 00 00 06 00 2A 11 E0
2018-07-24 15:37:00.554: Receive Linktest.req.
FF FF 00 00 00 05 06 76 AC EF
2018-07-24 15:37:00.585: Send Linktest.rsp.
FF FF 00 00 00 06 06 76 AC EF
2018-07-24 15:37:21.013: Send Linktest.req.
FF FF 00 00 00 05 00 2A 11 E1
2018-07-24 15:37:21.035: Receive Linktest.rsp.
FF FF 00 00 00 06 00 2A 11 E1
2018-07-24 15:38:00.555: Receive Linktest.req.
FF FF 00 00 00 05 06 76 AC F0
2018-07-24 15:38:00.586: Send Linktest.rsp.
FF FF 00 00 00 06 06 76 AC F0
2018-07-24 15:38:21.039: Send Linktest.req.
FF FF 00 00 00 05 00 2A 11 E2
2018-07-24 15:38:21.084: Receive Linktest.rsp.
FF FF 00 00 00 06 00 2A 11 E2
2018-07-24 15:39:00.554: Receive Linktest.req.
FF FF 00 00 00 05 06 76 AC F1
2018-07-24 15:39:00.592: Send Linktest.rsp.
FF FF 00 00 00 06 06 76 AC F1
2018-07-24 15:39:21.091: Send Linktest.req.
FF FF 00 00 00 05 00 2A 11 E3
2018-07-24 15:39:21.133: Receive Linktest.rsp.
FF FF 00 00 00 06 00 2A 11 E3
2018-07-24 15:40:00.555: Receive Linktest.req.
FF FF 00 00 00 05 06 76 AC F2
2018-07-24 15:40:00.589: Send Linktest.rsp.
FF FF 00 00 00 06 06 76 AC F2
2018-07-24 15:40:21.147: Send Linktest.req.
FF FF 00 00 00 05 00 2A 11 E4
2018-07-24 15:40:21.184: Receive Linktest.rsp.
FF FF 00 00 00 06 00 2A 11 E4
2018-07-24 15:41:00.554: Receive Linktest.req.
FF FF 00 00 00 05 06 76 AC F3
2018-07-24 15:41:00.591: Send Linktest.rsp.
FF FF 00 00 00 06 06 76 AC F3
2018-07-24 15:41:21.191: Send Linktest.req.
FF FF 00 00 00 05 00 2A 11 E5
2018-07-24 15:41:21.237: Receive Linktest.rsp.
FF FF 00 00 00 06 00 2A 11 E5
2018-07-24 15:42:00.554: Receive Linktest.req.
FF FF 00 00 00 05 06 76 AC F4
2018-07-24 15:42:00.569: Send Linktest.rsp.
FF FF 00 00 00 06 06 76 AC F4
2018-07-24 15:42:21.242: Send Linktest.req.
FF FF 00 00 00 05 00 2A 11 E6
2018-07-24 15:42:21.269: Receive Linktest.rsp.
FF FF 00 00 00 06 00 2A 11 E6
2018-07-24 15:43:00.555: Receive Linktest.req.
FF FF 00 00 00 05 06 76 AC F5
2018-07-24 15:43:00.573: Send Linktest.rsp.
FF FF 00 00 00 06 06 76 AC F5
2018-07-24 15:43:21.272: Send Linktest.req.
FF FF 00 00 00 05 00 2A 11 E7
2018-07-24 15:43:21.302: Receive Linktest.rsp.
FF FF 00 00 00 06 00 2A 11 E7
2018-07-24 15:44:00.554: Receive Linktest.req.
FF FF 00 00 00 05 06 76 AC F6
2018-07-24 15:44:00.592: Send Linktest.rsp.
FF FF 00 00 00 06 06 76 AC F6
2018-07-24 15:44:21.305: Send Linktest.req.
FF FF 00 00 00 05 00 2A 11 E8
2018-07-24 15:44:21.359: Receive Linktest.rsp.
FF FF 00 00 00 06 00 2A 11 E8
2018-07-24 15:45:00.555: Receive Linktest.req.
FF FF 00 00 00 05 06 76 AC F7
2018-07-24 15:45:00.592: Send Linktest.rsp.
FF FF 00 00 00 06 06 76 AC F7
2018-07-24 15:45:21.367: Send Linktest.req.
FF FF 00 00 00 05 00 2A 11 E9
2018-07-24 15:45:21.418: Receive Linktest.rsp.
FF FF 00 00 00 06 00 2A 11 E9
2018-07-24 15:46:00.554: Receive Linktest.req.
FF FF 00 00 00 05 06 76 AC F8
2018-07-24 15:46:00.591: Send Linktest.rsp.
FF FF 00 00 00 06 06 76 AC F8
2018-07-24 15:46:21.424: Send Linktest.req.
FF FF 00 00 00 05 00 2A 11 EA
2018-07-24 15:46:21.466: Receive Linktest.rsp.
FF FF 00 00 00 06 00 2A 11 EA
2018-07-24 15:47:00.555: Receive Linktest.req.
FF FF 00 00 00 05 06 76 AC F9
2018-07-24 15:47:00.597: Send Linktest.rsp.
FF FF 00 00 00 06 06 76 AC F9
2018-07-24 15:47:21.470: Send Linktest.req.
FF FF 00 00 00 05 00 2A 11 EB
2018-07-24 15:47:21.486: Receive Linktest.rsp.
FF FF 00 00 00 06 00 2A 11 EB
2018-07-24 15:48:00.554: Receive Linktest.req.
FF FF 00 00 00 05 06 76 AC FA
2018-07-24 15:48:00.592: Send Linktest.rsp.
FF FF 00 00 00 06 06 76 AC FA
2018-07-24 15:48:21.507: Send Linktest.req.
FF FF 00 00 00 05 00 2A 11 EC
2018-07-24 15:48:21.522: Receive Linktest.rsp.
FF FF 00 00 00 06 00 2A 11 EC
2018-07-24 15:48:28.763: Receive Data Message.
00 00 00 19 00 00 81 03 00 00
2018-07-24 15:48:28.763: Receive S1F3(108440827).
00 00 81 03 00 00 06 76 AC FB   01 02 41 04 31 30 30 31 41 05
31 30 30 30 31
S1F3 W /* Selected Equipment Status Request */
<L[2]
  <A[4]"1001"> /* Name = VID */
  <A[5]"10001"> /* Name = VID */
>
.
Program takes      0.209 seconds to log this message.
2018-07-24 15:48:28.986: Send Data Message.
00 00 00 16 00 01 09 07 00 00
2018-07-24 15:48:28.986: Send S9F7(2757101).
00 01 09 07 00 00 00 2A 11 ED   21 0A 00 00 81 03 00 00 06 76
AC FB
S9F7  /* Illegal Data */
<B[10] 0x00 0x00 0x81 0x03 0x00 0x00 0x06 0x76 0xAC 0xFB>
.
Program takes      0 seconds to log this message.
2018-07-24 15:48:36.428: Receive Data Message.
00 00 00 18 00 00 81 0B 00 00
2018-07-24 15:48:36.428: Receive S1F11(108440828).
00 00 81 0B 00 00 06 76 AC FC   01 02 B1 04 00 00 07 D2 B1 04
00 00 07 D3
S1F11 W /* Status Variable Namelist Request */
<L[2]
  <U4[1] 2002> /* Name = VID, Keyword = SV_CONTROL_JOB_NAME (2002) */
  <U4[1] 2003> /* Name = VID, Keyword = SV_INMP1_NOW_TEMP (2003) */
>
.
Program takes      0 seconds to log this message.
2018-07-24 15:48:36.448: Send Data Message.
00 00 00 4E 00 01 01 0C 00 00
2018-07-24 15:48:36.448: Send S1F12(108440828).
00 01 01 0C 00 00 06 76 AC FC   01 02 01 03 B1 04 00 00 07 D2
41 13 53 56 5F 43 4F 4E 54 52   4F 4C 5F 4A 4F 42 5F 4E 41 4D
45 41 00 01 03 B1 04 00 00 07   D3 41 11 53 56 5F 49 4E 4D 50
31 5F 4E 4F 57 5F 54 45 4D 50   41 06 44 65 67 72 65 65
S1F12  /* Status Variable Namelist Reply */
<L[2]
  <L[3]
    <U4[1] 2002> /* Name = SVID, Keyword = SV_CONTROL_JOB_NAME (2002) */
    <A[19]"SV_CONTROL_JOB_NAME"> /* Name = SVNAME */
    <A[0]""> /* Name = UNITS */
  >
  <L[3]
    <U4[1] 2003> /* Name = SVID, Keyword = SV_INMP1_NOW_TEMP (2003) */
    <A[17]"SV_INMP1_NOW_TEMP"> /* Name = SVNAME */
    <A[6]"Degree"> /* Name = UNITS */
  >
>
.
Program takes      0 seconds to log this message.
2018-07-24 15:49:00.554: Receive Linktest.req.
FF FF 00 00 00 05 06 76 AC FD
2018-07-24 15:49:00.592: Send Linktest.rsp.
FF FF 00 00 00 06 06 76 AC FD
2018-07-24 15:49:35.533: Send Linktest.req.
FF FF 00 00 00 05 00 2A 11 EE
2018-07-24 15:49:35.547: Receive Linktest.rsp.
FF FF 00 00 00 06 00 2A 11 EE
2018-07-24 15:50:00.555: Receive Linktest.req.
FF FF 00 00 00 05 06 76 AC FE
2018-07-24 15:50:00.579: Send Linktest.rsp.
FF FF 00 00 00 06 06 76 AC FE
2018-07-24 15:50:35.551: Send Linktest.req.
FF FF 00 00 00 05 00 2A 11 EF
2018-07-24 15:50:35.580: Receive Linktest.rsp.
FF FF 00 00 00 06 00 2A 11 EF
2018-07-24 15:51:00.554: Receive Linktest.req.
FF FF 00 00 00 05 06 76 AC FF
2018-07-24 15:51:00.594: Send Linktest.rsp.
FF FF 00 00 00 06 06 76 AC FF
2018-07-24 15:51:35.586: Send Linktest.req.
FF FF 00 00 00 05 00 2A 11 F0
2018-07-24 15:51:35.628: Receive Linktest.rsp.
FF FF 00 00 00 06 00 2A 11 F0
2018-07-24 15:52:00.555: Receive Linktest.req.
FF FF 00 00 00 05 06 76 AD 00
2018-07-24 15:52:00.595: Send Linktest.rsp.
FF FF 00 00 00 06 06 76 AD 00
2018-07-24 15:52:35.632: Send Linktest.req.
FF FF 00 00 00 05 00 2A 11 F1
2018-07-24 15:52:35.668: Receive Linktest.rsp.
FF FF 00 00 00 06 00 2A 11 F1
2018-07-24 15:53:00.559: Receive Linktest.req.
FF FF 00 00 00 05 06 76 AD 01
2018-07-24 15:53:00.590: Send Linktest.rsp.
FF FF 00 00 00 06 06 76 AD 01
2018-07-24 15:53:35.671: Send Linktest.req.
FF FF 00 00 00 05 00 2A 11 F2
2018-07-24 15:53:35.709: Receive Linktest.rsp.
FF FF 00 00 00 06 00 2A 11 F2
2018-07-24 15:54:00.555: Receive Linktest.req.
FF FF 00 00 00 05 06 76 AD 02
2018-07-24 15:54:00.585: Send Linktest.rsp.
FF FF 00 00 00 06 06 76 AD 02
2018-07-24 15:54:35.736: Send Linktest.req.
FF FF 00 00 00 05 00 2A 11 F3
2018-07-24 15:54:35.783: Receive Linktest.rsp.
FF FF 00 00 00 06 00 2A 11 F3
2018-07-24 15:55:00.554: Receive Linktest.req.
FF FF 00 00 00 05 06 76 AD 03
2018-07-24 15:55:00.569: Send Linktest.rsp.
FF FF 00 00 00 06 06 76 AD 03
2018-07-24 15:55:35.796: Send Linktest.req.
FF FF 00 00 00 05 00 2A 11 F4
2018-07-24 15:55:35.848: Receive Linktest.rsp.
FF FF 00 00 00 06 00 2A 11 F4
2018-07-24 15:56:00.554: Receive Linktest.req.
FF FF 00 00 00 05 06 76 AD 04
2018-07-24 15:56:00.573: Send Linktest.rsp.
FF FF 00 00 00 06 06 76 AD 04
2018-07-24 15:56:35.851: Send Linktest.req.
FF FF 00 00 00 05 00 2A 11 F5
2018-07-24 15:56:35.971: Receive Linktest.rsp.
FF FF 00 00 00 06 00 2A 11 F5
2018-07-24 15:57:00.555: Receive Linktest.req.
FF FF 00 00 00 05 06 76 AD 05
2018-07-24 15:57:00.593: Send Linktest.rsp.
FF FF 00 00 00 06 06 76 AD 05
2018-07-24 15:57:35.975: Send Linktest.req.
FF FF 00 00 00 05 00 2A 11 F6
2018-07-24 15:57:36.016: Receive Linktest.rsp.
FF FF 00 00 00 06 00 2A 11 F6
2018-07-24 15:58:00.554: Receive Linktest.req.
FF FF 00 00 00 05 06 76 AD 06
2018-07-24 15:58:00.595: Send Linktest.rsp.
FF FF 00 00 00 06 06 76 AD 06
2018-07-24 15:58:36.027: Send Linktest.req.
FF FF 00 00 00 05 00 2A 11 F7
2018-07-24 15:58:36.067: Receive Linktest.rsp.
FF FF 00 00 00 06 00 2A 11 F7
2018-07-24 15:59:00.555: Receive Linktest.req.
FF FF 00 00 00 05 06 76 AD 07
2018-07-24 15:59:00.570: Send Linktest.rsp.
FF FF 00 00 00 06 06 76 AD 07
2018-07-24 15:59:36.071: Send Linktest.req.
FF FF 00 00 00 05 00 2A 11 F8
2018-07-24 15:59:36.118: Receive Linktest.rsp.
FF FF 00 00 00 06 00 2A 11 F8
2018-07-24 16:00:00.554: Receive Linktest.req.
FF FF 00 00 00 05 06 76 AD 08
2018-07-24 16:00:00.596: Send Linktest.rsp.
FF FF 00 00 00 06 06 76 AD 08
2018-07-24 16:00:36.121: Send Linktest.req.
FF FF 00 00 00 05 00 2A 11 F9
2018-07-24 16:00:36.201: Receive Linktest.rsp.
FF FF 00 00 00 06 00 2A 11 F9
2018-07-24 16:01:00.555: Receive Linktest.req.
FF FF 00 00 00 05 06 76 AD 09
2018-07-24 16:01:00.586: Send Linktest.rsp.
FF FF 00 00 00 06 06 76 AD 09
2018-07-24 16:01:36.212: Send Linktest.req.
FF FF 00 00 00 05 00 2A 11 FA
2018-07-24 16:01:36.235: Receive Linktest.rsp.
FF FF 00 00 00 06 00 2A 11 FA
2018-07-24 16:02:00.561: Receive Linktest.req.
FF FF 00 00 00 05 06 76 AD 0A
2018-07-24 16:02:00.583: Send Linktest.rsp.
FF FF 00 00 00 06 06 76 AD 0A
2018-07-24 16:02:36.237: Send Linktest.req.
FF FF 00 00 00 05 00 2A 11 FB
2018-07-24 16:02:36.258: Receive Linktest.rsp.
FF FF 00 00 00 06 00 2A 11 FB
2018-07-24 16:03:00.554: Receive Linktest.req.
FF FF 00 00 00 05 06 76 AD 0B
2018-07-24 16:03:00.592: Send Linktest.rsp.
FF FF 00 00 00 06 06 76 AD 0B
2018-07-24 16:03:36.267: Send Linktest.req.
FF FF 00 00 00 05 00 2A 11 FC
2018-07-24 16:03:36.291: Receive Linktest.rsp.
FF FF 00 00 00 06 00 2A 11 FC
2018-07-24 16:04:00.555: Receive Linktest.req.
FF FF 00 00 00 05 06 76 AD 0C
2018-07-24 16:04:00.596: Send Linktest.rsp.
FF FF 00 00 00 06 06 76 AD 0C
2018-07-24 16:04:36.295: Send Linktest.req.
FF FF 00 00 00 05 00 2A 11 FD
2018-07-24 16:04:36.335: Receive Linktest.rsp.
FF FF 00 00 00 06 00 2A 11 FD
2018-07-24 16:05:00.554: Receive Linktest.req.
FF FF 00 00 00 05 06 76 AD 0D
2018-07-24 16:05:00.569: Send Linktest.rsp.
FF FF 00 00 00 06 06 76 AD 0D
2018-07-24 16:05:36.338: Send Linktest.req.
FF FF 00 00 00 05 00 2A 11 FE
2018-07-24 16:05:36.390: Receive Linktest.rsp.
FF FF 00 00 00 06 00 2A 11 FE
2018-07-24 16:06:00.559: Receive Linktest.req.
FF FF 00 00 00 05 06 76 AD 0E
2018-07-24 16:06:00.575: Send Linktest.rsp.
FF FF 00 00 00 06 06 76 AD 0E
2018-07-24 16:06:36.394: Send Linktest.req.
FF FF 00 00 00 05 00 2A 11 FF
2018-07-24 16:06:36.431: Receive Linktest.rsp.
FF FF 00 00 00 06 00 2A 11 FF
2018-07-24 16:07:00.569: Receive Linktest.req.
FF FF 00 00 00 05 06 76 AD 0F
2018-07-24 16:07:00.586: Send Linktest.rsp.
FF FF 00 00 00 06 06 76 AD 0F
2018-07-24 16:07:36.439: Send Linktest.req.
FF FF 00 00 00 05 00 2A 12 00
2018-07-24 16:07:36.472: Receive Linktest.rsp.
FF FF 00 00 00 06 00 2A 12 00
2018-07-24 16:08:00.555: Receive Linktest.req.
FF FF 00 00 00 05 06 76 AD 10
2018-07-24 16:08:00.592: Send Linktest.rsp.
FF FF 00 00 00 06 06 76 AD 10
2018-07-24 16:08:36.476: Send Linktest.req.
FF FF 00 00 00 05 00 2A 12 01
2018-07-24 16:08:36.525: Receive Linktest.rsp.
FF FF 00 00 00 06 00 2A 12 01
2018-07-24 16:09:00.554: Receive Linktest.req.
FF FF 00 00 00 05 06 76 AD 11
2018-07-24 16:09:00.596: Send Linktest.rsp.
FF FF 00 00 00 06 06 76 AD 11
2018-07-24 16:09:36.528: Send Linktest.req.
FF FF 00 00 00 05 00 2A 12 02
2018-07-24 16:09:36.574: Receive Linktest.rsp.
FF FF 00 00 00 06 00 2A 12 02
2018-07-24 16:10:00.554: Receive Linktest.req.
FF FF 00 00 00 05 06 76 AD 12
2018-07-24 16:10:00.594: Send Linktest.rsp.
FF FF 00 00 00 06 06 76 AD 12
2018-07-24 16:10:36.578: Send Linktest.req.
FF FF 00 00 00 05 00 2A 12 03
2018-07-24 16:10:36.634: Receive Linktest.rsp.
FF FF 00 00 00 06 00 2A 12 03
2018-07-24 16:11:00.555: Receive Linktest.req.
FF FF 00 00 00 05 06 76 AD 13
2018-07-24 16:11:00.594: Send Linktest.rsp.
FF FF 00 00 00 06 06 76 AD 13
2018-07-24 16:11:36.636: Send Linktest.req.
FF FF 00 00 00 05 00 2A 12 04
2018-07-24 16:11:36.690: Receive Linktest.rsp.
FF FF 00 00 00 06 00 2A 12 04
2018-07-24 16:12:00.564: Receive Linktest.req.
FF FF 00 00 00 05 06 76 AD 14
2018-07-24 16:12:00.580: Send Linktest.rsp.
FF FF 00 00 00 06 06 76 AD 14
2018-07-24 16:12:36.693: Send Linktest.req.
FF FF 00 00 00 05 00 2A 12 05
2018-07-24 16:12:36.732: Receive Linktest.rsp.
FF FF 00 00 00 06 00 2A 12 05
2018-07-24 16:13:00.555: Receive Linktest.req.
FF FF 00 00 00 05 06 76 AD 15
2018-07-24 16:13:00.578: Send Linktest.rsp.
FF FF 00 00 00 06 06 76 AD 15
2018-07-24 16:13:36.735: Send Linktest.req.
FF FF 00 00 00 05 00 2A 12 06
2018-07-24 16:13:36.763: Receive Linktest.rsp.
FF FF 00 00 00 06 00 2A 12 06
2018-07-24 16:14:00.554: Receive Linktest.req.
FF FF 00 00 00 05 06 76 AD 16
2018-07-24 16:14:00.597: Send Linktest.rsp.
FF FF 00 00 00 06 06 76 AD 16
2018-07-24 16:14:12.057: Send Separate.req.
FF FF 00 00 00 09 00 2A 12 07
